PRT1
63
88
4 0 2 (-1274 -2736 -512 ) (-1402 -2736 -512 ) (-1402 -2736 -768 ) (-1274 -2736 -768 ) 
4 0 1 (-1273.998047 -2736 -512 ) (-1273.998047 -2736 -768 ) (-1402 -2607.998047 -768 ) (-1402 -2607.998047 -512 ) 
4 1 6 (-1402 -2608 -736 ) (-1402 -2608 -672 ) (-1402 -2544 -672 ) (-1402 -2544 -736 ) 
4 1 3 (-1024 -2736 -512 ) (-1274 -2736 -512 ) (-1274 -2736 -768 ) (-1024 -2736 -768 ) 
4 2 22 (-1024 -3072 -768 ) (-1024 -3072 -512 ) (-1402 -3072 -512 ) (-1402 -3072 -768 ) 
4 2 7 (-1402 -2736 -768 ) (-1402 -3072 -768 ) (-1402 -3072 -640 ) (-1402 -2736 -640 ) 
4 2 4 (-1402 -3072 -640 ) (-1402 -3072 -512 ) (-1402 -2736 -512 ) (-1402 -2736 -640 ) 
4 2 3 (-1024 -2986 -768 ) (-1274 -2736 -768 ) (-1274 -2736 -512 ) (-1024 -2986 -512 ) 
4 4 25 (-1738 -3072 -640 ) (-1402 -3072 -640 ) (-1402 -3072 -512 ) (-1738 -3072 -512 ) 
4 4 10 (-1738 -2736 -640 ) (-1466 -2736 -640 ) (-1466 -3072 -640 ) (-1738 -3072 -640 ) 
4 4 7 (-1466 -2736 -640 ) (-1402 -2736 -640 ) (-1402 -3072 -640 ) (-1466 -3072 -640 ) 
4 5 8 (-1466 -2608 -736 ) (-1466 -2608 -672 ) (-1466 -2544 -672 ) (-1466 -2544 -736 ) 
4 5 6 (-1402 -2608 -736 ) (-1466 -2544 -736 ) (-1466 -2544.003906 -672 ) (-1402.003906 -2608 -672 ) 
4 7 26 (-1466 -3072 -768 ) (-1402 -3072 -768 ) (-1402 -3072 -640 ) (-1466 -3072 -640 ) 
4 7 10 (-1466 -2736 -768 ) (-1466 -3072 -768 ) (-1466 -3072 -640 ) (-1466 -2736 -640 ) 
4 8 11 (-1754 -2496 -768 ) (-1754 -2624 -768 ) (-1754 -2624 -672 ) (-1754 -2496 -672 ) 
4 8 9 (-1466 -2624 -768 ) (-1466 -2624 -640 ) (-1754 -2624 -640 ) (-1754 -2624 -768 ) 
4 10 29 (-1738 -3072 -768 ) (-1466 -3072 -768 ) (-1466 -3072 -640 ) (-1738 -3072 -640 ) 
4 11 12 (-1818 -2624 -768 ) (-1818 -2624 -672 ) (-1754 -2496 -672 ) (-1754 -2496 -768 ) 
4 12 13 (-1818 -2496 -672 ) (-1818 -2496 -768 ) (-1818 -2623.998047 -768 ) (-1818 -2623.998047 -672 ) 
4 13 14 (-1944 -2498 -640 ) (-1944 -2498 -768 ) (-1818 -2624 -768 ) (-1818 -2624 -640 ) 
4 14 17 (-1944 -2624 -640 ) (-1944 -2624 -768 ) (-1818 -2624 -768 ) (-1818 -2624 -640 ) 
4 15 17 (-1817.998047 -2624 -640 ) (-1817.998047 -2624 -768 ) (-1944 -2880.003906 -768 ) (-1944 -2880.003906 -640 ) 
4 15 16 (-1944 -2879.998047 -640 ) (-1944 -2879.998047 -768 ) (-1818 -3005.998047 -768 ) (-1818 -3005.998047 -640 ) 
4 16 18 (-1944 -2880 -768 ) (-1944 -3008 -768 ) (-1944 -3008 -640 ) (-1944 -2880 -640 ) 
4 18 19 (-1944 -2880.003174 -640 ) (-1944 -2880.003174 -768 ) (-2006.998779 -3008 -768 ) (-2006.998779 -3008 -640 ) 
4 19 20 (-2010 -2880 -640 ) (-2010 -2880 -768 ) (-2010 -3008 -768 ) (-2010 -3008 -640 ) 
4 20 43 (-2048 -3008 -640 ) (-2048 -2880 -640 ) (-2048 -2880 -672 ) (-2048 -3008 -672 ) 
4 20 44 (-2048 -2880 -672 ) (-2048 -2880 -768 ) (-2048 -3008 -768 ) (-2048 -3008 -672 ) 
4 21 23 (-1024 -3408 -512 ) (-1274 -3408 -512 ) (-1274 -3408 -768 ) (-1024 -3408 -768 ) 
4 21 22 (-1024 -3158 -768 ) (-1274 -3408 -768 ) (-1274 -3408 -512 ) (-1024 -3158 -512 ) 
4 22 26 (-1402 -3072 -768 ) (-1402 -3408 -768 ) (-1402 -3408 -640 ) (-1402 -3072 -640 ) 
4 22 25 (-1402 -3408 -640 ) (-1402 -3408 -512 ) (-1402 -3072 -512 ) (-1402 -3072 -640 ) 
4 22 24 (-1274 -3408 -512 ) (-1402 -3408 -512 ) (-1402 -3408 -768 ) (-1274 -3408 -768 ) 
4 23 27 (-1402 -3600 -736 ) (-1402 -3600 -672 ) (-1402 -3536 -672 ) (-1402 -3536 -736 ) 
4 23 24 (-1274 -3408 -512 ) (-1274 -3408 -768 ) (-1402 -3536 -768 ) (-1402 -3536 -512 ) 
4 25 29 (-1738 -3072 -640 ) (-1466 -3072 -640 ) (-1466 -3408 -640 ) (-1738 -3408 -640 ) 
4 25 26 (-1466 -3072 -640 ) (-1402 -3072 -640 ) (-1402 -3408 -640 ) (-1466 -3408 -640 ) 
4 26 29 (-1466 -3072 -768 ) (-1466 -3408 -768 ) (-1466 -3408 -640 ) (-1466 -3072 -640 ) 
4 27 28 (-1402 -3536 -736 ) (-1466 -3600 -736 ) (-1466 -3600 -672 ) (-1402 -3536 -672 ) 
4 28 31 (-1466 -3600 -736 ) (-1466 -3600 -672 ) (-1466 -3536 -672 ) (-1466 -3536 -736 ) 
4 30 31 (-1466 -3520 -768 ) (-1466 -3520 -640 ) (-1754 -3520 -640 ) (-1754 -3520 -768 ) 
4 31 32 (-1754 -3520 -768 ) (-1754 -3648 -768 ) (-1754 -3648 -672 ) (-1754 -3520 -672 ) 
4 32 33 (-1754 -3648 -768 ) (-1754 -3648 -672 ) (-1818 -3520 -672 ) (-1818 -3520 -768 ) 
4 33 36 (-1818 -3520 -768 ) (-1818 -3648 -768 ) (-1818 -3648 -672 ) (-1818 -3520 -672 ) 
4 34 37 (-1944 -3264.003906 -640 ) (-1944 -3264.003906 -768 ) (-1818 -3520.003906 -768 ) (-1818 -3520.003906 -640 ) 
4 34 35 (-1818 -3138 -640 ) (-1818 -3138 -768 ) (-1943.996094 -3263.996094 -768 ) (-1943.996094 -3263.996094 -640 ) 
4 35 38 (-1944 -3136 -768 ) (-1944 -3264 -768 ) (-1944 -3264 -640 ) (-1944 -3136 -640 ) 
4 36 37 (-1818 -3520 -640 ) (-1818 -3520 -768 ) (-1944 -3646 -768 ) (-1944 -3646 -640 ) 
4 38 39 (-2007.002319 -3136 -640 ) (-2007.002319 -3136 -768 ) (-1944 -3264.004639 -768 ) (-1944 -3264.004639 -640 ) 
4 39 40 (-2010 -3136 -640 ) (-2010 -3136 -768 ) (-2010 -3264 -768 ) (-2010 -3264 -640 ) 
4 40 56 (-2048 -3264 -640 ) (-2048 -3136 -640 ) (-2048 -3136 -672 ) (-2048 -3264 -672 ) 
4 40 57 (-2048 -3136 -672 ) (-2048 -3136 -768 ) (-2048 -3264 -768 ) (-2048 -3264 -672 ) 
4 41 49 (-2136 -3008 -624 ) (-2368 -3008 -624 ) (-2368 -3008 -640 ) (-2136 -3008 -640 ) 
4 41 45 (-2142.760010 -3008 -640 ) (-2368 -3008 -640 ) (-2368 -2880 -640 ) (-2155.469971 -2880 -640 ) 
4 41 42 (-2368 -2880 -640 ) (-2368 -2784 -640 ) (-2165 -2784 -640 ) (-2155.468994 -2880 -640 ) 
4 42 47 (-2155.469727 -2880 -768 ) (-2368 -2880 -768 ) (-2368 -2784 -768 ) (-2165 -2784 -768 ) 
4 42 45 (-2155.468994 -2880 -672 ) (-2155.468750 -2880 -640 ) (-2368 -2880 -640 ) (-2368 -2880 -672 ) 
4 42 46 (-2368 -2880 -768 ) (-2155.469727 -2880 -768 ) (-2155.468994 -2880 -672 ) (-2368 -2880 -672 ) 
4 43 44 (-2048 -3008 -672 ) (-2111.310059 -3008 -672 ) (-2123.350098 -2880 -672 ) (-2048 -2880 -672 ) 
4 44 46 (-2124 -2880 -672 ) (-2124 -2880 -768 ) (-2124 -3008 -768 ) (-2124 -3008 -672 ) 
4 45 50 (-2142.760010 -3008 -640 ) (-2368 -3008 -640 ) (-2368 -3008 -672 ) (-2142.760010 -3008 -672 ) 
4 45 46 (-2368 -3008 -672 ) (-2368 -2880 -672 ) (-2155.469971 -2880 -672 ) (-2142.760010 -3008 -672 ) 
4 46 50 (-2368 -3008 -672 ) (-2368 -3008 -768 ) (-2142.760010 -3008 -768 ) (-2142.760010 -3008 -672 ) 
4 46 48 (-2142.760010 -3008 -768 ) (-2368 -3008 -768 ) (-2368 -2880 -768 ) (-2155.469971 -2880 -768 ) 
4 47 48 (-2368 -2880 -768 ) (-2368 -2880 -800 ) (-2155.469971 -2880 -800 ) (-2155.469971 -2880 -768 ) 
4 48 51 (-2142.760010 -3008 -768 ) (-2368 -3008 -768 ) (-2368 -3008 -800 ) (-2142.760010 -3008 -800 ) 
4 49 52 (-2368 -3072 -624 ) (-2368 -3072 -640 ) (-2136 -3072 -640 ) (-2136 -3072 -624 ) 
4 49 50 (-2368 -3072 -640 ) (-2368 -3008 -640 ) (-2142.759766 -3008 -640 ) (-2136.399658 -3072 -640 ) 
4 50 53 (-2136.399902 -3072 -640 ) (-2368 -3072 -640 ) (-2368 -3072 -768 ) (-2136.399902 -3072 -768 ) 
4 50 51 (-2136.399902 -3072 -768 ) (-2368 -3072 -768 ) (-2368 -3008 -768 ) (-2142.759766 -3008 -768 ) 
4 51 54 (-2136 -3072 -768 ) (-2368 -3072 -768 ) (-2368 -3072 -800 ) (-2136 -3072 -800 ) 
4 52 55 (-2368 -3136 -624 ) (-2368 -3136 -640 ) (-2136 -3136 -640 ) (-2136 -3136 -624 ) 
4 52 53 (-2142.760010 -3136 -640 ) (-2368 -3136 -640 ) (-2368 -3072 -640 ) (-2136.399902 -3072 -640 ) 
4 53 58 (-2142.760010 -3136 -640 ) (-2368 -3136 -640 ) (-2368 -3136 -672 ) (-2142.760010 -3136 -672 ) 
4 53 59 (-2368 -3136 -672 ) (-2368 -3136 -768 ) (-2142.760010 -3136 -768 ) (-2142.760010 -3136 -672 ) 
4 53 54 (-2142.760010 -3136 -768 ) (-2368 -3136 -768 ) (-2368 -3072 -768 ) (-2136.399902 -3072 -768 ) 
4 54 61 (-2142.760010 -3136 -768 ) (-2368 -3136 -768 ) (-2368 -3136 -800 ) (-2142.760010 -3136 -800 ) 
4 55 60 (-2165 -3360 -640 ) (-2368 -3360 -640 ) (-2368 -3264 -640 ) (-2155.469727 -3264 -640 ) 
4 55 58 (-2368 -3136 -640 ) (-2142.760010 -3136 -640 ) (-2155.469971 -3264 -640 ) (-2368 -3264 -640 ) 
4 56 57 (-2048 -3264 -672 ) (-2123.350098 -3264 -672 ) (-2111.310059 -3136 -672 ) (-2048 -3136 -672 ) 
4 57 59 (-2124 -3136 -768 ) (-2124 -3264 -768 ) (-2124 -3264 -672 ) (-2124 -3136 -672 ) 
4 58 60 (-2155.469971 -3264 -640 ) (-2368 -3264 -640 ) (-2368 -3264 -672 ) (-2155.469971 -3264 -672 ) 
4 58 59 (-2368 -3264 -672 ) (-2368 -3136 -672 ) (-2142.759766 -3136 -672 ) (-2155.469971 -3264 -672 ) 
4 59 61 (-2368 -3136 -768 ) (-2142.759766 -3136 -768 ) (-2155.469971 -3264 -768 ) (-2368 -3264 -768 ) 
4 59 60 (-2368 -3264 -768 ) (-2155.469727 -3264 -768 ) (-2155.469727 -3264 -672 ) (-2368 -3264 -672 ) 
4 60 62 (-2165 -3360 -768 ) (-2368 -3360 -768 ) (-2368 -3264 -768 ) (-2155.469727 -3264 -768 ) 
4 61 62 (-2368 -3264 -768 ) (-2368 -3264 -800 ) (-2155.469971 -3264 -800 ) (-2155.469971 -3264 -768 ) 
