PRT1
81
196
4 0 40 (-6976 0 -816 ) (-6976 0 -448 ) (-6992 0 -448 ) (-6992 0 -816 ) 
4 1 2 (-7168 128 -512 ) (-7168 512 -512 ) (-7168 512 -768 ) (-7168 128 -768 ) 
11 2 3 (-7280 368 -540 ) (-7280 410 -566 ) (-7280 436 -608 ) (-7280 448 -656 ) (-7280 448 -768 ) (-7280 192 -768 ) (-7280 192 -656 ) (-7280 204 -608 ) (-7280 230 -566 ) (-7280 272 -540 ) (-7280 320 -530 ) 
9 3 16 (-7664 196 -640 ) (-7664 204 -608 ) (-7664 230 -566 ) (-7664 272 -540 ) (-7664 320 -530 ) (-7664 368 -540 ) (-7664 410 -566 ) (-7664 436 -608 ) (-7664 444 -640 ) 
4 3 15 (-7664 204 -607.998535 ) (-7664 192 -656.001953 ) (-7471.997070 192 -656.002075 ) (-7471.997070 204 -607.998413 ) 
4 3 12 (-7664 272.001526 -540 ) (-7664 230 -566.001099 ) (-7472 230 -566.001099 ) (-7472 272.001556 -540 ) 
4 3 11 (-7664 204 -608 ) (-7472 204 -608 ) (-7472 229.996094 -566.006104 ) (-7664 229.996094 -566.006104 ) 
4 3 9 (-7472 448 -656 ) (-7664 448 -656 ) (-7664 436 -608 ) (-7472 436 -608 ) 
4 3 8 (-7472.001953 435.996094 -607.992188 ) (-7664 435.996094 -607.992188 ) (-7664 410.001587 -566 ) (-7472 410.001587 -566 ) 
4 3 6 (-7471.998047 409.998260 -566 ) (-7664 409.998260 -566 ) (-7664 367.996918 -540 ) (-7471.997559 367.996918 -540 ) 
4 3 5 (-7472.001465 367.994354 -539.998047 ) (-7664 367.994354 -539.998047 ) (-7664 320.001831 -530 ) (-7472.001465 320.001831 -530 ) 
4 3 4 (-7472 320 -530 ) (-7664 320 -530 ) (-7664 272 -540 ) (-7472 272 -540 ) 
3 4 21 (-7664 272 -540 ) (-7664 296.172760 -525.036011 ) (-7664 320 -530 ) 
4 4 14 (-7664 296.173431 -525.036133 ) (-7664 272.001526 -540 ) (-7472 272.001556 -540 ) (-7486.891602 296.173431 -525.036133 ) 
4 4 5 (-7664 320.001831 -530 ) (-7664 296.173584 -525.035400 ) (-7486.892090 296.173584 -525.035400 ) (-7472 320.001831 -530 ) 
4 5 21 (-7664 296.172760 -525.036011 ) (-7664 320 -510.285767 ) (-7664 343.827179 -525.035950 ) (-7664 319.998871 -530 ) 
3 5 16 (-7664 343.827179 -525.035950 ) (-7664 368 -540 ) (-7664 319.998871 -530 ) 
4 5 14 (-7664 320 -510.286041 ) (-7664 296.173431 -525.036133 ) (-7486.890625 296.173431 -525.036133 ) (-7501.571289 320 -510.286041 ) 
4 5 7 (-7664 367.996918 -540 ) (-7664 319.998810 -510.286469 ) (-7501.570313 319.998810 -510.286469 ) (-7472 367.996918 -540 ) 
3 6 16 (-7664 397.740295 -546.195923 ) (-7664 410 -566 ) (-7664 368 -540 ) 
4 6 8 (-7664 410.001587 -566 ) (-7664 397.741486 -546.196167 ) (-7490.322266 397.741486 -546.196167 ) (-7472 410.001587 -566 ) 
4 6 7 (-7490.322266 397.739075 -546.194824 ) (-7664 397.739075 -546.194824 ) (-7664 367.994354 -539.998047 ) (-7471.997070 367.994354 -539.998047 ) 
4 7 21 (-7664 320 -510.285767 ) (-7664 360.131165 -485.442657 ) (-7664 379.978821 -517.504272 ) (-7664 343.827179 -525.035950 ) 
4 7 16 (-7664 379.978821 -517.504272 ) (-7664 397.740295 -546.195923 ) (-7664 368 -540 ) (-7664 343.827179 -525.035950 ) 
4 7 14 (-7664 360.131409 -485.443054 ) (-7664 320 -510.286041 ) (-7501.571289 320 -510.286041 ) (-7551.376953 360.131409 -485.443054 ) 
5 7 8 (-7664 397.741486 -546.196167 ) (-7664 360.131927 -485.442169 ) (-7551.377930 360.131927 -485.442169 ) (-7534.772461 368 -498.151459 ) (-7490.322754 397.741486 -546.196167 ) 
4 8 21 (-7664 360.131165 -485.442657 ) (-7664 399.298950 -461.195923 ) (-7664 411.722748 -510.891083 ) (-7664 379.978821 -517.504272 ) 
3 8 18 (-7664 411.722748 -510.891083 ) (-7664 436 -608 ) (-7664 379.978821 -517.504272 ) 
5 8 14 (-7664 399.299072 -461.196381 ) (-7664 360.131409 -485.443054 ) (-7551.376953 360.131409 -485.443054 ) (-7561.143066 368 -480.571716 ) (-7619.268555 399.299072 -461.196381 ) 
5 8 10 (-7664 436 -608 ) (-7664 399.298981 -461.195862 ) (-7619.269531 399.298981 -461.195862 ) (-7565 410 -504 ) (-7472 436 -608 ) 
4 9 17 (-7664 448 -627.384644 ) (-7664 448 -640 ) (-7664 444 -640 ) (-7664 436 -608 ) 
4 9 10 (-7514.925293 448 -627.382935 ) (-7664 448 -627.382935 ) (-7664 435.996094 -607.992188 ) (-7471.987793 435.996094 -607.992188 ) 
5 10 21 (-7664 399.298950 -461.195923 ) (-7664 417.416504 -449.980286 ) (-7664 436 -480 ) (-7664 442.138611 -504.554077 ) (-7664 411.722748 -510.891083 ) 
5 10 18 (-7664 442.138611 -504.554077 ) (-7664 448 -528 ) (-7664 448 -627.384644 ) (-7664 436 -608 ) (-7664 411.722748 -510.891083 ) 
4 10 14 (-7664 417.416840 -449.980652 ) (-7664 399.299072 -461.196381 ) (-7619.268555 399.299072 -461.196381 ) (-7639.142090 410 -454.571899 ) 
3 11 16 (-7664 204 -608 ) (-7664 211.661957 -577.352173 ) (-7664 230 -566 ) 
4 11 15 (-7664 211.662537 -577.351807 ) (-7664 204 -607.998535 ) (-7472 204 -607.998474 ) (-7499.405762 211.662582 -577.351746 ) 
4 11 13 (-7664 230 -566.001099 ) (-7664 211.660477 -577.353699 ) (-7499.408203 211.660477 -577.353699 ) (-7472 230 -566.001099 ) 
3 12 22 (-7664 272 -540 ) (-7664 230 -566 ) (-7664 242.259644 -546.195923 ) 
4 12 14 (-7472 272 -540 ) (-7664 272 -540 ) (-7664 242.259247 -546.196533 ) (-7490.321777 242.259232 -546.196533 ) 
4 12 13 (-7664 230 -566 ) (-7472 230 -566 ) (-7490.323730 242.259995 -546.194885 ) (-7664 242.259995 -546.194885 ) 
4 13 22 (-7664 230 -566 ) (-7664 211.661957 -577.352173 ) (-7664 218.197800 -551.208801 ) (-7664 242.259644 -546.195923 ) 
4 13 15 (-7664 218.198303 -551.208740 ) (-7664 211.662537 -577.351807 ) (-7499.405762 211.662582 -577.351746 ) (-7522.783691 218.198334 -551.208740 ) 
5 13 14 (-7664 242.259247 -546.196533 ) (-7664 218.197632 -551.209412 ) (-7522.784180 218.197632 -551.209412 ) (-7497.874023 230 -548.750549 ) (-7490.321777 242.259232 -546.196533 ) 
8 14 22 (-7664 417.416504 -449.980286 ) (-7664 272 -540 ) (-7664 218.197800 -551.208801 ) (-7664 249.521072 -425.915680 ) (-7664 272.001038 -412 ) (-7664 319.998718 -402 ) (-7664 368.001221 -412 ) (-7664 410 -438 ) 
4 14 15 (-7664 249.521759 -425.914917 ) (-7664 218.198303 -551.208740 ) (-7522.783691 218.198334 -551.208740 ) (-7564.998535 230 -504.001007 ) 
6 15 22 (-7664 249.521194 -425.915222 ) (-7664 211.662125 -577.351501 ) (-7664 192 -589.523926 ) (-7664 192 -528 ) (-7664 204 -480 ) (-7664 230 -438 ) 
4 15 16 (-7664 211.662125 -577.351501 ) (-7664 196 -640 ) (-7664 192 -640 ) (-7664 192 -589.523926 ) 
7 16 25 (-8192 448 -640 ) (-8192 192 -640 ) (-8192 192 -527.996277 ) (-8192 204 -479.998535 ) (-8192 260.018158 -389.506714 ) (-8192 368.007202 -412.004456 ) (-8192 448 -461.523804 ) 
4 16 24 (-7856.005859 204 -479.998657 ) (-8192 204 -479.998535 ) (-8192 192 -527.996094 ) (-7856.004883 192 -527.996033 ) 
5 16 23 (-8192 204 -480 ) (-7856.001465 204 -480 ) (-7856.001465 230 -438 ) (-7900.865234 260.019012 -389.506897 ) (-8192 260.019012 -389.506897 ) 
6 16 22 (-7855.996094 229.997574 -438.001526 ) (-7817.136719 203.996094 -480.003906 ) (-7756.292969 192 -527.996094 ) (-7664 192 -589.524719 ) (-7664 272.002747 -540 ) (-7855.997559 271.996399 -412.002197 ) 
6 16 21 (-7856.007813 271.995850 -412 ) (-7664 271.995758 -540.005859 ) (-7664 379.981567 -517.508789 ) (-7811.137207 379.981659 -419.417206 ) (-7825.998535 368.007202 -412.004456 ) (-7856.007813 319.992920 -402.001465 ) 
6 16 20 (-7856 410 -438 ) (-7894.856934 436 -454.096191 ) (-7955.712891 448 -461.524658 ) (-8192 448 -461.524658 ) (-8192 368.005096 -412.003998 ) (-7856 368.005127 -412.003998 ) 
6 16 19 (-7855.995605 368.003448 -412.003784 ) (-8192 368.003418 -412.003784 ) (-8192 260.019531 -389.506836 ) (-7900.867188 260.019531 -389.506836 ) (-7885.988281 272.007813 -392.004883 ) (-7855.995605 319.994202 -402.001953 ) 
6 16 18 (-7856.006836 410 -438 ) (-7811.136719 379.976563 -419.414063 ) (-7664 379.976563 -517.505188 ) (-7664 436.001892 -608.007446 ) (-7856 436.001892 -480.007629 ) (-7856.006348 436 -480 ) 
5 16 17 (-7856 436 -480.001923 ) (-7664 436 -608.001343 ) (-7664 444 -640 ) (-7688 448 -640 ) (-7856 448 -528 ) 
4 17 18 (-7856 436.001892 -480.007660 ) (-7664 436.001892 -608.007446 ) (-7664 448 -627.388977 ) (-7813.083496 448 -528 ) 
5 18 21 (-7664 379.981567 -517.508789 ) (-7664 442.139771 -504.559174 ) (-7702.757324 436 -480 ) (-7773.882324 410 -438 ) (-7811.137207 379.981659 -419.417206 ) 
3 19 25 (-8192 260.018158 -389.506714 ) (-8192 279.867798 -357.441956 ) (-8192 368.007202 -412.004456 ) 
5 19 23 (-7900.865234 260.019012 -389.506897 ) (-7918.771973 272 -370.151611 ) (-7935.377441 279.868469 -357.442352 ) (-8192 279.868469 -357.442383 ) (-8192 260.019012 -389.506897 ) 
5 19 20 (-8192 279.867401 -357.442566 ) (-7935.376465 279.867401 -357.442566 ) (-7885.571289 319.998230 -382.285461 ) (-7855.995605 368.005127 -412.003998 ) (-8192 368.005096 -412.003998 ) 
6 20 25 (-8192 448 -461.523804 ) (-8192 279.867798 -357.441956 ) (-8192 380.116943 -195.501022 ) (-8192 410 -214 ) (-8192 436 -256 ) (-8192 448 -304 ) 
5 20 23 (-7935.377441 279.868469 -357.442352 ) (-8020.077637 320 -292.614929 ) (-8151.385742 368 -215.076202 ) (-8192 380.117523 -195.501526 ) (-8192 279.868469 -357.442383 ) 
6 21 22 (-7856 271.996368 -412 ) (-7664 272.002747 -540 ) (-7664 417.416809 -449.981018 ) (-7688.857910 410 -438 ) (-7766.843262 368.007202 -412.004456 ) (-7826.431152 319.992920 -402.001465 ) 
5 23 25 (-8192 380.116882 -195.500977 ) (-8192 204 -479.998535 ) (-8192 277.273804 -186.900848 ) (-8192 319.998718 -178 ) (-8192 368 -188 ) 
5 23 24 (-8192 277.273712 -186.900970 ) (-8192 204 -479.998535 ) (-7856.003906 204 -479.998627 ) (-7949.007813 230 -375.994446 ) (-8162.007813 272 -207.994293 ) 
6 24 25 (-8192 272 -188 ) (-8192 277.273804 -186.900879 ) (-8192 192 -527.996277 ) (-8192 192 -304 ) (-8192 204 -256 ) (-8192 230 -214 ) 
11 25 26 (-8240 272 -156 ) (-8240 319.998779 -146 ) (-8240 368 -156 ) (-8240 410 -182 ) (-8240 436 -224 ) (-8240 448 -272 ) (-8240 448 -384 ) (-8240 192 -384 ) (-8240 192 -272 ) (-8240 204 -224 ) (-8240 230 -182 ) 
11 26 32 (-8432 448 -384 ) (-8432 192 -384 ) (-8432 192 -272 ) (-8432 204 -224 ) (-8432 230 -182 ) (-8432 272 -156 ) (-8432 320 -146 ) (-8432 368 -156 ) (-8432 410 -182 ) (-8432 436 -224 ) (-8432 448 -272 ) 
4 27 32 (-9136 512 56 ) (-9136 512 -384 ) (-8549.876953 512 -384 ) (-8549.876953 512 56 ) 
4 27 31 (-8576 640 56 ) (-8566 590.997864 56 ) (-8566 590.997864 -64 ) (-8576 640 -64 ) 
4 27 28 (-8566 590.997864 56 ) (-8549.876953 512 56 ) (-8549.876953 512 -384 ) (-8566 590.997925 -384 ) 
4 28 32 (-8549.876953 512 -384 ) (-8515.213867 512 -384 ) (-8515.213867 512 56 ) (-8549.876953 512 56 ) 
4 28 31 (-8565.996094 590.992188 -64 ) (-8565.996094 590.992188 56 ) (-8539.001953 549 56 ) (-8539.001953 549 -64 ) 
4 28 29 (-8539.001953 549 56 ) (-8515.215820 512 56 ) (-8515.215820 512 -384 ) (-8539.001953 549 -384 ) 
4 29 32 (-8515.213867 512 -384 ) (-8481.445313 512 -384 ) (-8481.445313 512 56 ) (-8515.213867 512 56 ) 
4 29 31 (-8539.003906 549.002930 -64 ) (-8539.003906 549.002930 56 ) (-8496.998047 522 56 ) (-8496.998047 522 -64 ) 
4 29 30 (-8496.998047 522 56 ) (-8481.443359 512 56 ) (-8481.443359 512 -384 ) (-8496.998047 522 -384 ) 
4 30 32 (-8481.445313 512 -384 ) (-8448 512 -384 ) (-8448 512 56 ) (-8481.445313 512 56 ) 
4 30 31 (-8497.003906 522 -64 ) (-8497.003906 522 56 ) (-8448.001953 512 56 ) (-8448.001953 512 -64 ) 
4 31 32 (-8432 512 -64 ) (-8432 512 56 ) (-8448 512 56 ) (-8448 512 -64 ) 
4 32 38 (-9136 256 -384 ) (-9136 128 -384 ) (-9136 128 56 ) (-9136 256 56 ) 
4 32 34 (-9136 128 -64 ) (-9136 128 -384 ) (-8448 128 -384 ) (-8448 128 -64 ) 
4 32 33 (-9136 128 56 ) (-9136 128 -64 ) (-8432 128 -64 ) (-8432 128 56 ) 
4 33 68 (-8432 0 -64 ) (-8432 0 56 ) (-9136 0 56 ) (-9136 0 -64 ) 
4 33 38 (-9136 0 -64 ) (-9136 0 56 ) (-9136 128 56 ) (-9136 128 -64 ) 
3 33 37 (-8566 49 -64 ) (-8560.210938 77.364891 -64 ) (-8539 91 -64 ) 
3 33 36 (-8576 0 -64 ) (-8680.556641 0 -64 ) (-8560.210938 77.364891 -64 ) 
3 33 35 (-8680.556641 0 -64 ) (-9075.200195 0 -64 ) (-8497 118 -64 ) 
4 33 34 (-9136 0 -64 ) (-9136 128 -64 ) (-8448 128 -64 ) (-9075.200195 0 -64 ) 
4 34 69 (-9075.200195 0 -64 ) (-9136 0 -64 ) (-9136 0 -384 ) (-9075.200195 0 -384 ) 
4 34 38 (-9136 0 -384 ) (-9136 0 -64 ) (-9136 128 -64 ) (-9136 128 -384 ) 
4 34 35 (-9075.195313 0 -384 ) (-8497.002930 117.998581 -384 ) (-8497.002930 117.998604 -64 ) (-9075.196289 0 -64 ) 
4 35 69 (-8680.556641 0 -64 ) (-9075.200195 0 -64 ) (-9075.200195 0 -384 ) (-8680.556641 0 -384 ) 
4 35 37 (-8560.210938 77.364365 -384 ) (-8539 91 -384 ) (-8539 91 -64 ) (-8560.210938 77.364357 -64 ) 
4 35 36 (-8680.555664 0 -384 ) (-8560.210938 77.364365 -384 ) (-8560.210938 77.364357 -64 ) (-8680.555664 0 -64 ) 
4 36 71 (-8576 0 -64 ) (-8597.500000 0 -64 ) (-8597.500000 0 -384 ) (-8576 0 -384 ) 
4 36 69 (-8597.500000 0 -64 ) (-8680.556641 0 -64 ) (-8680.556641 0 -384 ) (-8597.500000 0 -384 ) 
4 36 37 (-8566 48.997540 -384 ) (-8560.211914 77.365227 -384 ) (-8560.211914 77.365234 -64 ) (-8566 48.997543 -64 ) 
4 38 79 (-9136 0 -384 ) (-9136 0 56 ) (-9216 0 56 ) (-9216 0 -384 ) 
4 38 39 (-9216 0 -384 ) (-9216 0 56 ) (-9216 240.489777 56 ) (-9216 240.489807 -384 ) 
4 39 80 (-9216 0 -384 ) (-9216 0 56 ) (-9392 0 56 ) (-9392 0 -384 ) 
4 41 42 (-7168 -128 -768 ) (-7168 -512 -768 ) (-7168 -512 -512 ) (-7168 -128 -512 ) 
10 42 46 (-7280 -442.138641 -632.554565 ) (-7280 -436 -608 ) (-7280 -410 -566 ) (-7280 -368 -540 ) (-7280 -320 -530 ) (-7280 -272 -540 ) (-7280 -230 -566 ) (-7280 -204 -608 ) (-7280 -192 -656 ) (-7280 -192 -684.666443 ) 
5 42 43 (-7280 -192 -768 ) (-7280 -448 -768 ) (-7280 -448 -656 ) (-7280 -442.138641 -632.554565 ) (-7280 -192 -684.666443 ) 
8 43 54 (-7664 -444 -640 ) (-7664 -436 -608 ) (-7664 -410 -566 ) (-7664 -368 -540 ) (-7664 -296.172699 -525.035950 ) (-7664 -230 -566 ) (-7664 -204 -608 ) (-7664 -196 -640 ) 
4 43 53 (-7471.997070 -192 -656.001709 ) (-7664 -192 -656.001709 ) (-7664 -204 -607.998962 ) (-7472 -204 -607.998901 ) 
4 43 51 (-7664 -448 -656 ) (-7472 -448 -656 ) (-7472 -436 -608 ) (-7664 -436 -608 ) 
4 43 50 (-7471.995117 -204 -608.002441 ) (-7664 -204 -608.002441 ) (-7664 -230.002090 -565.998779 ) (-7471.995605 -230.002090 -565.998779 ) 
4 43 48 (-7664 -436 -608.001953 ) (-7471.997559 -436 -608.001953 ) (-7471.998047 -409.998291 -565.998901 ) (-7664 -409.998291 -565.998901 ) 
5 43 47 (-7471.996582 -230 -566.002014 ) (-7664 -230 -566.002014 ) (-7664 -296.174683 -525.036316 ) (-7486.890625 -296.174683 -525.036316 ) (-7471.997070 -272 -540.001587 ) 
10 43 46 (-7323 -192 -656 ) (-7391.250000 -204 -608 ) (-7446.123047 -230 -566 ) (-7471.998535 -272 -540 ) (-7471.998535 -320 -530 ) (-7442 -368 -540 ) (-7389.882324 -409.993683 -565.996094 ) (-7318.732910 -436.002594 -608.010498 ) (-7280 -442.138519 -632.554199 ) (-7280 -192 -684.666687 ) 
5 43 45 (-7472 -319.986420 -529.996765 ) (-7486.882813 -296.175781 -525.036133 ) (-7664 -296.175781 -525.036133 ) (-7664 -368 -540 ) (-7472 -368 -540 ) 
4 43 44 (-7471.996094 -367.996094 -540 ) (-7664 -367.996094 -540 ) (-7664 -410.003906 -566.003906 ) (-7471.998047 -410.003906 -566.003906 ) 
3 44 54 (-7664 -410 -566 ) (-7664 -397.740295 -546.195862 ) (-7664 -368 -540 ) 
4 44 49 (-7490.321777 -397.739197 -546.195679 ) (-7664 -397.739197 -546.195679 ) (-7664 -409.998291 -565.998901 ) (-7472 -409.998291 -565.998901 ) 
4 44 45 (-7664 -397.738281 -546.195313 ) (-7490.321289 -397.738281 -546.195313 ) (-7472 -368 -540 ) (-7664 -368 -540 ) 
3 45 54 (-7664 -397.740295 -546.195862 ) (-7664 -360.131165 -485.442627 ) (-7664 -296.172699 -525.035950 ) 
5 45 49 (-7551.376953 -360.130585 -485.442993 ) (-7664 -360.130585 -485.442993 ) (-7664 -397.739197 -546.195679 ) (-7490.322266 -397.739197 -546.195679 ) (-7534.767578 -368 -498.155334 ) 
5 45 47 (-7664 -296.174683 -525.036316 ) (-7664 -360.134979 -485.441406 ) (-7551.380371 -360.134979 -485.441406 ) (-7501.568848 -320 -510.287659 ) (-7486.890625 -296.174683 -525.036316 ) 
3 47 54 (-7664 -360.131165 -485.442627 ) (-7664 -320 -420.615417 ) (-7664 -230 -566 ) 
5 47 50 (-7664 -230.002090 -565.998779 ) (-7664 -320 -420.616150 ) (-7636.074707 -320 -420.616150 ) (-7534.767090 -272 -498.154755 ) (-7472 -230.002090 -565.998779 ) 
4 47 49 (-7636.080566 -319.997833 -420.612823 ) (-7664 -319.997833 -420.612823 ) (-7664 -360.130585 -485.442993 ) (-7551.376953 -360.130585 -485.442993 ) 
3 48 57 (-7664 -436 -608 ) (-7664 -428.338043 -577.352112 ) (-7664 -410 -566 ) 
4 48 52 (-7499.407227 -428.338013 -577.352112 ) (-7664 -428.338013 -577.352112 ) (-7664 -436 -608 ) (-7472 -436 -608 ) 
4 48 49 (-7471.995605 -409.997833 -566 ) (-7664 -409.997833 -566 ) (-7664 -428.339233 -577.355225 ) (-7499.405273 -428.339233 -577.355225 ) 
6 49 57 (-7664 -428.338043 -577.352112 ) (-7664 -390.478943 -425.915771 ) (-7664 -368 -412 ) (-7664 -330.207397 -404.126526 ) (-7664 -320 -420.615417 ) (-7664 -410 -566 ) 
4 49 52 (-7664 -390.478943 -425.915802 ) (-7664 -428.338013 -577.352112 ) (-7499.407227 -428.338013 -577.352112 ) (-7565 -410 -504 ) 
3 49 50 (-7664 -320 -420.616150 ) (-7664 -330.208160 -404.126709 ) (-7636.076172 -320 -420.616150 ) 
4 50 57 (-7664 -320 -420.615295 ) (-7664 -330.207367 -404.126617 ) (-7664 -320 -402 ) (-7664 -309.792358 -404.126343 ) 
5 50 54 (-7664 -249.521088 -425.915649 ) (-7664 -204 -608 ) (-7664 -320 -420.615295 ) (-7664 -309.792358 -404.126343 ) (-7664 -272.001434 -412 ) 
4 50 53 (-7664 -204 -607.998962 ) (-7664 -249.521683 -425.914978 ) (-7564.994141 -230 -504.004578 ) (-7472 -204 -607.998901 ) 
4 51 54 (-7664 -448 -640 ) (-7664 -448 -627.384644 ) (-7664 -436 -608 ) (-7664 -444 -640 ) 
4 51 52 (-7664 -448 -627.382690 ) (-7514.926270 -448 -627.382690 ) (-7471.988281 -435.996094 -607.992188 ) (-7664 -435.996094 -607.992188 ) 
6 52 58 (-7664 -448 -627.384644 ) (-7664 -448 -528 ) (-7664 -436 -480 ) (-7664 -410 -438 ) (-7664 -390.478882 -425.915619 ) (-7664 -436 -608 ) 
6 53 54 (-7664 -192 -528 ) (-7664 -192 -640 ) (-7664 -196 -640 ) (-7664 -249.521027 -425.915894 ) (-7664 -230 -438 ) (-7664 -204 -480 ) 
10 54 66 (-8192 -192 -640 ) (-8192 -448 -640 ) (-8192 -448 -528 ) (-8192 -428.338104 -449.352203 ) (-8192 -368.006927 -412.004364 ) (-8192 -319.990662 -402 ) (-8192 -272.002380 -411.998505 ) (-8192 -230 -438 ) (-8192 -204 -480 ) (-8192 -192 -528 ) 
4 54 64 (-7856 -192 -528 ) (-8192 -192 -528 ) (-8192 -204 -480 ) (-7856 -204 -480 ) 
4 54 62 (-7856.002930 -204.002136 -479.994873 ) (-8192 -204.002121 -479.994904 ) (-8192 -229.998444 -438 ) (-7856.003418 -229.998413 -438.001007 ) 
5 54 61 (-8192 -368.005646 -412.004089 ) (-8192 -428.338226 -449.352844 ) (-7883.406250 -428.338257 -449.352844 ) (-7856 -410 -438 ) (-7855.998535 -368.005646 -412.004089 ) 
4 54 60 (-8192 -272.002258 -411.998596 ) (-8192 -319.990967 -402.001038 ) (-7856 -319.990997 -402.001038 ) (-7856 -272.002228 -411.998627 ) 
4 54 59 (-7856 -229.998505 -438.001099 ) (-8192 -229.998489 -438.001129 ) (-8192 -272.006104 -411.996094 ) (-7856 -272.006073 -411.996094 ) 
4 54 58 (-7856 -436 -480 ) (-7813.077148 -448 -528 ) (-7664 -448 -627.383972 ) (-7664 -436 -608 ) 
6 54 57 (-7664 -309.792297 -404.127106 ) (-7691.908203 -319.994202 -402.001709 ) (-7793.242676 -368.007019 -412.004364 ) (-7856 -409.998505 -438 ) (-7856 -436 -480 ) (-7664 -436 -608 ) 
5 54 56 (-7856 -435.997650 -479.990601 ) (-7883.398438 -428.337891 -449.351563 ) (-8192 -428.337891 -449.351563 ) (-8192 -448 -528 ) (-7856 -448 -528 ) 
4 54 55 (-8192 -368.008179 -412.005066 ) (-7855.994629 -368.008179 -412.005066 ) (-7855.995117 -319.989594 -402.001190 ) (-8192 -319.989594 -402.001190 ) 
3 55 66 (-8192 -368.006927 -412.004364 ) (-8192 -343.826080 -397.035278 ) (-8192 -319.990662 -402 ) 
4 55 61 (-8192 -343.825439 -397.035400 ) (-8192 -368.005646 -412.004089 ) (-7855.995605 -368.005646 -412.004089 ) (-7870.892090 -343.825439 -397.035400 ) 
4 55 60 (-8192 -319.990967 -402.001038 ) (-8192 -343.831543 -397.034302 ) (-7870.895508 -343.831573 -397.034302 ) (-7855.995605 -319.990997 -402.001038 ) 
3 56 66 (-8192 -448 -461.523834 ) (-8192 -428.338104 -449.352203 ) (-8192 -448 -528 ) 
5 56 61 (-8192 -428.338226 -449.352844 ) (-8192 -448 -461.524414 ) (-7955.713379 -448 -461.524384 ) (-7894.856934 -436 -454.095886 ) (-7883.406250 -428.338257 -449.352844 ) 
4 57 58 (-7664 -390.478638 -425.915344 ) (-7762.993652 -409.998535 -438 ) (-7856.001953 -436 -480.003082 ) (-7664 -436 -608.004517 ) 
3 59 66 (-8192 -272.002380 -411.998505 ) (-8192 -242.260498 -418.194733 ) (-8192 -230 -438 ) 
4 59 63 (-7856 -229.998413 -438.001007 ) (-8192 -229.998444 -438 ) (-8192 -242.259308 -418.195007 ) (-7874.323730 -242.259293 -418.195007 ) 
4 59 60 (-7874.323730 -242.258942 -418.195068 ) (-8192 -242.258926 -418.195068 ) (-8192 -272.002258 -411.998596 ) (-7856 -272.002228 -411.998627 ) 
3 60 66 (-8192 -343.826080 -397.035278 ) (-8192 -279.868896 -357.442749 ) (-8192 -242.260498 -418.194733 ) 
5 60 63 (-7874.323730 -242.259293 -418.195007 ) (-8192 -242.259308 -418.195007 ) (-8192 -279.868256 -357.442261 ) (-7935.376465 -279.868256 -357.442261 ) (-7918.772461 -272.001038 -370.150818 ) 
5 60 61 (-7935.375000 -279.869385 -357.443604 ) (-8192 -279.869385 -357.443604 ) (-8192 -343.825439 -397.035400 ) (-7870.892578 -343.825439 -397.035400 ) (-7885.571289 -319.998627 -382.285492 ) 
6 61 66 (-8192 -410 -214 ) (-8192 -380.118164 -195.501602 ) (-8192 -279.868896 -357.442749 ) (-8192 -448 -461.523834 ) (-8192 -448 -304 ) (-8192 -436 -256 ) 
5 61 63 (-7935.376953 -279.868256 -357.442261 ) (-8192 -279.868256 -357.442261 ) (-8192 -380.117676 -195.501358 ) (-8151.387207 -368 -215.075333 ) (-8020.073730 -319.998169 -292.617218 ) 
3 62 66 (-8192 -211.661972 -449.352112 ) (-8192 -204 -480 ) (-8192 -230 -438 ) 
4 62 65 (-7856 -204 -480 ) (-8192 -204 -480 ) (-8192 -211.661957 -449.352142 ) (-7883.407227 -211.661972 -449.352112 ) 
4 62 63 (-8192 -230 -438 ) (-7856 -230 -438 ) (-7883.407227 -211.661987 -449.352112 ) (-8192 -211.661987 -449.352112 ) 
6 63 66 (-8192 -277.274811 -186.900772 ) (-8192 -211.661972 -449.352112 ) (-8192 -230 -438 ) (-8192 -380.118164 -195.501495 ) (-8192 -368 -188 ) (-8192 -319.997955 -178 ) 
5 63 65 (-7883.407227 -211.661972 -449.352112 ) (-8192 -211.661957 -449.352142 ) (-8192 -277.274841 -186.900574 ) (-8162 -272 -208 ) (-7949.004395 -230.001022 -375.995911 ) 
3 64 66 (-8192 -192 -528 ) (-8192 -204 -480 ) (-8192 -192 -499.384674 ) 
4 64 65 (-8192 -192 -499.381683 ) (-8192 -204.001709 -479.994385 ) (-7855.998047 -204.001724 -479.994354 ) (-7898.927246 -192 -499.381683 ) 
7 65 66 (-8192 -192 -499.384674 ) (-8192 -204 -480 ) (-8192 -277.274872 -186.900635 ) (-8192 -272.001526 -188 ) (-8192 -230 -214 ) (-8192 -204 -256 ) (-8192 -192 -304 ) 
11 66 67 (-8240 -448 -384 ) (-8240 -448 -272 ) (-8240 -436 -224 ) (-8240 -410 -182 ) (-8240 -368.002197 -156.001343 ) (-8240 -319.998169 -146 ) (-8240 -272 -156 ) (-8240 -230 -182 ) (-8240 -204 -224 ) (-8240 -192 -272 ) (-8240 -192 -384 ) 
11 67 73 (-8432 -192 -272 ) (-8432 -192 -384 ) (-8432 -448 -384 ) (-8432 -448 -272 ) (-8432 -436 -224 ) (-8432 -410 -182 ) (-8432 -368 -156 ) (-8432 -320 -146 ) (-8432 -272 -156 ) (-8432 -230 -182 ) (-8432 -204 -224 ) 
4 68 79 (-9136 0 56 ) (-9136 0 -64 ) (-9136 -128 -64 ) (-9136 -128 56 ) 
4 68 73 (-9136 -128 56 ) (-9136 -128 -64 ) (-8432 -128 -64 ) (-8432 -128 56 ) 
3 68 72 (-8497 -118 -64 ) (-8525.364258 -112.211411 -64 ) (-8539 -91 -64 ) 
3 68 71 (-8566 -49.001492 -64 ) (-8597.500000 0 -64 ) (-8576 0 -64 ) 
3 68 70 (-8448 -128 -64 ) (-8515.214844 -128 -64 ) (-8525.364258 -112.211411 -64 ) 
4 68 69 (-8515.214844 -128 -64 ) (-9136 -128 -64 ) (-9136 0 -64 ) (-8597.500000 0 -64 ) 
4 69 79 (-9136 0 -64 ) (-9136 0 -384 ) (-9136 -128 -384 ) (-9136 -128 -64 ) 
4 69 73 (-9136 -128 -64 ) (-9136 -128 -384 ) (-8515.214844 -128 -384 ) (-8515.214844 -128 -64 ) 
4 69 72 (-8539 -91 -64 ) (-8525.364258 -112.211411 -64 ) (-8525.364258 -112.211372 -384 ) (-8539 -91 -384 ) 
4 69 71 (-8597.500000 0 -64 ) (-8566 -49.001488 -64 ) (-8566 -49.002750 -384 ) (-8597.500977 0 -384 ) 
4 69 70 (-8525.364258 -112.211411 -64 ) (-8515.214844 -128 -64 ) (-8515.214844 -128 -384 ) (-8525.364258 -112.211372 -384 ) 
4 70 73 (-8515.214844 -128 -384 ) (-8448 -128 -384 ) (-8448 -128 -64 ) (-8515.214844 -128 -64 ) 
4 70 72 (-8525.363281 -112.211914 -384 ) (-8525.363281 -112.211914 -64 ) (-8497 -118 -64 ) (-8497 -118 -384 ) 
4 73 79 (-9136 -128 -384 ) (-9136 -256 -384 ) (-9136 -256 56 ) (-9136 -128 56 ) 
4 73 78 (-8432 -512 -64 ) (-8432 -512 56 ) (-8448 -512 56 ) (-8448 -512 -64 ) 
4 73 74 (-9136 -512 56 ) (-9136 -512 -384 ) (-8448 -512 -384 ) (-8448 -512 56 ) 
4 74 78 (-8448.003906 -512 -64 ) (-8448.003906 -512 56 ) (-8497 -521.998962 56 ) (-8497 -521.998962 -64 ) 
4 74 76 (-8525.362305 -527.787476 -384 ) (-8497 -521.998962 -384 ) (-8497 -521.998962 56 ) (-8525.362305 -527.787476 56 ) 
4 74 75 (-9075.203125 -640 -384 ) (-8525.362305 -527.787476 -384 ) (-8525.362305 -527.787476 56 ) (-9075.204102 -640 56 ) 
4 75 78 (-8538.997070 -548.998108 -64 ) (-8538.998047 -548.998352 56 ) (-8566 -591.001038 56 ) (-8566 -591.002441 -64 ) 
4 75 77 (-8597.496094 -640 -384 ) (-8566 -591.006226 -384 ) (-8566 -591.001038 56 ) (-8597.499023 -640 56 ) 
4 75 76 (-8538.996094 -548.997559 -384 ) (-8525.364258 -527.791016 -384 ) (-8525.364258 -527.791016 56 ) (-8538.998047 -548.998352 56 ) 
4 76 78 (-8539.003906 -549.002930 56 ) (-8539.003906 -549.002930 -64 ) (-8497 -522 -64 ) (-8497 -522 56 ) 
4 77 78 (-8566 -591 -64 ) (-8566 -591 56 ) (-8576 -640 56 ) (-8576 -640 -64 ) 
4 79 80 (-9216 0 56 ) (-9216 0 -384 ) (-9216 -240.489777 -384 ) (-9216 -240.489807 56 ) 
