PRT1
424
877
4 0 5 (-2048 6375.379395 -264 ) (-2048 6455.671387 -264 ) (-2048 6455.671387 -416 ) (-2048 6375.379395 -416 ) 
4 0 2 (-2048 6455.670410 -416 ) (-2048 6455.669922 -264 ) (-2016.361084 6451.768555 -264 ) (-2016.361084 6451.769043 -416 ) 
3 0 1 (-2048 6375.379395 -416 ) (-2048 6455.670410 -416 ) (-2016.361084 6451.769043 -416 ) 
4 1 30 (-2016 6144 -416 ) (-2048 6144 -416 ) (-2048 6144 -608 ) (-2016 6144 -608 ) 
4 1 7 (-2048 6144 -608 ) (-2048 6144 -416 ) (-2048 6455.671387 -416 ) (-2048 6455.671387 -608 ) 
4 1 2 (-2016.360107 6451.770020 -608 ) (-2048 6455.671387 -608 ) (-2048 6455.670410 -416 ) (-2016.360352 6451.769043 -416 ) 
4 2 9 (-2048 6562.203613 -264 ) (-2048 6776.633301 -264 ) (-2048 6776.633301 -608 ) (-2048 6562.203613 -608 ) 
4 2 7 (-2048 6562.203613 -416 ) (-2048 6562.203613 -608 ) (-2048 6455.671387 -608 ) (-2048 6455.671387 -416 ) 
4 2 5 (-2048 6455.671387 -264 ) (-2048 6562.203613 -264 ) (-2048 6562.203613 -416 ) (-2048 6455.671387 -416 ) 
7 3 13 (-2608 6529.613770 -264 ) (-2621.419678 6538.580078 -264 ) (-2664.780273 6603.470703 -264 ) (-2680 6680 -264 ) (-2664.780273 6756.539551 -264 ) (-2621.419434 6821.430664 -264 ) (-2608 6830.396973 -264 ) 
4 3 11 (-2352 6712 -264 ) (-2352 6584 -264 ) (-2608 6584 -264 ) (-2608 6712 -264 ) 
6 3 12 (-2352 6584 -264 ) (-2352 6529.613281 -264 ) (-2360.981445 6523.612305 -264 ) (-2561.934814 6498.834473 -264 ) (-2608 6529.613770 -264 ) (-2608 6584 -264 ) 
7 3 10 (-2556.541748 6864.778809 -264 ) (-2479.998779 6880 -264 ) (-2403.460205 6864.779785 -264 ) (-2352 6830.388184 -264 ) (-2352 6712 -264 ) (-2608 6712 -264 ) (-2608 6830.396973 -264 ) 
7 3 9 (-2352 6830.388184 -264 ) (-2338.580322 6821.419922 -264 ) (-2295.215820 6756.518555 -264 ) (-2280 6680 -264 ) (-2295.220459 6603.469238 -264 ) (-2338.579590 6538.580566 -264 ) (-2352 6529.613281 -264 ) 
5 3 5 (-2360.981445 6523.612305 -264 ) (-2403.460205 6495.229980 -264 ) (-2480 6480 -264 ) (-2556.539307 6495.229492 -264 ) (-2561.934814 6498.834473 -264 ) 
4 4 34 (-2538.662842 6144 -264 ) (-2680.622070 6144 -264 ) (-2680.621826 6144 -416 ) (-2538.662842 6144 -416 ) 
4 4 13 (-2943.639404 6451.768555 -264 ) (-2682.871094 6483.921387 -264 ) (-2682.871094 6483.921387 -416 ) (-2943.639404 6451.768555 -416 ) 
7 4 6 (-2943.640381 6451.771484 -416 ) (-2682.872314 6483.924316 -416 ) (-2538.662842 6144 -416 ) (-2680.622070 6144 -416 ) (-2719.998535 6160.309082 -416 ) (-2819.410400 6236.590332 -416 ) (-2895.689697 6336 -416 ) 
4 4 5 (-2538.660156 6144 -416 ) (-2682.869141 6483.917969 -416 ) (-2682.869141 6483.917969 -264 ) (-2538.662598 6144 -264 ) 
4 5 35 (-2279.377686 6144 -264 ) (-2538.662842 6144 -264 ) (-2538.662842 6144 -416 ) (-2279.377686 6144 -416 ) 
4 5 13 (-2682.871094 6483.921387 -264 ) (-2608 6493.153320 -264 ) (-2608 6493.153320 -416 ) (-2682.871094 6483.921387 -416 ) 
4 5 12 (-2608 6493.153320 -264 ) (-2352 6524.718262 -264 ) (-2352 6524.718262 -416 ) (-2608 6493.153320 -416 ) 
4 5 9 (-2352 6524.718262 -264 ) (-2048 6562.202148 -264 ) (-2048 6562.202148 -416 ) (-2352 6524.718262 -416 ) 
4 5 8 (-2682.872314 6483.924316 -416 ) (-2254.732178 6536.714844 -416 ) (-2421.337402 6144 -416 ) (-2538.662842 6144 -416 ) 
8 5 7 (-2254.732178 6536.714844 -416 ) (-2048 6562.205078 -416 ) (-2048 6375.379395 -416 ) (-2064.311035 6335.998535 -416 ) (-2140.589844 6236.589844 -416 ) (-2240 6160.309570 -416 ) (-2279.377686 6144 -416 ) (-2421.337402 6144 -416 ) 
4 6 37 (-2538.662842 6144 -416 ) (-2944 6144 -416 ) (-2944 6144 -608 ) (-2538.662842 6144 -608 ) 
6 6 18 (-2812.960449 6467.882813 -608 ) (-2682.871582 6483.922852 -608 ) (-2579.093750 6239.301758 -608 ) (-2656.001221 6271.161133 -608 ) (-2728.900146 6327.100098 -608 ) (-2784.839600 6400 -608 ) 
4 6 13 (-2682.871094 6483.921875 -608 ) (-2943.639893 6451.768555 -608 ) (-2943.639893 6451.768555 -416 ) (-2682.871094 6483.921875 -416 ) 
4 6 8 (-2538.663574 6144 -608 ) (-2682.872070 6483.922852 -608 ) (-2682.872070 6483.922852 -416 ) (-2538.663330 6144 -416 ) 
4 7 36 (-2048 6144 -608 ) (-2048 6144 -416 ) (-2421.337158 6144 -416 ) (-2421.337158 6144 -608 ) 
7 7 14 (-2380.902100 6239.312012 -608 ) (-2254.732910 6536.712891 -608 ) (-2131.165527 6551.949219 -608 ) (-2139.989990 6484.900879 -608 ) (-2175.160645 6400 -608 ) (-2231.099609 6327.100098 -608 ) (-2304 6271.159668 -608 ) 
4 7 9 (-2048 6562.202148 -608 ) (-2254.733154 6536.711914 -608 ) (-2254.733154 6536.711914 -416 ) (-2048 6562.202148 -416 ) 
4 7 8 (-2421.337646 6144 -416 ) (-2254.733398 6536.712891 -416 ) (-2254.733398 6536.712891 -608 ) (-2421.337646 6144 -608 ) 
4 8 38 (-2421.337158 6144 -416 ) (-2538.662842 6144 -416 ) (-2538.662842 6144 -608 ) (-2421.337158 6144 -608 ) 
7 8 18 (-2579.093750 6239.301758 -608 ) (-2682.871582 6483.922852 -608 ) (-2254.732910 6536.712891 -608 ) (-2380.902100 6239.312012 -608 ) (-2388.897705 6236 -608 ) (-2480 6224 -608 ) (-2571.101074 6235.990723 -608 ) 
4 8 13 (-2608 6493.153809 -608 ) (-2682.871094 6483.921875 -608 ) (-2682.871094 6483.921875 -416 ) (-2608 6493.153809 -416 ) 
4 8 12 (-2352 6524.718750 -608 ) (-2608 6493.153809 -608 ) (-2608 6493.153809 -416 ) (-2352 6524.718750 -416 ) 
4 8 9 (-2254.733154 6536.711914 -608 ) (-2352 6524.718750 -608 ) (-2352 6524.718750 -416 ) (-2254.733154 6536.711914 -416 ) 
7 9 18 (-2254.732910 6536.712891 -608 ) (-2352 6524.719727 -608 ) (-2352 6900.723633 -608 ) (-2304 6880.839355 -608 ) (-2231.098877 6824.909180 -608 ) (-2175.160156 6752 -608 ) (-2169.349365 6737.975098 -608 ) 
5 9 14 (-2131.165527 6551.949219 -608 ) (-2254.732910 6536.712891 -608 ) (-2169.349365 6737.975098 -608 ) (-2139.989746 6667.108887 -608 ) (-2128 6576 -608 ) 
4 9 11 (-2352 6584 -606 ) (-2352 6584 -264 ) (-2352 6712 -264 ) (-2352 6712 -606 ) 
4 9 12 (-2352 6584 -608 ) (-2352 6524.718750 -608 ) (-2352 6524.718750 -264 ) (-2352 6584 -264 ) 
4 9 10 (-2352 7038.087891 -608 ) (-2352 6712 -608 ) (-2352 6712 -264 ) (-2352 7038.087891 -264 ) 
7 10 18 (-2352 6900.723633 -608 ) (-2352 6712 -608 ) (-2608 6712 -608 ) (-2608 6900.723633 -608 ) (-2571.099609 6916.009766 -608 ) (-2480 6928 -608 ) (-2388.900146 6916.009766 -608 ) 
4 10 13 (-2608 7038.088379 -608 ) (-2608 6712 -608 ) (-2608 6712 -264 ) (-2608 7038.088379 -264 ) 
4 10 11 (-2608 6712 -264 ) (-2608 6712 -606 ) (-2352 6712 -606 ) (-2352 6712 -264 ) 
4 11 13 (-2608 6584 -606 ) (-2608 6584 -264 ) (-2608 6712 -264 ) (-2608 6712 -606 ) 
4 11 12 (-2608 6584 -264 ) (-2608 6584 -606 ) (-2352 6584 -606 ) (-2352 6584 -264 ) 
4 12 18 (-2352 6584 -608 ) (-2352 6524.719727 -608 ) (-2608 6493.154785 -608 ) (-2608 6584 -608 ) 
4 12 13 (-2608 6584 -608 ) (-2608 6493.156250 -608 ) (-2608 6493.156250 -264 ) (-2608 6584 -264 ) 
9 13 18 (-2608 6900.723633 -608 ) (-2608 6493.154785 -608 ) (-2812.960449 6467.882813 -608 ) (-2820.010254 6484.900879 -608 ) (-2832 6576 -608 ) (-2820.010498 6667.106934 -608 ) (-2784.838135 6752.003418 -608 ) (-2728.901855 6824.908203 -608 ) (-2655.998779 6880.840332 -608 ) 
4 14 18 (-2380.901123 6239.312012 -608 ) (-2169.349121 6737.974121 -608 ) (-2169.349121 6737.974609 -870 ) (-2380.901611 6239.312012 -870 ) 
8 14 15 (-2169.349609 6737.976563 -870 ) (-2139.990723 6667.113281 -870 ) (-2128 6575.998535 -870 ) (-2139.989990 6484.900879 -870 ) (-2175.161133 6399.997559 -870 ) (-2231.094238 6327.106934 -870 ) (-2304.007568 6271.156738 -870 ) (-2380.901855 6239.312012 -870 ) 
4 15 19 (-2169.349121 6737.974609 -870 ) (-2169.349365 6737.975098 -1132 ) (-2380.902100 6239.312012 -1132 ) (-2380.901611 6239.312012 -870 ) 
8 15 16 (-2380.903076 6239.311523 -1132 ) (-2169.349854 6737.976074 -1132 ) (-2139.989746 6667.108887 -1132 ) (-2128 6576 -1132 ) (-2139.991699 6484.888184 -1132 ) (-2175.153564 6400.007324 -1132 ) (-2231.097656 6327.102539 -1132 ) (-2304.002197 6271.159180 -1132 ) 
4 16 20 (-2380.902588 6239.311523 -1394 ) (-2380.902100 6239.312012 -1132 ) (-2169.349365 6737.975586 -1132 ) (-2169.349365 6737.975586 -1394 ) 
8 16 17 (-2304.006104 6271.155273 -1394 ) (-2380.903320 6239.309570 -1394 ) (-2169.349609 6737.975586 -1394 ) (-2139.989746 6667.108887 -1394 ) (-2128 6576 -1394 ) (-2139.990967 6484.892578 -1394 ) (-2175.155518 6400.005371 -1394 ) (-2231.099609 6327.100098 -1394 ) 
8 17 22 (-2139.989990 6484.900391 -1528 ) (-2175.160889 6399.998047 -1528 ) (-2231.097900 6327.102051 -1528 ) (-2304.001953 6271.159180 -1528 ) (-2380.901855 6239.312012 -1528 ) (-2169.349365 6737.975098 -1528 ) (-2139.989502 6667.108887 -1528 ) (-2128 6576 -1528 ) 
4 17 21 (-2169.349609 6737.975586 -1528 ) (-2380.902832 6239.311523 -1528 ) (-2380.902588 6239.311523 -1394 ) (-2169.349609 6737.975586 -1394 ) 
20 18 19 (-2655.988525 6271.155273 -870 ) (-2728.907959 6327.110352 -870 ) (-2784.839111 6399.998535 -870 ) (-2820.010498 6484.901855 -870 ) (-2832 6576 -870 ) (-2820.010498 6667.107910 -870 ) (-2784.838623 6752.002441 -870 ) (-2728.900146 6824.910156 -870 ) (-2656 6880.839355 -870 ) (-2571.099609 6916.009766 -870 ) (-2480 6928 -870 ) (-2388.900391 6916.009766 -870 ) (-2304 6880.839355 -870 ) (-2231.098633 6824.909180 -870 ) (-2175.160645 6752 -870 ) (-2169.344482 6737.962891 -870 ) (-2380.888916 6239.317383 -870 ) (-2388.898438 6236 -870 ) (-2480 6224 -870 ) (-2571.100830 6235.990234 -870 ) 
20 19 20 (-2655.994385 6271.157715 -1132 ) (-2728.903564 6327.104980 -1132 ) (-2784.839600 6400 -1132 ) (-2820.010498 6484.901367 -1132 ) (-2832 6576 -1132 ) (-2820.010498 6667.107422 -1132 ) (-2784.838623 6752.002441 -1132 ) (-2728.902100 6824.907715 -1132 ) (-2655.998535 6880.840332 -1132 ) (-2571.100098 6916.009277 -1132 ) (-2479.979248 6928.002441 -1132 ) (-2388.918213 6916.017090 -1132 ) (-2304 6880.839355 -1132 ) (-2231.099121 6824.909668 -1132 ) (-2175.160156 6752 -1132 ) (-2169.349365 6737.975098 -1132 ) (-2380.901123 6239.312500 -1132 ) (-2388.898438 6236 -1132 ) (-2480 6224 -1132 ) (-2571.101074 6235.990234 -1132 ) 
20 20 21 (-2655.996582 6271.158691 -1394 ) (-2728.903809 6327.104980 -1394 ) (-2784.839600 6400 -1394 ) (-2820.010498 6484.901367 -1394 ) (-2832 6576 -1394 ) (-2820.010254 6667.109375 -1394 ) (-2784.839600 6752 -1394 ) (-2728.898682 6824.912109 -1394 ) (-2656.004639 6880.837402 -1394 ) (-2571.100586 6916.009277 -1394 ) (-2480.013672 6927.998047 -1394 ) (-2388.888428 6916.004395 -1394 ) (-2303.997803 6880.838379 -1394 ) (-2231.099365 6824.909668 -1394 ) (-2175.160400 6752.001465 -1394 ) (-2169.350342 6737.977539 -1394 ) (-2380.910645 6239.308594 -1394 ) (-2388.899414 6236 -1394 ) (-2480 6224 -1394 ) (-2571.100098 6235.990234 -1394 ) 
20 21 22 (-2169.349365 6737.974609 -1528 ) (-2380.901611 6239.312012 -1528 ) (-2388.897217 6236 -1528 ) (-2480 6224 -1528 ) (-2571.100342 6235.990234 -1528 ) (-2656 6271.160645 -1528 ) (-2728.900391 6327.100586 -1528 ) (-2784.839111 6399.998535 -1528 ) (-2820.010254 6484.901367 -1528 ) (-2832 6576 -1528 ) (-2820.010254 6667.108887 -1528 ) (-2784.839600 6752 -1528 ) (-2728.899658 6824.910156 -1528 ) (-2656 6880.838867 -1528 ) (-2571.100098 6916.009277 -1528 ) (-2480 6928 -1528 ) (-2388.899902 6916.009766 -1528 ) (-2303.998779 6880.838867 -1528 ) (-2231.099121 6824.909668 -1528 ) (-2175.160156 6752 -1528 ) 
4 23 61 (-1328 5120 288 ) (-1328 5120 656 ) (-2048 5120 656 ) (-2048 5120 288 ) 
4 23 52 (-2048 5376 288 ) (-2048 5120 288 ) (-2048 5120 656 ) (-2048 5376 656 ) 
4 23 44 (-2048 5888 288 ) (-2048 5376 288 ) (-2048 5376 656 ) (-2048 5888 656 ) 
4 23 43 (-2048 5968 288 ) (-2048 5888 288 ) (-2048 5888 656 ) (-2048 5968 656 ) 
4 23 33 (-2048 6144 656 ) (-2048 6144 288 ) (-2048 5968 288 ) (-2048 5968 656 ) 
3 23 26 (-1907 5376 288 ) (-1904 5376 288 ) (-1907 5373 288 ) 
4 23 25 (-1904 5376 288 ) (-1328 5376 288 ) (-1328 5312 288 ) (-1904 5312 288 ) 
4 23 28 (-1328 5309 288 ) (-1328 5120 288 ) (-1907 5120 288 ) (-1907 5309 288 ) 
4 23 29 (-2048 5120 288 ) (-2048 5376 288 ) (-1907 5376 288 ) (-1907 5120 288 ) 
4 23 24 (-2048 5888 288 ) (-2048 6144 288 ) (-1328 6144 288 ) (-1328 5888 288 ) 
4 24 43 (-2048 5968 24 ) (-2048 5888 24 ) (-2048 5888 288 ) (-2048 5968 288 ) 
4 24 33 (-2048 6144 288 ) (-2048 6144 24 ) (-2048 5968 24 ) (-2048 5968 288 ) 
4 25 27 (-1904 5312 277 ) (-1904 5376 277 ) (-1328 5376 277 ) (-1328 5312 277 ) 
4 26 29 (-1907 5376 288 ) (-1907 5376 277 ) (-1907 5373 277 ) (-1907 5373 288 ) 
3 26 27 (-1907 5373 277 ) (-1907 5376 277 ) (-1904 5376 277 ) 
4 27 28 (-1907 5309 277 ) (-1907 5309 24 ) (-1328 5309 24 ) (-1328 5309 277 ) 
4 27 29 (-1907 5376 277 ) (-1907 5376 24 ) (-1907 5309 24 ) (-1907 5309 277 ) 
4 28 61 (-1328 5120 24 ) (-1328 5120 288 ) (-1907 5120 288 ) (-1907 5120 24 ) 
4 28 29 (-1907 5309 24 ) (-1907 5120 24 ) (-1907 5120 288 ) (-1907 5309 288 ) 
4 29 61 (-1907 5120 288 ) (-2048 5120 288 ) (-2048 5120 24 ) (-1907 5120 24 ) 
4 29 52 (-2048 5376 24 ) (-2048 5120 24 ) (-2048 5120 288 ) (-2048 5376 288 ) 
4 30 36 (-2048 6144 -416 ) (-2048 6144 -608 ) (-2048 6096 -608 ) (-2048 6096 -416 ) 
4 30 32 (-2016 6096 -416 ) (-2048 6096 -416 ) (-2048 6096 -608 ) (-2016 6096 -608 ) 
4 31 63 (-2048 5120 -287.515106 ) (-2048 5120 -416 ) (-2016 5120 -416 ) (-2016 5120 -287.515106 ) 
3 31 58 (-2048 5120 -416 ) (-2048 5120 -287.515106 ) (-2048 5968 -416 ) 
4 31 32 (-2048 5120 -416 ) (-2048 5968 -416 ) (-2016 5968 -416 ) (-2016 5120 -416 ) 
4 32 74 (-2048 5120 -518 ) (-2048 5120 -549.515198 ) (-2016 5120 -549.515259 ) (-2016 5120 -518 ) 
4 32 69 (-2048 5120 -500 ) (-2048 5120 -518 ) (-2016 5120 -518 ) (-2016 5120 -500 ) 
4 32 63 (-2048 5120 -416 ) (-2048 5120 -500 ) (-2016 5120 -500 ) (-2016 5120 -416 ) 
4 32 58 (-2048 5120 -549.515259 ) (-2048 5120 -416 ) (-2048 5968 -416 ) (-2048 5968 -678 ) 
4 32 40 (-2048 5968 -416 ) (-2048 6096 -416 ) (-2048 6096 -678 ) (-2048 5968 -678 ) 
4 33 176 (-3072 6144 160 ) (-3072 6144 24 ) (-3072 5968 24 ) (-3072 5968 160 ) 
4 33 175 (-3072 6144 416 ) (-3072 6144 160 ) (-3072 5968 160 ) (-3072 5968 416 ) 
4 33 173 (-3072 6144 656 ) (-3072 6144 416 ) (-3072 5968 416 ) (-3072 5968 656 ) 
4 33 56 (-3072 5968 160 ) (-3072 5968 24 ) (-2864 5968 24 ) (-2864 5968 160 ) 
4 33 55 (-3072 5968 416 ) (-3072 5968 160 ) (-2864 5968 160 ) (-2864 5968 416 ) 
4 33 53 (-2864 5968 656 ) (-3072 5968 656 ) (-3072 5968 416 ) (-2864 5968 416 ) 
4 33 49 (-2544 5968 656 ) (-2800 5968 656 ) (-2800 5968 24 ) (-2544 5968 24 ) 
4 33 51 (-2800 5968 656 ) (-2864 5968 656 ) (-2864 5968 24 ) (-2800 5968 24 ) 
4 33 47 (-2544 5968 160 ) (-2544 5968 24 ) (-2160 5968 24 ) (-2160 5968 160 ) 
4 33 46 (-2544 5968 288 ) (-2544 5968 160 ) (-2160 5968 160 ) (-2160 5968 288 ) 
4 33 45 (-2160 5968 656 ) (-2544 5968 656 ) (-2544 5968 288 ) (-2160 5968 288 ) 
4 33 43 (-2048 5968 24 ) (-2048 5968 656 ) (-2160 5968 656 ) (-2160 5968 24 ) 
4 34 37 (-2680.622070 6144 -416 ) (-2538.662842 6144 -416 ) (-2520.565674 6101.341797 -416 ) (-2604.230225 6112.359375 -416 ) 
4 34 35 (-2520.565186 6101.341797 -416 ) (-2538.662354 6144 -416 ) (-2538.663086 6144 -264 ) (-2520.565918 6101.341797 -264 ) 
5 35 38 (-2520.565430 6101.341797 -416 ) (-2538.662842 6144 -416 ) (-2421.337158 6144 -416 ) (-2439.434326 6101.342285 -416 ) (-2480 6096 -416 ) 
4 35 36 (-2421.337158 6144 -416 ) (-2279.378174 6144 -416 ) (-2355.768555 6112.359863 -416 ) (-2439.434326 6101.342285 -416 ) 
4 36 40 (-2048 6096 -608 ) (-2048 6096 -416 ) (-2441.700684 6096 -416 ) (-2441.700684 6096 -608 ) 
4 36 38 (-2421.337891 6144 -608 ) (-2441.701172 6096 -608 ) (-2441.701172 6096 -416 ) (-2421.337646 6144 -416 ) 
4 37 41 (-2518.299316 6096 -416 ) (-2944 6096 -416 ) (-2944 6096 -608 ) (-2518.299316 6096 -608 ) 
4 37 38 (-2518.300293 6096 -416 ) (-2518.300293 6096 -608 ) (-2538.663818 6144 -608 ) (-2538.663818 6144 -416 ) 
4 38 42 (-2441.700684 6096 -416 ) (-2518.299316 6096 -416 ) (-2518.299316 6096 -608 ) (-2441.700684 6096 -608 ) 
4 39 41 (-2480 6005.722656 -678 ) (-2496.003906 5968 -678 ) (-2496.003906 5968 -416 ) (-2480 6005.722656 -416 ) 
4 39 40 (-2463.996094 5968 -678 ) (-2480.001953 6005.724609 -678 ) (-2480.001953 6005.724609 -416 ) (-2463.997803 5968 -416 ) 
4 40 58 (-2048 5968 -678 ) (-2048 5968 -416 ) (-2463.996582 5968 -416 ) (-2463.996826 5968 -678 ) 
4 40 42 (-2441.701172 6096 -416 ) (-2441.701172 6096 -678 ) (-2480 6005.722656 -678 ) (-2480 6005.722656 -416 ) 
4 41 60 (-2496.003174 5968 -416 ) (-2944 5968 -416 ) (-2944 5968 -678 ) (-2496.003174 5968 -678 ) 
4 41 42 (-2480.001953 6005.724609 -416 ) (-2480.001953 6005.724609 -678 ) (-2518.300293 6096 -678 ) (-2518.300293 6096 -416 ) 
4 43 47 (-2160 5968 160 ) (-2160 5968 24 ) (-2160 5888 24 ) (-2160 5888 160 ) 
4 43 46 (-2160 5968 288 ) (-2160 5968 160 ) (-2160 5888 160 ) (-2160 5888 288 ) 
4 43 45 (-2160 5968 656 ) (-2160 5968 288 ) (-2160 5888 288 ) (-2160 5888 656 ) 
4 43 44 (-2048 5888 656 ) (-2160 5888 656 ) (-2160 5888 288 ) (-2048 5888 288 ) 
4 44 52 (-2048 5376 288 ) (-2048 5376 656 ) (-2160 5376 656 ) (-2160 5376 288 ) 
4 44 45 (-2160 5376 288 ) (-2160 5376 656 ) (-2160 5888 656 ) (-2160 5888 288 ) 
4 45 52 (-2160 5376 288 ) (-2160 5376 656 ) (-2544 5376 656 ) (-2544 5376 288 ) 
4 45 50 (-2544 5888 288 ) (-2544 5376 288 ) (-2544 5376 656 ) (-2544 5888 656 ) 
4 45 49 (-2544 5968 656 ) (-2544 5968 288 ) (-2544 5888 288 ) (-2544 5888 656 ) 
4 45 46 (-2544 5888 288 ) (-2544 5968 288 ) (-2160 5968 288 ) (-2160 5888 288 ) 
4 46 49 (-2544 5968 288 ) (-2544 5968 160 ) (-2544 5888 160 ) (-2544 5888 288 ) 
4 46 47 (-2544 5888 160 ) (-2544 5968 160 ) (-2160 5968 160 ) (-2160 5888 160 ) 
4 47 49 (-2544 5968 160 ) (-2544 5968 24 ) (-2544 5888 24 ) (-2544 5888 160 ) 
4 48 52 (-2544 5376 24 ) (-2160 5376 24 ) (-2160 5376 160 ) (-2544 5376 160 ) 
4 49 50 (-2800 5888 656 ) (-2800 5888 288 ) (-2544 5888 288 ) (-2544 5888 656 ) 
4 49 51 (-2800 5968 24 ) (-2800 5888 24 ) (-2800 5888 656 ) (-2800 5968 656 ) 
4 50 52 (-2544 5376 288 ) (-2544 5376 656 ) (-2800 5376 656 ) (-2800 5376 288 ) 
4 50 51 (-2800 5376 288 ) (-2800 5376 656 ) (-2800 5888 656 ) (-2800 5888 288 ) 
4 51 56 (-2864 5968 160 ) (-2864 5968 24 ) (-2864 5376 24 ) (-2864 5376 160 ) 
4 51 55 (-2864 5968 416 ) (-2864 5968 160 ) (-2864 5376 160 ) (-2864 5376 416 ) 
4 51 53 (-2864 5968 656 ) (-2864 5968 416 ) (-2864 5376 416 ) (-2864 5376 656 ) 
4 51 52 (-2864 5376 656 ) (-2864 5376 24 ) (-2800 5376 24 ) (-2800 5376 656 ) 
4 52 77 (-2340 5120 656 ) (-2864 5120 656 ) (-2864 5120 24 ) (-2340 5120 24 ) 
4 52 76 (-2048 5120 24 ) (-2048 5120 530 ) (-2340 5120 530 ) (-2340 5120 24 ) 
4 52 75 (-2048 5120 530 ) (-2048 5120 656 ) (-2340 5120 656 ) (-2340 5120 530 ) 
4 52 56 (-2864 5376 24 ) (-2864 5200 24 ) (-2864 5200 160 ) (-2864 5376 160 ) 
4 52 55 (-2864 5200 416 ) (-2864 5376 416 ) (-2864 5376 160 ) (-2864 5200 160 ) 
4 52 54 (-2864 5120 416 ) (-2864 5120 432 ) (-2864 5200 432 ) (-2864 5200 416 ) 
4 52 53 (-2864 5200 656 ) (-2864 5376 656 ) (-2864 5376 416 ) (-2864 5200 416 ) 
4 53 173 (-3072 5200 656 ) (-3072 5968 656 ) (-3072 5968 416 ) (-3072 5200 416 ) 
4 53 55 (-3072 5968 416 ) (-2864 5968 416 ) (-2864 5200 416 ) (-3072 5200 416 ) 
4 53 54 (-3072 5200 416 ) (-2864 5200 416 ) (-2864 5200 432 ) (-3072 5200 432 ) 
4 54 174 (-3072 5120 416 ) (-3072 5120 432 ) (-3072 5200 432 ) (-3072 5200 416 ) 
4 54 78 (-3072 5120 432 ) (-3072 5120 416 ) (-2864 5120 416 ) (-2864 5120 432 ) 
4 55 175 (-3072 5200 416 ) (-3072 5968 416 ) (-3072 5968 160 ) (-3072 5200 160 ) 
4 55 56 (-3072 5200 160 ) (-3072 5968 160 ) (-2864 5968 160 ) (-2864 5200 160 ) 
4 56 176 (-3072 5200 160 ) (-3072 5968 160 ) (-3072 5968 24 ) (-3072 5200 24 ) 
4 57 98 (-2464 5120 -518 ) (-2464 5120 -549.515198 ) (-2104.241943 5120 -549.515259 ) (-2104.241943 5120 -518 ) 
4 57 90 (-2464 5120 -500 ) (-2464 5120 -518 ) (-2104.241943 5120 -518 ) (-2104.241943 5120 -500 ) 
4 57 83 (-2464 5120 -287.515137 ) (-2464 5120 -500 ) (-2104.241943 5120 -500 ) (-2104.241943 5120 -287.515137 ) 
4 57 58 (-2104.239990 5120 -549.518188 ) (-2463.995117 5968 -678.003113 ) (-2463.995117 5968 -416 ) (-2104.239990 5120 -287.515137 ) 
4 58 99 (-2048 5120 -549.515259 ) (-2048 5120 -518 ) (-2104.241943 5120 -518 ) (-2104.241943 5120 -549.515259 ) 
4 58 91 (-2048 5120 -518 ) (-2048 5120 -500 ) (-2104.241943 5120 -500 ) (-2104.241943 5120 -518 ) 
4 58 84 (-2048 5120 -500 ) (-2048 5120 -287.515137 ) (-2104.241943 5120 -287.515137 ) (-2104.241943 5120 -500 ) 
4 59 100 (-2496 5120 -806.484924 ) (-2496 5120 -544.484863 ) (-2855.758301 5120 -544.484863 ) (-2855.758301 5120 -806.484863 ) 
4 59 60 (-2855.756592 5120 -544.482361 ) (-2496.001709 5968 -415.997681 ) (-2496.001709 5968 -678 ) (-2855.756592 5120 -806.484924 ) 
4 60 101 (-2855.758301 5120 -806.484924 ) (-2855.758301 5120 -544.484863 ) (-2944 5120 -544.484863 ) (-2944 5120 -806.484863 ) 
4 61 76 (-2048 5120 530 ) (-2048 5120 24 ) (-2048 4800 24 ) (-2048 4800 530 ) 
4 61 75 (-2048 5120 656 ) (-2048 5120 530 ) (-2048 4800 530 ) (-2048 4800 656 ) 
4 62 83 (-2048 4987.429199 -500 ) (-2048 4912 -500 ) (-2048 4912 -256 ) (-2048 4987.429199 -267.428589 ) 
3 62 68 (-2048 4912 -500 ) (-2048 4987.429199 -500 ) (-2016 4912 -500 ) 
4 62 64 (-2016 4912 -448 ) (-2016 4912 -256 ) (-2048 4912 -256 ) (-2048 4912 -448 ) 
4 62 63 (-2016 4912.003906 -255.996094 ) (-2016 4912.003906 -500 ) (-2048 4987.433105 -500 ) (-2048 4987.433105 -267.424774 ) 
4 63 84 (-2048 5120 -287.515137 ) (-2048 5120 -500 ) (-2048 4987.429199 -500 ) (-2048 4987.429199 -267.428589 ) 
4 63 69 (-2048 4987.429199 -500 ) (-2048 5120 -500 ) (-2016 5120 -500 ) (-2016 4912 -500 ) 
4 64 85 (-2048 4896 -256 ) (-2048 4912 -256 ) (-2048 4912 -448 ) (-2048 4896 -448 ) 
4 64 65 (-2048 4896 -448 ) (-2016 4896 -448 ) (-2016 4896 -256 ) (-2048 4896 -256 ) 
4 65 86 (-2048 4864 -448 ) (-2048 4864 -256 ) (-2048 4896 -256 ) (-2048 4896 -448 ) 
4 65 66 (-2016 4864 -448 ) (-2016 4864 -256 ) (-2048 4864 -256 ) (-2048 4864 -448 ) 
4 66 87 (-2048 4864 -500 ) (-2048 4816 -500 ) (-2048 4816 -448 ) (-2048 4864 -448 ) 
4 66 86 (-2048 4816 -448 ) (-2048 4816 -256 ) (-2048 4864 -256 ) (-2048 4864 -448 ) 
4 66 70 (-2048 4816 -500 ) (-2048 4864 -500 ) (-2016 4864 -500 ) (-2016 4848 -500 ) 
4 66 67 (-2048 4816 -500 ) (-2016 4848 -500 ) (-2016 4848 -256 ) (-2048 4816 -256 ) 
4 67 89 (-2048 4816 -500 ) (-2048 4241.777344 -500 ) (-2048 4241.777344 -256 ) (-2048 4816 -256 ) 
3 67 72 (-2048 4241.777344 -500 ) (-2048 4400 -500 ) (-2016 4400 -500 ) 
4 67 71 (-2048 4400 -500 ) (-2048 4816 -500 ) (-2016 4848 -500 ) (-2016 4400 -500 ) 
4 68 90 (-2048 4987.429199 -518 ) (-2048 4912 -518 ) (-2048 4912 -500 ) (-2048 4987.429199 -500 ) 
3 68 73 (-2048 4912 -518 ) (-2048 4987.429199 -518 ) (-2016 4912 -518 ) 
4 68 69 (-2016 4912.003906 -500 ) (-2016 4912.003906 -518 ) (-2048 4987.433105 -518 ) (-2048 4987.433105 -500 ) 
4 69 91 (-2048 5120 -500 ) (-2048 5120 -518 ) (-2048 4987.429199 -518 ) (-2048 4987.429199 -500 ) 
4 69 74 (-2048 4987.429199 -518 ) (-2048 5120 -518 ) (-2016 5120 -518 ) (-2016 4912 -518 ) 
4 70 92 (-2048 4864 -518 ) (-2048 4816 -518 ) (-2048 4816 -500 ) (-2048 4864 -500 ) 
4 70 71 (-2048 4816 -518 ) (-2016 4848 -518 ) (-2016 4848 -500 ) (-2048 4816 -500 ) 
4 71 93 (-2048 4816 -518 ) (-2048 4400 -518 ) (-2048 4400 -500 ) (-2048 4816 -500 ) 
4 71 72 (-2048 4400 -518 ) (-2016 4400 -518 ) (-2016 4400 -500 ) (-2048 4400 -500 ) 
4 72 94 (-2048 4400 -518 ) (-2048 4241.777344 -518 ) (-2048 4241.777344 -500 ) (-2048 4400 -500 ) 
3 73 98 (-2048 4912 -518 ) (-2048 4987.429199 -518 ) (-2048 4987.429199 -529.428711 ) 
3 73 74 (-2016 4912.003906 -518 ) (-2048 4987.433594 -529.429443 ) (-2048 4987.433594 -518 ) 
4 74 99 (-2048 5120 -518 ) (-2048 5120 -549.515198 ) (-2048 4987.429199 -529.428711 ) (-2048 4987.429199 -518 ) 
4 75 121 (-2048 4096 530 ) (-2048 4096 544 ) (-2340 4096 544 ) (-2340 4096 530 ) 
4 75 119 (-2048 4096 544 ) (-2048 4096 656 ) (-2340 4096 656 ) (-2340 4096 544 ) 
4 75 77 (-2340 4096 530 ) (-2340 4096 656 ) (-2340 5120 656 ) (-2340 5120 530 ) 
4 75 76 (-2340 4800 530 ) (-2340 5120 530 ) (-2048 5120 530 ) (-2048 4800 530 ) 
4 76 77 (-2340 5120 24 ) (-2340 4800 24 ) (-2340 4800 530 ) (-2340 5120 530 ) 
4 77 132 (-2864 4096 32 ) (-2864 4096 24 ) (-2340 4096 24 ) (-2340 4096 32 ) 
4 77 127 (-2864 4096 72 ) (-2864 4096 32 ) (-2340 4096 32 ) (-2340 4096 72 ) 
4 77 125 (-2864 4096 416 ) (-2864 4096 72 ) (-2340 4096 72 ) (-2340 4096 416 ) 
4 77 122 (-2864 4096 544 ) (-2864 4096 416 ) (-2340 4096 416 ) (-2340 4096 544 ) 
4 77 119 (-2864 4096 656 ) (-2864 4096 544 ) (-2340 4096 544 ) (-2340 4096 656 ) 
4 77 81 (-2864 4416 24 ) (-2864 4096 24 ) (-2864 4096 160 ) (-2864 4416 160 ) 
4 77 80 (-2864 4416 160 ) (-2864 4096 160 ) (-2864 4096 416 ) (-2864 4416 416 ) 
4 77 79 (-2864 4672 416 ) (-2864 4096 416 ) (-2864 4096 656 ) (-2864 4672 656 ) 
4 77 78 (-2864 5120 432 ) (-2864 5120 416 ) (-2864 4672 416 ) (-2864 4672 432 ) 
4 78 179 (-3072 5120 432 ) (-3072 5120 416 ) (-3072 4672 416 ) (-3072 4672 432 ) 
4 78 79 (-3072 4672 416 ) (-2864 4672 416 ) (-2864 4672 432 ) (-3072 4672 432 ) 
4 79 180 (-3072 4096 416 ) (-3072 4096 1888 ) (-3072 4672 1888 ) (-3072 4672 416 ) 
4 79 122 (-3072 4096 544 ) (-3072 4096 416 ) (-2864 4096 416 ) (-2864 4096 544 ) 
4 79 120 (-3072 4096 1888 ) (-3072 4096 544 ) (-2864 4096 544 ) (-2864 4096 1888 ) 
4 79 80 (-3072 4096 416 ) (-3072 4416 416 ) (-2864 4416 416 ) (-2864 4096 416 ) 
4 80 181 (-3072 4096 160 ) (-3072 4096 416 ) (-3072 4416 416 ) (-3072 4416 160 ) 
4 80 125 (-3072 4096 416 ) (-3072 4096 160 ) (-2864 4096 160 ) (-2864 4096 416 ) 
4 80 81 (-2864 4416 160 ) (-2864 4096 160 ) (-2896 4096 160 ) (-2896 4416 160 ) 
4 80 82 (-2896 4096 160 ) (-3072 4096 160 ) (-3072 4416 160 ) (-2896 4416 160 ) 
4 81 132 (-2896 4096 24 ) (-2864 4096 24 ) (-2864 4096 32 ) (-2896 4096 32 ) 
4 81 127 (-2864 4096 32 ) (-2864 4096 72 ) (-2896 4096 72 ) (-2896 4096 32 ) 
4 81 125 (-2864 4096 72 ) (-2864 4096 160 ) (-2896 4096 160 ) (-2896 4096 72 ) 
4 81 82 (-2896 4416 24 ) (-2896 4096 24 ) (-2896 4096 160 ) (-2896 4416 160 ) 
4 82 182 (-3072 4096 24 ) (-3072 4096 160 ) (-3072 4736 160 ) (-3072 4736 24 ) 
4 82 132 (-3072 4096 32 ) (-3072 4096 24 ) (-2896 4096 24 ) (-2896 4096 32 ) 
4 82 129 (-3072 4096 72 ) (-3072 4096 32 ) (-3036 4096 32 ) (-3036 4096 72 ) 
4 82 127 (-3036 4096 32 ) (-2896 4096 32 ) (-2896 4096 72 ) (-3036 4096 72 ) 
4 82 125 (-3072 4096 160 ) (-3072 4096 72 ) (-2896 4096 72 ) (-2896 4096 160 ) 
5 83 90 (-2464 5120 -500 ) (-2104.241943 5120 -500 ) (-2048 4987.429199 -500 ) (-2048 4912 -500 ) (-2464 4912 -500 ) 
4 83 85 (-2048 4912 -448 ) (-2048 4912 -256 ) (-2464 4912 -256 ) (-2464 4912 -448 ) 
4 83 84 (-2104.241699 5120 -287.515991 ) (-2048 4987.429199 -267.429504 ) (-2048 4987.429199 -500 ) (-2104.241699 5120 -500 ) 
3 84 91 (-2104.241943 5120 -500 ) (-2048 5120 -500 ) (-2048 4987.429199 -500 ) 
4 85 86 (-2464 4896 -256 ) (-2464 4896 -448 ) (-2048 4896 -448 ) (-2048 4896 -256 ) 
4 86 89 (-2048 4816 -448 ) (-2048 4816 -256 ) (-2464 4400 -256 ) (-2464 4400 -448 ) 
4 86 87 (-2464 4399.996094 -448 ) (-2464 4864 -448 ) (-2048 4864 -448 ) (-2048 4815.996094 -448 ) 
4 87 92 (-2048 4864 -500 ) (-2048 4816 -500 ) (-2464 4400 -500 ) (-2464 4864 -500 ) 
4 87 89 (-2464 4400 -500 ) (-2048 4816 -500 ) (-2048 4816 -448 ) (-2464 4400 -448 ) 
4 88 191 (-3072 4096 -500 ) (-3072 4096 -256 ) (-3072 4384 -256 ) (-3072 4384 -500 ) 
4 88 134 (-2768 4096 -256 ) (-3072 4096 -256 ) (-3072 4096 -500 ) (-2768 4096 -500 ) 
4 88 104 (-2944 4096 -500 ) (-3072 4096 -500 ) (-3072 4384 -500 ) (-2944 4384 -500 ) 
4 88 95 (-2768 4096 -500 ) (-2944 4096 -500 ) (-2944 4384 -500 ) (-2480 4384 -500 ) 
4 88 89 (-2768 4096 -500 ) (-2480 4384 -500 ) (-2480 4384 -256 ) (-2768 4096 -256 ) 
4 89 135 (-2136 4096 -256 ) (-2768 4096 -256 ) (-2768 4096 -500 ) (-2136 4096 -500 ) 
3 89 97 (-2480 4096 -500 ) (-2768 4096 -500 ) (-2480 4384 -500 ) 
4 89 96 (-2464 4096 -500 ) (-2480 4096 -500 ) (-2480 4384 -500 ) (-2464 4400 -500 ) 
6 89 94 (-2136 4096 -500 ) (-2464 4096 -500 ) (-2464 4400 -500 ) (-2048 4400 -500 ) (-2048 4241.778320 -500 ) (-2052 4222 -500 ) 
3 89 93 (-2464 4400 -500 ) (-2048 4816 -500 ) (-2048 4400 -500 ) 
5 90 98 (-2464 4912 -518 ) (-2464 5120 -518 ) (-2104.241943 5120 -518 ) (-2048 4987.429199 -518 ) (-2048 4912 -518 ) 
4 90 91 (-2048 4987.431641 -518 ) (-2104.240723 5120 -518 ) (-2104.240723 5120 -500 ) (-2048 4987.431641 -500 ) 
3 91 99 (-2104.241943 5120 -518 ) (-2048 5120 -518 ) (-2048 4987.429199 -518 ) 
4 92 93 (-2464 4400 -500 ) (-2464 4400 -518 ) (-2048 4816 -518 ) (-2048 4816 -500 ) 
4 93 94 (-2464 4400 -500 ) (-2464 4400 -518 ) (-2048 4400 -518 ) (-2048 4400 -500 ) 
4 94 138 (-2136 4096 -500 ) (-2464 4096 -500 ) (-2464 4096 -518 ) (-2136 4096 -518 ) 
4 94 96 (-2464 4400 -518 ) (-2464 4096 -518 ) (-2464 4096 -500 ) (-2464 4400 -500 ) 
4 95 137 (-2768 4096 -500 ) (-2944 4096 -500 ) (-2944 4096 -518 ) (-2768 4096 -518 ) 
4 95 104 (-2944 4096 -518 ) (-2944 4096 -500 ) (-2944 4384 -500 ) (-2944 4384 -518 ) 
4 95 97 (-2768 4096 -518 ) (-2480 4384 -518 ) (-2480 4384 -500 ) (-2768 4096 -500 ) 
4 96 138 (-2464 4096 -500 ) (-2480 4096 -500 ) (-2480 4096 -518 ) (-2464 4096 -518 ) 
4 96 97 (-2480 4383.998047 -500 ) (-2480 4383.998047 -518 ) (-2480 4096 -518 ) (-2480 4096 -500 ) 
4 97 139 (-2480 4096 -500 ) (-2768 4096 -500 ) (-2768 4096 -518 ) (-2480 4096 -518 ) 
4 98 99 (-2104.239990 5120 -549.515137 ) (-2104.239990 5120 -518 ) (-2048 4987.433594 -518 ) (-2048 4987.433594 -529.429382 ) 
4 100 114 (-2496 4912 -820 ) (-2944 4912 -820 ) (-2893.599854 5030.800293 -820 ) (-2496 5030.800293 -820 ) 
4 100 102 (-2944 4912 -576 ) (-2944 4912 -768 ) (-2496 4912 -768 ) (-2496 4912 -576 ) 
5 100 101 (-2855.757568 5120 -806.481934 ) (-2893.607910 5030.780762 -820 ) (-2944 4912 -820 ) (-2944 4912 -576 ) (-2855.757568 5120 -544.484924 ) 
3 101 114 (-2944 4912 -820 ) (-2944 5030.800293 -820 ) (-2893.599854 5030.800293 -820 ) 
4 102 143 (-2944 4096 -624 ) (-2944 4096 -768 ) (-2496 4096 -768 ) (-2496 4096 -624 ) 
4 102 141 (-2944 4096 -576 ) (-2944 4096 -624 ) (-2496 4096 -624 ) (-2496 4096 -576 ) 
4 102 111 (-2944 4096 -768 ) (-2944 4096 -624 ) (-2944 4262 -624 ) (-2944 4262 -768 ) 
4 102 110 (-2944 4320 -654 ) (-2944 4320 -768 ) (-2944 4262 -768 ) (-2944 4262 -654 ) 
4 102 109 (-2944 4262 -624 ) (-2944 4320 -624 ) (-2944 4320 -654 ) (-2944 4262 -654 ) 
4 102 108 (-2944 4320 -624 ) (-2944 4420 -624 ) (-2944 4420 -768 ) (-2944 4320 -768 ) 
11 102 105 (-2944 4740 -662 ) (-2944 4752 -709.998779 ) (-2944 4752 -768 ) (-2944 4496 -768 ) (-2944 4496 -710.005127 ) (-2944 4508.001953 -661.997375 ) (-2944 4533.998047 -620.003784 ) (-2944 4576.003418 -594 ) (-2944 4624 -584 ) (-2944 4672.002441 -594.001404 ) (-2944 4714 -620 ) 
4 102 103 (-2944 4096 -768 ) (-2944 4864 -768 ) (-2496 4864 -768 ) (-2496 4096 -768 ) 
4 103 147 (-2944 4096 -768 ) (-2944 4096 -820 ) (-2496 4096 -820 ) (-2496 4096 -768 ) 
4 103 115 (-2496 4096 -820 ) (-2944 4096 -820 ) (-2944 4864 -820 ) (-2496 4864 -820 ) 
4 103 105 (-2944 4752 -820 ) (-2944 4496 -820 ) (-2944 4496 -768 ) (-2944 4752 -768 ) 
4 104 205 (-3072 4096 -518 ) (-3072 4096 -500 ) (-3072 4288 -500 ) (-3072 4288 -518 ) 
4 104 204 (-3072 4288 -500 ) (-3072 4384 -500 ) (-3072 4384 -518 ) (-3072 4288 -518 ) 
4 104 137 (-2944 4096 -500 ) (-3072 4096 -500 ) (-3072 4096 -518 ) (-2944 4096 -518 ) 
4 105 116 (-3008 4752 -820 ) (-2944 4752 -820 ) (-2944 4496 -820 ) (-3008 4496 -820 ) 
11 105 106 (-3008 4496 -820 ) (-3008 4496 -710.023438 ) (-3008 4508.008789 -661.988281 ) (-3008 4533.998047 -620.003235 ) (-3008 4575.997070 -594.001526 ) (-3008 4623.997070 -584.001526 ) (-3008 4672.005371 -594.003174 ) (-3008 4714 -620 ) (-3008 4740 -662.001099 ) (-3008 4752 -710 ) (-3008 4752 -820 ) 
8 106 202 (-3072 4740 -662 ) (-3072 4752 -709.998901 ) (-3072 4752 -820 ) (-3072 4725.241699 -820 ) (-3072 4584.270996 -592.277771 ) (-3072 4624 -584 ) (-3072 4672.002441 -594.001404 ) (-3072 4714 -620 ) 
8 106 201 (-3072 4522.757813 -820 ) (-3072 4496 -820 ) (-3072 4496 -710.005371 ) (-3072 4508.001953 -661.997559 ) (-3072 4533.998047 -620.003662 ) (-3072 4576.003418 -594 ) (-3072 4584.270996 -592.277771 ) (-3072 4624 -656.455200 ) 
3 106 199 (-3072 4583.868652 -721.282349 ) (-3072 4624 -656.455200 ) (-3072 4714 -801.839478 ) 
4 106 195 (-3072 4725.241699 -820 ) (-3072 4522.757813 -820 ) (-3072 4583.868652 -721.282349 ) (-3072 4714 -801.839478 ) 
4 106 117 (-3072 4496 -820 ) (-3072 4752 -820 ) (-3008 4752 -820 ) (-3008 4496 -820 ) 
4 107 210 (-3072 4096 -624 ) (-3072 4096 -576 ) (-3072 4124 -576 ) (-3072 4124 -624 ) 
4 107 142 (-3072 4096 -576 ) (-3072 4096 -624 ) (-3053.333252 4096 -624 ) (-3053.333252 4096 -576 ) 
3 107 112 (-3072 4096 -624 ) (-3072 4124 -624 ) (-3053.333252 4096 -624 ) 
4 108 110 (-3002 4320 -768 ) (-2944 4320 -768 ) (-2944 4320 -654 ) (-3002 4320 -654 ) 
4 108 109 (-2944 4320 -654 ) (-2944 4320 -624 ) (-3002 4320 -624 ) (-3002 4320 -654 ) 
4 109 111 (-2944 4262 -654 ) (-2944 4262 -624 ) (-3002 4262 -624 ) (-3002 4262 -654 ) 
4 109 110 (-2944 4262 -654 ) (-3002 4262 -654 ) (-3002 4320 -654 ) (-2944 4320 -654 ) 
4 110 111 (-3002 4262 -768 ) (-2944 4262 -768 ) (-2944 4262 -654 ) (-3002 4262 -654 ) 
4 111 143 (-3002 4096 -768 ) (-2944 4096 -768 ) (-2944 4096 -624 ) (-3002 4096 -624 ) 
4 112 210 (-3072 4096 -768 ) (-3072 4096 -624 ) (-3072 4124 -624 ) (-3072 4124 -768 ) 
4 112 144 (-3072 4096 -624 ) (-3072 4096 -768 ) (-3053.333252 4096 -768 ) (-3053.333252 4096 -624 ) 
3 112 113 (-3072 4096 -768 ) (-3072 4124 -768 ) (-3053.333252 4096 -768 ) 
4 113 210 (-3072 4096 -820 ) (-3072 4096 -768 ) (-3072 4124 -768 ) (-3072 4124 -820 ) 
4 113 148 (-3072 4096 -768 ) (-3072 4096 -820 ) (-3053.333252 4096 -820 ) (-3053.333252 4096 -768 ) 
3 113 118 (-3053.333252 4096 -820 ) (-3072 4096 -820 ) (-3072 4124 -820 ) 
4 115 152 (-2496 4096 -820 ) (-2944 4096 -820 ) (-2944 4096 -838 ) (-2496 4096 -838 ) 
4 115 116 (-2944 4752 -838 ) (-2944 4496 -838 ) (-2944 4496 -820 ) (-2944 4752 -820 ) 
4 116 117 (-3008 4752 -820 ) (-3008 4752 -838 ) (-3008 4496 -838 ) (-3008 4496 -820 ) 
4 117 211 (-3072 4496 -820 ) (-3072 4752 -820 ) (-3072 4752 -838 ) (-3072 4496 -838 ) 
4 118 212 (-3072 4096 -838 ) (-3072 4096 -820 ) (-3072 4124 -820 ) (-3072 4124 -838 ) 
4 118 153 (-3053.333252 4096 -820 ) (-3072 4096 -820 ) (-3072 4096 -838 ) (-3053.333252 4096 -838 ) 
4 119 158 (-2288 3072 656 ) (-2864 3072 656 ) (-2864 3072 544 ) (-2288 3072 544 ) 
4 119 156 (-2048 3072 544 ) (-2048 3072 656 ) (-2288 3072 656 ) (-2288 3072 544 ) 
4 119 123 (-2048 3904 544 ) (-2048 3072 544 ) (-2864 3072 544 ) (-2864 3904 544 ) 
4 119 121 (-2340 4096 544 ) (-2048 4096 544 ) (-2048 3904 544 ) (-2340 3904 544 ) 
4 119 122 (-2864 4096 544 ) (-2340 4096 544 ) (-2340 3904 544 ) (-2864 3904 544 ) 
4 119 120 (-2864 4096 544 ) (-2864 3552 544 ) (-2864 3552 656 ) (-2864 4096 656 ) 
4 120 232 (-3072 3552 1888 ) (-3072 3904 1888 ) (-3072 3904 544 ) (-3072 3552 544 ) 
4 120 231 (-3072 3904 1888 ) (-3072 4096 1888 ) (-3072 4096 544 ) (-3072 3904 544 ) 
4 120 122 (-3072 3904 544 ) (-3072 4096 544 ) (-2864 4096 544 ) (-2864 3904 544 ) 
4 121 123 (-2048 3904 530 ) (-2048 3904 544 ) (-2340 3904 544 ) (-2340 3904 530 ) 
4 121 122 (-2340 3904 530 ) (-2340 3904 544 ) (-2340 4096 544 ) (-2340 4096 530 ) 
4 122 231 (-3072 3904 544 ) (-3072 4096 544 ) (-3072 4096 416 ) (-3072 3904 416 ) 
4 122 125 (-3072 3904 416 ) (-3072 4096 416 ) (-2340 4096 416 ) (-2340 3904 416 ) 
4 122 123 (-2864 3904 416 ) (-2340 3904 416 ) (-2340 3904 544 ) (-2864 3904 544 ) 
4 123 158 (-2288 3072 544 ) (-2864 3072 544 ) (-2864 3072 416 ) (-2288 3072 416 ) 
4 123 156 (-2048 3072 416 ) (-2048 3072 544 ) (-2288 3072 544 ) (-2288 3072 416 ) 
4 123 126 (-2340 3072 416 ) (-2864 3072 416 ) (-2864 3904 416 ) (-2340 3904 416 ) 
4 123 124 (-2288 3072 416 ) (-2340 3072 416 ) (-2340 3904 416 ) (-2288 3904 416 ) 
4 124 158 (-2288 3072 416 ) (-2340 3072 416 ) (-2340 3072 24 ) (-2288 3072 24 ) 
4 124 133 (-2340 3904 24 ) (-2340 3072 24 ) (-2340 3072 32 ) (-2340 3904 32 ) 
4 124 128 (-2340 3072 32 ) (-2340 3072 72 ) (-2340 3904 72 ) (-2340 3904 32 ) 
4 124 126 (-2340 3072 72 ) (-2340 3072 416 ) (-2340 3904 416 ) (-2340 3904 72 ) 
4 125 231 (-3072 3904 416 ) (-3072 4096 416 ) (-3072 4096 72 ) (-3072 3904 72 ) 
4 125 129 (-3036 3904 72 ) (-3072 3904 72 ) (-3072 4096 72 ) (-3036 4096 72 ) 
4 125 127 (-2340 4096 72 ) (-2340 3904 72 ) (-3036 3904 72 ) (-3036 4096 72 ) 
4 125 126 (-2864 3904 72 ) (-2340 3904 72 ) (-2340 3904 416 ) (-2864 3904 416 ) 
4 126 158 (-2340 3072 416 ) (-2864 3072 416 ) (-2864 3072 72 ) (-2340 3072 72 ) 
4 126 128 (-2340 3904 72 ) (-2340 3072 72 ) (-2864 3072 72 ) (-2864 3904 72 ) 
4 127 132 (-3036 4096 32 ) (-2340 4096 32 ) (-2340 3904 32 ) (-3036 3904 32 ) 
4 127 129 (-3036 4096 32 ) (-3036 3904 32 ) (-3036 3904 72 ) (-3036 4096 72 ) 
4 127 128 (-2864 3904 32 ) (-2340 3904 32 ) (-2340 3904 72 ) (-2864 3904 72 ) 
4 128 158 (-2864 3072 32 ) (-2340 3072 32 ) (-2340 3072 72 ) (-2864 3072 72 ) 
4 128 133 (-2340 3904 32 ) (-2340 3072 32 ) (-2864 3072 32 ) (-2864 3904 32 ) 
4 129 231 (-3072 3904 72 ) (-3072 4096 72 ) (-3072 4096 32 ) (-3072 3904 32 ) 
4 129 132 (-3072 3904 32 ) (-3072 4096 32 ) (-3036 4096 32 ) (-3036 3904 32 ) 
4 129 131 (-3072 3904 32 ) (-3036 3904 32 ) (-3036 3904 64 ) (-3072 3904 64 ) 
4 129 130 (-3036 3904 64 ) (-3036 3904 72 ) (-3072 3904 72 ) (-3072 3904 64 ) 
4 130 233 (-3072 3072 64 ) (-3072 3072 72 ) (-3072 3904 72 ) (-3072 3904 64 ) 
4 130 159 (-3072 3072 72 ) (-3072 3072 64 ) (-3036 3072 64 ) (-3036 3072 72 ) 
4 130 131 (-3072 3904 64 ) (-3036 3904 64 ) (-3036 3072 64 ) (-3072 3072 64 ) 
4 131 234 (-3072 3072 32 ) (-3072 3072 64 ) (-3072 3904 64 ) (-3072 3904 32 ) 
4 131 160 (-3072 3072 64 ) (-3072 3072 32 ) (-3036 3072 32 ) (-3036 3072 64 ) 
4 132 231 (-3072 3904 32 ) (-3072 4096 32 ) (-3072 4096 24 ) (-3072 3904 24 ) 
4 132 133 (-2864 3904 24 ) (-2340 3904 24 ) (-2340 3904 32 ) (-2864 3904 32 ) 
4 133 158 (-2864 3072 24 ) (-2340 3072 24 ) (-2340 3072 32 ) (-2864 3072 32 ) 
4 134 235 (-3072 3936 -256 ) (-3072 4096 -256 ) (-3072 4096 -500 ) (-3072 3936 -500 ) 
4 134 137 (-3072 3936 -500 ) (-3072 4096 -500 ) (-2768 4096 -500 ) (-2928 3936 -500 ) 
4 134 135 (-2928 3936 -500 ) (-2768 4096 -500 ) (-2768 4096 -256 ) (-2928 3936 -256 ) 
4 135 139 (-2768 4096 -500 ) (-2480 4096 -500 ) (-2480 3936 -500 ) (-2928 3936 -500 ) 
5 135 138 (-2480 4096 -500 ) (-2136 4096 -500 ) (-2152 4072 -500 ) (-2302 3972 -500 ) (-2480 3936 -500 ) 
4 136 248 (-3072 3072 -500 ) (-3072 3072 -448 ) (-3072 3228 -448 ) (-3072 3228 -500 ) 
4 136 171 (-3072 3072 -448 ) (-3072 3072 -500 ) (-2896 3072 -500 ) (-2896 3072 -448 ) 
4 136 140 (-2896 3072 -500 ) (-3072 3072 -500 ) (-3072 3228 -500 ) (-2896 3228 -500 ) 
4 137 249 (-3072 3936 -500 ) (-3072 4096 -500 ) (-3072 4096 -518 ) (-3072 3936 -518 ) 
4 137 139 (-2928 3936 -500 ) (-2928 3936 -518 ) (-2768 4096 -518 ) (-2768 4096 -500 ) 
4 138 139 (-2480 4096 -518 ) (-2480 3936 -518 ) (-2480 3936 -500 ) (-2480 4096 -500 ) 
4 140 256 (-3072 3072 -576 ) (-3072 3072 -500 ) (-3072 3228 -500 ) (-3072 3228 -576 ) 
4 140 171 (-2896 3072 -500 ) (-3072 3072 -500 ) (-3072 3072 -576 ) (-2896 3072 -576 ) 
4 140 151 (-2896 3072 -576 ) (-3072 3072 -576 ) (-3072 3228 -576 ) (-2896 3228 -576 ) 
4 141 145 (-2496 4060 -624 ) (-2496 4060 -576 ) (-2944 4060 -576 ) (-2944 4060 -624 ) 
4 141 143 (-2944 4096 -624 ) (-2496 4096 -624 ) (-2496 4060 -624 ) (-2944 4060 -624 ) 
4 142 257 (-3072 4060 -576 ) (-3072 4096 -576 ) (-3072 4096 -624 ) (-3072 4060 -624 ) 
4 142 146 (-3029.333252 4060 -576 ) (-3072 4060 -576 ) (-3072 4060 -624 ) (-3029.333252 4060 -624 ) 
4 142 144 (-3072 4096 -624 ) (-3053.333252 4096 -624 ) (-3029.333252 4060 -624 ) (-3072 4060 -624 ) 
4 143 147 (-2944 4096 -768 ) (-2496 4096 -768 ) (-2496 4060 -768 ) (-2944 4060 -768 ) 
4 143 145 (-2944 4060 -768 ) (-2496 4060 -768 ) (-2496 4060 -624 ) (-2944 4060 -624 ) 
4 144 257 (-3072 4096 -624 ) (-3072 4096 -768 ) (-3072 4060 -768 ) (-3072 4060 -624 ) 
4 144 148 (-3072 4060 -768 ) (-3072 4096 -768 ) (-3053.333252 4096 -768 ) (-3029.333008 4060 -768 ) 
4 144 146 (-3072 4060 -768 ) (-3029.333008 4060 -768 ) (-3029.333008 4060 -624 ) (-3072 4060 -624 ) 
4 145 150 (-2896 3856 -576 ) (-2944 3856 -576 ) (-2944 3856 -768 ) (-2896 3856 -768 ) 
4 145 149 (-2496 3856 -576 ) (-2896 3856 -576 ) (-2896 3856 -768 ) (-2496 3856 -768 ) 
4 145 147 (-2496 3856 -768 ) (-2944 3856 -768 ) (-2944 4060 -768 ) (-2496 4060 -768 ) 
4 146 257 (-3072 3856 -576 ) (-3072 4060 -576 ) (-3072 4060 -768 ) (-3072 3856 -768 ) 
4 146 150 (-2976 3856 -576 ) (-3072 3856 -576 ) (-3072 3856 -768 ) (-2976 3856 -768 ) 
5 146 148 (-2976 3856 -768 ) (-3072 3856 -768 ) (-3072 4060 -768 ) (-3029.333252 4060 -768 ) (-3012 4034 -768 ) 
4 147 152 (-2944 4096 -820 ) (-2496 4096 -820 ) (-2496 3856 -820 ) (-2944 3856 -820 ) 
4 147 150 (-2944 3856 -820 ) (-2896 3856 -820 ) (-2896 3856 -768 ) (-2944 3856 -768 ) 
4 147 149 (-2896 3856 -820 ) (-2496 3856 -820 ) (-2496 3856 -768 ) (-2896 3856 -768 ) 
4 148 257 (-3072 4096 -768 ) (-3072 4096 -820 ) (-3072 3856 -820 ) (-3072 3856 -768 ) 
5 148 153 (-3072 3856 -820 ) (-3072 4096 -820 ) (-3053.333252 4096 -820 ) (-3012 4034 -820 ) (-2976 3856 -820 ) 
4 148 150 (-3072 3856 -820 ) (-2976 3856 -820 ) (-2976 3856 -768 ) (-3072 3856 -768 ) 
6 149 154 (-2896 3856 -820 ) (-2496 3856 -820 ) (-2532 3678 -820 ) (-2632 3528 -820 ) (-2782 3428 -820 ) (-2896 3404.943604 -820 ) 
4 149 150 (-2896 3856 -576 ) (-2896 3856 -820 ) (-2896 3404.943848 -820 ) (-2896 3404.943604 -576 ) 
4 150 258 (-3072 3414.651611 -576 ) (-3072 3856 -576 ) (-3072 3856 -820 ) (-3072 3414.651611 -820 ) 
5 150 154 (-3072 3414.651611 -820 ) (-3072 3856 -820 ) (-2896 3856 -820 ) (-2896 3404.943359 -820 ) (-2960 3392 -820 ) 
4 151 261 (-3072 3072 -768 ) (-3072 3072 -576 ) (-3072 3228 -576 ) (-3072 3228 -768 ) 
4 151 171 (-2896 3072 -576 ) (-3072 3072 -576 ) (-3072 3072 -768 ) (-2896 3072 -768 ) 
4 152 154 (-2944 3856 -838 ) (-2496 3856 -838 ) (-2496 3856 -820 ) (-2944 3856 -820 ) 
4 153 262 (-3072 3856 -820 ) (-3072 4096 -820 ) (-3072 4096 -838 ) (-3072 3856 -838 ) 
4 153 154 (-3072 3856 -838 ) (-2976 3856 -838 ) (-2976 3856 -820 ) (-3072 3856 -820 ) 
4 154 263 (-3072 3414.651611 -820 ) (-3072 3856 -820 ) (-3072 3856 -838 ) (-3072 3414.651611 -838 ) 
4 155 157 (-2048 3008 24 ) (-2048 2496 24 ) (-2048 2496 656 ) (-2048 3008 656 ) 
4 156 158 (-2288 3072 656 ) (-2288 3072 416 ) (-2288 3008 416 ) (-2288 3008 656 ) 
4 156 157 (-2288 3008 656 ) (-2288 3008 416 ) (-2048 3008 416 ) (-2048 3008 656 ) 
4 157 158 (-2288 3008 24 ) (-2288 2496 24 ) (-2288 2496 656 ) (-2288 3008 656 ) 
4 159 267 (-3072 2916 64 ) (-3072 2876 64 ) (-3072 2876 72 ) (-3072 2916 72 ) 
4 159 265 (-3072 3072 72 ) (-3072 3072 64 ) (-3072 2916 64 ) (-3072 2916 72 ) 
4 159 160 (-3072 3072 64 ) (-3036 3072 64 ) (-3036 2876 64 ) (-3072 2876 64 ) 
4 160 268 (-3072 2916 32 ) (-3072 2876 32 ) (-3072 2876 64 ) (-3072 2916 64 ) 
4 160 266 (-3072 3072 64 ) (-3072 3072 32 ) (-3072 2916 32 ) (-3072 2916 64 ) 
4 160 161 (-3036 2916 32 ) (-3036 2876 32 ) (-3072 2876 32 ) (-3072 2916 32 ) 
4 161 268 (-3072 2916 24 ) (-3072 2876 24 ) (-3072 2876 32 ) (-3072 2916 32 ) 
4 161 166 (-3072 2876 24 ) (-3072 2916 24 ) (-3036 2916 24 ) (-3036 2876 24 ) 
4 162 167 (-3028 2876 -280 ) (-2864 2876 -280 ) (-2864 2876 -30.166687 ) (-3028 2876 -30.166674 ) 
5 162 165 (-3028 2916 -280 ) (-3028 2876 -280 ) (-3028 2876 -30.166687 ) (-3028 2896 -26 ) (-3028 2916 -30.166639 ) 
4 162 164 (-3028 2924 -280 ) (-3028 2916 -280 ) (-3028 2916 -30.166639 ) (-3028 2924 -31.833300 ) 
7 162 163 (-3028 3024 -280 ) (-3028 2924 -280 ) (-3028 2924 -31.833300 ) (-3028 2944 -36 ) (-3028 2986 -62 ) (-3028 3012 -104 ) (-3028 3024 -152 ) 
7 163 269 (-3072 3024 -152 ) (-3072 3024 -280 ) (-3072 2924 -280 ) (-3072 2924 -31.833145 ) (-3072 2944 -36 ) (-3072 2986 -62 ) (-3072 3012 -104 ) 
4 163 164 (-3072 2924 -280 ) (-3028 2924 -280 ) (-3028 2924 -31.833145 ) (-3072 2924 -31.833149 ) 
4 164 270 (-3072 2924 -26 ) (-3072 2924 -280 ) (-3072 2916 -280 ) (-3072 2916 -26 ) 
4 164 165 (-3036 2916 -280 ) (-3028 2916 -280 ) (-3028 2916 -26 ) (-3036 2916 -26 ) 
4 164 166 (-3072 2916 -280 ) (-3036 2916 -280 ) (-3036 2916 -26 ) (-3072 2916 -26 ) 
4 165 168 (-3036 2876 -280 ) (-3028 2876 -280 ) (-3028 2876 -26 ) (-3036 2876 -26 ) 
4 165 166 (-3036 2916 -26 ) (-3036 2916 -280 ) (-3036 2876 -280 ) (-3036 2876 -26 ) 
4 166 270 (-3072 2916 -26 ) (-3072 2916 -280 ) (-3072 2876 -280 ) (-3072 2876 -26 ) 
4 166 268 (-3072 2876 24 ) (-3072 2916 24 ) (-3072 2916 -26 ) (-3072 2876 -26 ) 
4 166 168 (-3072 2876 -280 ) (-3036 2876 -280 ) (-3036 2876 -26 ) (-3072 2876 -26 ) 
4 167 169 (-3028 2868 -280 ) (-2864 2868 -280 ) (-2864 2868 -31.833313 ) (-3028 2868 -31.833309 ) 
4 167 168 (-3028 2876 -30.166687 ) (-3028 2876 -280 ) (-3028 2868 -280 ) (-3028 2868 -31.833313 ) 
4 168 271 (-3072 2876 -26 ) (-3072 2876 -280 ) (-3072 2868 -280 ) (-3072 2868 -26 ) 
4 168 170 (-3072 2868 -280 ) (-3028 2868 -280 ) (-3028 2868 -31.833069 ) (-3072 2868 -31.833071 ) 
7 169 170 (-3028 2868 -31.833309 ) (-3028 2868 -280 ) (-3028 2768 -280 ) (-3028 2768 -152 ) (-3028 2780 -104 ) (-3028 2806 -62 ) (-3028 2848 -36 ) 
4 170 278 (-3072 2868 -248 ) (-3072 2868 -280 ) (-3072 2768 -280 ) (-3072 2768 -248 ) 
4 170 275 (-3072 2868 -208 ) (-3072 2868 -248 ) (-3072 2768 -248 ) (-3072 2768 -208 ) 
7 170 273 (-3072 2868 -31.833076 ) (-3072 2868 -208 ) (-3072 2768 -208 ) (-3072 2768 -152 ) (-3072 2780 -104 ) (-3072 2806 -62 ) (-3072 2848 -36 ) 
4 171 281 (-3072 2870 -448 ) (-3072 3072 -448 ) (-3072 3072 -768 ) (-3072 2870 -768 ) 
4 172 308 (-2896 2048 -768 ) (-2896 2048 -448 ) (-3072 2048 -448 ) (-3072 2048 -768 ) 
4 172 283 (-3072 2048 -768 ) (-3072 2048 -448 ) (-3072 2852 -448 ) (-3072 2852 -768 ) 
4 173 178 (-3632 5200 656 ) (-3632 5840 656 ) (-3632 5840 416 ) (-3632 5200 416 ) 
4 173 177 (-3632 5840 656 ) (-3632 6144 656 ) (-3632 6144 464 ) (-3632 5840 464 ) 
4 173 175 (-3632 5200 416 ) (-3632 6144 416 ) (-3072 6144 416 ) (-3072 5200 416 ) 
4 173 174 (-3632 5200 416 ) (-3072 5200 416 ) (-3072 5200 432 ) (-3632 5200 432 ) 
4 174 179 (-3072 5120 416 ) (-3072 5120 432 ) (-3632 5120 432 ) (-3632 5120 416 ) 
4 174 178 (-3632 5120 416 ) (-3632 5120 432 ) (-3632 5200 432 ) (-3632 5200 416 ) 
4 175 178 (-3632 5200 416 ) (-3632 5840 416 ) (-3632 5840 160 ) (-3632 5200 160 ) 
4 175 176 (-3632 5200 160 ) (-3632 6144 160 ) (-3072 6144 160 ) (-3072 5200 160 ) 
4 176 178 (-3632 5840 24 ) (-3632 5200 24 ) (-3632 5200 160 ) (-3632 5840 160 ) 
4 177 213 (-4096 6144 656 ) (-4096 6144 464 ) (-4096 5840 464 ) (-4096 5840 656 ) 
4 177 178 (-4096 5840 656 ) (-4096 5840 464 ) (-3632 5840 464 ) (-3632 5840 656 ) 
4 178 217 (-4096 5840 24 ) (-4096 5120 24 ) (-4096 5120 544 ) (-4096 5840 544 ) 
4 178 215 (-4096 5120 544 ) (-4096 5120 656 ) (-4096 5840 656 ) (-4096 5840 544 ) 
4 178 184 (-4096 5120 656 ) (-4096 5120 24 ) (-3632 5120 24 ) (-3632 5120 656 ) 
4 179 184 (-3632 5120 432 ) (-3632 5120 416 ) (-3632 4672 416 ) (-3632 4672 432 ) 
4 179 180 (-3632 4672 432 ) (-3632 4672 416 ) (-3072 4672 416 ) (-3072 4672 432 ) 
4 180 231 (-3072 4096 416 ) (-3072 4096 1888 ) (-3632 4096 1888 ) (-3632 4096 416 ) 
4 180 185 (-3632 4672 416 ) (-3632 4096 416 ) (-3632 4096 1888 ) (-3632 4672 1888 ) 
4 180 181 (-3632 4096 416 ) (-3632 4416 416 ) (-3072 4416 416 ) (-3072 4096 416 ) 
4 181 231 (-3072 4096 160 ) (-3072 4096 416 ) (-3632 4096 416 ) (-3632 4096 160 ) 
4 181 185 (-3632 4416 160 ) (-3632 4096 160 ) (-3632 4096 416 ) (-3632 4416 416 ) 
4 181 183 (-3600 4096 160 ) (-3632 4096 160 ) (-3632 4416 160 ) (-3600 4416 160 ) 
4 181 182 (-3072 4096 160 ) (-3600 4096 160 ) (-3600 4416 160 ) (-3072 4416 160 ) 
4 182 231 (-3072 4096 24 ) (-3072 4096 160 ) (-3600 4096 160 ) (-3600 4096 24 ) 
4 182 186 (-3288 4120 24 ) (-3288 4200 24 ) (-3208 4200 24 ) (-3208 4120 24 ) 
4 182 183 (-3600 4416 24 ) (-3600 4096 24 ) (-3600 4096 160 ) (-3600 4416 160 ) 
4 183 231 (-3600 4096 160 ) (-3632 4096 160 ) (-3632 4096 24 ) (-3600 4096 24 ) 
4 183 185 (-3632 4416 24 ) (-3632 4096 24 ) (-3632 4096 160 ) (-3632 4416 160 ) 
4 184 222 (-4096 5120 544 ) (-4096 5120 24 ) (-4096 4672 24 ) (-4096 4672 544 ) 
4 184 220 (-4096 5120 656 ) (-4096 5120 544 ) (-4096 4672 544 ) (-4096 4672 656 ) 
4 184 185 (-4096 4672 24 ) (-3632 4672 24 ) (-3632 4672 656 ) (-4096 4672 656 ) 
4 185 231 (-4096 4096 1888 ) (-4096 4096 24 ) (-3632 4096 24 ) (-3632 4096 1888 ) 
4 185 222 (-4096 4096 24 ) (-4096 4096 544 ) (-4096 4672 544 ) (-4096 4672 24 ) 
4 185 221 (-4096 4096 544 ) (-4096 4096 1888 ) (-4096 4672 1888 ) (-4096 4672 544 ) 
4 186 187 (-3208 4120 -116 ) (-3288 4120 -116 ) (-3288 4200 -116 ) (-3208 4200 -116 ) 
4 187 190 (-3208 4200 -240 ) (-3208 4120 -240 ) (-3288 4120 -240 ) (-3288 4200 -240 ) 
4 188 240 (-4096 4096 -178 ) (-4096 4096 -240 ) (-4032 4096 -240 ) (-4032 4096 -178 ) 
4 188 224 (-4096 4096 -240 ) (-4096 4096 -178 ) (-4096 4275.269043 -178 ) (-4096 4275.269043 -240 ) 
4 188 194 (-4096 4096 -240 ) (-4096 4275.269043 -240 ) (-4032 4288 -240 ) (-4032 4096 -240 ) 
11 189 223 (-4096 4752 -434.336365 ) (-4096 4752 -500 ) (-4096 4496 -500 ) (-4096 4496 -434.334229 ) (-4096 4508 -386.336914 ) (-4096 4534 -344.336334 ) (-4096 4576 -318.336731 ) (-4096 4624 -308.336517 ) (-4096 4672 -318.336517 ) (-4096 4714 -344.335846 ) (-4096 4740 -386.336853 ) 
6 189 203 (-4096 4699.500000 -500 ) (-4096 4752 -500 ) (-3949.030273 4752 -500 ) (-3841.594238 4740 -500 ) (-3747.587646 4714 -500 ) (-3727.497314 4699.500000 -500 ) 
6 189 200 (-4096 4496 -500 ) (-4096 4548.500977 -500 ) (-3727.495605 4548.500977 -500 ) (-3747.587646 4534 -500 ) (-3841.595947 4508 -500 ) (-3949.024414 4496 -500 ) 
7 189 198 (-4096 4548.500977 -500 ) (-4096 4699.500000 -500 ) (-3727.497314 4699.500000 -500 ) (-3689.394287 4672 -500 ) (-3667.011963 4624 -500 ) (-3689.395020 4576 -500 ) (-3727.495605 4548.500977 -500 ) 
4 190 191 (-3288 4120 -256 ) (-3288 4200 -256 ) (-3208 4200 -256 ) (-3208 4120 -256 ) 
4 191 237 (-3288 4096 -256 ) (-3496 4096 -256 ) (-3496 4096 -500 ) (-3288 4096 -500 ) 
4 191 236 (-3208 4096 -256 ) (-3288 4096 -256 ) (-3288 4096 -500 ) (-3208 4096 -500 ) 
4 191 235 (-3072 4096 -500 ) (-3072 4096 -256 ) (-3208 4096 -256 ) (-3208 4096 -500 ) 
4 191 205 (-3072 4288 -500 ) (-3072 4096 -500 ) (-3496 4096 -500 ) (-3496 4288 -500 ) 
4 191 204 (-3496 4384 -500 ) (-3072 4384 -500 ) (-3072 4288 -500 ) (-3496 4288 -500 ) 
9 191 192 (-3496 4288 -500 ) (-3496 4096 -500 ) (-3496 4096 -283.904602 ) (-3496 4112 -274 ) (-3496 4160.002930 -264 ) (-3496 4207.997070 -273.998199 ) (-3496 4250 -300 ) (-3496 4276 -342 ) (-3496 4288 -390 ) 
4 192 238 (-3560 4096 -500 ) (-3496 4096 -500 ) (-3496 4096 -283.904755 ) (-3560 4096 -283.904755 ) 
4 192 206 (-3496 4288 -500 ) (-3496 4096 -500 ) (-3560 4096 -500 ) (-3560 4288 -500 ) 
9 192 193 (-3560 4096 -283.901367 ) (-3560 4111.996094 -274 ) (-3560 4159.998535 -263.998505 ) (-3560 4207.996582 -273.998169 ) (-3560 4250 -300 ) (-3560 4276 -342 ) (-3560 4288 -390 ) (-3560 4288 -500 ) (-3560 4096 -500 ) 
4 193 239 (-4032 4096 -283.904755 ) (-4032 4096 -500 ) (-3560 4096 -500 ) (-3560 4096 -283.904755 ) 
4 193 208 (-3560 4096 -500 ) (-4032 4096 -500 ) (-4032 4288 -500 ) (-3560 4288 -500 ) 
9 193 194 (-4032 4288 -500 ) (-4032 4096 -500 ) (-4032 4096 -283.904755 ) (-4032 4112 -274 ) (-4032 4160.002930 -264 ) (-4032 4207.997070 -273.998169 ) (-4032 4250 -300 ) (-4032 4276 -342 ) (-4032 4288 -390 ) 
4 194 240 (-4032 4096 -240 ) (-4096 4096 -240 ) (-4096 4096 -500 ) (-4032 4096 -500 ) 
4 194 224 (-4096 4096 -500 ) (-4096 4096 -240 ) (-4096 4275.269043 -240 ) (-4096 4275.269043 -500 ) 
4 194 209 (-4096 4096 -500 ) (-4096 4275.269043 -500 ) (-4032 4288 -500 ) (-4032 4096 -500 ) 
6 195 211 (-3519.287842 4752 -820 ) (-3168.747559 4752 -820 ) (-3072 4725.241699 -820 ) (-3072 4522.757813 -820 ) (-3168.745117 4496 -820 ) (-3519.287842 4496 -820 ) 
5 195 203 (-3478.995850 4752 -710.001953 ) (-3765.484375 4752 -710.001953 ) (-4000.034180 4725.802246 -605.209717 ) (-3554.776367 4725.802246 -605.209717 ) (-3478.996582 4740 -662.002258 ) 
6 195 202 (-3168.734375 4752 -820 ) (-3414.960449 4752 -709.992188 ) (-3478.991943 4740.002930 -662.004395 ) (-3478.991455 4714.003906 -620.006287 ) (-3072 4714.004883 -801.842407 ) (-3072 4725.245117 -820 ) 
8 195 201 (-3479 4508.001465 -661.998047 ) (-3414.943604 4496 -710.004761 ) (-3168.748535 4496 -820 ) (-3072 4522.758301 -820 ) (-3072 4583.869141 -721.282532 ) (-3360.555420 4583.869141 -592.361572 ) (-3385.326904 4576.003418 -594 ) (-3479 4533.998047 -620.003540 ) 
5 195 200 (-3478.977783 4508 -662.010071 ) (-3519.884033 4515.663574 -631.353333 ) (-3941.523926 4515.663574 -631.353333 ) (-3765.476563 4496 -710.007813 ) (-3478.976074 4496 -710.007813 ) 
6 195 199 (-3072 4714.001465 -801.844238 ) (-3479.006836 4714.001465 -620 ) (-3479.006104 4672.002441 -594.001404 ) (-3434.878418 4624 -584 ) (-3360.559326 4583.868164 -592.361694 ) (-3072 4583.868164 -721.284363 ) 
4 195 198 (-3478.997314 4624.001465 -584.001282 ) (-4047.511230 4624.001465 -584.001221 ) (-4025.130615 4576.002441 -594.001038 ) (-3478.997070 4576.001953 -594.001160 ) 
5 195 197 (-3478.993896 4576.003906 -594 ) (-4025.129639 4576.003906 -594 ) (-3941.519531 4515.662109 -631.354492 ) (-3519.886719 4515.662109 -631.354492 ) (-3478.993652 4534 -620.002563 ) 
6 195 196 (-4047.507813 4623.998535 -584 ) (-3478.997314 4623.998535 -584 ) (-3478.997314 4671.995605 -594 ) (-3517.612305 4714.001465 -602.751465 ) (-3554.777832 4725.802734 -605.210022 ) (-4000.038574 4725.802734 -605.210022 ) 
4 196 203 (-4000.034180 4725.802246 -605.209717 ) (-4090.274170 4715.722656 -564.892212 ) (-3608.573242 4715.722656 -564.892090 ) (-3554.776367 4725.802246 -605.209717 ) 
6 196 198 (-3523.767090 4672.006348 -574 ) (-3601.528809 4713.997070 -565.252136 ) (-3608.574463 4715.723145 -564.892517 ) (-4090.278320 4715.723145 -564.892517 ) (-4047.511230 4624.001465 -584.001221 ) (-3478.997803 4624.001465 -584.001282 ) 
4 197 200 (-3519.884033 4515.663574 -631.353333 ) (-3554.768799 4522.199707 -605.209351 ) (-4000.040283 4522.199707 -605.209351 ) (-3941.523926 4515.663574 -631.353333 ) 
5 197 198 (-4025.130615 4576.002441 -594.001038 ) (-4000.042969 4522.197266 -605.210449 ) (-3554.777344 4522.197266 -605.210449 ) (-3517.605225 4534 -602.751465 ) (-3478.993896 4576.001953 -594.001160 ) 
4 198 229 (-4096 4704 -518 ) (-4096 4715.084473 -562.336426 ) (-4096 4532.916992 -562.336426 ) (-4096 4544 -518 ) 
4 198 226 (-4096 4548.500977 -500 ) (-4096 4699.500000 -500 ) (-4096 4704 -518 ) (-4096 4544 -518 ) 
6 198 203 (-4090.274170 4715.722656 -564.892212 ) (-4096 4715.083008 -562.333984 ) (-4096 4699.499512 -500 ) (-3727.496338 4699.499512 -500 ) (-3617.769531 4714 -558 ) (-3608.573242 4715.722656 -564.892090 ) 
6 198 200 (-3554.768799 4522.199707 -605.209351 ) (-3617.749268 4534 -558.009521 ) (-3727.493896 4548.501953 -500 ) (-4096 4548.501953 -500 ) (-4096 4532.917969 -562.336365 ) (-4000.040283 4522.199707 -605.209351 ) 
5 199 202 (-3234.165283 4624.001465 -584 ) (-3072 4624.001465 -656.452820 ) (-3072 4714.004883 -801.842407 ) (-3479 4714.004395 -620.002563 ) (-3385.333984 4672.002441 -594.001465 ) 
4 199 201 (-3072 4624 -656.454102 ) (-3234.167969 4624 -584 ) (-3360.555420 4583.869141 -592.361572 ) (-3072 4583.869141 -721.282532 ) 
4 200 229 (-4096 4544 -518 ) (-4096 4532.916992 -562.336426 ) (-4096 4496 -562.336426 ) (-4096 4496 -518 ) 
4 200 226 (-4096 4496 -500 ) (-4096 4548.500977 -500 ) (-4096 4544 -518 ) (-4096 4496 -518 ) 
3 201 211 (-3072 4522.757813 -820 ) (-3072 4496 -820 ) (-3168.745117 4496 -820 ) 
3 201 202 (-3072 4584.273438 -592.277222 ) (-3072 4624.001465 -656.452820 ) (-3234.165283 4624.001465 -584 ) 
3 202 211 (-3168.747559 4752 -820 ) (-3072 4752 -820 ) (-3072 4725.241699 -820 ) 
4 203 229 (-4096 4752 -518 ) (-4096 4752 -562.336426 ) (-4096 4715.084473 -562.336426 ) (-4096 4704 -518 ) 
4 203 226 (-4096 4699.500000 -500 ) (-4096 4752 -500 ) (-4096 4752 -518 ) (-4096 4704 -518 ) 
4 204 205 (-3496 4288 -518 ) (-3072 4288 -518 ) (-3072 4288 -500 ) (-3496 4288 -500 ) 
4 205 249 (-3072 4096 -518 ) (-3072 4096 -500 ) (-3496 4096 -500 ) (-3496 4096 -518 ) 
4 205 207 (-3496 4288 -510 ) (-3496 4288 -518 ) (-3496 4096 -518 ) (-3496 4096 -510 ) 
4 205 206 (-3496 4288 -500 ) (-3496 4288 -510 ) (-3496 4096 -510 ) (-3496 4096 -500 ) 
4 206 250 (-3496 4096 -500 ) (-3560 4096 -500 ) (-3560 4096 -510 ) (-3496 4096 -510 ) 
4 206 208 (-3560 4288 -500 ) (-3560 4288 -510 ) (-3560 4096 -510 ) (-3560 4096 -500 ) 
4 206 207 (-3560 4096 -510 ) (-3560 4288 -510 ) (-3496 4288 -510 ) (-3496 4096 -510 ) 
4 207 251 (-3560 4096 -510 ) (-3560 4096 -518 ) (-3496 4096 -518 ) (-3496 4096 -510 ) 
4 207 208 (-3560 4288 -510 ) (-3560 4288 -518 ) (-3560 4096 -518 ) (-3560 4096 -510 ) 
4 208 252 (-3560 4096 -500 ) (-4032 4096 -500 ) (-4032 4096 -518 ) (-3560 4096 -518 ) 
4 208 209 (-4032 4287.998047 -500 ) (-4032 4287.998047 -518 ) (-4032 4096 -518 ) (-4032 4096 -500 ) 
4 209 253 (-4032 4096 -500 ) (-4096 4096 -500 ) (-4096 4096 -518 ) (-4032 4096 -518 ) 
4 209 227 (-4096 4096 -518 ) (-4096 4096 -500 ) (-4096 4275.269043 -500 ) (-4096 4275.269043 -518 ) 
4 210 257 (-3072 4096 -820 ) (-3072 4096 -576 ) (-3826.666992 4096 -576 ) (-3826.666992 4096 -820 ) 
8 210 212 (-3072 4096 -820 ) (-3826.666992 4096 -820 ) (-3768 4184 -820 ) (-3618.001221 4284 -820 ) (-3440 4320 -820 ) (-3262 4284 -820 ) (-3112 4184 -820 ) (-3072 4124 -820 ) 
4 212 262 (-3072 4096 -838 ) (-3072 4096 -820 ) (-3826.666992 4096 -820 ) (-3826.666992 4096 -838 ) 
4 213 218 (-5120 5840 544 ) (-5120 5840 464 ) (-4144 5840 464 ) (-4144 5840 544 ) 
4 213 217 (-4144 5840 464 ) (-4096 5840 464 ) (-4096 5840 544 ) (-4144 5840 544 ) 
4 213 216 (-5120 5840 656 ) (-5120 5840 544 ) (-4144 5840 544 ) (-4144 5840 656 ) 
4 213 215 (-4144 5840 544 ) (-4096 5840 544 ) (-4096 5840 656 ) (-4144 5840 656 ) 
4 213 214 (-4528 5840 464 ) (-5120 5840 464 ) (-5120 6144 464 ) (-4528 6144 464 ) 
4 214 218 (-5120 5840 464 ) (-5120 5840 24 ) (-4528 5840 24 ) (-4528 5840 464 ) 
4 215 220 (-4096 5120 544 ) (-4096 5120 656 ) (-4144 5120 656 ) (-4144 5120 544 ) 
4 215 217 (-4096 5120 544 ) (-4144 5120 544 ) (-4144 5840 544 ) (-4096 5840 544 ) 
4 215 216 (-4144 5840 544 ) (-4144 5312 544 ) (-4144 5312 656 ) (-4144 5840 656 ) 
4 216 218 (-5120 5312 544 ) (-5120 5840 544 ) (-4144 5840 544 ) (-4144 5312 544 ) 
4 217 222 (-4096 5120 24 ) (-4096 5120 544 ) (-4144 5120 544 ) (-4144 5120 24 ) 
4 217 218 (-4144 5312 544 ) (-4144 5840 544 ) (-4144 5840 24 ) (-4144 5312 24 ) 
11 219 230 (-5578 5120 -816 ) (-5578 5120 -697 ) (-5587 5120 -644.998596 ) (-5615.998535 5120 -602.001282 ) (-5660 5120 -573 ) (-5712 5120 -563 ) (-5764 5120 -573 ) (-5808 5120 -602 ) (-5837 5120 -645 ) (-5846 5120 -697 ) (-5846 5120 -816 ) 
4 220 222 (-4144 5120 544 ) (-4096 5120 544 ) (-4096 4672 544 ) (-4144 4672 544 ) 
4 220 221 (-4144 4672 544 ) (-4096 4672 544 ) (-4096 4672 656 ) (-4144 4672 656 ) 
4 221 284 (-4096 4096 544 ) (-4096 4096 1888 ) (-5120 4096 1888 ) (-5120 4096 544 ) 
4 221 222 (-4096 4096 544 ) (-4144 4096 544 ) (-4144 4672 544 ) (-4096 4672 544 ) 
4 222 285 (-4096 4096 24 ) (-4096 4096 544 ) (-4144 4096 544 ) (-4144 4096 24 ) 
4 223 226 (-4096 4752 -500 ) (-4096 4496 -500 ) (-4235.523438 4496 -500 ) (-4235.523438 4752 -500 ) 
4 224 288 (-4096 4096 -500 ) (-4096 4096 -178 ) (-4146.918457 4096 -178 ) (-4146.918457 4096 -500 ) 
4 224 287 (-4146.918457 4096 -178 ) (-4240 4096 -178 ) (-4240 4096 -500 ) (-4146.918457 4096 -500 ) 
4 224 227 (-4096 4275.269043 -500 ) (-4096 4096 -500 ) (-4240 4096 -500 ) (-4240 4246.624023 -500 ) 
4 224 225 (-4240 4246.624023 -500 ) (-4240 4096 -500 ) (-4240 4096 -178 ) (-4240 4246.624023 -178 ) 
4 225 287 (-4240 4096 -178 ) (-4390.174805 4096 -178 ) (-4390.174805 4096 -500 ) (-4240 4096 -500 ) 
4 225 286 (-4390.174805 4096 -178 ) (-4598.859375 4096 -178 ) (-4598.859375 4096 -500 ) (-4390.174805 4096 -500 ) 
4 225 228 (-4240 4246.624023 -500 ) (-4240 4096 -500 ) (-4598.859375 4096 -500 ) (-4430 4208.829590 -500 ) 
4 226 229 (-4195.234863 4752 -518 ) (-4096 4752 -518 ) (-4096 4496 -518 ) (-4195.234863 4496 -518 ) 
4 227 290 (-4096 4096 -518 ) (-4096 4096 -500 ) (-4146.918457 4096 -500 ) (-4146.918457 4096 -518 ) 
4 227 289 (-4146.918457 4096 -500 ) (-4240 4096 -500 ) (-4240 4096 -518 ) (-4146.918457 4096 -518 ) 
4 227 228 (-4240 4246.624023 -518 ) (-4240 4096 -518 ) (-4240 4096 -500 ) (-4240 4246.624023 -500 ) 
4 228 289 (-4240 4096 -500 ) (-4598.859375 4096 -500 ) (-4598.859375 4096 -518 ) (-4240 4096 -518 ) 
11 230 292 (-5578 4096 -816 ) (-5578 4096 -697 ) (-5587 4096 -644.998474 ) (-5616 4096 -602 ) (-5660 4096 -573 ) (-5712 4096 -563 ) (-5764 4096 -573 ) (-5808 4096 -602 ) (-5837 4096 -645 ) (-5846 4096 -697 ) (-5846 4096 -816 ) 
4 231 285 (-4096 4096 544 ) (-4096 4096 24 ) (-4096 3904 24 ) (-4096 3904 544 ) 
4 231 284 (-4096 4096 1888 ) (-4096 4096 544 ) (-4096 3904 544 ) (-4096 3904 1888 ) 
4 231 234 (-3072 3904 32 ) (-3072 3904 64 ) (-3076 3904 64 ) (-3076 3904 32 ) 
4 231 233 (-3072 3904 64 ) (-3072 3904 72 ) (-3076 3904 72 ) (-3076 3904 64 ) 
4 231 232 (-3072 3904 544 ) (-3072 3904 1888 ) (-4096 3904 1888 ) (-4096 3904 544 ) 
4 232 284 (-4096 3552 1888 ) (-4096 3904 1888 ) (-4096 3904 544 ) (-4096 3552 544 ) 
4 233 265 (-3072 3072 64 ) (-3072 3072 72 ) (-3076 3072 72 ) (-3076 3072 64 ) 
4 233 234 (-3072 3072 64 ) (-3076 3072 64 ) (-3076 3904 64 ) (-3072 3904 64 ) 
4 234 266 (-3072 3072 32 ) (-3072 3072 64 ) (-3076 3072 64 ) (-3076 3072 32 ) 
4 235 249 (-3208 4096 -500 ) (-3072 4096 -500 ) (-3072 3936 -500 ) (-3208 3936 -500 ) 
4 235 236 (-3208 4096 -500 ) (-3208 3936 -500 ) (-3208 3936 -256 ) (-3208 4096 -256 ) 
4 236 249 (-3288 4096 -500 ) (-3208 4096 -500 ) (-3208 3936 -500 ) (-3288 3936 -500 ) 
4 236 237 (-3288 4096 -500 ) (-3288 3936 -500 ) (-3288 3936 -256 ) (-3288 4096 -256 ) 
4 237 249 (-3496 4096 -500 ) (-3288 4096 -500 ) (-3288 3936 -500 ) (-3496 3936 -500 ) 
4 237 244 (-3344 3936 -448 ) (-3344 3936 -416 ) (-3384 3936 -416 ) (-3384 3936 -448 ) 
4 237 241 (-3344 3936 -416 ) (-3344 3936 -408 ) (-3384 3936 -408 ) (-3384 3936 -416 ) 
6 237 238 (-3496 4096 -500 ) (-3496 4032 -500 ) (-3496 4032 -390 ) (-3496 4044 -342 ) (-3496 4070 -300 ) (-3496 4096 -283.904633 ) 
4 238 250 (-3560 4096 -500 ) (-3496 4096 -500 ) (-3496 4032 -500 ) (-3560 4032 -500 ) 
6 238 239 (-3560 4096 -500 ) (-3560 4032 -500 ) (-3560 4032 -390.003906 ) (-3560 4044 -342.003906 ) (-3560 4070.003906 -299.997467 ) (-3560 4096 -283.904633 ) 
4 239 252 (-4032 4096 -500 ) (-3560 4096 -500 ) (-3560 4032 -500 ) (-4032 4032 -500 ) 
6 239 240 (-4032 4096 -500 ) (-4032 4032 -500 ) (-4032 4032 -390 ) (-4032 4044 -342 ) (-4032 4070 -300 ) (-4032 4096 -283.904663 ) 
4 240 288 (-4096 4096 -178 ) (-4096 4096 -500 ) (-4096 4019.269287 -500 ) (-4096 4019.269287 -178 ) 
3 240 254 (-4096 4019.269287 -500 ) (-4096 4032 -500 ) (-4032 4032 -500 ) 
4 240 253 (-4096 4032 -500 ) (-4096 4096 -500 ) (-4032 4096 -500 ) (-4032 4032 -500 ) 
4 241 244 (-3384 3920 -416 ) (-3384 3936 -416 ) (-3344 3936 -416 ) (-3344 3920 -416 ) 
4 241 242 (-3344 3936 -408 ) (-3384 3936 -408 ) (-3384 3920 -416 ) (-3344 3920 -416 ) 
4 242 243 (-3384 3920 -415.997955 ) (-3344 3920 -415.997955 ) (-3344 3920 -408 ) (-3384 3920 -408 ) 
4 243 246 (-3384 3856 -416 ) (-3384 3920 -416 ) (-3344 3920 -416 ) (-3344 3856 -416 ) 
4 243 247 (-3344 3816 -416 ) (-3384 3816 -416 ) (-3384 3856 -416 ) (-3344 3856 -416 ) 
4 244 245 (-3384 3920 -448 ) (-3344 3920 -448 ) (-3344 3920 -416 ) (-3384 3920 -416 ) 
4 245 246 (-3344 3920 -416 ) (-3384 3920 -416 ) (-3384 3856 -448 ) (-3344 3856 -448 ) 
4 246 247 (-3344 3856 -448 ) (-3344 3856 -416 ) (-3384 3856 -416 ) (-3384 3856 -448 ) 
4 247 255 (-3344 3856 -500 ) (-3344 3816 -500 ) (-3384 3816 -500 ) (-3384 3856 -500 ) 
4 248 281 (-3072 3072 -500 ) (-3072 3072 -448 ) (-3920 3072 -448 ) (-3920 3072 -500 ) 
4 248 256 (-3072 3072 -500 ) (-3920 3072 -500 ) (-3920 3228 -500 ) (-3072 3228 -500 ) 
4 249 251 (-3496 4096 -518 ) (-3496 4032 -518 ) (-3496 4032 -510 ) (-3496 4096 -510 ) 
4 249 250 (-3496 4032 -510 ) (-3496 4032 -500 ) (-3496 4096 -500 ) (-3496 4096 -510 ) 
4 250 252 (-3560 4032 -510 ) (-3560 4032 -500 ) (-3560 4096 -500 ) (-3560 4096 -510 ) 
4 250 251 (-3496 4032 -510 ) (-3560 4032 -510 ) (-3560 4096 -510 ) (-3496 4096 -510 ) 
4 251 252 (-3560 4096 -518 ) (-3560 4032 -518 ) (-3560 4032 -510 ) (-3560 4096 -510 ) 
4 252 253 (-4032 4096 -518 ) (-4032 4032 -518 ) (-4032 4032 -500 ) (-4032 4096 -500 ) 
4 253 290 (-4096 4096 -500 ) (-4096 4096 -518 ) (-4096 4032 -518 ) (-4096 4032 -500 ) 
4 253 254 (-4096 4032 -518 ) (-4032 4032 -518 ) (-4032 4032 -500 ) (-4096 4032 -500 ) 
4 254 290 (-4096 4032 -518 ) (-4096 4019.269531 -518 ) (-4096 4019.269531 -500 ) (-4096 4032 -500 ) 
4 255 258 (-3384 3856 -576 ) (-3344 3856 -576 ) (-3344 3816 -576 ) (-3384 3816 -576 ) 
4 256 281 (-3072 3072 -576 ) (-3072 3072 -500 ) (-3920 3072 -500 ) (-3920 3072 -576 ) 
4 256 261 (-3072 3228 -576 ) (-3072 3072 -576 ) (-3920 3072 -576 ) (-3920 3228 -576 ) 
5 257 262 (-3826.666504 4096 -820 ) (-3072 4096 -820 ) (-3072 3856 -820 ) (-3904 3856 -820 ) (-3868 4034 -820 ) 
4 257 258 (-3424 3856 -820 ) (-3072 3856 -820 ) (-3072 3856 -576 ) (-3424 3856 -576 ) 
4 257 259 (-3904 3856 -820 ) (-3456 3856 -820 ) (-3456 3856 -576 ) (-3904 3856 -576 ) 
6 258 263 (-3424 3856 -820 ) (-3072 3856 -820 ) (-3072 3414.651611 -820 ) (-3138 3428 -820 ) (-3288 3528 -820 ) (-3388 3678 -820 ) 
4 259 264 (-3904 3856 -820 ) (-3456 3856 -820 ) (-3456 3252 -820 ) (-3904 3252 -820 ) 
4 259 260 (-3733 3252 -654 ) (-3733 3252 -768 ) (-3627 3252 -768 ) (-3627 3252 -654 ) 
4 260 261 (-3733 3228 -654 ) (-3733 3228 -768 ) (-3627 3228 -768 ) (-3627 3228 -654 ) 
4 261 281 (-3072 3072 -768 ) (-3072 3072 -576 ) (-3920 3072 -576 ) (-3920 3072 -768 ) 
4 262 264 (-3904 3856 -838 ) (-3456 3856 -838 ) (-3456 3856 -820 ) (-3904 3856 -820 ) 
4 262 263 (-3424 3856 -838 ) (-3072 3856 -838 ) (-3072 3856 -820 ) (-3424 3856 -820 ) 
4 265 267 (-3072 2916 64 ) (-3072 2916 72 ) (-3076 2916 72 ) (-3076 2916 64 ) 
4 265 266 (-3072 2916 64 ) (-3076 2916 64 ) (-3076 3072 64 ) (-3072 3072 64 ) 
4 266 268 (-3072 2916 32 ) (-3072 2916 64 ) (-3076 2916 64 ) (-3076 2916 32 ) 
4 267 268 (-3072 2876 64 ) (-3076 2876 64 ) (-3076 2916 64 ) (-3072 2916 64 ) 
4 268 270 (-3072 2876 -26 ) (-3076 2876 -26 ) (-3076 2916 -26 ) (-3072 2916 -26 ) 
7 269 272 (-3084 3024 -280 ) (-3084 2924 -280 ) (-3084 2924 -31.833191 ) (-3084 2944 -36 ) (-3084 2986 -62 ) (-3084 3012 -104 ) (-3084 3024 -152 ) 
4 269 270 (-3084 2924 -31.833189 ) (-3084 2924 -280 ) (-3072 2924 -280 ) (-3072 2924 -31.833191 ) 
5 270 272 (-3084 2924 -280 ) (-3084 2876 -280 ) (-3084 2876 -30.166687 ) (-3084 2896 -26 ) (-3084 2924 -31.833307 ) 
4 270 271 (-3084 2876 -26 ) (-3084 2876 -280 ) (-3072 2876 -280 ) (-3072 2876 -26 ) 
4 271 278 (-3084 2868 -280 ) (-3072 2868 -280 ) (-3072 2868 -248 ) (-3084 2868 -248 ) 
4 271 275 (-3072 2868 -248 ) (-3072 2868 -208 ) (-3084 2868 -208 ) (-3084 2868 -248 ) 
4 271 273 (-3072 2868 -208 ) (-3072 2868 -31.833069 ) (-3084 2868 -31.833071 ) (-3084 2868 -208 ) 
4 271 272 (-3084 2876 -280 ) (-3084 2868 -280 ) (-3084 2868 -31.833313 ) (-3084 2876 -30.166683 ) 
8 272 293 (-4096 3024 -280 ) (-4096 2868 -280 ) (-4096 2868 -31.833298 ) (-4096 2896 -26 ) (-4096 2944 -36 ) (-4096 2986 -62 ) (-4096 3012 -104 ) (-4096 3024 -152 ) 
4 272 278 (-4096 2868 -280 ) (-3084 2868 -280 ) (-3084 2868 -248 ) (-4096 2868 -248 ) 
4 272 275 (-3084 2868 -248 ) (-3084 2868 -208 ) (-4096 2868 -208 ) (-4096 2868 -248 ) 
4 272 274 (-3084 2868 -208 ) (-3084 2868 -31.833298 ) (-4096 2868 -31.833328 ) (-4096 2868 -208 ) 
4 273 275 (-3084 2768 -208 ) (-3084 2868 -208 ) (-3072 2868 -208 ) (-3072 2768 -208 ) 
7 273 274 (-3084 2868 -208 ) (-3084 2768 -208 ) (-3084 2768 -152 ) (-3084 2780 -104 ) (-3084 2806 -62 ) (-3084 2848 -36 ) (-3084 2868 -31.833069 ) 
7 274 293 (-4096 2868 -31.833305 ) (-4096 2868 -208 ) (-4096 2768 -208 ) (-4096 2768 -152 ) (-4096 2780 -104 ) (-4096 2806 -62 ) (-4096 2848 -36 ) 
4 274 275 (-4096 2768 -208 ) (-4096 2868 -208 ) (-3084 2868 -208 ) (-3084 2768 -208 ) 
4 275 293 (-4096 2868 -208 ) (-4096 2868 -248 ) (-4096 2768 -248 ) (-4096 2768 -208 ) 
4 275 278 (-4096 2768 -248 ) (-4096 2868 -248 ) (-3072 2868 -248 ) (-3072 2768 -248 ) 
4 275 277 (-3428 2768 -248 ) (-3388 2768 -248 ) (-3388 2768 -216 ) (-3428 2768 -216 ) 
4 275 276 (-3388 2768 -216 ) (-3388 2768 -208 ) (-3428 2768 -208 ) (-3428 2768 -216 ) 
4 276 277 (-3428 2172 -216 ) (-3428 2768 -216 ) (-3388 2768 -216 ) (-3388 2172 -216 ) 
4 277 279 (-3388 2172 -248 ) (-3428 2172 -248 ) (-3428 2212 -248 ) (-3388 2212 -248 ) 
4 278 293 (-4096 2868 -248 ) (-4096 2868 -280 ) (-4096 2768 -280 ) (-4096 2768 -248 ) 
4 279 280 (-3428 2212 -280 ) (-3388 2212 -280 ) (-3388 2172 -280 ) (-3428 2172 -280 ) 
4 280 283 (-3428 2172 -448 ) (-3428 2212 -448 ) (-3388 2212 -448 ) (-3388 2172 -448 ) 
4 281 282 (-3545 2870 -768 ) (-3271 2870 -768 ) (-3271 2870 -448 ) (-3545 2870 -448 ) 
4 282 283 (-3545 2852 -768 ) (-3271 2852 -768 ) (-3271 2852 -448 ) (-3545 2852 -448 ) 
4 283 314 (-3072 2048 -768 ) (-3072 2048 -448 ) (-3920 2048 -448 ) (-3920 2048 -768 ) 
4 284 285 (-4144 4096 544 ) (-4096 4096 544 ) (-4096 3904 544 ) (-4144 3904 544 ) 
3 286 291 (-4586.369629 3802.370361 -500 ) (-4756.318848 3548.021240 -500 ) (-4886.397949 3601.899658 -500 ) 
6 286 289 (-4992.841309 3645.988525 -500 ) (-4767.396973 3983.385010 -500 ) (-4598.858887 4096 -500 ) (-4390.174316 4096 -500 ) (-4586.369629 3802.370361 -500 ) (-4886.397949 3601.899658 -500 ) 
4 286 287 (-4586.371582 3802.369141 -500 ) (-4390.175781 4096 -500 ) (-4390.175781 4096 -178 ) (-4586.371582 3802.369141 -178 ) 
3 287 289 (-4390.174316 4096 -500 ) (-4146.918457 4096 -500 ) (-4586.369629 3802.370361 -500 ) 
4 287 288 (-4332.024414 3972.319336 -500 ) (-4146.921387 4096 -500 ) (-4146.920410 4096 -178 ) (-4332.022949 3972.319824 -178 ) 
4 288 290 (-4146.918457 4096 -500 ) (-4096 4096 -500 ) (-4096 4019.269287 -500 ) (-4332.019531 3972.320313 -500 ) 
4 289 291 (-4886.398926 3601.900391 -518 ) (-4586.367676 3802.373535 -518 ) (-4586.369141 3802.371094 -500 ) (-4886.397461 3601.899902 -500 ) 
4 289 290 (-4332.023438 3972.319580 -518 ) (-4146.920898 4096 -518 ) (-4146.919922 4096 -500 ) (-4332.020996 3972.320068 -500 ) 
11 292 295 (-5578 3072 -816 ) (-5578 3072 -697 ) (-5587 3072 -644.998474 ) (-5616 3072 -602 ) (-5660 3072 -573 ) (-5712 3072 -563 ) (-5764 3072 -573 ) (-5808 3072 -602 ) (-5837 3072 -645 ) (-5846 3072 -697 ) (-5846 3072 -816 ) 
11 293 296 (-5120 2768 -280 ) (-5120 2768 -278.285187 ) (-5120 2780 -230.286438 ) (-5120 2806 -188.285980 ) (-5120 2848 -162.285614 ) (-5120 2896 -152.285675 ) (-5120 2944 -162.285782 ) (-5120 2986 -188.284866 ) (-5120 3012 -230.287262 ) (-5120 3024 -278.285217 ) (-5120 3024 -280 ) 
4 293 294 (-4392 2768 -280 ) (-5120 2768 -280 ) (-5120 3024 -280 ) (-4392 3024 -280 ) 
4 294 296 (-5120 2768 -406.285767 ) (-5120 2768 -280 ) (-5120 3024 -280 ) (-5120 3024 -406.285706 ) 
11 295 327 (-5578 2048 -816 ) (-5578 2048 -697 ) (-5587 2048 -644.998657 ) (-5615.998535 2048 -602.001221 ) (-5660 2048 -573 ) (-5712 2048 -563 ) (-5764 2048 -573 ) (-5808 2048 -602 ) (-5837 2048 -645 ) (-5846 2048 -697 ) (-5846 2048 -816 ) 
11 296 297 (-6144 3024 -455.917786 ) (-6144 3024 -583.918457 ) (-6144 2768 -583.918518 ) (-6144 2768 -455.917969 ) (-6144 2780 -407.918579 ) (-6144 2806 -365.918518 ) (-6144 2848 -339.918396 ) (-6144 2896 -329.918427 ) (-6144 2944 -339.918579 ) (-6144 2986 -365.917969 ) (-6144 3012 -407.919617 ) 
8 297 305 (-6352 2768 -620 ) (-6352 2768 -492 ) (-6352 2780 -444 ) (-6352 2806 -402 ) (-6352 2848 -376 ) (-6352 2896 -366 ) (-6352 2908.785400 -368.663544 ) (-6352 2908.785645 -620 ) 
7 297 302 (-6352 2908.785400 -368.663544 ) (-6352 2944 -376 ) (-6352 2986 -402 ) (-6352 3012 -444.001160 ) (-6352 3024 -492 ) (-6352 3024 -620 ) (-6352 2908.785645 -620 ) 
4 298 299 (-6352 2550.199219 -280 ) (-6535.687500 2427.460449 -280 ) (-6535.685059 2427.460938 27 ) (-6352 2550.196777 27 ) 
3 299 305 (-6352 2831.368896 -280 ) (-6352 2768 -280 ) (-6400.832520 2758.286621 -280 ) 
4 299 301 (-6352 2831.367188 -280 ) (-6691.408691 2323.410889 -280 ) (-6691.408203 2323.411133 27 ) (-6352 2831.367188 27 ) 
4 300 386 (-6819.269043 2048 27 ) (-6875.435547 2048 27 ) (-6875.435547 2048 -280 ) (-6819.269043 2048 -280 ) 
4 300 301 (-6795.460449 2167.688232 -280 ) (-6875.434570 2048 -280 ) (-6875.433594 2048 27 ) (-6795.460938 2167.686523 27 ) 
4 301 386 (-6875.435547 2048 27 ) (-7168 2048 27 ) (-7168 2048 -280 ) (-6875.435547 2048 -280 ) 
4 301 306 (-7168 2048 -280 ) (-7168 2048 27 ) (-7168 2598.745605 27 ) (-7168 2598.745605 -280 ) 
4 301 305 (-6352 2908.785400 -280 ) (-6352 2831.368896 -280 ) (-6400.832520 2758.286621 -280 ) (-6652.020020 2708.320313 -280 ) 
3 301 304 (-7076.319336 2284.020996 -280 ) (-7044.019531 2446.396484 -280 ) (-6906.370605 2538.369873 -280 ) 
4 301 303 (-7123.269043 2048 -280 ) (-7168 2048 -280 ) (-7168 2363.556152 -280 ) (-7044.019531 2446.396484 -280 ) 
6 301 302 (-6352 3024 -280 ) (-6352 2908.785400 -280 ) (-7168 2363.556152 -280 ) (-7168 2598.745605 -280 ) (-7087.388672 2719.390869 -280 ) (-6750 2944.830811 -280 ) 
4 302 306 (-7168 2363.556152 -280 ) (-7168 2598.745850 -280 ) (-7168 2598.745850 -620 ) (-7168 2363.556152 -620 ) 
4 302 305 (-6652.018555 2708.320557 -620 ) (-6352 2908.785156 -620 ) (-6352 2908.789063 -280 ) (-6652.027344 2708.318848 -280 ) 
4 302 304 (-7044.020020 2446.395508 -620 ) (-6906.371094 2538.368896 -620 ) (-6906.366699 2538.375977 -280 ) (-7044.019043 2446.400391 -280 ) 
4 302 303 (-7168 2363.555420 -620 ) (-7044.020020 2446.395508 -620 ) (-7044.019043 2446.400391 -280 ) (-7168 2363.559570 -280 ) 
4 303 387 (-7123.269043 2048 -280 ) (-7168 2048 -280 ) (-7168 2048 -620 ) (-7123.269043 2048 -620 ) 
4 303 306 (-7168 2048 -620 ) (-7168 2048 -280 ) (-7168 2363.556152 -280 ) (-7168 2363.556152 -620 ) 
4 303 304 (-7076.319336 2284.020996 -620 ) (-7044.019531 2446.396484 -620 ) (-7044.019531 2446.396484 -280 ) (-7076.319336 2284.020996 -280 ) 
4 306 397 (-7168 2048 -620 ) (-7168 2048 27 ) (-7379.269043 2048 27 ) (-7379.269043 2048 -620 ) 
4 307 309 (-2896 1884 -768 ) (-2896 1652 -768 ) (-2896 1652 -602 ) (-2896 1884 -602 ) 
4 308 314 (-3072 2048 -448 ) (-3072 2048 -768 ) (-3072 2025 -768 ) (-3072 2025 -448 ) 
4 309 317 (-3072 2001 -768 ) (-3072 1536 -768 ) (-3072 1536 -448 ) (-3072 2001 -448 ) 
4 309 310 (-3072 1536 -768 ) (-2896 1536 -768 ) (-2896 1536 -448 ) (-3072 1536 -448 ) 
4 310 324 (-3072 1536 -768 ) (-3072 1163.091553 -768 ) (-3072 1163.091553 -448 ) (-3072 1536 -448 ) 
4 310 311 (-3072 1163.090698 -768 ) (-2936 1136 -768 ) (-2936 1136 -448 ) (-3072 1163.090698 -448 ) 
4 311 325 (-3072 1163.091553 -768 ) (-3072 1024 -768 ) (-3072 1024 -448 ) (-3072 1163.091553 -448 ) 
4 311 312 (-2969.833496 1024 -448 ) (-3072 1024 -448 ) (-3072 1024 -768 ) (-2969.833496 1024 -768 ) 
4 312 329 (-3072 760.287415 -448 ) (-3072 1024 -448 ) (-3072 1024 -768 ) (-3072 760.287415 -768 ) 
4 312 313 (-3072 760.289063 -768 ) (-3052 752.001343 -768 ) (-3052 752 -448 ) (-3072 760.286682 -448 ) 
4 313 331 (-3072 714.737122 -448 ) (-3072 760.287415 -448 ) (-3072 760.287415 -768 ) (-3072 714.737183 -768 ) 
4 314 315 (-3399 2025 -608 ) (-3667 2025 -608 ) (-3667 2025 -768 ) (-3399 2025 -768 ) 
4 315 316 (-3399 2001 -608 ) (-3667 2001 -608 ) (-3667 2001 -768 ) (-3399 2001 -768 ) 
4 316 321 (-3879.576660 1536 -768 ) (-3701.605957 1536 -768 ) (-3701.605957 1536 -448 ) (-3879.576660 1536 -448 ) 
4 316 319 (-3920 1536 -768 ) (-3879.576660 1536 -768 ) (-3879.576660 1536 -448 ) (-3920 1536 -448 ) 
4 316 318 (-3920 1884 -768 ) (-3920 1652 -768 ) (-3920 1652 -602 ) (-3920 1884 -602 ) 
4 316 317 (-3701.603271 1536 -448 ) (-3701.603271 1536 -768 ) (-3368.657471 2001 -768 ) (-3368.656250 2001 -448 ) 
4 317 324 (-3701.605957 1536 -768 ) (-3072 1536 -768 ) (-3072 1536 -448 ) (-3701.605957 1536 -448 ) 
4 319 321 (-3940.003662 1335.965454 -768 ) (-3879.576416 1536 -768 ) (-3879.576416 1536 -448 ) (-3940.003662 1335.965454 -448 ) 
4 320 326 (-4044.157471 1057.577393 -768 ) (-4009.461670 1106.034668 -768 ) (-4009.459717 1106.040894 -448 ) (-4044.149170 1057.592896 -448 ) 
4 320 323 (-4009.457031 1106.050781 -448 ) (-4009.457031 1106.050781 -768 ) (-3997.984375 1144.029175 -768 ) (-3997.984375 1144.029297 -448 ) 
4 321 324 (-3856.687744 1319.403931 -768 ) (-3701.603516 1536 -768 ) (-3701.603516 1536 -448 ) (-3856.688965 1319.404175 -448 ) 
4 321 322 (-3939.994141 1335.998535 -448 ) (-3939.994141 1335.998535 -768 ) (-3856.689453 1319.403931 -768 ) (-3856.689453 1319.403931 -448 ) 
4 322 325 (-3985.875488 1138.975830 -768 ) (-3856.687744 1319.403931 -768 ) (-3856.688965 1319.404175 -448 ) (-3985.877441 1138.976563 -448 ) 
4 322 323 (-3997.995117 1143.997803 -448 ) (-3997.995117 1143.997803 -768 ) (-3985.881104 1138.977905 -768 ) (-3985.881104 1138.977905 -448 ) 
4 323 326 (-4009.461670 1106.034668 -768 ) (-3985.875488 1138.975830 -768 ) (-3985.877441 1138.976563 -448 ) (-4009.459717 1106.040894 -448 ) 
4 324 325 (-3856.693115 1319.404419 -448 ) (-3856.693115 1319.404419 -768 ) (-3072 1163.091064 -768 ) (-3072 1163.090820 -448 ) 
4 325 329 (-3072 1024 -768 ) (-3072 1024 -448 ) (-3708.408447 1024 -448 ) (-3708.408447 1024 -768 ) 
4 325 326 (-3985.879150 1138.977051 -448 ) (-3985.879150 1138.977051 -768 ) (-3708.408936 1024 -768 ) (-3708.409180 1024 -448 ) 
4 326 331 (-3708.408447 1024 -448 ) (-4046.051758 1024 -448 ) (-4046.051758 1024 -768 ) (-3708.408447 1024 -768 ) 
4 326 330 (-4046.051758 1024 -448 ) (-4062.090820 1024 -448 ) (-4062.090820 1024 -768 ) (-4046.051758 1024 -768 ) 
11 327 352 (-5578 1024 -816 ) (-5578 1024 -697 ) (-5587 1024 -644.998474 ) (-5616 1024 -602 ) (-5660 1024 -573 ) (-5712 1024 -563 ) (-5764 1024 -573 ) (-5808 1024 -602 ) (-5837 1024 -645 ) (-5846 1024 -697 ) (-5846 1024 -816 ) 
4 328 388 (-6144 1024 -816 ) (-6144 1024 -591.454224 ) (-6144 1536 -591.454102 ) (-6144 1536 -816 ) 
6 328 353 (-6144 1024 -591.454102 ) (-6144 1024 -816 ) (-6090 1024 -816 ) (-6090 1024 -697 ) (-6099 1024 -645 ) (-6128 1024 -602 ) 
4 329 331 (-3708.408447 1024 -768 ) (-3072 760.287415 -768 ) (-3072 760.287048 -448 ) (-3708.409180 1024 -448 ) 
4 330 331 (-4092 968.001709 -768 ) (-4046.051758 1024 -768 ) (-4046.051758 1024 -448 ) (-4092 968.001709 -448 ) 
4 331 332 (-4092.003174 967.998840 -448 ) (-4092.003174 967.998840 -768 ) (-3242.002930 397.998749 -768 ) (-3242.002930 397.998749 -448 ) 
4 332 337 (-4096 963.125427 -768 ) (-4096 688 -768 ) (-4096 688 -448 ) (-4096 963.125122 -448 ) 
4 332 333 (-4096 688 -768 ) (-3496 88 -768 ) (-3496 88 -448 ) (-4096 688 -448 ) 
4 333 341 (-4096 688 -768 ) (-4096 266.456207 -768 ) (-4096 266.456207 -448 ) (-4096 688 -448 ) 
4 333 335 (-3603.401367 0 -448 ) (-3917.317627 0 -448 ) (-3917.317627 0 -768 ) (-3603.401367 0 -768 ) 
4 333 334 (-4096 266.453125 -768 ) (-3917.319580 0 -768 ) (-3917.319580 0 -448 ) (-4096 266.453217 -448 ) 
4 334 343 (-4096 266.456207 -768 ) (-4096 0 -768 ) (-4096 0 -448 ) (-4096 266.456207 -448 ) 
4 334 336 (-3917.317627 0 -448 ) (-4096 0 -448 ) (-4096 0 -768 ) (-3917.317627 0 -768 ) 
4 335 336 (-3917.316406 0 -768 ) (-3806.001953 -166 -768 ) (-3806.001953 -166 -448 ) (-3917.319580 0 -448 ) 
4 336 365 (-4096 -321.649719 -448 ) (-4096 0 -448 ) (-4096 0 -768 ) (-4096 -321.649719 -768 ) 
4 337 341 (-4190.874023 782.873901 -768 ) (-4096 688 -768 ) (-4096 688 -448 ) (-4190.874023 782.873901 -448 ) 
4 337 339 (-4220 812 -768 ) (-4190.874023 782.873901 -768 ) (-4190.874023 782.873901 -448 ) (-4220 812 -448 ) 
4 338 340 (-4376.010742 683.991150 -768 ) (-4271.805664 739.646118 -768 ) (-4271.805664 739.646118 -448 ) (-4376.010742 683.991150 -448 ) 
4 338 339 (-4271.801270 739.651794 -448 ) (-4271.801270 739.651794 -768 ) (-4220 812 -768 ) (-4220 812 -448 ) 
4 339 341 (-4271.805664 739.646118 -768 ) (-4190.872070 782.871948 -768 ) (-4190.872070 782.871948 -448 ) (-4271.805664 739.646118 -448 ) 
4 340 342 (-4376 684 -448 ) (-4376 684 -768 ) (-4344.878418 637.590820 -768 ) (-4344.878418 637.590881 -448 ) 
4 340 341 (-4344.878906 637.587891 -448 ) (-4344.878906 637.587891 -768 ) (-4271.799316 739.651855 -768 ) (-4271.799316 739.651855 -448 ) 
4 341 343 (-4344.878418 637.590820 -768 ) (-4096 266.456177 -768 ) (-4096 266.457275 -448 ) (-4344.878418 637.590881 -448 ) 
4 342 345 (-4536.561035 552.743835 -768 ) (-4488.564453 436.915649 -768 ) (-4488.563965 436.916229 -448 ) (-4536.560059 552.743896 -448 ) 
4 342 344 (-4552 590 -768 ) (-4536.561035 552.743835 -768 ) (-4536.560059 552.743896 -448 ) (-4551.998535 590 -448 ) 
4 342 343 (-4488.565430 436.913086 -448 ) (-4488.565430 436.913086 -768 ) (-4344.878906 637.587891 -768 ) (-4344.878906 637.587891 -448 ) 
4 343 365 (-4096 0 -768 ) (-4096 0 -448 ) (-4307.518066 0 -448 ) (-4307.518066 0 -768 ) 
4 343 348 (-4488.564453 436.915649 -768 ) (-4307.517090 0 -768 ) (-4307.515625 0 -448 ) (-4488.563965 436.916229 -448 ) 
4 344 345 (-4744 532 -768 ) (-4536.562500 552.743835 -768 ) (-4536.562500 552.743835 -448 ) (-4744 532 -448 ) 
4 345 348 (-4673.583496 178.510391 -768 ) (-4488.564453 436.912140 -768 ) (-4488.564453 436.912140 -448 ) (-4673.583496 178.510376 -448 ) 
4 345 346 (-4744 531.998047 -448 ) (-4744 531.998047 -768 ) (-4673.583984 178.513977 -768 ) (-4673.583984 178.513992 -448 ) 
4 346 363 (-4801.401367 0 -448 ) (-4920 0 -448 ) (-4920 0 -768 ) (-4801.401367 0 -768 ) 
4 346 349 (-4801.399414 0 -768 ) (-4673.583496 178.510391 -768 ) (-4673.583496 178.510376 -448 ) (-4801.399414 0 -448 ) 
4 346 347 (-4920 514.397217 -448 ) (-4920 514.397217 -768 ) (-4920 0 -768 ) (-4920 0 -448 ) 
4 347 364 (-4920 0 -448 ) (-4944 0 -448 ) (-4944 0 -768 ) (-4920 0 -768 ) 
4 347 350 (-4944 512 -768 ) (-4944 0 -768 ) (-4944 0 -448 ) (-4944 512 -448 ) 
4 348 366 (-4307.518066 0 -448 ) (-4638.023926 0 -448 ) (-4638.023926 0 -768 ) (-4307.518066 0 -768 ) 
4 348 349 (-4673.583496 178.509750 -448 ) (-4673.583496 178.509735 -768 ) (-4638.023926 0 -768 ) (-4638.024414 0 -448 ) 
4 349 367 (-4638.023926 0 -448 ) (-4801.401367 0 -448 ) (-4801.401367 0 -768 ) (-4638.023926 0 -768 ) 
4 350 369 (-4944 0 -448 ) (-5120 0 -448 ) (-5120 0 -768 ) (-4944 0 -768 ) 
4 350 356 (-5120 512 -768 ) (-5120 0 -768 ) (-5120 0 -448 ) (-5120 512 -448 ) 
4 350 351 (-5120 0 -768 ) (-5120 512 -768 ) (-4944 512 -768 ) (-4944 0 -768 ) 
4 351 369 (-4944 0 -816 ) (-4944 0 -768 ) (-5120 0 -768 ) (-5120 0 -816 ) 
4 351 356 (-5120 512 -816 ) (-5120 0 -816 ) (-5120 0 -768 ) (-5120 512 -768 ) 
11 352 354 (-5578 544 -816 ) (-5578 544 -697 ) (-5587 544 -644.998901 ) (-5615.998535 544 -602.001099 ) (-5660 544 -573 ) (-5712 544 -563 ) (-5764 544 -573 ) (-5808 544 -602 ) (-5837 544 -645 ) (-5846 544 -697 ) (-5846 544 -816 ) 
4 353 399 (-6144 544 -816 ) (-6144 544 -591.454224 ) (-6144 1024 -591.454102 ) (-6144 1024 -816 ) 
6 353 355 (-6144 544 -591.454102 ) (-6144 544 -816 ) (-6090 544 -816 ) (-6090 544 -697 ) (-6099 544 -645 ) (-6128 544 -602 ) 
4 354 359 (-5873 512 -816 ) (-5551 512 -816 ) (-5551 512 -448 ) (-5873 512 -448 ) 
4 355 402 (-6144 512 -448 ) (-6144 544 -448 ) (-6144 544 -816 ) (-6144 512 -816 ) 
4 355 362 (-6144 512 -816 ) (-6063 512 -816 ) (-6063 512 -448 ) (-6144 512 -448 ) 
4 356 371 (-5120 0 -816 ) (-5120 0 -448 ) (-5244 0 -448 ) (-5244 0 -816 ) 
4 356 357 (-5244 512 -448 ) (-5244 512 -816 ) (-5244 380 -816 ) (-5244 380 -448 ) 
4 356 358 (-5244 132 -816 ) (-5244 0 -816 ) (-5244 0 -448 ) (-5244 132 -448 ) 
4 357 359 (-5284 512 -448 ) (-5284 512 -816 ) (-5284 380 -816 ) (-5284 380 -448 ) 
4 358 373 (-5244 0 -448 ) (-5284 0 -448 ) (-5284 0 -816 ) (-5244 0 -816 ) 
4 358 359 (-5284 132 -816 ) (-5284 0 -816 ) (-5284 0 -448 ) (-5284 132 -448 ) 
4 359 375 (-5284 0 -448 ) (-5912 0 -448 ) (-5912 0 -816 ) (-5284 0 -816 ) 
4 359 360 (-5912 512 -448 ) (-5912 512 -816 ) (-5912 312 -816 ) (-5912 312 -448 ) 
4 359 361 (-5912 200 -816 ) (-5912 0 -816 ) (-5912 0 -448 ) (-5912 200 -448 ) 
4 360 362 (-6024 512 -448 ) (-6024 512 -816 ) (-6024 312 -816 ) (-6024 312 -448 ) 
4 361 376 (-5912 0 -448 ) (-6024 0 -448 ) (-6024 0 -816 ) (-5912 0 -816 ) 
4 361 362 (-6024 200 -816 ) (-6024 0 -816 ) (-6024 0 -448 ) (-6024 200 -448 ) 
4 362 405 (-6144 0 -816 ) (-6144 0 -448 ) (-6144 512 -448 ) (-6144 512 -816 ) 
4 362 378 (-6024 0 -448 ) (-6144 0 -448 ) (-6144 0 -816 ) (-6024 0 -816 ) 
4 363 367 (-4920 -165.641174 -768 ) (-4801.398926 0 -768 ) (-4801.398438 0 -448 ) (-4920 -165.641266 -448 ) 
4 363 364 (-4920 0 -768 ) (-4920 -165.638641 -768 ) (-4920 -165.638657 -448 ) (-4920 0 -448 ) 
4 364 369 (-4944 -199.156372 -448 ) (-4944 0 -448 ) (-4944 0 -768 ) (-4944 -199.156357 -768 ) 
4 364 368 (-4944 -199.160141 -448 ) (-4944 -199.160156 -768 ) (-4920 -165.641174 -768 ) (-4920 -165.641266 -448 ) 
4 365 366 (-4307.516602 0 -768 ) (-4160 -355.996094 -768 ) (-4160 -355.996094 -448 ) (-4307.516602 0 -448 ) 
4 366 367 (-4638.023926 0 -768 ) (-4544 -472.003906 -768 ) (-4544 -472.003906 -448 ) (-4638.023926 0 -448 ) 
4 367 368 (-4920 -165.637344 -448 ) (-4920 -165.637344 -768 ) (-4920 -509.600891 -768 ) (-4920 -509.600891 -448 ) 
4 368 370 (-4944 -512 -448 ) (-4944 -199.156372 -448 ) (-4944 -199.156357 -768 ) (-4944 -512 -768 ) 
4 369 371 (-5120 0 -448 ) (-5120 0 -816 ) (-5120 -444.962006 -816 ) (-5120 -444.962006 -448 ) 
4 369 370 (-5120 -444.962097 -816 ) (-4944 -199.156372 -816 ) (-4944 -199.156372 -448 ) (-5120 -444.962097 -448 ) 
4 370 372 (-5120 -444.962006 -816 ) (-5120 -512 -816 ) (-5120 -512 -448 ) (-5120 -444.962006 -448 ) 
4 371 373 (-5244 0 -816 ) (-5244 -132 -816 ) (-5244 -132 -448 ) (-5244 0 -448 ) 
4 371 374 (-5244 -380 -816 ) (-5244 -512 -816 ) (-5244 -512 -448 ) (-5244 -380 -448 ) 
4 371 372 (-5168 -512 -448 ) (-5168 -512 -816 ) (-5120 -444.963470 -816 ) (-5120 -444.963104 -448 ) 
4 373 375 (-5284 0 -816 ) (-5284 -132 -816 ) (-5284 -132 -448 ) (-5284 0 -448 ) 
4 374 375 (-5284 -380 -816 ) (-5284 -512 -816 ) (-5284 -512 -448 ) (-5284 -380 -448 ) 
4 375 379 (-5551 -512 -448 ) (-5873 -512 -448 ) (-5873 -512 -816 ) (-5551 -512 -816 ) 
4 375 376 (-5912 0 -816 ) (-5912 -200 -816 ) (-5912 -200 -448 ) (-5912 0 -448 ) 
4 375 377 (-5912 -312 -816 ) (-5912 -512 -816 ) (-5912 -512 -448 ) (-5912 -312 -448 ) 
4 376 378 (-6024 0 -816 ) (-6024 -200 -816 ) (-6024 -200 -448 ) (-6024 0 -448 ) 
4 377 378 (-6024 -312 -816 ) (-6024 -512 -816 ) (-6024 -512 -448 ) (-6024 -312 -448 ) 
4 378 409 (-6144 -512 -816 ) (-6144 -512 -448 ) (-6144 0 -448 ) (-6144 0 -816 ) 
4 378 380 (-6063 -512 -448 ) (-6144 -512 -448 ) (-6144 -512 -816 ) (-6063 -512 -816 ) 
11 379 381 (-5808 -544 -602 ) (-5837 -544 -645 ) (-5846 -544 -697 ) (-5846 -544 -816 ) (-5578 -544 -816 ) (-5578 -544 -697 ) (-5587 -544 -645 ) (-5615.998535 -544 -602 ) (-5660 -544 -573 ) (-5712 -544 -563 ) (-5764 -544 -573 ) 
4 380 413 (-6144 -544 -816 ) (-6144 -544 -448 ) (-6144 -512 -448 ) (-6144 -512 -816 ) 
6 380 382 (-6144 -544 -591.454224 ) (-6144 -544 -816 ) (-6090 -544 -816 ) (-6090 -544 -697 ) (-6099 -544 -645 ) (-6128 -544 -602 ) 
11 381 383 (-5578 -1024 -816 ) (-5578 -1024 -697 ) (-5587 -1024 -644.998901 ) (-5615.998535 -1024 -602.001099 ) (-5660 -1024 -573 ) (-5712 -1024 -563 ) (-5764 -1024 -573 ) (-5808 -1024 -602 ) (-5837 -1024 -645 ) (-5846 -1024 -697 ) (-5846 -1024 -816 ) 
4 382 414 (-6144 -1024 -816 ) (-6144 -1024 -591.454224 ) (-6144 -544 -591.454102 ) (-6144 -544 -816 ) 
6 382 384 (-6144 -1024 -591.454102 ) (-6144 -1024 -816 ) (-6090 -1024 -816 ) (-6090 -1024 -697 ) (-6099 -1024 -645 ) (-6128 -1024 -602 ) 
11 383 385 (-5578 -2048 -816 ) (-5578 -2048 -697 ) (-5587 -2048 -644.998474 ) (-5616 -2048 -602 ) (-5660 -2048 -573 ) (-5712 -2048 -563 ) (-5764 -2048 -573 ) (-5808 -2048 -602 ) (-5837 -2048 -645 ) (-5846 -2048 -697 ) (-5846 -2048 -816 ) 
4 384 423 (-6144 -1536 -816 ) (-6144 -1536 -591.454224 ) (-6144 -1024 -591.454102 ) (-6144 -1024 -816 ) 
4 386 397 (-7168 2048 27 ) (-7168 2048 -280 ) (-7168 1984 -280 ) (-7168 1984 27 ) 
4 386 387 (-7136 1984 -280 ) (-7168 1984 -280 ) (-7168 2048 -280 ) (-7123.269043 2048 -280 ) 
4 387 397 (-7168 2048 -280 ) (-7168 2048 -620 ) (-7168 1984 -620 ) (-7168 1984 -280 ) 
5 387 396 (-7168 1984 -411.692474 ) (-7168 1984 -620 ) (-7136 1984 -620 ) (-7136 1984 -492.002869 ) (-7148 1984 -443.998840 ) 
9 388 399 (-6144 1024 -816 ) (-6144 1024 -591.454224 ) (-6172 1024 -573 ) (-6224 1024 -563 ) (-6276 1024 -573 ) (-6320 1024 -602 ) (-6349.011719 1024 -645.016907 ) (-6358 1024 -696.948486 ) (-6358 1024 -816 ) 
4 389 394 (-6652 1572 -556 ) (-6652 1572 -548 ) (-6692 1572 -548 ) (-6692 1572 -556 ) 
3 389 391 (-6652 1572 -556 ) (-6692 1572 -556 ) (-6652 1612 -556 ) 
4 389 390 (-6652 1612 -556 ) (-6692 1572 -556 ) (-6692 1572 -548 ) (-6652 1612 -548 ) 
4 390 392 (-6692 1572 -556 ) (-6692 1572 -548 ) (-6732 1612 -548 ) (-6732 1612 -556 ) 
4 390 391 (-6692 1572 -556 ) (-6692.003906 1572 -556 ) (-6732.003906 1612 -556 ) (-6652 1612 -556 ) 
4 391 395 (-6652 1572 -588 ) (-6652 1572 -556 ) (-6692 1572 -556 ) (-6692 1572 -588 ) 
4 391 393 (-6732 1612 -588 ) (-6692 1572 -588 ) (-6692 1572 -556 ) (-6732 1612 -556 ) 
4 392 396 (-7136 1572 -556 ) (-7136 1572 -548 ) (-7136 1612 -548 ) (-7136 1612 -556 ) 
4 392 393 (-7136 1612 -556 ) (-6731.996094 1612 -556 ) (-6691.996094 1572 -556 ) (-7136 1572 -556 ) 
4 393 396 (-7136 1572 -588 ) (-7136 1572 -556 ) (-7136 1612 -556 ) (-7136 1612 -588 ) 
4 394 400 (-6652 1024 -556 ) (-6652 1024 -548 ) (-6692 1024 -548 ) (-6692 1024 -556 ) 
4 394 395 (-6692 1024 -556 ) (-6692 1572 -556 ) (-6652 1572 -556 ) (-6652 1024 -556 ) 
4 395 401 (-6652 1024 -588 ) (-6652 1024 -556 ) (-6692 1024 -556 ) (-6692 1024 -588 ) 
4 396 398 (-7168 1220 -620 ) (-7168 1220 -411.692627 ) (-7168 1984 -411.692627 ) (-7168 1984 -620 ) 
10 397 398 (-7168 1984 -620 ) (-7168 1984 -411.692688 ) (-7174 1984 -402 ) (-7216 1984 -376 ) (-7264 1984 -366 ) (-7311.984863 1984 -375.996887 ) (-7354.005859 1984 -402.010010 ) (-7380 1984 -444 ) (-7392 1984 -492.003937 ) (-7392 1984 -620 ) 
9 399 402 (-6144 544 -816 ) (-6144 544 -591.454224 ) (-6172 544 -573 ) (-6224 544 -563 ) (-6276 544 -573 ) (-6320 544 -602 ) (-6349.012207 544 -645.017761 ) (-6358 544 -696.948486 ) (-6358 544 -816 ) 
4 400 403 (-6652 544 -556 ) (-6652 544 -548 ) (-6692 544 -548 ) (-6692 544 -556 ) 
4 400 401 (-6692 544 -556 ) (-6692 1024 -556 ) (-6652 1024 -556 ) (-6652 544 -556 ) 
4 401 404 (-6652 544 -588 ) (-6652 544 -556 ) (-6692 544 -556 ) (-6692 544 -588 ) 
4 402 405 (-6144 512 -816 ) (-6144 512 -448 ) (-6385 512 -448 ) (-6385 512 -816 ) 
4 403 406 (-6652 512 -556 ) (-6652 512 -548 ) (-6692 512 -548 ) (-6692 512 -556 ) 
4 403 404 (-6692 512 -556 ) (-6692 544 -556 ) (-6652 544 -556 ) (-6652 512 -556 ) 
4 404 406 (-6652 512 -588 ) (-6652 512 -556 ) (-6692 512 -556 ) (-6692 512 -588 ) 
4 405 409 (-6144 0 -816 ) (-6144 0 -448 ) (-6652 0 -448 ) (-6652 0 -816 ) 
4 405 406 (-6652 512 -816 ) (-6652 380 -816 ) (-6652 380 -448 ) (-6652 512 -448 ) 
4 405 407 (-6652 132 -816 ) (-6652 0 -816 ) (-6652 0 -448 ) (-6652 132 -448 ) 
4 406 408 (-6692 512 -816 ) (-6692 380 -816 ) (-6692 380 -448 ) (-6692 512 -448 ) 
4 407 410 (-6652 0 -448 ) (-6692 0 -448 ) (-6692 0 -816 ) (-6652 0 -816 ) 
4 407 408 (-6692 132 -816 ) (-6692 0 -816 ) (-6692 0 -448 ) (-6692 132 -448 ) 
4 408 412 (-6692 0 -448 ) (-6992 0 -448 ) (-6992 0 -816 ) (-6692 0 -816 ) 
4 409 413 (-6385 -512 -816 ) (-6144 -512 -816 ) (-6144 -512 -448 ) (-6385 -512 -448 ) 
4 409 410 (-6652 0 -816 ) (-6652 -132 -816 ) (-6652 -132 -448 ) (-6652 0 -448 ) 
4 409 411 (-6652 -380 -816 ) (-6652 -512 -816 ) (-6652 -512 -448 ) (-6652 -380 -448 ) 
4 410 412 (-6692 0 -816 ) (-6692 -132 -816 ) (-6692 -132 -448 ) (-6692 0 -448 ) 
4 411 412 (-6692 -380 -816 ) (-6692 -512 -816 ) (-6692 -512 -448 ) (-6692 -380 -448 ) 
9 413 414 (-6144 -544 -816 ) (-6144 -544 -591.454224 ) (-6172 -544 -573 ) (-6224 -544 -563 ) (-6276 -544 -573 ) (-6320 -544 -602 ) (-6349.012207 -544 -645.017822 ) (-6358 -544 -696.948486 ) (-6358 -544 -816 ) 
9 414 423 (-6144 -1024 -816 ) (-6144 -1024 -591.454224 ) (-6172 -1024 -573 ) (-6224 -1024 -563 ) (-6276 -1024 -573 ) (-6320 -1024 -602 ) (-6349.012207 -1024 -645.017761 ) (-6358 -1024 -696.948486 ) (-6358 -1024 -816 ) 
4 415 417 (-9216 0 -1344 ) (-9216 0 -1024 ) (-9216 256 -1024 ) (-9216 256 -1344 ) 
4 415 416 (-8256 0 -1344 ) (-8256 0 -1024 ) (-9216 0 -1024 ) (-9216 0 -1344 ) 
4 416 419 (-9216 -256 -1344 ) (-9216 -256 -1024 ) (-9216 0 -1024 ) (-9216 0 -1344 ) 
4 417 419 (-9216 0 -1344 ) (-9216 0 -1024 ) (-10240 0 -1024 ) (-10240 0 -1344 ) 
4 417 418 (-10240 0 -1344 ) (-10240 0 -1024 ) (-10240 256 -1024 ) (-10240 256 -1344 ) 
4 418 421 (-11264 0 -1344 ) (-11264 0 -1024 ) (-11264 256 -1024 ) (-11264 256 -1344 ) 
4 418 420 (-11264 0 -1024 ) (-11264 0 -1344 ) (-10240 0 -1344 ) (-10240 0 -1024 ) 
4 419 420 (-10240 0 -1024 ) (-10240 0 -1344 ) (-10240 -256 -1344 ) (-10240 -256 -1024 ) 
4 420 422 (-11264 -256 -1344 ) (-11264 -256 -1024 ) (-11264 0 -1024 ) (-11264 0 -1344 ) 
4 421 422 (-11264 0 -1344 ) (-11264 0 -1024 ) (-11536 0 -1024 ) (-11536 0 -1344 ) 
