PRT1
120
268
4 0 3 (-6856 2048 -280 ) (-6856 2048 27 ) (-7168 2048 27 ) (-7168 2048 -280 ) 
4 0 2 (-7168 2048 -280 ) (-7168 2048 27 ) (-7168 2064 27 ) (-7168 2064 -280 ) 
4 0 1 (-7168 2064 -280 ) (-7120.085938 2064 -280 ) (-7123.269043 2048 -280 ) (-7168 2048 -280 ) 
4 1 4 (-7123.269043 2048 -280 ) (-7168 2048 -280 ) (-7168 2048 -620 ) (-7123.269043 2048 -620 ) 
4 1 2 (-7168 2048 -620 ) (-7168 2048 -280 ) (-7168 2064 -280 ) (-7168 2064 -620 ) 
4 2 9 (-7168 2048 -620 ) (-7168 2048 27 ) (-7379.268555 2048 27 ) (-7379.268555 2048 -620 ) 
4 3 9 (-7168 1984 -280 ) (-7168 1984 27 ) (-7168 2048 27 ) (-7168 2048 -280 ) 
4 3 4 (-7136 1984 -280 ) (-7168 1984 -280 ) (-7168 2048 -280 ) (-7123.269043 2048 -280 ) 
4 4 9 (-7168 1984 -620 ) (-7168 1984 -280 ) (-7168 2048 -280 ) (-7168 2048 -620 ) 
5 4 8 (-7168 1984 -411.692474 ) (-7168 1984 -620 ) (-7136 1984 -620 ) (-7136 1984 -492.002869 ) (-7148 1984 -443.998840 ) 
4 5 7 (-7096 1612 -588 ) (-7096 1572 -588 ) (-7096 1572 -556 ) (-7096 1612 -556 ) 
4 5 6 (-7096 1572 -556 ) (-7096 1572 -548 ) (-7096 1612 -548 ) (-7096 1612 -556 ) 
4 6 8 (-7136 1572 -556 ) (-7136 1572 -548 ) (-7136 1612 -548 ) (-7136 1612 -556 ) 
4 6 7 (-7136 1612 -556 ) (-7096 1612 -556 ) (-7096 1572 -556 ) (-7136 1572 -556 ) 
4 7 8 (-7136 1572 -588 ) (-7136 1572 -556 ) (-7136 1612 -556 ) (-7136 1612 -588 ) 
4 8 10 (-7168 1220 -620 ) (-7168 1220 -411.692627 ) (-7168 1984 -411.691406 ) (-7168 1984 -620 ) 
10 9 10 (-7168 1984 -620 ) (-7168 1984 -411.692688 ) (-7174 1984 -402 ) (-7216 1984 -376 ) (-7264 1984 -366 ) (-7311.984863 1984 -375.996887 ) (-7354.006348 1984 -402.010101 ) (-7380 1984 -443.998413 ) (-7392 1984 -492.002747 ) (-7392 1984 -620 ) 
4 11 43 (-8192 1126.577881 -458.311707 ) (-8192 1139.997437 -479.989410 ) (-8192 1152 -528 ) (-8192 1152 -560 ) 
7 11 40 (-8192 1024 -640 ) (-8192 1024 -402 ) (-8192 1072.011841 -412.003418 ) (-8192 1114.002563 -437.997711 ) (-8192 1126.577881 -458.311707 ) (-8192 1152 -560 ) (-8192 1152 -640 ) 
4 11 39 (-8192 1024 -402 ) (-8192 1024 -640 ) (-8080 1024 -640 ) (-8080 1024 -402 ) 
3 11 31 (-7983.848145 1024 -402 ) (-8080 1024 -402 ) (-8080 1024 -461.523712 ) 
9 11 30 (-8080 1024 -640 ) (-7824 1024 -640 ) (-7824 1024 -528 ) (-7836 1024 -480 ) (-7862 1024 -438 ) (-7903.998535 1024 -412 ) (-7951.995605 1024 -402 ) (-7983.848145 1024 -402 ) (-8080 1024 -461.523712 ) 
4 12 64 (-6856 0 -816 ) (-6856 0 -448 ) (-6992 0 -448 ) (-6992 0 -816 ) 
4 12 13 (-6992 208 -608 ) (-6992 432 -608 ) (-6992 432 -768 ) (-6992 208 -768 ) 
4 13 14 (-7024 208 -608 ) (-7024 432 -608 ) (-7024 432 -768 ) (-7024 208 -768 ) 
4 14 15 (-7168 512 -768 ) (-7168 128 -768 ) (-7168 128 -512 ) (-7168 512 -512 ) 
11 15 16 (-7280 448 -768 ) (-7280 192 -768 ) (-7280 192 -656 ) (-7280 204 -608 ) (-7280 230 -566 ) (-7280 272 -540 ) (-7280 320 -530 ) (-7280 368 -540 ) (-7280 410 -566 ) (-7280 436 -608 ) (-7280 448 -656 ) 
9 16 29 (-7664 196 -640 ) (-7664 204 -608 ) (-7664 230 -566 ) (-7664 272 -540 ) (-7664 320 -530 ) (-7664 368 -540 ) (-7664 410 -566 ) (-7664 436 -608 ) (-7664 444 -640 ) 
4 16 28 (-7664 204 -607.998413 ) (-7664 192 -656.002197 ) (-7471.997559 192 -656.002197 ) (-7471.997070 204 -607.998352 ) 
4 16 25 (-7664 272.001526 -540 ) (-7664 230 -566.001099 ) (-7472 230 -566.001099 ) (-7472 272.001556 -540 ) 
4 16 24 (-7664 204 -608 ) (-7472 204 -608 ) (-7472 229.996094 -566.006104 ) (-7664 229.996094 -566.006104 ) 
4 16 22 (-7472 448 -656 ) (-7664 448 -656 ) (-7664 436 -608 ) (-7472 436 -608 ) 
4 16 21 (-7472.001953 435.996094 -607.992188 ) (-7664 435.996094 -607.992188 ) (-7664 410.001587 -566 ) (-7472.002441 410.001587 -566 ) 
4 16 19 (-7471.998047 409.998260 -566 ) (-7664 409.998260 -566 ) (-7664 367.996918 -540 ) (-7471.997559 367.996918 -540 ) 
4 16 18 (-7472.001465 367.994354 -539.998047 ) (-7664 367.994354 -539.998047 ) (-7664 320.001831 -530 ) (-7472.001465 320.001831 -530 ) 
4 16 17 (-7472 320 -530 ) (-7664 320 -530 ) (-7664 272 -540 ) (-7472 272 -540 ) 
3 17 29 (-7664 272 -540 ) (-7664 296.172760 -525.036011 ) (-7664 320 -530 ) 
4 17 27 (-7664 296.173431 -525.036133 ) (-7664 272.001526 -540 ) (-7472 272.001556 -540 ) (-7486.891602 296.173431 -525.036133 ) 
4 17 18 (-7664 320.001831 -530 ) (-7664 296.173584 -525.035400 ) (-7486.892090 296.173584 -525.035400 ) (-7472 320.001831 -530 ) 
3 18 29 (-7664 296.172760 -525.036011 ) (-7664 320 -510.285767 ) (-7664 368 -540 ) 
4 18 27 (-7664 320 -510.286041 ) (-7664 296.173431 -525.036133 ) (-7486.890625 296.173431 -525.036133 ) (-7501.571289 320 -510.286041 ) 
4 18 20 (-7664 367.996918 -540 ) (-7664 319.998810 -510.286469 ) (-7501.570313 319.998810 -510.286469 ) (-7472 367.996918 -540 ) 
3 19 29 (-7664 397.740295 -546.195923 ) (-7664 410 -566 ) (-7664 368 -540 ) 
4 19 21 (-7664 410.001587 -566 ) (-7664 397.741486 -546.196167 ) (-7490.322266 397.741486 -546.196167 ) (-7472 410.001587 -566 ) 
4 19 20 (-7490.322266 397.739075 -546.194824 ) (-7664 397.739075 -546.194824 ) (-7664 367.994354 -539.998047 ) (-7471.997070 367.994354 -539.998047 ) 
4 20 29 (-7664 320 -510.285767 ) (-7664 360.131165 -485.442657 ) (-7664 397.740295 -546.195923 ) (-7664 368 -540 ) 
4 20 27 (-7664 360.131409 -485.443054 ) (-7664 320 -510.286041 ) (-7501.571289 320 -510.286041 ) (-7551.376953 360.131409 -485.443054 ) 
5 20 21 (-7664 397.741486 -546.196167 ) (-7664 360.131927 -485.442169 ) (-7551.377930 360.131927 -485.442169 ) (-7534.772461 368 -498.151459 ) (-7490.322754 397.741486 -546.196167 ) 
3 21 29 (-7664 360.131165 -485.442657 ) (-7664 399.298950 -461.195923 ) (-7664 436 -608 ) 
5 21 27 (-7664 399.299072 -461.196381 ) (-7664 360.131409 -485.443054 ) (-7551.377441 360.131409 -485.443085 ) (-7561.144531 368.001495 -480.571106 ) (-7619.268555 399.299072 -461.196381 ) 
5 21 23 (-7664 436 -608 ) (-7664 399.298981 -461.195862 ) (-7619.269531 399.298981 -461.195862 ) (-7564.998535 410 -504.001221 ) (-7472 436 -608 ) 
4 22 29 (-7664 448 -627.384644 ) (-7664 448 -640 ) (-7664 444 -640 ) (-7664 436 -608 ) 
4 22 23 (-7514.925781 448 -627.382935 ) (-7664 448 -627.382935 ) (-7664 435.996094 -607.992188 ) (-7471.988281 435.996094 -607.992188 ) 
6 23 29 (-7664 399.298950 -461.195923 ) (-7664 417.416626 -449.980194 ) (-7664 436 -480 ) (-7664 448 -528 ) (-7664 448 -627.384644 ) (-7664 436 -608 ) 
4 23 27 (-7664 417.416779 -449.980652 ) (-7664 399.299072 -461.196381 ) (-7619.268555 399.299072 -461.196381 ) (-7639.142090 410 -454.571899 ) 
3 24 29 (-7664 204 -608 ) (-7664 211.661957 -577.352173 ) (-7664 230 -566 ) 
4 24 28 (-7664 211.662720 -577.351318 ) (-7664 204 -607.998413 ) (-7472 204 -607.998413 ) (-7499.405273 211.662674 -577.351501 ) 
4 24 26 (-7664 230 -566.001099 ) (-7664 211.660477 -577.353699 ) (-7499.407227 211.660477 -577.353699 ) (-7472 230 -566.001099 ) 
3 25 29 (-7664 272 -540 ) (-7664 230 -566 ) (-7664 242.259644 -546.195923 ) 
4 25 27 (-7472 272 -540 ) (-7664 272 -540 ) (-7664 242.259247 -546.196533 ) (-7490.321777 242.259232 -546.196533 ) 
4 25 26 (-7664 230 -566 ) (-7472 230 -566 ) (-7490.323730 242.259995 -546.194885 ) (-7664 242.259995 -546.194885 ) 
4 26 29 (-7664 230 -566 ) (-7664 211.661957 -577.352173 ) (-7664 218.197800 -551.208801 ) (-7664 242.259644 -546.195923 ) 
4 26 28 (-7664 218.198303 -551.208984 ) (-7664 211.662720 -577.351318 ) (-7499.405273 211.662674 -577.351501 ) (-7522.782715 218.198334 -551.208862 ) 
5 26 27 (-7664 242.259247 -546.196533 ) (-7664 218.197632 -551.209412 ) (-7522.783691 218.197632 -551.209412 ) (-7497.874512 230 -548.750671 ) (-7490.321777 242.259232 -546.196533 ) 
8 27 29 (-7664 417.416565 -449.980255 ) (-7664 272 -540 ) (-7664 218.197800 -551.208801 ) (-7664 249.521088 -425.915649 ) (-7664 272.001160 -412 ) (-7664 319.998718 -402 ) (-7664 368.001282 -412 ) (-7664 410 -438 ) 
4 27 28 (-7664 249.521835 -425.915039 ) (-7664 218.198303 -551.208984 ) (-7522.782715 218.198334 -551.208862 ) (-7564.994629 230 -504.004089 ) 
6 28 29 (-7664 249.521179 -425.915253 ) (-7664 196 -640 ) (-7664 192 -640 ) (-7664 192 -528 ) (-7664 204 -480 ) (-7664 230 -438 ) 
9 29 38 (-7824 192 -528 ) (-7824 204 -480 ) (-7824 230 -438 ) (-7824 272 -412 ) (-7824 320 -402 ) (-7824 368 -412 ) (-7824 410 -438 ) (-7824 436 -480 ) (-7824 448 -528 ) 
3 29 34 (-7824 192 -575.332397 ) (-7824 192 -528 ) (-7824 419.194885 -528 ) 
5 29 33 (-7824 448 -640 ) (-7824 192 -640 ) (-7824 192 -575.332397 ) (-7824 419.194885 -528 ) (-7824 448 -528 ) 
6 30 39 (-8080 1024 -640 ) (-8080 896 -640 ) (-8080 896 -528.003845 ) (-8080 908 -480.004028 ) (-8080 919.440125 -461.523743 ) (-8080 1024 -461.523743 ) 
5 30 35 (-7893.991211 946.262573 -418.195190 ) (-7903.997559 975.996155 -412 ) (-7952.001465 1024 -402 ) (-8000 975.998657 -412 ) (-8010.007324 946.262756 -418.194916 ) 
6 30 33 (-7824 868.002014 -640 ) (-7824 896.001953 -528 ) (-7836 908.001953 -480 ) (-8068 908.001648 -480.001282 ) (-8080 896.002197 -528 ) (-8080 868.002014 -640 ) 
7 30 32 (-8068.001953 908 -480.003906 ) (-7836 908 -480.003906 ) (-7836 908.005066 -479.995728 ) (-7862 934.002014 -438 ) (-7893.994629 946.263184 -418.194214 ) (-8010.006348 946.263184 -418.194214 ) (-8042 934.002930 -438 ) 
5 30 31 (-8080 1024 -461.522003 ) (-8080 919.441223 -461.522003 ) (-8042.008789 934 -438.003754 ) (-7999.997559 976.011780 -411.996582 ) (-7983.847656 1024 -402 ) 
5 31 39 (-8080 919.440125 -461.523743 ) (-8080 934 -438.003815 ) (-8080 976.011780 -411.996582 ) (-8080 1024 -402 ) (-8080 1024 -461.523743 ) 
4 32 35 (-7885.893066 922.198853 -423.208496 ) (-7893.991211 946.262573 -418.195190 ) (-8010.007324 946.262756 -418.194916 ) (-8018.105957 922.198853 -423.208191 ) 
6 32 33 (-7836 908.001953 -480 ) (-7862 918.501953 -438 ) (-7885.895996 922.200134 -423.207336 ) (-8018.104492 922.200134 -423.207336 ) (-8042 918.502197 -438 ) (-8068 908.001648 -480.001282 ) 
3 33 38 (-7824 419.185883 -528.001953 ) (-7824 448 -528.001953 ) (-7825.426270 446.573975 -522.296082 ) 
6 33 35 (-7838.889160 672 -475.333344 ) (-7862.001465 851.206787 -437.998566 ) (-7885.893066 922.198853 -423.208496 ) (-8018.105469 922.198853 -423.208191 ) (-8042 851.199829 -438 ) (-8065.110352 671.998779 -475.333099 ) 
8 33 34 (-8080 192 -575.332703 ) (-7824 192 -575.332703 ) (-7824 419.265625 -527.986328 ) (-7835.994141 649.554321 -480.009521 ) (-7838.889160 672 -475.333344 ) (-8065.110352 671.998779 -475.333099 ) (-8068 649.587891 -480.002014 ) (-8080 419.200256 -528 ) 
5 34 38 (-7836 204 -479.998749 ) (-7824 192 -528.001953 ) (-7824 419.185883 -528.001953 ) (-7825.426270 446.573975 -522.296082 ) (-7836 436 -479.998993 ) 
6 34 37 (-7920.155273 320 -402 ) (-7904.001953 272.001465 -412 ) (-7862.007813 230.005859 -437.996094 ) (-7862 230.003006 -438 ) (-7862 410 -438 ) (-7904.001465 368 -412 ) 
4 34 36 (-7862 410 -438 ) (-7862 230 -438 ) (-7836 204 -480 ) (-7836 436 -480 ) 
7 34 35 (-8000.002441 368.002472 -412.001282 ) (-7951.998047 319.998108 -402 ) (-7904 367.997559 -412 ) (-7862.004883 492.781250 -437.997070 ) (-7838.892090 671.995361 -475.333344 ) (-8065.110352 671.995728 -475.333160 ) (-8042 492.793518 -438 ) 
4 36 38 (-7836 204 -479.998749 ) (-7836 436 -480 ) (-7843.662598 417.027252 -449.351715 ) (-7843.662598 222.972778 -449.351654 ) 
4 36 37 (-7862 230.003006 -438 ) (-7843.662109 222.975418 -449.352936 ) (-7843.662109 417.028107 -449.353088 ) (-7862 410 -438 ) 
7 37 38 (-7855.500488 320 -402 ) (-7853 272 -412 ) (-7846.500488 230 -438 ) (-7843.662598 222.972778 -449.351654 ) (-7843.662598 417.027222 -449.351715 ) (-7846.500488 410 -438 ) (-7853 368 -412 ) 
5 39 50 (-8192 1024 -402 ) (-8192 1024 -434 ) (-8192 923.519836 -454.933350 ) (-8192 934 -438.003815 ) (-8192 976.011719 -411.996582 ) 
6 39 46 (-8192 1024 -434 ) (-8192 1024 -640 ) (-8192 896 -640 ) (-8192 896 -528.004028 ) (-8192 908 -480.003906 ) (-8192 923.519836 -454.933350 ) 
3 40 50 (-8192 1024 -434 ) (-8192 1024 -402 ) (-8239.998047 1024 -402 ) 
5 40 46 (-8192 1024 -640 ) (-8192 1024 -434 ) (-8239.998047 1024 -402 ) (-8624 1024 -402 ) (-8624 1024 -640 ) 
5 40 44 (-8240.007813 1140 -479.994568 ) (-8282.930664 1152 -499.379211 ) (-8624 1152 -499.379211 ) (-8624 1114.001587 -437.997101 ) (-8240.008789 1114.001831 -437.997253 ) 
4 40 43 (-8192 1152 -559.996826 ) (-8239.997070 1152 -528 ) (-8239.998047 1139.997314 -479.988922 ) (-8192 1126.578491 -458.312469 ) 
4 40 42 (-8240.005859 1114 -437.996094 ) (-8624 1114 -437.996124 ) (-8624 1072.013184 -412.003723 ) (-8240.005859 1072.013306 -412.003723 ) 
4 40 41 (-8240 1072.009521 -412.002380 ) (-8624 1072.009521 -412.002380 ) (-8624 1024 -402 ) (-8240 1024 -402 ) 
4 41 46 (-8269.577148 1024 -382.281799 ) (-8624 1024 -382.281830 ) (-8624 1024 -402 ) (-8239.998047 1024 -402 ) 
3 41 45 (-8624 1024 -384 ) (-8624 1024 -382.281799 ) (-8624 1026.775513 -384 ) 
4 41 42 (-8624 1072.013184 -412.003723 ) (-8624 1024 -382.281250 ) (-8269.578125 1024 -382.281250 ) (-8239.998047 1072.013306 -412.003723 ) 
4 42 47 (-8404.085938 1024 -292.609253 ) (-8624 1024 -292.609375 ) (-8624 1024 -382.281830 ) (-8269.578125 1024 -382.281799 ) 
4 42 45 (-8624 1024 -382.281799 ) (-8624 1024 -292.609131 ) (-8624 1080.575073 -384 ) (-8624 1026.775513 -384 ) 
5 42 44 (-8240.005859 1114.001831 -437.997223 ) (-8624 1114.001587 -437.997101 ) (-8624 1024 -292.609924 ) (-8404.084961 1024 -292.609650 ) (-8302.779297 1072 -370.146545 ) 
3 44 48 (-8624 1024 -146 ) (-8624 1024 -292.609375 ) (-8404.085938 1024 -292.609253 ) 
8 44 45 (-8624 1024 -292.609131 ) (-8624 1024 -146 ) (-8624 1072 -156 ) (-8624 1114 -182 ) (-8624 1140 -224 ) (-8624 1152 -272 ) (-8624 1152 -384 ) (-8624 1080.575195 -384 ) 
3 45 53 (-8624 1024 -304.571136 ) (-8624 1024 -146 ) (-8880.154297 1024 -146 ) 
3 45 52 (-8864 1024 -156 ) (-8880.154297 1024 -146 ) (-8912 1024 -146 ) 
9 45 51 (-8624 1024 -384 ) (-8624 1024 -304.571136 ) (-8864 1024 -156 ) (-8912 1024 -146 ) (-8960 1024 -156 ) (-9002 1024 -182 ) (-9028 1024 -224 ) (-9040 1024 -271.998932 ) (-9040 1024 -384 ) 
3 46 51 (-8624 1024 -382.289551 ) (-8624 1024 -384 ) (-8624 1021.236938 -384 ) 
5 46 50 (-8192 923.519531 -454.933990 ) (-8192 1024 -434 ) (-8240.001953 1024 -402 ) (-8240.001953 976.011780 -411.996582 ) (-8214.120117 934 -438.003784 ) 
4 46 49 (-8624 896 -528.007629 ) (-8239.989258 896 -528.007629 ) (-8239.989258 908.001465 -480.001465 ) (-8624 908.001526 -480.001343 ) 
4 46 48 (-8624 908 -480.003906 ) (-8239.993164 908 -480.003906 ) (-8239.994141 934 -438.003876 ) (-8624 934 -438.003845 ) 
5 46 47 (-8624 934.002197 -438.005615 ) (-8239.989258 934.002197 -438.005615 ) (-8239.989258 975.984375 -412.016663 ) (-8269.570313 1024 -382.292694 ) (-8624 1024 -382.292694 ) 
3 47 53 (-8624 1024 -292.619385 ) (-8624 1024 -304.571106 ) (-8624 1016.601318 -304.571075 ) 
5 47 51 (-8624 1024 -304.571106 ) (-8624 1024 -382.289551 ) (-8624 1021.236938 -384 ) (-8624 967.431030 -384 ) (-8624 1016.601318 -304.571075 ) 
5 47 48 (-8302.746094 975.988831 -370.175720 ) (-8404.077148 1024 -292.619263 ) (-8624 1024 -292.619263 ) (-8624 934 -438.003845 ) (-8239.993164 934 -438.003876 ) 
5 48 53 (-8624 1024 -146 ) (-8624 1024 -292.619385 ) (-8624 1016.601318 -304.571075 ) (-8624 951.858093 -304.571167 ) (-8624 989.715149 -153.142822 ) 
4 48 51 (-8624 1016.601318 -304.571075 ) (-8624 967.431030 -384 ) (-8624 932 -384 ) (-8624 951.858093 -304.571167 ) 
5 48 49 (-8545.976563 975.997620 -208.016479 ) (-8624 989.716003 -153.142975 ) (-8624 908.001526 -480.001343 ) (-8239.993164 908.001465 -480.001465 ) (-8332.990234 934 -376.005249 ) 
7 49 53 (-8624 896 -304.571289 ) (-8624 896 -272 ) (-8624 908 -224 ) (-8624 934 -182 ) (-8624 975.998657 -156 ) (-8624 989.715149 -153.142822 ) (-8624 951.858154 -304.571167 ) 
4 49 51 (-8624 896 -384 ) (-8624 896 -304.571289 ) (-8624 951.858154 -304.571167 ) (-8624 932 -384 ) 
4 51 56 (-9040 896 -271.995819 ) (-9040 896 -384 ) (-8784 896 -384 ) (-8784 896 -271.998322 ) 
7 51 55 (-9001.996094 934 -181.996094 ) (-9027.995117 908.001099 -223.995728 ) (-8796 908 -223.996368 ) (-8822 933.998718 -182 ) (-8864 950.093140 -156 ) (-8912 956.283508 -146 ) (-8960.003906 950.092346 -156 ) 
5 51 54 (-9040 896 -272 ) (-8784 896 -272 ) (-8796 908 -223.996094 ) (-9027.992188 908 -223.996094 ) (-9028.003906 907.996216 -224.015182 ) 
8 51 53 (-8822.005859 934.002136 -181.998520 ) (-8754.164063 908.003906 -223.996094 ) (-8676.600586 896 -272.011719 ) (-8624 896 -304.573975 ) (-8624 1024 -304.573975 ) (-8864.004883 1024 -156 ) (-8864.004883 976.004761 -156 ) (-8864.002930 976 -156 ) 
3 51 52 (-8863.998047 975.995361 -156 ) (-8863.998047 1024 -156 ) (-8912.001953 1024 -146 ) 
3 52 53 (-8864.004883 976.004761 -156 ) (-8864.004883 1024 -156 ) (-8880.157227 1024 -146 ) 
4 54 56 (-9032.846680 896 -243.384155 ) (-9040 896 -271.995819 ) (-8784 896 -271.998322 ) (-8791.155273 896 -243.384216 ) 
5 54 55 (-9027.995117 908.001099 -223.995728 ) (-9028.001953 907.994019 -224.007156 ) (-9032.845703 896 -243.382813 ) (-8791.155273 896 -243.382813 ) (-8796 908 -223.996353 ) 
9 55 56 (-9002 896 -181.996094 ) (-9028 896 -223.995819 ) (-9032.846680 896 -243.384155 ) (-8791.155273 896 -243.384216 ) (-8796.001953 896 -223.995697 ) (-8822 896 -182 ) (-8864 896 -156 ) (-8912 896 -146 ) (-8960.009766 896 -156.002045 ) 
11 56 58 (-8912 640 -146 ) (-8959.998047 640 -156 ) (-9002 640 -182.001526 ) (-9028 640 -223.998764 ) (-9040 640 -272 ) (-9040 640 -384 ) (-8784 640 -384 ) (-8784 640 -272 ) (-8796 640 -224 ) (-8822 640 -182 ) (-8864 640 -156 ) 
11 57 58 (-8560 448 -384 ) (-8560 192 -384 ) (-8560 192 -272 ) (-8560 204 -224 ) (-8560 230 -182 ) (-8560 272 -156 ) (-8560 320 -146 ) (-8560 368 -156 ) (-8560 410 -182 ) (-8560 436 -224 ) (-8560 448 -272 ) 
4 58 95 (-8560 0 -384 ) (-8560 0 56 ) (-9216 0 56 ) (-9216 0 -384 ) 
4 58 59 (-9216 0 -384 ) (-9216 0 56 ) (-9216 640 56 ) (-9216 640 -384 ) 
4 59 109 (-9216 0 -384 ) (-9216 0 56 ) (-9264 0 56 ) (-9264 0 -384 ) 
4 59 62 (-9264 0 -384 ) (-9264 0 32 ) (-9264 32 32 ) (-9264 32 -384 ) 
7 59 60 (-9264 287.915985 -384 ) (-9264 32 -384 ) (-9264 32 32 ) (-9264 129.878098 12.514072 ) (-9264 212.935486 -42.982323 ) (-9264 268.430817 -126.039230 ) (-9264 287.915985 -224 ) 
10 60 63 (-9621.910156 32 -384 ) (-9340 32 -384 ) (-9340 32 32 ) (-9355.356445 32 30.825592 ) (-9381.874023 32 27.098051 ) (-9461.337891 32 12.513235 ) (-9494.316406 32 -7.826681 ) (-9546.934570 32 -42.986385 ) (-9602.433594 32 -126.056969 ) (-9621.910156 32 -224.001160 ) 
4 60 62 (-9340 32 -384 ) (-9264 32 -384 ) (-9264 32 32 ) (-9340 32 32 ) 
4 61 110 (-9366 0 64 ) (-9366 0 32 ) (-9302 0 32 ) (-9302 0 64 ) 
10 61 62 (-9340 32 32 ) (-9328 32 32 ) (-9316 27 32 ) (-9307 17.998831 32 ) (-9302 6 32 ) (-9302 0 32 ) (-9366 0 32 ) (-9366 6 32 ) (-9361 18 32 ) (-9352 27 32 ) 
4 62 113 (-9366 0 32 ) (-9416.800781 0 21.886280 ) (-9416.799805 0 -384 ) (-9366 0 -384 ) 
4 62 111 (-9264 0 -384 ) (-9264 0 32 ) (-9366 0 32 ) (-9366 0 -384 ) 
7 62 63 (-9416.803711 0 21.885517 ) (-9390.467773 10.973571 27.128809 ) (-9365.827148 21.240477 30.866163 ) (-9352 27.002251 32 ) (-9340.003906 32 32 ) (-9340.003906 32 -384 ) (-9416.803711 0 -384 ) 
7 63 113 (-9416.800781 0 21.886280 ) (-9463.874023 0 12.514465 ) (-9546.935547 0 -42.987144 ) (-9602.433594 0 -126.056046 ) (-9621.910156 0 -224.002075 ) (-9621.910156 0 -384 ) (-9416.799805 0 -384 ) 
4 64 65 (-6992 -208 -768 ) (-6992 -432 -768 ) (-6992 -432 -608 ) (-6992 -208 -608 ) 
4 65 66 (-7024 -208 -768 ) (-7024 -432 -768 ) (-7024 -432 -608 ) (-7024 -208 -608 ) 
4 66 67 (-7168 -128 -768 ) (-7168 -512 -768 ) (-7168 -512 -512 ) (-7168 -128 -512 ) 
10 67 71 (-7280 -442.138641 -632.554565 ) (-7280 -436 -608 ) (-7280 -410 -566 ) (-7280 -368 -540 ) (-7280 -320 -530 ) (-7280 -272 -540 ) (-7280 -230 -566 ) (-7280 -204 -608 ) (-7280 -192 -656 ) (-7280 -192 -684.666443 ) 
4 67 70 (-7280 -448 -717.524048 ) (-7280 -448 -656 ) (-7280 -442.138641 -632.554565 ) (-7280 -343.826935 -653.036011 ) 
3 67 69 (-7280 -368 -668 ) (-7280 -343.826935 -653.036011 ) (-7280 -319.998566 -658 ) 
6 67 68 (-7280 -192 -768 ) (-7280 -448 -768 ) (-7280 -448 -717.524048 ) (-7280 -368 -668 ) (-7280 -319.998566 -658 ) (-7280 -192 -684.666443 ) 
6 68 79 (-7664 -444 -640 ) (-7664 -436 -608 ) (-7664 -360.131165 -485.442627 ) (-7664 -230 -566 ) (-7664 -204 -608 ) (-7664 -196 -640 ) 
4 68 78 (-7471.996582 -192 -656.002197 ) (-7664 -192 -656.002197 ) (-7664 -204 -607.998535 ) (-7472 -204 -607.998535 ) 
4 68 76 (-7664 -448 -656 ) (-7472 -448 -656 ) (-7472 -436 -608 ) (-7664 -436 -608 ) 
4 68 75 (-7471.995117 -204 -608.002441 ) (-7664 -204 -608.002441 ) (-7664 -230.002090 -565.998779 ) (-7471.995605 -230.002090 -565.998779 ) 
5 68 74 (-7472 -409.998260 -565.998901 ) (-7534.768555 -368 -498.153809 ) (-7551.375977 -360.130585 -485.442993 ) (-7664 -360.130585 -485.442993 ) (-7664 -409.998291 -565.998901 ) 
4 68 73 (-7664 -436 -608.001953 ) (-7471.997070 -436 -608.001953 ) (-7472 -409.998260 -565.998901 ) (-7664 -409.998291 -565.998901 ) 
6 68 72 (-7471.996582 -230 -566.002014 ) (-7664 -230 -566.002014 ) (-7664 -360.134979 -485.441406 ) (-7551.379883 -360.134979 -485.441406 ) (-7501.569336 -320 -510.287170 ) (-7471.997070 -272 -540.001709 ) 
7 68 71 (-7280 -192 -684.666687 ) (-7323 -192 -656 ) (-7391.250000 -204 -608 ) (-7446.123047 -230 -566 ) (-7471.998535 -272.001007 -540 ) (-7472 -319.998596 -530 ) (-7280 -319.998505 -658 ) 
7 68 70 (-7472.002930 -410 -566 ) (-7433.145996 -436 -608 ) (-7372.288574 -448 -656 ) (-7280 -448 -717.525757 ) (-7280 -367.995514 -668 ) (-7472 -367.995758 -540 ) (-7472.003418 -368 -540 ) 
4 68 69 (-7280 -319.998230 -657.994812 ) (-7471.992676 -319.998291 -530 ) (-7472 -367.992523 -539.998413 ) (-7280 -367.992584 -667.998657 ) 
4 69 71 (-7457.107910 -343.826385 -534.963806 ) (-7280 -343.826874 -653.035889 ) (-7280 -319.998505 -658 ) (-7472 -319.998596 -530 ) 
4 69 70 (-7280 -343.828857 -653.039063 ) (-7457.112305 -343.828888 -534.964355 ) (-7472 -367.995758 -540 ) (-7280 -367.995514 -668 ) 
6 70 71 (-7389.882324 -409.993683 -565.996094 ) (-7318.732910 -436.002594 -608.010498 ) (-7280 -442.138519 -632.554199 ) (-7280 -343.826874 -653.035889 ) (-7457.107910 -343.826385 -534.963806 ) (-7442 -368 -540 ) 
3 72 92 (-7664 -345.619324 -462 ) (-7664 -320 -420.615417 ) (-7664 -294.380676 -462 ) 
4 72 79 (-7664 -360.131165 -485.442627 ) (-7664 -345.619324 -462 ) (-7664 -294.380676 -462 ) (-7664 -230 -566 ) 
5 72 75 (-7664 -230.002090 -565.998779 ) (-7664 -320 -420.616150 ) (-7636.074707 -320 -420.616150 ) (-7534.767090 -272 -498.154755 ) (-7472 -230.002090 -565.998779 ) 
4 72 74 (-7636.080566 -319.997833 -420.612823 ) (-7664 -319.997833 -420.612823 ) (-7664 -360.130585 -485.442993 ) (-7551.376953 -360.130585 -485.442993 ) 
3 73 79 (-7664 -436 -608 ) (-7664 -428.338043 -577.352112 ) (-7664 -410 -566 ) 
4 73 77 (-7499.407227 -428.338013 -577.352112 ) (-7664 -428.338013 -577.352112 ) (-7664 -436 -608 ) (-7472 -436 -608 ) 
4 73 74 (-7471.995605 -409.997833 -566 ) (-7664 -409.997833 -566 ) (-7664 -428.339233 -577.355225 ) (-7499.405273 -428.339233 -577.355225 ) 
6 74 92 (-7664 -399.500122 -462 ) (-7664 -390.478943 -425.915771 ) (-7664 -368 -412 ) (-7664 -330.207397 -404.126526 ) (-7664 -320 -420.615417 ) (-7664 -345.619324 -462 ) 
4 74 79 (-7664 -428.338043 -577.352112 ) (-7664 -399.500122 -462 ) (-7664 -345.619324 -462 ) (-7664 -410 -566 ) 
4 74 77 (-7664 -390.478943 -425.915802 ) (-7664 -428.338013 -577.352112 ) (-7499.407227 -428.338013 -577.352112 ) (-7565 -410 -504 ) 
3 74 75 (-7664 -320 -420.616150 ) (-7664 -330.208160 -404.126709 ) (-7636.076172 -320 -420.616150 ) 
6 75 92 (-7664 -249.521088 -425.915649 ) (-7664 -240.499893 -462 ) (-7664 -294.380707 -462 ) (-7664 -330.207367 -404.126617 ) (-7664 -320 -402 ) (-7664 -272.001434 -412 ) 
3 75 79 (-7664 -240.499893 -462 ) (-7664 -204 -608 ) (-7664 -294.380707 -462 ) 
4 75 78 (-7664 -204 -607.998535 ) (-7664 -249.521667 -425.915466 ) (-7564.992188 -230 -504.005920 ) (-7472 -204 -607.998535 ) 
4 76 79 (-7664 -448 -640 ) (-7664 -448 -627.384644 ) (-7664 -436 -608 ) (-7664 -444 -640 ) 
4 76 77 (-7664 -448 -627.382813 ) (-7514.926270 -448 -627.382813 ) (-7471.988281 -435.996094 -607.992188 ) (-7664 -435.996094 -607.992188 ) 
4 77 92 (-7664 -424.857300 -462 ) (-7664 -410 -438 ) (-7664 -390.478882 -425.915619 ) (-7664 -399.500122 -462 ) 
6 77 79 (-7664 -448 -627.384644 ) (-7664 -448 -528 ) (-7664 -436 -480 ) (-7664 -424.857300 -462 ) (-7664 -399.500122 -462 ) (-7664 -436 -608 ) 
4 78 92 (-7664 -240.499893 -462 ) (-7664 -249.521027 -425.915894 ) (-7664 -230 -438 ) (-7664 -215.142441 -462 ) 
6 78 79 (-7664 -192 -528 ) (-7664 -192 -640 ) (-7664 -196 -640 ) (-7664 -240.499893 -462 ) (-7664 -215.142441 -462 ) (-7664 -204 -480 ) 
6 79 92 (-7779.195801 -230 -438 ) (-7824 -245.078400 -428.665741 ) (-7824 -394.921600 -428.665741 ) (-7779.195801 -410 -438 ) (-7664 -424.856689 -462 ) (-7664 -215.143341 -462 ) 
6 79 91 (-7824 -394.923584 -428.666992 ) (-7824 -245.076324 -428.666992 ) (-7824 -230 -438 ) (-7824 -215.437653 -461.523834 ) (-7824 -424.562408 -461.523865 ) (-7824 -410 -438 ) 
6 79 81 (-7824 -215.437653 -461.523834 ) (-7824 -203.997940 -480.003357 ) (-7824 -199.152527 -499.385040 ) (-7824 -440.846069 -499.384430 ) (-7824 -436 -480 ) (-7824 -424.562408 -461.523865 ) 
6 79 80 (-7824 -199.152527 -499.385040 ) (-7824 -192 -527.995117 ) (-7824 -192 -640 ) (-7824 -448 -640 ) (-7824 -448 -528 ) (-7824 -440.846069 -499.384430 ) 
3 80 92 (-7904.001953 -272.007019 -411.998535 ) (-7951.994629 -320 -402 ) (-7904.001953 -367.997620 -411.998535 ) 
6 80 91 (-7862 -229.998749 -438.002075 ) (-7862.001953 -230 -438 ) (-7904.003418 -272.002258 -412 ) (-7904.003418 -367.998932 -412 ) (-7862.002441 -410 -438 ) (-7862 -410.001343 -438.002167 ) 
8 80 88 (-7835.997070 -436.003296 -480.005280 ) (-7862.004395 -425.500214 -437.992950 ) (-7903.989258 -419.002563 -412.002380 ) (-7952 -416.501984 -402 ) (-8000 -419.002045 -412 ) (-8042 -425.501740 -438 ) (-8068 -436.002197 -480.001038 ) (-8068.001465 -436.003265 -480.005280 ) 
6 80 82 (-8080 -476.001953 -640 ) (-7824 -476.001953 -640 ) (-7824 -448.001740 -528 ) (-7835.998535 -436.003296 -480.005280 ) (-8068.001465 -436.003265 -480.005280 ) (-8080 -448.001862 -528 ) 
7 80 81 (-7836.003418 -204 -480.002380 ) (-7862.003906 -230 -438 ) (-7862.006836 -230.007523 -437.995331 ) (-7862.007813 -409.996674 -437.994629 ) (-7836.004395 -436 -480 ) (-7824 -440.847961 -499.391785 ) (-7824 -199.151382 -499.394440 ) 
4 81 91 (-7824 -424.563324 -461.525391 ) (-7824 -215.436676 -461.525391 ) (-7862 -229.998749 -438.002075 ) (-7862 -410.001343 -438.002167 ) 
6 82 88 (-7824 -535.042969 -640 ) (-7824 -465.711609 -528 ) (-7836 -436.001007 -480.003998 ) (-8068 -436.001007 -480.003998 ) (-8080 -465.712555 -528 ) (-8080 -535.046143 -640 ) 
10 83 93 (-7904 -1024 -412 ) (-7952 -1024 -402 ) (-8029.739746 -1024 -418.195740 ) (-8068 -1024 -480.001678 ) (-8080 -1024 -528 ) (-8080 -1024 -640 ) (-7824 -1024 -640 ) (-7824 -1024 -527.998901 ) (-7836 -1024 -480 ) (-7862 -1024 -438 ) 
4 83 90 (-8080 -896 -640 ) (-8080 -1024 -640 ) (-8080 -1024 -528 ) (-8080 -896 -528 ) 
4 83 89 (-8029.740234 -1024 -418.196564 ) (-7952 -1024 -402 ) (-7999.988281 -976.009338 -411.998108 ) (-8029.740234 -965.996460 -418.196564 ) 
8 83 88 (-7861.994629 -933.995178 -438.007843 ) (-7836.001953 -866.167969 -479.996094 ) (-7824 -788.617126 -528.003784 ) (-7824 -607.700134 -640 ) (-8080 -607.700134 -640 ) (-8080 -788.623535 -528 ) (-8068 -866.158203 -480.002136 ) (-8042.003906 -933.995239 -438.007813 ) 
7 83 87 (-7862 -934.008667 -438 ) (-7861.994629 -933.995178 -438.007843 ) (-8042.003906 -933.995239 -438.007813 ) (-8041.998047 -934.010254 -437.998505 ) (-8000 -976.008972 -412 ) (-7952.001465 -992.162048 -402 ) (-7903.998535 -976.007080 -412 ) 
5 83 85 (-8029.742676 -1024 -418.196381 ) (-8029.742676 -965.990417 -418.196381 ) (-8042.001953 -934 -438 ) (-8068 -908.003113 -479.995056 ) (-8068 -1024 -479.995056 ) 
4 83 84 (-8068 -1024 -480.001984 ) (-8068 -908 -480.001984 ) (-8080 -896 -528.002075 ) (-8080 -1024 -528.002075 ) 
3 84 93 (-8068 -1024 -480.001678 ) (-8080 -1024 -499.385345 ) (-8080 -1024 -528 ) 
4 84 90 (-8080 -1024 -528 ) (-8080 -1024 -499.385376 ) (-8080 -903.153625 -499.385376 ) (-8080 -896 -528 ) 
4 84 86 (-8080 -903.154663 -499.381317 ) (-8080 -1024 -499.381317 ) (-8068 -1024 -479.995056 ) (-8068 -908.001221 -479.995056 ) 
3 85 93 (-8029.739746 -1024 -418.195740 ) (-8053.802246 -1024 -423.208771 ) (-8068 -1024 -480.001678 ) 
4 85 89 (-8053.802734 -1024 -423.209686 ) (-8029.740234 -1024 -418.196564 ) (-8029.740234 -965.996460 -418.196564 ) (-8053.802734 -957.898376 -423.209686 ) 
5 85 86 (-8068 -907.998779 -480.001984 ) (-8068 -1024 -480.001984 ) (-8053.801758 -1024 -423.208679 ) (-8053.801758 -957.899414 -423.208679 ) (-8057.500977 -933.996399 -438.005768 ) 
4 86 93 (-8053.802246 -1024 -423.208771 ) (-8080 -1024 -428.666595 ) (-8080 -1024 -499.385345 ) (-8068 -1024 -480.001678 ) 
6 86 90 (-8080 -1024 -499.385376 ) (-8080 -1024 -428.666656 ) (-8080 -949.083191 -428.666656 ) (-8080 -933.996277 -438.006195 ) (-8080 -908 -480 ) (-8080 -903.153687 -499.385376 ) 
4 86 89 (-8080 -949.081909 -428.667480 ) (-8080 -1024 -428.667480 ) (-8053.802734 -1024 -423.209686 ) (-8053.802734 -957.898376 -423.209686 ) 
6 87 88 (-7862 -934 -437.998962 ) (-7861.995605 -933.994385 -438.007355 ) (-8042.012207 -933.994385 -438.007324 ) (-8000 -950.096313 -412 ) (-7952.001953 -956.287231 -402 ) (-7904 -950.095703 -412 ) 
3 89 93 (-7952 -1024 -402 ) (-8080 -1024 -402 ) (-8080 -1024 -428.666595 ) 
4 89 90 (-8080 -949.083191 -428.666656 ) (-8080 -1024 -428.666656 ) (-8080 -1024 -402 ) (-8080 -976.009216 -411.998138 ) 
5 90 100 (-8192 -966.113892 -418.123810 ) (-8192 -933.996155 -438.006195 ) (-8192 -908 -480 ) (-8192 -896 -528 ) (-8192 -896 -531.384827 ) 
6 90 96 (-8192 -896 -640 ) (-8192 -1024 -640 ) (-8192 -1024 -402 ) (-8192 -976.009338 -411.998047 ) (-8192 -966.113892 -418.123810 ) (-8192 -896 -531.384827 ) 
4 90 93 (-8192 -1024 -402 ) (-8192 -1024 -640 ) (-8080 -1024 -640 ) (-8080 -1024 -402 ) 
5 91 92 (-7903.995117 -272 -412 ) (-7904.001953 -272.007019 -411.998535 ) (-7904.001953 -367.997620 -411.998535 ) (-7824 -394.921600 -428.665741 ) (-7824 -245.078400 -428.665741 ) 
5 93 116 (-8192 -1152 -531.385010 ) (-8192 -1152 -527.996155 ) (-8192 -1140.004150 -480.013000 ) (-8192 -1113.988770 -437.988251 ) (-8192 -1081.877319 -418.109741 ) 
5 93 115 (-8192 -1024 -402 ) (-8192 -1024 -434 ) (-8192 -1101.740112 -450.195801 ) (-8192 -1081.877319 -418.109741 ) (-8192 -1072.013916 -412.003845 ) 
5 93 114 (-8192 -1024 -434 ) (-8192 -1024 -640 ) (-8192 -1152 -640 ) (-8192 -1152 -531.385010 ) (-8192 -1101.740112 -450.195801 ) 
11 94 95 (-8560 -192 -384 ) (-8560 -448 -384 ) (-8560 -448 -272 ) (-8560 -436 -224 ) (-8560 -410 -182 ) (-8560 -368 -156 ) (-8560 -320 -146 ) (-8560 -272 -156 ) (-8560 -230 -182 ) (-8560 -204 -224 ) (-8560 -192 -272 ) 
4 95 109 (-9216 0 56 ) (-9216 0 -384 ) (-9216 -640 -384 ) (-9216 -640 56 ) 
11 95 105 (-9028 -640 -223.998505 ) (-9040 -640 -272 ) (-9040 -640 -384 ) (-8784 -640 -384 ) (-8784 -640 -272 ) (-8796 -640 -223.998672 ) (-8822 -640 -182 ) (-8864 -640 -156 ) (-8912 -640 -146 ) (-8960 -640 -156 ) (-9002 -640 -182 ) 
3 96 115 (-8192 -1024 -434 ) (-8192 -1024 -402 ) (-8240 -1024 -402 ) 
5 96 114 (-8192 -1024 -640 ) (-8192 -1024 -434 ) (-8240 -1024 -402 ) (-8624 -1024 -402 ) (-8624 -1024 -640 ) 
5 96 100 (-8192 -896 -531.388000 ) (-8197.082031 -896 -528 ) (-8240.004883 -908 -480 ) (-8240.004883 -933.996155 -438.006256 ) (-8192 -966.116699 -418.122131 ) 
4 96 99 (-8624 -976.006226 -412 ) (-8624 -1024 -402.001312 ) (-8239.997070 -1024 -402.001892 ) (-8239.997070 -976.005737 -412 ) 
5 96 98 (-8624 -976.013916 -411.997803 ) (-8239.990234 -976.013916 -411.997803 ) (-8239.990234 -934.002197 -438.005066 ) (-8267.402344 -915.660034 -449.359711 ) (-8624 -915.660034 -449.359711 ) 
5 96 97 (-8624 -915.661682 -449.355469 ) (-8267.398438 -915.661682 -449.355469 ) (-8239.995117 -908 -480 ) (-8239.995117 -896 -528.002197 ) (-8624 -896 -528.002197 ) 
5 97 98 (-8267.402344 -915.660034 -449.359711 ) (-8278.851563 -907.998901 -454.102325 ) (-8339.703125 -896 -461.530212 ) (-8624 -896 -461.530212 ) (-8624 -915.660034 -449.359711 ) 
6 98 99 (-8265.871094 -934.001953 -420.750977 ) (-8320.749023 -908 -426.168030 ) (-8388.998047 -896 -428.667969 ) (-8624 -896 -428.667969 ) (-8624 -976.006226 -412 ) (-8239.994141 -976.005737 -412 ) 
3 99 118 (-8624 -1024 -146 ) (-8624 -1024 -382.280945 ) (-8269.579102 -1024 -382.280945 ) 
4 99 114 (-8624 -1024 -382.280945 ) (-8624 -1024 -402 ) (-8240 -1024 -402 ) (-8269.579102 -1024 -382.280945 ) 
7 99 102 (-8624 -1024 -384 ) (-8624 -1024 -146 ) (-8624 -976 -156 ) (-8624 -934 -182 ) (-8624 -908 -224 ) (-8624 -896 -272 ) (-8624 -896 -384 ) 
3 101 119 (-8784 -1024 -272 ) (-8784 -1024 -384 ) (-8756 -1024 -384 ) 
4 101 103 (-8784 -896 -384 ) (-8784 -1024 -384 ) (-8784 -1024 -272 ) (-8784 -896 -272 ) 
4 101 102 (-8755.997070 -1024 -384 ) (-8755.997070 -896 -384 ) (-8784 -896 -271.989319 ) (-8784 -1024 -271.989319 ) 
5 102 119 (-8624 -1024 -384 ) (-8624 -1024 -146 ) (-8784 -1024 -146 ) (-8784 -1024 -272 ) (-8756 -1024 -384 ) 
4 102 108 (-8784 -1024 -172.666595 ) (-8784 -1024 -146 ) (-8784 -975.998901 -156 ) (-8784 -949.076355 -172.666641 ) 
6 102 107 (-8784 -1024 -243.384323 ) (-8784 -1024 -172.666595 ) (-8784 -949.076355 -172.666641 ) (-8784 -934 -182 ) (-8784 -907.993896 -224.009644 ) (-8784 -903.150269 -243.384048 ) 
5 102 106 (-8784 -1024 -272 ) (-8784 -1024 -243.384323 ) (-8784 -903.150269 -243.384048 ) (-8784 -896 -271.985077 ) (-8784 -896 -272 ) 
9 103 119 (-8912 -1024 -146 ) (-8960 -1024 -156 ) (-9002 -1024 -182 ) (-9028 -1024 -224 ) (-9040 -1024 -271.998932 ) (-9040 -1024 -384 ) (-8784 -1024 -384 ) (-8784 -1024 -272 ) (-8810.198242 -1024 -167.208740 ) 
4 103 108 (-8912 -1024 -146 ) (-8810.198242 -1024 -167.209122 ) (-8810.198242 -957.892273 -167.209122 ) (-8864 -975.998840 -156 ) 
5 103 107 (-8795.997070 -907.997131 -224.004333 ) (-8806.498047 -934 -182 ) (-8810.195313 -957.889221 -167.210999 ) (-8810.195313 -1024 -167.210999 ) (-8795.997070 -1024 -224.004532 ) 
5 103 106 (-8784 -1024 -271.992249 ) (-8784 -895.998169 -271.992249 ) (-8795.996094 -907.993835 -224.009613 ) (-8795.997070 -907.997131 -224.004333 ) (-8795.997070 -1024 -224.004532 ) 
9 103 105 (-8795.998047 -908 -224.002563 ) (-8784 -878.289246 -271.996094 ) (-8784 -808.953491 -384 ) (-9040 -808.953125 -384 ) (-9040 -878.285156 -272 ) (-9028 -908 -224 ) (-9002 -934.001953 -182 ) (-9001.996094 -934.003540 -181.997437 ) (-8822 -934.002258 -181.998245 ) 
6 103 104 (-8821.991211 -933.994385 -182.005600 ) (-9002.003906 -933.994385 -182.005600 ) (-9002 -934 -182.001572 ) (-8960 -976.003113 -156 ) (-8911.994141 -992.157959 -145.998795 ) (-8864.004883 -976.007690 -155.996567 ) 
5 104 105 (-8822.002930 -934.002258 -181.998245 ) (-9001.996094 -934.003540 -181.997437 ) (-8960.002930 -950.096375 -156 ) (-8912.004883 -956.286377 -146.001083 ) (-8863.994141 -950.094482 -156.003174 ) 
3 106 119 (-8784 -1024 -272 ) (-8784 -1024 -243.384125 ) (-8796 -1024 -223.998657 ) 
4 106 107 (-8784 -1024 -243.381042 ) (-8784 -903.151001 -243.381042 ) (-8796.001953 -907.997803 -223.994110 ) (-8796.001953 -1024 -223.994110 ) 
4 107 119 (-8784 -1024 -243.384125 ) (-8784 -1024 -172.666626 ) (-8810.198242 -1024 -167.208740 ) (-8796 -1024 -223.998657 ) 
4 107 108 (-8810.198242 -1024 -167.209122 ) (-8784 -1024 -172.666992 ) (-8784 -949.075745 -172.666992 ) (-8810.198242 -957.892273 -167.209122 ) 
3 108 119 (-8912 -1024 -146 ) (-8784 -1024 -172.666626 ) (-8784 -1024 -146 ) 
7 109 112 (-9264 -63.666698 25.696125 ) (-9264 -63.666737 -384 ) (-9264 -287.915985 -384 ) (-9264 -287.915985 -224 ) (-9264 -268.430786 -126.039169 ) (-9264 -212.935913 -42.982941 ) (-9264 -129.877457 12.514601 ) 
5 109 111 (-9264 -32.002357 32 ) (-9264 0 32 ) (-9264 0 -384 ) (-9264 -63.666737 -384 ) (-9264 -63.666698 25.696106 ) 
10 110 111 (-9366 0 32 ) (-9302 0 32 ) (-9302 -6 32 ) (-9307 -18 32 ) (-9316 -27 32 ) (-9328 -32 32 ) (-9340 -32 32 ) (-9352 -27 32 ) (-9361 -18 32 ) (-9366 -6 32 ) 
5 111 113 (-9366 0 -384 ) (-9366 -21.166794 -384 ) (-9366 -21.166754 30.840204 ) (-9366 -6 32 ) (-9366 0 32 ) 
7 111 112 (-9340 -32 32 ) (-9352.019531 -26.991730 32 ) (-9365.828125 -21.238281 30.866211 ) (-9366 -21.166666 30.840143 ) (-9366 -21.166662 -384 ) (-9264 -63.666351 -384 ) (-9264 -63.666187 25.696228 ) 
10 112 113 (-9366 -21.166794 -384 ) (-9366 -287.915985 -384 ) (-9366 -287.915985 -224 ) (-9366 -268.430847 -126.039238 ) (-9366 -212.935928 -42.982956 ) (-9366 -160.325333 -7.829889 ) (-9366 -127.348114 12.507372 ) (-9366 -47.721138 27.122023 ) (-9366 -21.351364 30.826086 ) (-9366 -21.166754 30.840204 ) 
3 114 119 (-8624 -1024 -382.281250 ) (-8624 -1024 -384 ) (-8624 -1026.776489 -384 ) 
6 114 118 (-8624 -1024 -382.281250 ) (-8624 -1132.337646 -449.347168 ) (-8267.414063 -1132.337524 -449.346619 ) (-8240.007813 -1114 -437.994568 ) (-8240.007813 -1072 -411.994965 ) (-8269.579102 -1024 -382.280609 ) 
5 114 117 (-8267.412109 -1132.337524 -449.347656 ) (-8624 -1132.337524 -449.347656 ) (-8624 -1152 -527.996765 ) (-8240.004883 -1152 -527.996765 ) (-8240.003906 -1140 -479.997681 ) 
6 114 116 (-8239.986328 -1140.005859 -480.015808 ) (-8197.085938 -1152 -527.992188 ) (-8192 -1152 -531.382813 ) (-8192 -1101.742554 -450.195953 ) (-8221.683594 -1101.742798 -430.406830 ) (-8239.985352 -1113.988403 -437.987579 ) 
5 114 115 (-8239.998047 -1072.013916 -412.003876 ) (-8221.683594 -1101.741821 -430.406830 ) (-8192 -1101.741821 -450.195892 ) (-8192 -1024 -434 ) (-8239.998047 -1024 -402 ) 
3 115 116 (-8192 -1101.742554 -450.195953 ) (-8192 -1081.880859 -418.111115 ) (-8221.683594 -1101.742798 -430.406830 ) 
5 117 118 (-8624 -1132.337646 -449.347168 ) (-8624 -1152 -461.519043 ) (-8339.721680 -1152 -461.518677 ) (-8278.865234 -1140 -454.090057 ) (-8267.413086 -1132.337524 -449.346588 ) 
8 118 119 (-8624 -1024 -146 ) (-8624 -1024 -382.281250 ) (-8624 -1026.776489 -384 ) (-8624 -1152 -384 ) (-8624 -1152 -272 ) (-8624 -1140 -224 ) (-8624 -1114 -182 ) (-8624 -1072 -156 ) 
