PRT1
310
654
4 0 4 (-2048 6375.379395 -264 ) (-2048 6455.670410 -264 ) (-2048 6455.670410 -416 ) (-2048 6375.379395 -416 ) 
4 0 2 (-2048 6455.672363 -416 ) (-2048 6455.671875 -264 ) (-2016.359985 6451.770996 -264 ) (-2016.359985 6451.771484 -416 ) 
3 0 1 (-2048 6375.379395 -416 ) (-2048 6455.671875 -416 ) (-2016.359985 6451.770996 -416 ) 
4 1 10 (-2016 6144 -416 ) (-2048 6144 -416 ) (-2048 6144 -608 ) (-2016 6144 -608 ) 
4 1 5 (-2048 6144 -608 ) (-2048 6144 -416 ) (-2048 6455.670410 -416 ) (-2048 6455.670410 -608 ) 
4 1 2 (-2016.359863 6451.771973 -608 ) (-2048 6455.672852 -608 ) (-2048 6455.672363 -416 ) (-2016.359863 6451.771484 -416 ) 
4 2 6 (-2048 6562.188965 -264 ) (-2048 6776.632813 -264 ) (-2048 6776.632813 -608 ) (-2048 6562.188965 -608 ) 
4 2 5 (-2048 6562.188965 -416 ) (-2048 6562.188965 -608 ) (-2048 6455.670410 -608 ) (-2048 6455.670410 -416 ) 
4 2 4 (-2048 6455.670410 -264 ) (-2048 6562.188965 -264 ) (-2048 6562.188965 -416 ) (-2048 6455.670410 -416 ) 
15 3 6 (-2556.541748 6864.778809 -264 ) (-2479.998779 6880 -264 ) (-2403.460205 6864.779785 -264 ) (-2338.580322 6821.419922 -264 ) (-2295.215820 6756.518555 -264 ) (-2280 6680 -264 ) (-2295.220459 6603.469238 -264 ) (-2338.579590 6538.580566 -264 ) (-2361 6523.601074 -264 ) (-2561.927490 6498.829590 -264 ) (-2621.419922 6538.580078 -264 ) (-2664.780273 6603.470215 -264 ) (-2680 6680 -264 ) (-2664.780273 6756.539551 -264 ) (-2621.419434 6821.430664 -264 ) 
5 3 4 (-2361 6523.601074 -264 ) (-2403.460205 6495.229980 -264 ) (-2480 6480 -264 ) (-2556.539307 6495.229492 -264 ) (-2561.927490 6498.829590 -264 ) 
4 4 21 (-2279.377930 6144 -264 ) (-2680.621826 6144 -264 ) (-2680.621826 6144 -416 ) (-2279.377930 6144 -416 ) 
4 4 6 (-2943.640137 6451.770996 -264 ) (-2048 6562.190430 -264 ) (-2048 6562.190430 -416 ) (-2943.640137 6451.770996 -416 ) 
11 4 5 (-2943.639893 6451.770020 -416 ) (-2048 6562.189453 -416 ) (-2048 6375.379395 -416 ) (-2064.310791 6335.998535 -416 ) (-2140.589844 6236.589844 -416 ) (-2240.001221 6160.309082 -416 ) (-2279.377930 6144 -416 ) (-2680.621826 6144 -416 ) (-2719.998535 6160.309082 -416 ) (-2819.410645 6236.590820 -416 ) (-2895.689697 6336 -416 ) 
4 5 22 (-2048 6144 -608 ) (-2048 6144 -416 ) (-2944 6144 -416 ) (-2944 6144 -608 ) 
12 5 7 (-2812.959473 6467.880859 -608 ) (-2131.167236 6551.935547 -608 ) (-2139.989746 6484.900879 -608 ) (-2175.160645 6399.998535 -608 ) (-2231.099854 6327.100098 -608 ) (-2304 6271.159180 -608 ) (-2388.896484 6236 -608 ) (-2480 6224 -608 ) (-2571.100830 6235.990723 -608 ) (-2656 6271.160156 -608 ) (-2728.899902 6327.099609 -608 ) (-2784.839355 6399.998535 -608 ) 
4 5 6 (-2048 6562.190430 -608 ) (-2943.640137 6451.770996 -608 ) (-2943.640137 6451.770996 -416 ) (-2048 6562.190430 -416 ) 
16 6 7 (-2131.167236 6551.935547 -608 ) (-2812.959473 6467.880371 -608 ) (-2820.010254 6484.901367 -608 ) (-2832 6576 -608 ) (-2820.010254 6667.109375 -608 ) (-2784.839844 6752 -608 ) (-2728.900635 6824.909668 -608 ) (-2656.001221 6880.838867 -608 ) (-2571.100098 6916.009766 -608 ) (-2480 6928 -608 ) (-2388.899902 6916.009766 -608 ) (-2303.998779 6880.838867 -608 ) (-2231.099609 6824.909668 -608 ) (-2175.160400 6752 -608 ) (-2139.989502 6667.108887 -608 ) (-2128 6576 -608 ) 
24 7 8 (-2139.989746 6667.108887 -1528 ) (-2128 6576 -1528 ) (-2139.989746 6484.900879 -1528 ) (-2175.161133 6399.997559 -1528 ) (-2231.098877 6327.101074 -1528 ) (-2304 6271.159180 -1528 ) (-2388.896484 6236 -1528 ) (-2480 6224 -1528 ) (-2571.100830 6235.990723 -1528 ) (-2656 6271.160156 -1528 ) (-2728.900635 6327.100586 -1528 ) (-2784.839355 6399.998535 -1528 ) (-2820.010498 6484.901855 -1528 ) (-2832 6576 -1528 ) (-2820.010254 6667.109863 -1528 ) (-2784.839600 6752.001465 -1528 ) (-2728.901855 6824.908203 -1528 ) (-2656 6880.839844 -1528 ) (-2571.100586 6916.009277 -1528 ) (-2480.001221 6928 -1528 ) (-2388.899902 6916.009277 -1528 ) (-2303.998779 6880.838867 -1528 ) (-2231.099609 6824.909668 -1528 ) (-2175.160400 6752 -1528 ) 
4 9 20 (-2048 6144 656 ) (-2048 6144 24 ) (-2048 5968 24 ) (-2048 5968 656 ) 
4 9 13 (-2048 5968 288 ) (-2048 5968 24 ) (-1328 5968 24 ) (-1328 5968 288 ) 
4 9 12 (-2048 5968 656 ) (-2048 5968 288 ) (-1328 5968 288 ) (-1328 5968 656 ) 
4 10 22 (-2048 6144 -416 ) (-2048 6144 -608 ) (-2048 6096 -608 ) (-2048 6096 -416 ) 
5 10 11 (-2048 6096 -608 ) (-2016 6096 -608 ) (-2016 6096 -440 ) (-2040 6096 -416 ) (-2048 6096 -416 ) 
4 11 23 (-2048 6096 -608 ) (-2048 5968 -608 ) (-2048 5968 -416 ) (-2048 6096 -416 ) 
5 11 19 (-2040 5968 -416 ) (-2048 5968 -416 ) (-2048 5968 -608 ) (-2016 5968 -608 ) (-2016 5968 -440 ) 
4 12 44 (-1328 5120 288 ) (-1328 5120 656 ) (-2048 5120 656 ) (-2048 5120 288 ) 
4 12 35 (-2048 5120 288 ) (-2048 5120 656 ) (-2048 5376 656 ) (-2048 5376 288 ) 
4 12 26 (-2048 5376 656 ) (-2048 5968 656 ) (-2048 5968 288 ) (-2048 5376 288 ) 
3 12 15 (-1907 5376 288 ) (-1904 5376 288 ) (-1907 5373 288 ) 
4 12 14 (-1904 5376 288 ) (-1328 5376 288 ) (-1328 5312 288 ) (-1904 5312 288 ) 
4 12 17 (-1328 5309 288 ) (-1328 5120 288 ) (-1907 5120 288 ) (-1907 5309 288 ) 
4 12 18 (-2048 5120 288 ) (-2048 5376 288 ) (-1907 5376 288 ) (-1907 5120 288 ) 
4 12 13 (-2048 5888 288 ) (-2048 5968 288 ) (-1328 5968 288 ) (-1328 5888 288 ) 
4 13 27 (-2048 5888 288 ) (-2048 5968 288 ) (-2048 5968 24 ) (-2048 5888 24 ) 
4 14 16 (-1904 5312 277 ) (-1904 5376 277 ) (-1328 5376 277 ) (-1328 5312 277 ) 
4 15 18 (-1907 5376 288 ) (-1907 5376 277 ) (-1907 5373 277 ) (-1907 5373 288 ) 
3 15 16 (-1907 5373 277 ) (-1907 5376 277 ) (-1904 5376 277 ) 
4 16 17 (-1907 5309 277 ) (-1907 5309 24 ) (-1328 5309 24 ) (-1328 5309 277 ) 
4 16 18 (-1907 5376 277 ) (-1907 5376 24 ) (-1907 5309 24 ) (-1907 5309 277 ) 
4 17 44 (-1328 5120 24 ) (-1328 5120 288 ) (-1907 5120 288 ) (-1907 5120 24 ) 
4 17 18 (-1907 5309 24 ) (-1907 5120 24 ) (-1907 5120 288 ) (-1907 5309 288 ) 
4 18 44 (-1907 5120 288 ) (-2048 5120 288 ) (-2048 5120 24 ) (-1907 5120 24 ) 
4 18 35 (-2048 5120 24 ) (-2048 5120 288 ) (-2048 5376 288 ) (-2048 5376 24 ) 
4 19 45 (-2016 5120 -479.515137 ) (-2016 5120 -287.515259 ) (-2048 5120 -287.515198 ) (-2048 5120 -479.515106 ) 
4 19 41 (-2048 5120 -479.515137 ) (-2048 5120 -287.515259 ) (-2048 5968 -416 ) (-2048 5968 -608 ) 
4 20 122 (-3072 6144 160 ) (-3072 6144 24 ) (-3072 5968 24 ) (-3072 5968 160 ) 
4 20 121 (-3072 6144 416 ) (-3072 6144 160 ) (-3072 5968 160 ) (-3072 5968 416 ) 
4 20 119 (-3072 6144 656 ) (-3072 6144 416 ) (-3072 5968 416 ) (-3072 5968 656 ) 
4 20 39 (-3072 5968 160 ) (-3072 5968 24 ) (-2864 5968 24 ) (-2864 5968 160 ) 
4 20 38 (-3072 5968 416 ) (-3072 5968 160 ) (-2864 5968 160 ) (-2864 5968 416 ) 
4 20 36 (-2864 5968 656 ) (-3072 5968 656 ) (-3072 5968 416 ) (-2864 5968 416 ) 
4 20 32 (-2544 5968 656 ) (-2800 5968 656 ) (-2800 5968 24 ) (-2544 5968 24 ) 
4 20 34 (-2800 5968 656 ) (-2864 5968 656 ) (-2864 5968 24 ) (-2800 5968 24 ) 
4 20 30 (-2544 5968 160 ) (-2544 5968 24 ) (-2160 5968 24 ) (-2160 5968 160 ) 
4 20 29 (-2544 5968 288 ) (-2544 5968 160 ) (-2160 5968 160 ) (-2160 5968 288 ) 
4 20 28 (-2160 5968 656 ) (-2544 5968 656 ) (-2544 5968 288 ) (-2160 5968 288 ) 
4 20 27 (-2048 5968 24 ) (-2048 5968 288 ) (-2160 5968 288 ) (-2160 5968 24 ) 
4 20 26 (-2048 5968 288 ) (-2048 5968 656 ) (-2160 5968 656 ) (-2160 5968 288 ) 
5 21 22 (-2680.622070 6144 -416 ) (-2279.377197 6144 -416 ) (-2355.768555 6112.359863 -416 ) (-2480 6096 -416 ) (-2604.230225 6112.359863 -416 ) 
5 22 23 (-2944 6096 -440 ) (-2944 6096 -608 ) (-2048 6096 -608 ) (-2048 6096 -416 ) (-2920 6096 -416 ) 
5 23 43 (-2496 5968 -416 ) (-2920 5968 -416 ) (-2944 5968 -440 ) (-2944 5968 -608 ) (-2496 5968 -608 ) 
4 23 41 (-2048 5968 -608 ) (-2048 5968 -416 ) (-2464 5968 -416 ) (-2464 5968 -608 ) 
4 23 25 (-2624 5968 -608 ) (-2816 5968 -608 ) (-2816 6096 -608 ) (-2624 6096 -608 ) 
4 23 24 (-2144 5968 -608 ) (-2336 5968 -608 ) (-2336 6096 -608 ) (-2144 6096 -608 ) 
4 24 40 (-2144 5968 -678 ) (-2144 5968 -608 ) (-2336 5968 -608 ) (-2336 5968 -678 ) 
4 25 42 (-2624 5968 -678 ) (-2624 5968 -608 ) (-2816 5968 -608 ) (-2816 5968 -678 ) 
4 26 35 (-2048 5376 288 ) (-2048 5376 656 ) (-2160 5376 656 ) (-2160 5376 288 ) 
4 26 28 (-2160 5968 656 ) (-2160 5968 288 ) (-2160 5376 288 ) (-2160 5376 656 ) 
4 26 27 (-2160 5888 288 ) (-2160 5968 288 ) (-2048 5968 288 ) (-2048 5888 288 ) 
4 27 30 (-2160 5968 160 ) (-2160 5968 24 ) (-2160 5888 24 ) (-2160 5888 160 ) 
4 27 29 (-2160 5968 288 ) (-2160 5968 160 ) (-2160 5888 160 ) (-2160 5888 288 ) 
4 28 35 (-2160 5376 288 ) (-2160 5376 656 ) (-2544 5376 656 ) (-2544 5376 288 ) 
4 28 33 (-2544 5888 288 ) (-2544 5376 288 ) (-2544 5376 656 ) (-2544 5888 656 ) 
4 28 32 (-2544 5968 656 ) (-2544 5968 288 ) (-2544 5888 288 ) (-2544 5888 656 ) 
4 28 29 (-2544 5888 288 ) (-2544 5968 288 ) (-2160 5968 288 ) (-2160 5888 288 ) 
4 29 32 (-2544 5968 288 ) (-2544 5968 160 ) (-2544 5888 160 ) (-2544 5888 288 ) 
4 29 30 (-2544 5888 160 ) (-2544 5968 160 ) (-2160 5968 160 ) (-2160 5888 160 ) 
4 30 32 (-2544 5968 160 ) (-2544 5968 24 ) (-2544 5888 24 ) (-2544 5888 160 ) 
4 31 35 (-2544 5376 24 ) (-2160 5376 24 ) (-2160 5376 160 ) (-2544 5376 160 ) 
4 32 33 (-2800 5888 656 ) (-2800 5888 288 ) (-2544 5888 288 ) (-2544 5888 656 ) 
4 32 34 (-2800 5968 24 ) (-2800 5888 24 ) (-2800 5888 656 ) (-2800 5968 656 ) 
4 33 35 (-2544 5376 288 ) (-2544 5376 656 ) (-2800 5376 656 ) (-2800 5376 288 ) 
4 33 34 (-2800 5376 288 ) (-2800 5376 656 ) (-2800 5888 656 ) (-2800 5888 288 ) 
4 34 39 (-2864 5968 160 ) (-2864 5968 24 ) (-2864 5376 24 ) (-2864 5376 160 ) 
4 34 38 (-2864 5968 416 ) (-2864 5968 160 ) (-2864 5376 160 ) (-2864 5376 416 ) 
4 34 36 (-2864 5968 656 ) (-2864 5968 416 ) (-2864 5376 416 ) (-2864 5376 656 ) 
4 34 35 (-2864 5376 656 ) (-2864 5376 24 ) (-2800 5376 24 ) (-2800 5376 656 ) 
4 35 52 (-2340 5120 656 ) (-2864 5120 656 ) (-2864 5120 24 ) (-2340 5120 24 ) 
4 35 51 (-2048 5120 24 ) (-2048 5120 530 ) (-2340 5120 530 ) (-2340 5120 24 ) 
4 35 50 (-2048 5120 530 ) (-2048 5120 656 ) (-2340 5120 656 ) (-2340 5120 530 ) 
4 35 39 (-2864 5376 24 ) (-2864 5200 24 ) (-2864 5200 160 ) (-2864 5376 160 ) 
4 35 38 (-2864 5200 416 ) (-2864 5376 416 ) (-2864 5376 160 ) (-2864 5200 160 ) 
4 35 37 (-2864 5120 416 ) (-2864 5120 432 ) (-2864 5200 432 ) (-2864 5200 416 ) 
4 35 36 (-2864 5200 656 ) (-2864 5376 656 ) (-2864 5376 416 ) (-2864 5200 416 ) 
4 36 119 (-3072 5200 656 ) (-3072 5968 656 ) (-3072 5968 416 ) (-3072 5200 416 ) 
4 36 38 (-3072 5968 416 ) (-2864 5968 416 ) (-2864 5200 416 ) (-3072 5200 416 ) 
4 36 37 (-3072 5200 416 ) (-2864 5200 416 ) (-2864 5200 432 ) (-3072 5200 432 ) 
4 37 120 (-3072 5120 416 ) (-3072 5120 432 ) (-3072 5200 432 ) (-3072 5200 416 ) 
4 37 53 (-3072 5120 432 ) (-3072 5120 416 ) (-2864 5120 416 ) (-2864 5120 432 ) 
4 38 121 (-3072 5200 416 ) (-3072 5968 416 ) (-3072 5968 160 ) (-3072 5200 160 ) 
4 38 39 (-3072 5200 160 ) (-3072 5968 160 ) (-2864 5968 160 ) (-2864 5200 160 ) 
4 39 122 (-3072 5200 160 ) (-3072 5968 160 ) (-3072 5968 24 ) (-3072 5200 24 ) 
4 40 64 (-2336 5120 -500 ) (-2336 5120 -549.515198 ) (-2144 5120 -549.515259 ) (-2144 5120 -500 ) 
4 40 58 (-2144 5120 -479.515137 ) (-2336 5120 -479.515137 ) (-2336 5120 -500 ) (-2144 5120 -500 ) 
4 40 41 (-2144 5968 -608 ) (-2336 5968 -608 ) (-2336 5120 -479.514221 ) (-2144 5120 -479.514221 ) 
4 41 59 (-2048 5120 -479.515137 ) (-2048 5120 -287.515198 ) (-2464 5120 -287.515198 ) (-2464 5120 -479.515137 ) 
4 42 63 (-2624 5120 -806.484863 ) (-2624 5120 -736.484863 ) (-2816 5120 -736.484863 ) (-2816 5120 -806.484863 ) 
4 42 43 (-2624 5968 -608 ) (-2816 5968 -608 ) (-2816 5120 -736.483887 ) (-2624 5120 -736.483948 ) 
4 43 65 (-2496 5120 -736.484863 ) (-2496 5120 -544.484863 ) (-2944 5120 -544.484802 ) (-2944 5120 -736.484863 ) 
4 44 51 (-2048 5120 530 ) (-2048 5120 24 ) (-2048 4800 24 ) (-2048 4800 530 ) 
4 44 50 (-2048 5120 656 ) (-2048 5120 530 ) (-2048 4800 530 ) (-2048 4800 656 ) 
4 45 59 (-2048 5120 -287.515198 ) (-2048 5120 -479.515106 ) (-2048 4912 -448 ) (-2048 4912 -256 ) 
4 45 46 (-2016 4912 -448 ) (-2016 4912 -256 ) (-2048 4912 -256 ) (-2048 4912 -448 ) 
4 46 62 (-2048 4384 -500 ) (-2048 4241.777344 -500 ) (-2048 4241.777344 -256 ) (-2048 4384 -256 ) 
4 46 60 (-2048 4912 -500 ) (-2048 4384 -500 ) (-2048 4384 -256 ) (-2048 4912 -256 ) 
3 46 49 (-2048 4241.777344 -500 ) (-2048 4400 -500 ) (-2016 4400 -500 ) 
4 46 48 (-2048 4400 -500 ) (-2048 4864 -500 ) (-2016 4864 -500 ) (-2016 4400 -500 ) 
4 46 47 (-2048 4864 -500 ) (-2048 4912 -500 ) (-2016 4912 -500 ) (-2016 4864 -500 ) 
4 47 66 (-2048 4864 -500 ) (-2048 4912 -500 ) (-2048 4912 -518 ) (-2048 4864 -518 ) 
4 47 48 (-2048 4864 -518 ) (-2016 4864 -518 ) (-2016 4864 -500 ) (-2048 4864 -500 ) 
4 48 67 (-2048 4400 -500 ) (-2048 4864 -500 ) (-2048 4864 -518 ) (-2048 4400 -518 ) 
4 48 49 (-2048 4400 -518 ) (-2016.003906 4400 -518 ) (-2016.003906 4400 -500 ) (-2048 4400 -500 ) 
4 49 68 (-2048 4241.777344 -518 ) (-2048 4241.777344 -500 ) (-2048 4400 -500 ) (-2048 4400 -518 ) 
4 50 85 (-2048 4096 530 ) (-2048 4096 544 ) (-2340 4096 544 ) (-2340 4096 530 ) 
4 50 83 (-2048 4096 544 ) (-2048 4096 656 ) (-2340 4096 656 ) (-2340 4096 544 ) 
4 50 52 (-2340 4096 530 ) (-2340 4096 656 ) (-2340 5120 656 ) (-2340 5120 530 ) 
4 50 51 (-2340 4800 530 ) (-2340 5120 530 ) (-2048 5120 530 ) (-2048 4800 530 ) 
4 51 52 (-2340 5120 24 ) (-2340 4800 24 ) (-2340 4800 530 ) (-2340 5120 530 ) 
4 52 94 (-2864 4096 32 ) (-2864 4096 24 ) (-2340 4096 24 ) (-2340 4096 32 ) 
4 52 91 (-2864 4096 72 ) (-2864 4096 32 ) (-2340 4096 32 ) (-2340 4096 72 ) 
4 52 89 (-2864 4096 416 ) (-2864 4096 72 ) (-2340 4096 72 ) (-2340 4096 416 ) 
4 52 86 (-2864 4096 544 ) (-2864 4096 416 ) (-2340 4096 416 ) (-2340 4096 544 ) 
4 52 83 (-2864 4096 656 ) (-2864 4096 544 ) (-2340 4096 544 ) (-2340 4096 656 ) 
4 52 56 (-2864 4416 24 ) (-2864 4096 24 ) (-2864 4096 160 ) (-2864 4416 160 ) 
4 52 55 (-2864 4416 160 ) (-2864 4096 160 ) (-2864 4096 416 ) (-2864 4416 416 ) 
4 52 54 (-2864 4672 416 ) (-2864 4096 416 ) (-2864 4096 656 ) (-2864 4672 656 ) 
4 52 53 (-2864 5120 432 ) (-2864 5120 416 ) (-2864 4672 416 ) (-2864 4672 432 ) 
4 53 125 (-3072 5120 432 ) (-3072 5120 416 ) (-3072 4672 416 ) (-3072 4672 432 ) 
4 53 54 (-3072 4672 416 ) (-2864 4672 416 ) (-2864 4672 432 ) (-3072 4672 432 ) 
4 54 126 (-3072 4096 416 ) (-3072 4096 1888 ) (-3072 4672 1888 ) (-3072 4672 416 ) 
4 54 86 (-3072 4096 544 ) (-3072 4096 416 ) (-2864 4096 416 ) (-2864 4096 544 ) 
4 54 84 (-3072 4096 1888 ) (-3072 4096 544 ) (-2864 4096 544 ) (-2864 4096 1888 ) 
4 54 55 (-3072 4096 416 ) (-3072 4416 416 ) (-2864 4416 416 ) (-2864 4096 416 ) 
4 55 127 (-3072 4096 160 ) (-3072 4096 416 ) (-3072 4416 416 ) (-3072 4416 160 ) 
4 55 89 (-3072 4096 416 ) (-3072 4096 160 ) (-2864 4096 160 ) (-2864 4096 416 ) 
4 55 56 (-2864 4416 160 ) (-2864 4096 160 ) (-2896 4096 160 ) (-2896 4416 160 ) 
4 55 57 (-2896 4096 160 ) (-3072 4096 160 ) (-3072 4416 160 ) (-2896 4416 160 ) 
4 56 94 (-2896 4096 24 ) (-2864 4096 24 ) (-2864 4096 32 ) (-2896 4096 32 ) 
4 56 91 (-2864 4096 32 ) (-2864 4096 72 ) (-2896 4096 72 ) (-2896 4096 32 ) 
4 56 89 (-2864 4096 72 ) (-2864 4096 160 ) (-2896 4096 160 ) (-2896 4096 72 ) 
4 56 57 (-2896 4416 24 ) (-2896 4096 24 ) (-2896 4096 160 ) (-2896 4416 160 ) 
4 57 128 (-3072 4096 24 ) (-3072 4096 160 ) (-3072 4736 160 ) (-3072 4736 24 ) 
4 57 94 (-3072 4096 32 ) (-3072 4096 24 ) (-2896 4096 24 ) (-2896 4096 32 ) 
4 57 91 (-3036 4096 32 ) (-2896 4096 32 ) (-2896 4096 72 ) (-3036 4096 72 ) 
4 57 93 (-3072 4096 72 ) (-3072 4096 32 ) (-3036 4096 32 ) (-3036 4096 72 ) 
4 57 89 (-3072 4096 160 ) (-3072 4096 72 ) (-2896 4096 72 ) (-2896 4096 160 ) 
4 58 64 (-2336 5120 -500 ) (-2144 5120 -500 ) (-2144 4912 -500 ) (-2336 4912 -500 ) 
4 58 60 (-2336 4912 -500 ) (-2144 4912 -500 ) (-2144 4912 -448 ) (-2336 4912 -448 ) 
4 58 59 (-2144 5120 -479.514130 ) (-2336 5120 -479.514130 ) (-2336 4912 -448 ) (-2144 4912 -448 ) 
4 59 60 (-2048 4912 -448 ) (-2048 4912 -256 ) (-2464 4912 -256 ) (-2464 4912 -448 ) 
4 60 68 (-2048 4400 -500 ) (-2048 4384 -500 ) (-2464 4384 -500 ) (-2464 4400 -500 ) 
4 60 67 (-2048 4864 -500 ) (-2048 4400 -500 ) (-2464 4400 -500 ) (-2464 4864 -500 ) 
4 60 66 (-2464 4912 -500 ) (-2048 4912 -500 ) (-2048 4864 -500 ) (-2464 4864 -500 ) 
4 60 62 (-2464 4384 -500 ) (-2048 4384 -500 ) (-2048 4384 -256 ) (-2464 4384 -256 ) 
4 60 61 (-2464 4384 -500 ) (-2464 4384 -256 ) (-2464 4400 -256 ) (-2464 4400 -500 ) 
3 61 69 (-2464 4400 -500 ) (-2464 4384 -500 ) (-2480 4384 -500 ) 
4 61 62 (-2480 4384 -500 ) (-2464 4384 -500 ) (-2464 4384 -256 ) (-2480 4384 -256 ) 
4 62 132 (-3072 4096 -500 ) (-3072 4096 -256 ) (-3072 4384 -256 ) (-3072 4384 -500 ) 
4 62 96 (-2136 4096 -256 ) (-3072 4096 -256 ) (-3072 4096 -500 ) (-2136 4096 -500 ) 
4 62 71 (-2480 4096 -500 ) (-3072 4096 -500 ) (-3072 4384 -500 ) (-2480 4384 -500 ) 
4 62 70 (-2464 4096 -500 ) (-2480 4096 -500 ) (-2480 4384 -500 ) (-2464 4384 -500 ) 
6 62 68 (-2136 4096 -500 ) (-2464 4096 -500 ) (-2464 4384 -500 ) (-2048 4384 -500 ) (-2048 4241.777832 -500 ) (-2052 4222 -500 ) 
4 63 77 (-2624 4912 -820 ) (-2816 4912 -820 ) (-2816 5030.800293 -820 ) (-2624 5030.800293 -820 ) 
4 63 72 (-2816 4912 -820 ) (-2624 4912 -820 ) (-2624 4912 -768 ) (-2816 4912 -768 ) 
4 63 65 (-2624 5120 -736.483887 ) (-2816 5120 -736.483887 ) (-2816 4912 -768 ) (-2624 4912 -768 ) 
4 64 66 (-2144 4912 -500 ) (-2336 4912 -500 ) (-2336 4912 -518 ) (-2144 4912 -518 ) 
4 65 72 (-2944 4912 -768 ) (-2496 4912 -768 ) (-2496 4912 -576 ) (-2944 4912 -576 ) 
4 66 67 (-2464 4864 -500 ) (-2464 4864 -518 ) (-2048 4864 -518 ) (-2048 4864 -500 ) 
4 67 68 (-2464 4400 -500 ) (-2464 4400 -518 ) (-2048 4400 -518 ) (-2048 4400 -500 ) 
4 68 98 (-2136 4096 -500 ) (-2464 4096 -500 ) (-2464 4096 -518 ) (-2136 4096 -518 ) 
4 68 70 (-2464 4384 -518 ) (-2464 4096 -518 ) (-2464 4096 -500 ) (-2464 4384 -500 ) 
4 68 69 (-2464 4400 -518 ) (-2464 4384 -518 ) (-2464 4384 -500 ) (-2464 4400 -500 ) 
4 69 70 (-2480 4384 -518 ) (-2464 4384 -518 ) (-2464 4384 -500 ) (-2480 4384 -500 ) 
4 70 98 (-2464 4096 -500 ) (-2480 4096 -500 ) (-2480 4096 -518 ) (-2464 4096 -518 ) 
4 70 71 (-2480 4384 -500 ) (-2480 4384 -518 ) (-2480 4096 -518 ) (-2480 4096 -500 ) 
4 71 137 (-3072 4096 -518 ) (-3072 4096 -500 ) (-3072 4384 -500 ) (-3072 4384 -518 ) 
4 71 99 (-2480 4096 -500 ) (-3072 4096 -500 ) (-3072 4096 -518 ) (-2480 4096 -518 ) 
4 72 78 (-2944 4880 -820 ) (-2944 4912 -820 ) (-2496 4912 -820 ) (-2496 4880 -820 ) 
5 72 73 (-2928 4880 -820 ) (-2496 4880 -820 ) (-2496 4880 -600 ) (-2520 4880 -576 ) (-2928 4880 -576 ) 
4 73 80 (-2496 4864 -820 ) (-2496 4444 -820 ) (-2928 4444 -820 ) (-2928 4864 -820 ) 
4 73 79 (-2928 4880 -820 ) (-2496 4880 -820 ) (-2496 4864 -820 ) (-2928 4864 -820 ) 
6 73 75 (-2928 4444 -820 ) (-2496 4444 -820 ) (-2496 4444 -600 ) (-2520 4444 -576 ) (-2920 4444 -576 ) (-2928 4444 -584 ) 
4 73 74 (-2928 4740 -820 ) (-2928 4444 -820 ) (-2928 4444 -576 ) (-2928 4740 -576 ) 
4 74 81 (-2944 4444 -820 ) (-2944 4724 -820 ) (-2928 4740 -820 ) (-2928 4444 -820 ) 
4 74 75 (-2944 4444 -600 ) (-2944 4444 -820 ) (-2928 4444 -820 ) (-2928 4444 -584 ) 
6 75 102 (-2520 4096 -576 ) (-2920 4096 -576 ) (-2944 4096 -600 ) (-2944 4096 -820 ) (-2496 4096 -820 ) (-2496 4096 -600 ) 
4 75 81 (-2928 4096 -820 ) (-2944 4096 -820 ) (-2944 4444 -820 ) (-2928 4444 -820 ) 
4 75 80 (-2496 4096 -820 ) (-2928 4096 -820 ) (-2928 4444 -820 ) (-2496 4444 -820 ) 
4 76 138 (-3072 4096 -820 ) (-3072 4096 -576 ) (-3072 4124 -576 ) (-3072 4124 -820 ) 
4 76 103 (-3053.333252 4096 -576 ) (-3072 4096 -576 ) (-3072 4096 -820 ) (-3053.333252 4096 -820 ) 
3 76 82 (-3053.333252 4096 -820 ) (-3072 4096 -820 ) (-3072 4124 -820 ) 
4 77 78 (-2624 4912 -838 ) (-2624 4912 -820 ) (-2816 4912 -820 ) (-2816 4912 -838 ) 
4 78 79 (-2928 4880 -838 ) (-2496 4880 -838 ) (-2496 4880 -820 ) (-2928 4880 -820 ) 
4 79 80 (-2928 4864 -820 ) (-2928 4864 -838 ) (-2496 4864 -838 ) (-2496 4864 -820 ) 
4 80 106 (-2496 4096 -820 ) (-2928 4096 -820 ) (-2928 4096 -838 ) (-2496 4096 -838 ) 
4 80 81 (-2928 4740 -838 ) (-2928 4096 -838 ) (-2928 4096 -820 ) (-2928 4740 -820 ) 
4 81 106 (-2928 4096 -820 ) (-2944 4096 -820 ) (-2944 4096 -838 ) (-2928 4096 -838 ) 
4 82 139 (-3072 4096 -838 ) (-3072 4096 -820 ) (-3072 4124 -820 ) (-3072 4124 -838 ) 
4 82 107 (-3053.333252 4096 -820 ) (-3072 4096 -820 ) (-3072 4096 -838 ) (-3053.333252 4096 -838 ) 
4 83 112 (-2288 3072 656 ) (-2864 3072 656 ) (-2864 3072 544 ) (-2288 3072 544 ) 
4 83 110 (-2048 3072 544 ) (-2048 3072 656 ) (-2288 3072 656 ) (-2288 3072 544 ) 
4 83 87 (-2048 3072 544 ) (-2864 3072 544 ) (-2864 3904 544 ) (-2048 3904 544 ) 
4 83 85 (-2340 4096 544 ) (-2048 4096 544 ) (-2048 3904 544 ) (-2340 3904 544 ) 
4 83 86 (-2864 3904 544 ) (-2864 4096 544 ) (-2340 4096 544 ) (-2340 3904 544 ) 
4 83 84 (-2864 4096 544 ) (-2864 3552 544 ) (-2864 3552 656 ) (-2864 4096 656 ) 
4 84 152 (-3072 3552 1888 ) (-3072 3904 1888 ) (-3072 3904 544 ) (-3072 3552 544 ) 
4 84 151 (-3072 3904 1888 ) (-3072 4096 1888 ) (-3072 4096 544 ) (-3072 3904 544 ) 
4 84 86 (-3072 3904 544 ) (-3072 4096 544 ) (-2864 4096 544 ) (-2864 3904 544 ) 
4 85 87 (-2048 3904 530 ) (-2048 3904 544 ) (-2340 3904 544 ) (-2340 3904 530 ) 
4 85 86 (-2340 3904 530 ) (-2340 3904 544 ) (-2340 4096 544 ) (-2340 4096 530 ) 
4 86 151 (-3072 3904 544 ) (-3072 4096 544 ) (-3072 4096 416 ) (-3072 3904 416 ) 
4 86 89 (-3072 3904 416 ) (-3072 4096 416 ) (-2340 4096 416 ) (-2340 3904 416 ) 
4 86 87 (-2864 3904 416 ) (-2340 3904 416 ) (-2340 3904 544 ) (-2864 3904 544 ) 
4 87 112 (-2288 3072 544 ) (-2864 3072 544 ) (-2864 3072 416 ) (-2288 3072 416 ) 
4 87 110 (-2048 3072 416 ) (-2048 3072 544 ) (-2288 3072 544 ) (-2288 3072 416 ) 
4 87 90 (-2864 3904 416 ) (-2340 3904 416 ) (-2340 3072 416 ) (-2864 3072 416 ) 
4 87 88 (-2340 3904 416 ) (-2288 3904 416 ) (-2288 3072 416 ) (-2340 3072 416 ) 
4 88 112 (-2288 3072 416 ) (-2340 3072 416 ) (-2340 3072 24 ) (-2288 3072 24 ) 
4 88 95 (-2340 3904 24 ) (-2340 3072 24 ) (-2340 3072 32 ) (-2340 3904 32 ) 
4 88 92 (-2340 3072 32 ) (-2340 3072 72 ) (-2340 3904 72 ) (-2340 3904 32 ) 
4 88 90 (-2340 3072 72 ) (-2340 3072 416 ) (-2340 3904 416 ) (-2340 3904 72 ) 
4 89 151 (-3072 3904 416 ) (-3072 4096 416 ) (-3072 4096 72 ) (-3072 3904 72 ) 
4 89 91 (-3036 4096 72 ) (-2340 4096 72 ) (-2340 3904 72 ) (-3036 3904 72 ) 
4 89 93 (-3072 3904 72 ) (-3072 4096 72 ) (-3036 4096 72 ) (-3036 3904 72 ) 
4 89 90 (-2864 3904 72 ) (-2340 3904 72 ) (-2340 3904 416 ) (-2864 3904 416 ) 
4 90 112 (-2340 3072 416 ) (-2864 3072 416 ) (-2864 3072 72 ) (-2340 3072 72 ) 
4 90 92 (-2864 3904 72 ) (-2340 3904 72 ) (-2340 3072 72 ) (-2864 3072 72 ) 
4 91 94 (-2340 4096 32 ) (-2340 3904 32 ) (-3036 3904 32 ) (-3036 4096 32 ) 
4 91 92 (-2864 3904 32 ) (-2340 3904 32 ) (-2340 3904 72 ) (-2864 3904 72 ) 
4 91 93 (-3036 4096 32 ) (-3036 3904 32 ) (-3036 3904 72 ) (-3036 4096 72 ) 
4 92 112 (-2864 3072 32 ) (-2340 3072 32 ) (-2340 3072 72 ) (-2864 3072 72 ) 
4 92 95 (-2340 3904 32 ) (-2340 3072 32 ) (-2864 3072 32 ) (-2864 3904 32 ) 
4 93 153 (-3072 3072 32 ) (-3072 3072 72 ) (-3072 3904 72 ) (-3072 3904 32 ) 
4 93 151 (-3072 3904 72 ) (-3072 4096 72 ) (-3072 4096 32 ) (-3072 3904 32 ) 
4 93 113 (-3072 3072 72 ) (-3072 3072 32 ) (-3036 3072 32 ) (-3036 3072 72 ) 
4 93 94 (-3072 3904 32 ) (-3072 4096 32 ) (-3036 4096 32 ) (-3036 3904 32 ) 
4 94 151 (-3072 3904 32 ) (-3072 4096 32 ) (-3072 4096 24 ) (-3072 3904 24 ) 
4 94 95 (-2864 3904 24 ) (-2340 3904 24 ) (-2340 3904 32 ) (-2864 3904 32 ) 
4 95 112 (-2864 3072 24 ) (-2340 3072 24 ) (-2340 3072 32 ) (-2864 3072 32 ) 
4 96 154 (-3072 3936 -256 ) (-3072 4096 -256 ) (-3072 4096 -500 ) (-3072 3936 -500 ) 
4 96 99 (-3072 3936 -500 ) (-3072 4096 -500 ) (-2480 4096 -500 ) (-2480 3936 -500 ) 
5 96 98 (-2480 4096 -500 ) (-2136 4096 -500 ) (-2152 4072 -500 ) (-2302 3972 -500 ) (-2480 3936 -500 ) 
4 97 159 (-3072 3072 -500 ) (-3072 3072 -448 ) (-3072 3228 -448 ) (-3072 3228 -500 ) 
4 97 117 (-2896 3072 -448 ) (-3072 3072 -448 ) (-3072 3072 -500 ) (-2896 3072 -500 ) 
4 97 100 (-3072 3072 -500 ) (-3072 3228 -500 ) (-2896 3228 -500 ) (-2896 3072 -500 ) 
4 98 99 (-2480 4096 -518 ) (-2480 3936 -518 ) (-2480 3936 -500 ) (-2480 4096 -500 ) 
4 99 160 (-3072 3936 -500 ) (-3072 4096 -500 ) (-3072 4096 -518 ) (-3072 3936 -518 ) 
4 100 162 (-3072 3072 -518 ) (-3072 3072 -500 ) (-3072 3228 -500 ) (-3072 3228 -518 ) 
4 100 117 (-2896 3072 -500 ) (-3072 3072 -500 ) (-3072 3072 -518 ) (-2896 3072 -518 ) 
4 100 101 (-3072 3072 -518 ) (-3072 3228 -518 ) (-2896 3228 -518 ) (-2896 3072 -518 ) 
4 101 162 (-3072 3072 -576 ) (-3072 3072 -518 ) (-3072 3228 -518 ) (-3072 3228 -576 ) 
4 101 117 (-2896 3072 -518 ) (-3072 3072 -518 ) (-3072 3072 -576 ) (-2896 3072 -576 ) 
4 101 105 (-2896 3072 -576 ) (-3072 3072 -576 ) (-3072 3228 -576 ) (-2896 3228 -576 ) 
4 102 106 (-2944 4096 -820 ) (-2496 4096 -820 ) (-2496 3856 -820 ) (-2944 3856 -820 ) 
6 102 104 (-2944 3856 -820 ) (-2496 3856 -820 ) (-2496 3856 -600 ) (-2520 3856 -576 ) (-2920 3856 -576 ) (-2944 3856 -600 ) 
4 103 163 (-3072 3856 -576 ) (-3072 4096 -576 ) (-3072 4096 -820 ) (-3072 3856 -820 ) 
5 103 107 (-3072 3856 -820 ) (-3072 4096 -820 ) (-3053.333252 4096 -820 ) (-3012 4034 -820 ) (-2976 3856 -820 ) 
4 103 104 (-3072 3856 -820 ) (-2976 3856 -820 ) (-2976 3856 -576 ) (-3072 3856 -576 ) 
4 104 164 (-3072 3414.651611 -576 ) (-3072 3856 -576 ) (-3072 3856 -820 ) (-3072 3414.651611 -820 ) 
7 104 108 (-3072 3414.651611 -820 ) (-3072 3856 -820 ) (-2496 3856 -820 ) (-2532 3678 -820 ) (-2632 3528 -820 ) (-2782 3428 -820 ) (-2960 3392 -820 ) 
4 105 167 (-3072 3072 -768 ) (-3072 3072 -576 ) (-3072 3228 -576 ) (-3072 3228 -768 ) 
4 105 117 (-2896 3072 -576 ) (-3072 3072 -576 ) (-3072 3072 -768 ) (-2896 3072 -768 ) 
4 106 108 (-2944 3856 -838 ) (-2496 3856 -838 ) (-2496 3856 -820 ) (-2944 3856 -820 ) 
4 107 168 (-3072 3856 -820 ) (-3072 4096 -820 ) (-3072 4096 -838 ) (-3072 3856 -838 ) 
4 107 108 (-3072 3856 -838 ) (-2976 3856 -838 ) (-2976 3856 -820 ) (-3072 3856 -820 ) 
4 108 169 (-3072 3414.651611 -820 ) (-3072 3856 -820 ) (-3072 3856 -838 ) (-3072 3414.651611 -838 ) 
4 109 111 (-2048 3008 24 ) (-2048 2496 24 ) (-2048 2496 656 ) (-2048 3008 656 ) 
4 110 112 (-2288 3072 656 ) (-2288 3072 416 ) (-2288 3008 416 ) (-2288 3008 656 ) 
4 110 111 (-2288 3008 656 ) (-2288 3008 416 ) (-2048 3008 416 ) (-2048 3008 656 ) 
4 111 112 (-2288 3008 24 ) (-2288 2496 24 ) (-2288 2496 656 ) (-2288 3008 656 ) 
4 113 171 (-3072 3072 72 ) (-3072 3072 32 ) (-3072 2916 32 ) (-3072 2916 72 ) 
4 113 114 (-3036 2916 72 ) (-3072 2916 72 ) (-3072 2916 32 ) (-3036 2916 32 ) 
4 114 172 (-3072 2916 24 ) (-3072 2876 24 ) (-3072 2876 72 ) (-3072 2916 72 ) 
4 114 115 (-3072 2876 24 ) (-3072 2916 24 ) (-3036 2916 24 ) (-3036 2876 24 ) 
4 115 172 (-3072 2876 24 ) (-3072 2916 24 ) (-3072 2916 -56 ) (-3072 2876 -56 ) 
4 115 116 (-3036 2876 -56 ) (-3072 2876 -56 ) (-3072 2916 -56 ) (-3036 2916 -56 ) 
4 116 173 (-3072 2784 -56 ) (-3072 3008 -56 ) (-3072 3008 -248 ) (-3072 2784 -248 ) 
4 117 179 (-3072 3072 -608 ) (-3072 3072 -768 ) (-3072 2870 -768 ) (-3072 2870 -608 ) 
4 117 176 (-3072 2870 -448 ) (-3072 3072 -448 ) (-3072 3072 -608 ) (-3072 2870 -608 ) 
4 118 207 (-2896 2048 -768 ) (-2896 2048 -504 ) (-3072 2048 -504 ) (-3072 2048 -768 ) 
4 118 204 (-2896 2048 -504 ) (-2896 2048 -448 ) (-3072 2048 -448 ) (-3072 2048 -504 ) 
4 118 184 (-3072 2048 -612 ) (-3072 2048 -608 ) (-3072 2395 -608 ) (-3072 2395 -612 ) 
4 118 181 (-3072 2395 -608 ) (-3072 2852 -608 ) (-3072 2852 -612 ) (-3072 2395 -612 ) 
4 118 188 (-3072 2048 -768 ) (-3072 2048 -612 ) (-3072 2852 -612 ) (-3072 2852 -768 ) 
4 118 178 (-3072 2048 -608 ) (-3072 2048 -448 ) (-3072 2852 -448 ) (-3072 2852 -608 ) 
4 119 124 (-3632 5200 656 ) (-3632 5840 656 ) (-3632 5840 416 ) (-3632 5200 416 ) 
4 119 123 (-3632 5840 656 ) (-3632 6144 656 ) (-3632 6144 464 ) (-3632 5840 464 ) 
4 119 121 (-3632 5200 416 ) (-3632 6144 416 ) (-3072 6144 416 ) (-3072 5200 416 ) 
4 119 120 (-3632 5200 416 ) (-3072 5200 416 ) (-3072 5200 432 ) (-3632 5200 432 ) 
4 120 125 (-3072 5120 416 ) (-3072 5120 432 ) (-3632 5120 432 ) (-3632 5120 416 ) 
4 120 124 (-3632 5120 416 ) (-3632 5120 432 ) (-3632 5200 432 ) (-3632 5200 416 ) 
4 121 124 (-3632 5200 416 ) (-3632 5840 416 ) (-3632 5840 160 ) (-3632 5200 160 ) 
4 121 122 (-3632 5200 160 ) (-3632 6144 160 ) (-3072 6144 160 ) (-3072 5200 160 ) 
4 122 124 (-3632 5840 24 ) (-3632 5200 24 ) (-3632 5200 160 ) (-3632 5840 160 ) 
4 123 140 (-4096 6144 656 ) (-4096 6144 464 ) (-4096 5840 464 ) (-4096 5840 656 ) 
4 123 124 (-4096 5840 656 ) (-4096 5840 464 ) (-3632 5840 464 ) (-3632 5840 656 ) 
4 124 144 (-4096 5840 24 ) (-4096 5120 24 ) (-4096 5120 544 ) (-4096 5840 544 ) 
4 124 142 (-4096 5120 544 ) (-4096 5120 656 ) (-4096 5840 656 ) (-4096 5840 544 ) 
4 124 130 (-4096 5120 656 ) (-4096 5120 24 ) (-3632 5120 24 ) (-3632 5120 656 ) 
4 125 130 (-3632 5120 432 ) (-3632 5120 416 ) (-3632 4672 416 ) (-3632 4672 432 ) 
4 125 126 (-3632 4672 432 ) (-3632 4672 416 ) (-3072 4672 416 ) (-3072 4672 432 ) 
4 126 151 (-3072 4096 416 ) (-3072 4096 1888 ) (-3632 4096 1888 ) (-3632 4096 416 ) 
4 126 131 (-3632 4096 416 ) (-3632 4096 1888 ) (-3632 4672 1888 ) (-3632 4672 416 ) 
4 126 127 (-3072 4096 416 ) (-3632 4096 416 ) (-3632 4416 416 ) (-3072 4416 416 ) 
4 127 151 (-3072 4096 160 ) (-3072 4096 416 ) (-3632 4096 416 ) (-3632 4096 160 ) 
4 127 131 (-3632 4096 160 ) (-3632 4096 416 ) (-3632 4416 416 ) (-3632 4416 160 ) 
4 127 129 (-3632 4096 160 ) (-3632 4416 160 ) (-3600 4416 160 ) (-3600 4096 160 ) 
4 127 128 (-3600 4416 160 ) (-3072 4416 160 ) (-3072 4096 160 ) (-3600 4096 160 ) 
4 128 151 (-3072 4096 24 ) (-3072 4096 160 ) (-3600 4096 160 ) (-3600 4096 24 ) 
4 128 134 (-3288 4120 24 ) (-3288 4200 24 ) (-3208 4200 24 ) (-3208 4120 24 ) 
4 128 129 (-3600 4416 24 ) (-3600 4096 24 ) (-3600 4096 160 ) (-3600 4416 160 ) 
4 129 151 (-3600 4096 160 ) (-3632 4096 160 ) (-3632 4096 24 ) (-3600 4096 24 ) 
4 129 131 (-3632 4416 24 ) (-3632 4096 24 ) (-3632 4096 160 ) (-3632 4416 160 ) 
4 130 147 (-4096 5120 656 ) (-4096 5120 24 ) (-4096 4672 24 ) (-4096 4672 656 ) 
4 130 131 (-4096 4672 24 ) (-3632 4672 24 ) (-3632 4672 656 ) (-4096 4672 656 ) 
4 131 151 (-4096 4096 1888 ) (-4096 4096 24 ) (-3632 4096 24 ) (-3632 4096 1888 ) 
4 131 148 (-4096 4096 24 ) (-4096 4096 1888 ) (-4096 4672 1888 ) (-4096 4672 24 ) 
4 132 154 (-3072 4096 -500 ) (-3072 4096 -256 ) (-3208 4096 -256 ) (-3208 4096 -500 ) 
4 132 137 (-3072 4096 -500 ) (-3208 4096 -500 ) (-3208 4384 -500 ) (-3072 4384 -500 ) 
4 132 135 (-3208 4120 -500 ) (-3208 4096 -500 ) (-3208 4096 -256 ) (-3208 4120 -256 ) 
4 132 134 (-3208 4200 -500 ) (-3208 4120 -500 ) (-3208 4120 -256 ) (-3208 4200 -256 ) 
4 132 133 (-3208 4384 -500 ) (-3208 4200 -500 ) (-3208 4200 -256 ) (-3208 4384 -256 ) 
4 133 137 (-3288 4200 -500 ) (-3288 4384 -500 ) (-3208 4384 -500 ) (-3208 4200 -500 ) 
4 133 136 (-3288 4384 -500 ) (-3288 4200 -500 ) (-3288 4200 -256 ) (-3288 4384 -256 ) 
4 133 134 (-3288 4200 -256 ) (-3288 4200 -500 ) (-3208 4200 -500 ) (-3208 4200 -256 ) 
4 134 137 (-3288 4120 -500 ) (-3288 4200 -500 ) (-3208 4200 -500 ) (-3208 4120 -500 ) 
4 134 136 (-3288 4200 -500 ) (-3288 4120 -500 ) (-3288 4120 -256 ) (-3288 4200 -256 ) 
4 134 135 (-3288 4120 -256 ) (-3288 4120 -500 ) (-3208 4120 -500 ) (-3208 4120 -256 ) 
4 135 155 (-3288 4096 -256 ) (-3288 4096 -500 ) (-3208 4096 -500 ) (-3208 4096 -256 ) 
4 135 137 (-3208 4096 -500 ) (-3288 4096 -500 ) (-3288 4120 -500 ) (-3208 4120 -500 ) 
4 135 136 (-3288 4120 -500 ) (-3288 4096 -500 ) (-3288 4096 -256 ) (-3288 4120 -256 ) 
4 136 156 (-3496 4096 -256 ) (-3496 4096 -500 ) (-3288 4096 -500 ) (-3288 4096 -256 ) 
4 136 137 (-3288 4096 -500 ) (-3496 4096 -500 ) (-3496 4384 -500 ) (-3288 4384 -500 ) 
4 137 160 (-3072 4096 -518 ) (-3072 4096 -500 ) (-3496 4096 -500 ) (-3496 4096 -518 ) 
4 138 163 (-3072 4096 -820 ) (-3072 4096 -576 ) (-3826.666992 4096 -576 ) (-3826.666992 4096 -820 ) 
8 138 139 (-3440 4320 -820 ) (-3262 4284 -820 ) (-3112 4184 -820 ) (-3072 4124 -820 ) (-3072 4096 -820 ) (-3826.666992 4096 -820 ) (-3768 4184 -820 ) (-3618 4284 -820 ) 
4 139 168 (-3072 4096 -838 ) (-3072 4096 -820 ) (-3826.666992 4096 -820 ) (-3826.666992 4096 -838 ) 
4 140 145 (-5120 5840 544 ) (-5120 5840 464 ) (-4144 5840 464 ) (-4144 5840 544 ) 
4 140 144 (-4144 5840 464 ) (-4096 5840 464 ) (-4096 5840 544 ) (-4144 5840 544 ) 
4 140 143 (-5120 5840 656 ) (-5120 5840 544 ) (-4144 5840 544 ) (-4144 5840 656 ) 
4 140 142 (-4144 5840 544 ) (-4096 5840 544 ) (-4096 5840 656 ) (-4144 5840 656 ) 
4 140 141 (-4528 5840 464 ) (-5120 5840 464 ) (-5120 6144 464 ) (-4528 6144 464 ) 
4 141 145 (-5120 5840 464 ) (-5120 5840 24 ) (-4528 5840 24 ) (-4528 5840 464 ) 
4 142 147 (-4096 5120 544 ) (-4096 5120 656 ) (-4144 5120 656 ) (-4144 5120 544 ) 
4 142 144 (-4096 5120 544 ) (-4144 5120 544 ) (-4144 5840 544 ) (-4096 5840 544 ) 
4 142 143 (-4144 5840 544 ) (-4144 5312 544 ) (-4144 5312 656 ) (-4144 5840 656 ) 
4 143 145 (-5120 5312 544 ) (-5120 5840 544 ) (-4144 5840 544 ) (-4144 5312 544 ) 
4 144 147 (-4096 5120 24 ) (-4096 5120 544 ) (-4144 5120 544 ) (-4144 5120 24 ) 
4 144 145 (-4144 5312 544 ) (-4144 5840 544 ) (-4144 5840 24 ) (-4144 5312 24 ) 
11 146 150 (-5578 5120 -816 ) (-5578 5120 -697 ) (-5587 5120 -644.998901 ) (-5615.998535 5120 -602.001404 ) (-5660 5120 -573 ) (-5712 5120 -563 ) (-5764 5120 -573 ) (-5808 5120 -602 ) (-5837 5120 -645 ) (-5846 5120 -697 ) (-5846 5120 -816 ) 
4 147 148 (-4144 4672 24 ) (-4096 4672 24 ) (-4096 4672 656 ) (-4144 4672 656 ) 
4 148 190 (-4096 4096 24 ) (-4096 4096 544 ) (-4144 4096 544 ) (-4144 4096 24 ) 
4 148 189 (-4096 4096 544 ) (-4096 4096 1888 ) (-4144 4096 1888 ) (-4144 4096 544 ) 
4 148 149 (-4144 4096 544 ) (-4144 4096 1888 ) (-4144 4672 1888 ) (-4144 4672 544 ) 
4 149 189 (-4144 4096 544 ) (-4144 4096 1888 ) (-5120 4096 1888 ) (-5120 4096 544 ) 
11 150 191 (-5578 4096 -816 ) (-5578 4096 -697 ) (-5587 4096 -644.998474 ) (-5616 4096 -602 ) (-5660 4096 -573 ) (-5712 4096 -563 ) (-5764 4096 -573 ) (-5808 4096 -602 ) (-5837 4096 -645 ) (-5846 4096 -697 ) (-5846 4096 -816 ) 
4 151 190 (-4096 4096 544 ) (-4096 4096 24 ) (-4096 3904 24 ) (-4096 3904 544 ) 
4 151 189 (-4096 4096 1888 ) (-4096 4096 544 ) (-4096 3904 544 ) (-4096 3904 1888 ) 
4 151 153 (-3072 3904 32 ) (-3072 3904 72 ) (-3076 3904 72 ) (-3076 3904 32 ) 
4 151 152 (-3072 3904 544 ) (-3072 3904 1888 ) (-4096 3904 1888 ) (-4096 3904 544 ) 
4 152 189 (-4096 3904 1888 ) (-4096 3904 544 ) (-4096 3552 544 ) (-4096 3552 1888 ) 
4 153 171 (-3072 3072 32 ) (-3072 3072 72 ) (-3076 3072 72 ) (-3076 3072 32 ) 
4 154 160 (-3208 4096 -500 ) (-3072 4096 -500 ) (-3072 3936 -500 ) (-3208 3936 -500 ) 
4 154 155 (-3208 4096 -500 ) (-3208 3936 -500 ) (-3208 3936 -256 ) (-3208 4096 -256 ) 
4 155 160 (-3288 4096 -500 ) (-3208 4096 -500 ) (-3208 3936 -500 ) (-3288 3936 -500 ) 
4 155 156 (-3288 4096 -500 ) (-3288 3936 -500 ) (-3288 3936 -256 ) (-3288 4096 -256 ) 
4 156 160 (-3496 4096 -500 ) (-3288 4096 -500 ) (-3288 3936 -500 ) (-3496 3936 -500 ) 
4 156 157 (-3344 3936 -408 ) (-3384 3936 -408 ) (-3384 3936 -448 ) (-3344 3936 -448 ) 
4 157 158 (-3344 3856 -408 ) (-3384 3856 -408 ) (-3384 3856 -448 ) (-3344 3856 -448 ) 
4 158 161 (-3384 3856 -500 ) (-3344 3856 -500 ) (-3344 3816 -500 ) (-3384 3816 -500 ) 
4 159 176 (-3072 3072 -500 ) (-3072 3072 -448 ) (-3920 3072 -448 ) (-3920 3072 -500 ) 
4 159 162 (-3072 3072 -500 ) (-3920 3072 -500 ) (-3920 3228 -500 ) (-3072 3228 -500 ) 
4 161 164 (-3384 3856 -576 ) (-3344 3856 -576 ) (-3344 3816 -576 ) (-3384 3816 -576 ) 
4 162 176 (-3072 3072 -576 ) (-3072 3072 -500 ) (-3920 3072 -500 ) (-3920 3072 -576 ) 
4 162 167 (-3920 3228 -576 ) (-3072 3228 -576 ) (-3072 3072 -576 ) (-3920 3072 -576 ) 
5 163 168 (-3826.666504 4096 -820 ) (-3072 4096 -820 ) (-3072 3856 -820 ) (-3904 3856 -820 ) (-3868 4034 -820 ) 
4 163 164 (-3424 3856 -820 ) (-3072 3856 -820 ) (-3072 3856 -576 ) (-3424 3856 -576 ) 
4 163 165 (-3904 3856 -820 ) (-3456 3856 -820 ) (-3456 3856 -576 ) (-3904 3856 -576 ) 
6 164 169 (-3424 3856 -820 ) (-3072 3856 -820 ) (-3072 3414.651611 -820 ) (-3138 3428 -820 ) (-3288 3528 -820 ) (-3388 3678 -820 ) 
4 165 170 (-3904 3856 -820 ) (-3456 3856 -820 ) (-3456 3252 -820 ) (-3904 3252 -820 ) 
4 165 166 (-3733 3252 -654 ) (-3733 3252 -768 ) (-3627 3252 -768 ) (-3627 3252 -654 ) 
4 166 167 (-3733 3228 -654 ) (-3733 3228 -768 ) (-3627 3228 -768 ) (-3627 3228 -654 ) 
4 167 179 (-3072 3072 -768 ) (-3072 3072 -608 ) (-3920 3072 -608 ) (-3920 3072 -768 ) 
4 167 176 (-3072 3072 -608 ) (-3072 3072 -576 ) (-3920 3072 -576 ) (-3920 3072 -608 ) 
4 168 170 (-3904 3856 -838 ) (-3456 3856 -838 ) (-3456 3856 -820 ) (-3904 3856 -820 ) 
4 168 169 (-3424 3856 -838 ) (-3072 3856 -838 ) (-3072 3856 -820 ) (-3424 3856 -820 ) 
4 171 172 (-3072 2916 32 ) (-3072 2916 72 ) (-3076 2916 72 ) (-3076 2916 32 ) 
4 172 173 (-3072 2916 -56 ) (-3072 2876 -56 ) (-3076 2876 -56 ) (-3076 2916 -56 ) 
4 173 193 (-4096 2784 -56 ) (-4096 3008 -56 ) (-4096 3008 -196.653061 ) (-4096 2784 -196.653061 ) 
4 173 192 (-4096 3008 -196.653061 ) (-4096 3008 -248 ) (-4096 2784 -248 ) (-4096 2784 -196.653061 ) 
4 173 174 (-3428 2784 -248 ) (-3388 2784 -248 ) (-3388 2784 -208 ) (-3428 2784 -208 ) 
4 174 175 (-3388 2212 -248 ) (-3388 2172 -248 ) (-3428 2172 -248 ) (-3428 2212 -248 ) 
4 175 178 (-3428 2172 -448 ) (-3428 2212 -448 ) (-3388 2212 -448 ) (-3388 2172 -448 ) 
4 176 179 (-3920 2870 -608 ) (-3920 3072 -608 ) (-3072 3072 -608 ) (-3072 2870 -608 ) 
4 176 177 (-3545 2870 -608 ) (-3271 2870 -608 ) (-3271 2870 -448 ) (-3545 2870 -448 ) 
4 177 180 (-3545 2870 -608 ) (-3271 2870 -608 ) (-3271 2852 -608 ) (-3545 2852 -608 ) 
4 177 178 (-3545 2852 -608 ) (-3271 2852 -608 ) (-3271 2852 -448 ) (-3545 2852 -448 ) 
4 178 210 (-3072 2048 -608 ) (-3072 2048 -448 ) (-3920 2048 -448 ) (-3920 2048 -608 ) 
4 178 186 (-3920 2089 -608 ) (-3920 2139 -608 ) (-3856 2139 -608 ) (-3856 2089 -608 ) 
4 178 185 (-3920 2139 -608 ) (-3920 2395 -608 ) (-3856 2395 -608 ) (-3856 2139 -608 ) 
4 178 187 (-3856 2048 -608 ) (-3920 2048 -608 ) (-3920 2089 -608 ) (-3856 2089 -608 ) 
4 178 184 (-3072 2048 -608 ) (-3856 2048 -608 ) (-3856 2395 -608 ) (-3072 2395 -608 ) 
4 178 183 (-3920 2395 -608 ) (-3920 2531 -608 ) (-3849 2531 -608 ) (-3849 2395 -608 ) 
4 178 182 (-3920 2531 -608 ) (-3920 2852 -608 ) (-3849 2852 -608 ) (-3849 2531 -608 ) 
4 178 181 (-3849 2852 -608 ) (-3072 2852 -608 ) (-3072 2395 -608 ) (-3849 2395 -608 ) 
4 179 180 (-3545 2870 -768 ) (-3271 2870 -768 ) (-3271 2870 -608 ) (-3545 2870 -608 ) 
4 180 181 (-3271 2852 -612 ) (-3271 2852 -608 ) (-3545 2852 -608 ) (-3545 2852 -612 ) 
4 180 188 (-3545 2852 -768 ) (-3271 2852 -768 ) (-3271 2852 -612 ) (-3545 2852 -612 ) 
4 181 184 (-3849 2395 -612 ) (-3072 2395 -612 ) (-3072 2395 -608 ) (-3849 2395 -608 ) 
4 181 183 (-3849 2531 -612 ) (-3849 2395 -612 ) (-3849 2395 -608 ) (-3849 2531 -608 ) 
4 181 182 (-3849 2852 -608 ) (-3849 2852 -612 ) (-3849 2531 -612 ) (-3849 2531 -608 ) 
4 181 188 (-3849 2852 -612 ) (-3072 2852 -612 ) (-3072 2395 -612 ) (-3849 2395 -612 ) 
4 182 188 (-3920 2531 -612 ) (-3920 2852 -612 ) (-3849 2852 -612 ) (-3849 2531 -612 ) 
4 182 183 (-3920 2531 -608 ) (-3920 2531 -612 ) (-3849 2531 -612 ) (-3849 2531 -608 ) 
4 183 185 (-3920 2395 -608 ) (-3920 2395 -612 ) (-3856 2395 -612 ) (-3856 2395 -608 ) 
4 183 184 (-3856 2395 -612 ) (-3849 2395 -612 ) (-3849 2395 -608 ) (-3856 2395 -608 ) 
4 183 188 (-3920 2395 -612 ) (-3920 2531 -612 ) (-3849 2531 -612 ) (-3849 2395 -612 ) 
4 184 210 (-3072 2048 -612 ) (-3072 2048 -608 ) (-3856 2048 -608 ) (-3856 2048 -612 ) 
4 184 186 (-3856 2139 -612 ) (-3856 2089 -612 ) (-3856 2089 -608 ) (-3856 2139 -608 ) 
4 184 185 (-3856 2395 -608 ) (-3856 2395 -612 ) (-3856 2139 -612 ) (-3856 2139 -608 ) 
4 184 187 (-3856 2089 -612 ) (-3856 2048 -612 ) (-3856 2048 -608 ) (-3856 2089 -608 ) 
4 184 188 (-3072 2048 -612 ) (-3856 2048 -612 ) (-3856 2395 -612 ) (-3072 2395 -612 ) 
4 185 188 (-3920 2139 -612 ) (-3920 2395 -612 ) (-3856 2395 -612 ) (-3856 2139 -612 ) 
4 185 186 (-3920 2139 -608 ) (-3920 2139 -612 ) (-3856 2139 -612 ) (-3856 2139 -608 ) 
4 186 187 (-3920 2089 -608 ) (-3920 2089 -612 ) (-3856 2089 -612 ) (-3856 2089 -608 ) 
4 186 188 (-3920 2089 -612 ) (-3920 2139 -612 ) (-3856 2139 -612 ) (-3856 2089 -612 ) 
4 187 210 (-3856 2048 -608 ) (-3920 2048 -608 ) (-3920 2048 -612 ) (-3856 2048 -612 ) 
4 187 188 (-3856 2048 -612 ) (-3920 2048 -612 ) (-3920 2089 -612 ) (-3856 2089 -612 ) 
4 188 210 (-3072 2048 -768 ) (-3072 2048 -612 ) (-3920 2048 -612 ) (-3920 2048 -768 ) 
4 189 190 (-4144 4096 544 ) (-4096 4096 544 ) (-4096 3904 544 ) (-4144 3904 544 ) 
11 191 194 (-5578 3072 -816 ) (-5578 3072 -697 ) (-5587 3072 -644.998474 ) (-5616 3072 -602 ) (-5660 3072 -573 ) (-5712 3072 -563 ) (-5764 3072 -573 ) (-5808 3072 -602 ) (-5837 3072 -645 ) (-5846 3072 -697 ) (-5846 3072 -816 ) 
4 192 193 (-4391.998535 2784 -248 ) (-4096 2784 -196.653320 ) (-4096 3008 -196.652832 ) (-4392.001465 3008 -248 ) 
4 193 195 (-5120 2784 -374.285767 ) (-5120 2784 -182.285751 ) (-5120 3008 -182.285767 ) (-5120 3008 -374.285736 ) 
11 194 222 (-5808 2048 -602 ) (-5837 2048 -645 ) (-5846 2048 -697 ) (-5846 2048 -816 ) (-5578 2048 -816 ) (-5578 2048 -697 ) (-5587 2048 -644.998962 ) (-5615.998535 2048 -602.001404 ) (-5660 2048 -573 ) (-5712 2048 -563 ) (-5764 2048 -573 ) 
4 195 196 (-6144 2784 -359.918243 ) (-6144 3008 -359.918213 ) (-6144 3008 -551.918457 ) (-6144 2784 -551.918457 ) 
4 196 201 (-6768.848633 2784 -468.310303 ) (-6961.309570 2784 -501.696320 ) (-6961.309570 2784 -588 ) (-6768.848633 2784 -588 ) 
4 196 199 (-6352 2784 -396 ) (-6563.906250 2784 -432.759125 ) (-6563.906250 2784 -588 ) (-6352 2784 -588 ) 
4 196 198 (-6563.906250 2784 -432.759125 ) (-6768.848633 2784 -468.310303 ) (-6768.848633 2784 -588 ) (-6563.906250 2784 -588 ) 
4 196 197 (-6961.309570 2784 -501.696411 ) (-6352 2784 -396 ) (-6352.006348 3007.998779 -396 ) (-6744 2928 -464 ) 
4 197 201 (-6961.309570 2784 -501.696320 ) (-6768.848633 2784 -468.310303 ) (-6768.848633 2784 -396 ) (-6961.309570 2784 -396 ) 
3 197 199 (-6563.906250 2784 -432.759125 ) (-6352 2784 -396 ) (-6563.906250 2784 -396 ) 
4 197 198 (-6768.848633 2784 -468.310303 ) (-6563.906250 2784 -432.759125 ) (-6563.906250 2784 -396 ) (-6768.848633 2784 -396 ) 
4 198 201 (-6768.851563 2784 -588 ) (-6920.005859 2551.995850 -588 ) (-6920 2552 -396 ) (-6768.847656 2784 -396 ) 
4 198 199 (-6655.993652 2724.001465 -588 ) (-6563.902832 2784 -588 ) (-6563.902344 2784 -396 ) (-6655.993652 2724.001465 -396 ) 
4 200 274 (-7152 2048 -396 ) (-7168 2048 -396 ) (-7168 2048 -588 ) (-7152 2048 -588 ) 
4 200 269 (-7139.368164 2048 -396 ) (-7152 2048 -396 ) (-7152 2048 -588 ) (-7139.368164 2048 -588 ) 
4 200 202 (-7168 2048 -588 ) (-7168 2048 -396 ) (-7168 2171.348633 -396 ) (-7168 2171.348633 -588 ) 
4 200 201 (-7091.998535 2288.006836 -588 ) (-7168 2171.353516 -588 ) (-7168 2171.347656 -396 ) (-7092 2287.998535 -396 ) 
4 201 202 (-7168 2171.348633 -396 ) (-7168 2569.163574 -396 ) (-7168 2569.163574 -588 ) (-7168 2171.348633 -588 ) 
4 202 275 (-7168 2048 -588 ) (-7168 2048 -396 ) (-7362.938965 2048 -396 ) (-7362.938965 2048 -588 ) 
4 203 208 (-2896 1884 -768 ) (-2896 1652 -768 ) (-2896 1652 -602 ) (-2896 1884 -602 ) 
4 204 210 (-3072 2048 -448 ) (-3072 2048 -504 ) (-3072 2025 -504 ) (-3072 2025 -448 ) 
4 204 207 (-3072 2048 -504 ) (-2896 2048 -504 ) (-2896 2025 -504 ) (-3072 2025 -504 ) 
4 205 212 (-3072 2001 -504 ) (-3072 1551.500000 -504 ) (-3072 1551.500000 -448 ) (-3072 2001 -448 ) 
4 205 208 (-2896 2001 -504 ) (-2896 1551.500000 -504 ) (-3072 1551.500000 -504 ) (-3072 2001 -504 ) 
4 206 215 (-3072 1519.500000 -504 ) (-3072 1024 -504 ) (-3072 1024 -448 ) (-3072 1519.500000 -448 ) 
4 206 209 (-2969.833496 1024 -448 ) (-3072 1024 -448 ) (-3072 1024 -504 ) (-2969.833496 1024 -504 ) 
5 206 208 (-2936 1136 -504 ) (-2969.833496 1024 -504 ) (-3072 1024 -504 ) (-3072 1519.500000 -504 ) (-2897.650146 1519.500000 -504 ) 
4 207 210 (-3072 2048 -504 ) (-3072 2048 -768 ) (-3072 2025 -768 ) (-3072 2025 -504 ) 
4 208 216 (-3072 2001 -768 ) (-3072 1024 -768 ) (-3072 1024 -504 ) (-3072 2001 -504 ) 
4 208 209 (-2969.833496 1024 -504 ) (-3072 1024 -504 ) (-3072 1024 -768 ) (-2969.833496 1024 -768 ) 
4 209 225 (-3072 714.737122 -448 ) (-3072 1024 -448 ) (-3072 1024 -768 ) (-3072 714.737122 -768 ) 
4 210 211 (-3399 2025 -608 ) (-3667 2025 -608 ) (-3667 2025 -768 ) (-3399 2025 -768 ) 
4 211 216 (-3399 2001 -608 ) (-3667 2001 -608 ) (-3667 2001 -768 ) (-3399 2001 -768 ) 
4 212 216 (-3920 2001 -504 ) (-3072 2001 -504 ) (-3072 1551.500000 -504 ) (-3920 1551.500000 -504 ) 
4 213 225 (-4034.243408 1024 -448 ) (-4062.090820 1024 -448 ) (-4062.090820 1024 -504 ) (-4034.243408 1024 -504 ) 
4 213 221 (-4032 1031.426514 -504 ) (-4034.243408 1024 -504 ) (-4062.090820 1024 -504 ) (-4032 1080.340454 -504 ) 
3 213 218 (-3997.984863 1144.028564 -504 ) (-4032 1031.426514 -504 ) (-4032 1080.340454 -504 ) 
4 213 215 (-4034.240234 1024 -504 ) (-3997.978516 1144.040527 -504 ) (-3997.981445 1144.034790 -448 ) (-4034.241943 1024 -448 ) 
4 214 219 (-3921.650146 1519.500000 -504 ) (-3920 1519.500000 -504 ) (-3920 1402.184814 -504 ) (-3940.003418 1335.966553 -504 ) 
3 214 216 (-3920 1519.500000 -504 ) (-3884.561035 1519.500000 -504 ) (-3920 1402.184814 -504 ) 
4 214 215 (-3940.004639 1335.955688 -504 ) (-3884.559570 1519.500000 -504 ) (-3884.559570 1519.500000 -448 ) (-3940.004150 1335.959351 -448 ) 
4 215 225 (-3072 1024 -504 ) (-3072 1024 -448 ) (-4034.243408 1024 -448 ) (-4034.243408 1024 -504 ) 
3 215 221 (-4032 1024 -504 ) (-4034.243408 1024 -504 ) (-4032 1031.426392 -504 ) 
4 215 220 (-3920 1024 -504 ) (-4032 1024 -504 ) (-4032 1031.426392 -504 ) (-3920 1402.184814 -504 ) 
5 215 216 (-3884.561035 1519.500000 -504 ) (-3072 1519.500000 -504 ) (-3072 1024 -504 ) (-3920 1024 -504 ) (-3920 1402.184814 -504 ) 
4 216 225 (-3072 1024 -768 ) (-3072 1024 -504 ) (-3920 1024 -504 ) (-3920 1024 -768 ) 
4 216 219 (-3920 1536 -768 ) (-3920 1402.183838 -768 ) (-3920 1402.183838 -504 ) (-3920 1536 -504 ) 
4 216 220 (-3920 1402.183838 -768 ) (-3920 1024 -768 ) (-3920 1024 -504 ) (-3920 1402.183838 -504 ) 
4 216 217 (-3920 1884 -768 ) (-3920 1652 -768 ) (-3920 1652 -602 ) (-3920 1884 -602 ) 
4 218 221 (-4032 1080.340820 -768 ) (-4032 1031.426025 -768 ) (-4032 1031.426147 -504 ) (-4032 1080.340576 -504 ) 
4 218 220 (-4032 1031.428223 -504 ) (-4032 1031.428223 -768 ) (-3997.985840 1144.026611 -768 ) (-3997.985840 1144.026611 -504 ) 
4 219 220 (-3940.003174 1335.968994 -768 ) (-3920 1402.185913 -768 ) (-3920 1402.185913 -504 ) (-3940.003174 1335.968994 -504 ) 
4 220 225 (-3920 1024 -504 ) (-4032 1024 -504 ) (-4032 1024 -768 ) (-3920 1024 -768 ) 
4 220 221 (-4032 1031.426025 -768 ) (-4032 1024 -768 ) (-4032 1024 -504 ) (-4032 1031.426147 -504 ) 
4 221 225 (-4032 1024 -504 ) (-4062.090820 1024 -504 ) (-4062.090820 1024 -768 ) (-4032 1024 -768 ) 
11 222 240 (-5578 1024 -816 ) (-5578 1024 -697 ) (-5587 1024 -644.998474 ) (-5616 1024 -602 ) (-5660 1024 -573 ) (-5712 1024 -563 ) (-5764 1024 -573 ) (-5808 1024 -602 ) (-5837 1024 -645 ) (-5846 1024 -697 ) (-5846 1024 -816 ) 
4 223 272 (-6144 1024 -816 ) (-6144 1024 -591.454529 ) (-6144 1536 -591.454590 ) (-6144 1536 -816 ) 
6 223 241 (-6144 1024 -591.454590 ) (-6144 1024 -816 ) (-6090 1024 -816 ) (-6090 1024 -697 ) (-6099 1024 -645 ) (-6128 1024 -602 ) 
4 224 237 (-4096 963.125122 -768 ) (-4096 960.510559 -768 ) (-4096 960.510559 -504 ) (-4096 963.125122 -504 ) 
4 224 229 (-4096 960.510559 -504 ) (-4096 960.510559 -448 ) (-4096 963.125122 -448 ) (-4096 963.125122 -504 ) 
4 224 225 (-4096 960.507751 -768 ) (-4091.995605 968.005432 -768 ) (-4091.992676 968.009033 -448 ) (-4096 960.505981 -448 ) 
4 225 237 (-4096 960.510559 -768 ) (-4096 512 -768 ) (-4096 512 -504 ) (-4096 960.510559 -504 ) 
4 225 238 (-4096 512 -768 ) (-4096 0 -768 ) (-4096 0 -504 ) (-4096 512 -504 ) 
4 225 229 (-4096 833.545288 -448 ) (-4096 960.510559 -448 ) (-4096 960.510559 -504 ) (-4096 833.545288 -504 ) 
4 225 231 (-4096 0 -504 ) (-4096 0 -448 ) (-4096 833.545288 -448 ) (-4096 833.545288 -504 ) 
4 225 226 (-3603.401367 0 -448 ) (-4096 0 -448 ) (-4096 0 -768 ) (-3603.401367 0 -768 ) 
4 226 253 (-4096 0 -504 ) (-4096 0 -768 ) (-4096 -321.649719 -768 ) (-4096 -321.649719 -504 ) 
4 226 251 (-4096 -321.649719 -448 ) (-4096 0 -448 ) (-4096 0 -504 ) (-4096 -321.649719 -504 ) 
4 227 233 (-4928 512 -504 ) (-4928 513.599976 -504 ) (-4744 532 -504 ) (-4810.207031 512 -504 ) 
3 227 238 (-4928 476.416687 -504 ) (-4928 512 -504 ) (-4810.207031 512 -504 ) 
4 227 230 (-4928 476.416138 -448 ) (-4928 476.416138 -504 ) (-4743.997559 532 -504 ) (-4743.997559 532 -448 ) 
3 228 235 (-4220 812 -504 ) (-4285.262207 732.462097 -504 ) (-4376 684 -504 ) 
4 228 229 (-4285.263184 732.462952 -448 ) (-4285.263184 732.462952 -504 ) (-4220.005859 811.995361 -504 ) (-4220.006836 811.994507 -448 ) 
4 228 231 (-4376.007813 683.993774 -504 ) (-4285.264648 732.458923 -504 ) (-4285.265625 732.457886 -448 ) (-4376.009277 683.992676 -448 ) 
3 229 237 (-4096 963.125427 -504 ) (-4096 833.545288 -504 ) (-4285.262207 732.462097 -504 ) 
4 229 231 (-4285.264648 732.458923 -504 ) (-4096 833.543335 -504 ) (-4096 833.542664 -448 ) (-4285.265625 732.457886 -448 ) 
3 230 234 (-4810.207031 512 -504 ) (-4552 590 -504 ) (-4698.042480 512 -504 ) 
4 230 238 (-4928 389.181824 -504 ) (-4928 476.416687 -504 ) (-4810.207031 512 -504 ) (-4698.042480 512 -504 ) 
4 230 231 (-4928 389.179688 -448 ) (-4928 389.179688 -504 ) (-4551.991211 590.002625 -504 ) (-4551.989746 590.003113 -448 ) 
4 231 251 (-4096 0 -504 ) (-4096 0 -448 ) (-4928 0 -448 ) (-4928 0 -504 ) 
3 231 236 (-4698.042480 512 -504 ) (-4285.262207 732.462158 -504 ) (-4466.153809 512 -504 ) 
4 231 237 (-4285.262207 732.462158 -504 ) (-4096 833.545288 -504 ) (-4096 512 -504 ) (-4466.153809 512 -504 ) 
5 231 238 (-4096 0 -504 ) (-4928 0 -504 ) (-4928 389.181824 -504 ) (-4698.042480 512 -504 ) (-4096 512 -504 ) 
4 232 252 (-4960 0 -448 ) (-5120 0 -448 ) (-5120 0 -504 ) (-4960 0 -504 ) 
4 232 244 (-5120 512 -504 ) (-5120 0 -504 ) (-5120 0 -448 ) (-5120 512 -448 ) 
4 232 238 (-4960 0 -504 ) (-5120 0 -504 ) (-5120 512 -504 ) (-4960 512 -504 ) 
4 233 234 (-4810.206543 512 -504 ) (-4810.206543 512 -768 ) (-4744 532 -768 ) (-4744 532 -504 ) 
4 233 238 (-4944 512 -768 ) (-4810.207031 512 -768 ) (-4810.207031 512 -504 ) (-4944 512 -504 ) 
4 234 238 (-4810.207031 512 -768 ) (-4698.042480 512 -768 ) (-4698.042480 512 -504 ) (-4810.207031 512 -504 ) 
4 234 236 (-4698.037598 512 -504 ) (-4698.037598 512 -768 ) (-4551.989258 590.003235 -768 ) (-4551.989258 590.003235 -504 ) 
4 235 236 (-4376.010254 683.992126 -768 ) (-4285.263672 732.458984 -768 ) (-4285.263672 732.458984 -504 ) (-4376.010254 683.992126 -504 ) 
4 235 237 (-4285.262207 732.461975 -768 ) (-4220 812 -768 ) (-4220 812 -504 ) (-4285.261719 732.462402 -504 ) 
4 236 237 (-4466.154297 512 -504 ) (-4466.154297 512 -768 ) (-4285.262207 732.461975 -768 ) (-4285.261719 732.462402 -504 ) 
4 236 238 (-4698.042480 512 -768 ) (-4466.154297 512 -768 ) (-4466.154297 512 -504 ) (-4698.042480 512 -504 ) 
4 237 238 (-4466.154297 512 -768 ) (-4096 512 -768 ) (-4096 512 -504 ) (-4466.154297 512 -504 ) 
4 238 254 (-4944 0 -504 ) (-5120 0 -504 ) (-5120 0 -768 ) (-4944 0 -768 ) 
4 238 253 (-4096 0 -768 ) (-4096 0 -504 ) (-4944 0 -504 ) (-4944 0 -768 ) 
4 238 244 (-5120 512 -768 ) (-5120 0 -768 ) (-5120 0 -504 ) (-5120 512 -504 ) 
4 238 239 (-5120 0 -768 ) (-5120 512 -768 ) (-4944 512 -768 ) (-4944 0 -768 ) 
4 239 254 (-4944 0 -816 ) (-4944 0 -768 ) (-5120 0 -768 ) (-5120 0 -816 ) 
4 239 244 (-5120 512 -816 ) (-5120 0 -816 ) (-5120 0 -768 ) (-5120 512 -768 ) 
11 240 242 (-5578 544 -816 ) (-5578 544 -697 ) (-5587 544 -644.998596 ) (-5615.998047 544 -602.001648 ) (-5660 544 -573 ) (-5712 544 -563 ) (-5764 544 -573 ) (-5808 544 -602 ) (-5837 544 -645 ) (-5846 544 -697 ) (-5846 544 -816 ) 
4 241 276 (-6144 544 -816 ) (-6144 544 -591.454529 ) (-6144 1024 -591.454590 ) (-6144 1024 -816 ) 
6 241 243 (-6144 544 -591.454590 ) (-6144 544 -816 ) (-6090 544 -816 ) (-6090 544 -697 ) (-6099 544 -645 ) (-6128 544 -602 ) 
4 242 247 (-5873 512 -816 ) (-5551 512 -816 ) (-5551 512 -448 ) (-5873 512 -448 ) 
4 243 278 (-6144 512 -448 ) (-6144 544 -448 ) (-6144 544 -816 ) (-6144 512 -816 ) 
4 243 250 (-6144 512 -816 ) (-6063 512 -816 ) (-6063 512 -448 ) (-6144 512 -448 ) 
4 244 255 (-5120 0 -816 ) (-5120 0 -448 ) (-5244 0 -448 ) (-5244 0 -816 ) 
4 244 245 (-5244 512 -448 ) (-5244 512 -816 ) (-5244 380 -816 ) (-5244 380 -448 ) 
4 244 246 (-5244 132 -816 ) (-5244 0 -816 ) (-5244 0 -448 ) (-5244 132 -448 ) 
4 245 247 (-5284 512 -448 ) (-5284 512 -816 ) (-5284 380 -816 ) (-5284 380 -448 ) 
4 246 256 (-5244 0 -448 ) (-5284 0 -448 ) (-5284 0 -816 ) (-5244 0 -816 ) 
4 246 247 (-5284 132 -816 ) (-5284 0 -816 ) (-5284 0 -448 ) (-5284 132 -448 ) 
4 247 258 (-5284 0 -448 ) (-5912 0 -448 ) (-5912 0 -816 ) (-5284 0 -816 ) 
4 247 248 (-5912 512 -448 ) (-5912 512 -816 ) (-5912 312 -816 ) (-5912 312 -448 ) 
4 247 249 (-5912 200 -816 ) (-5912 0 -816 ) (-5912 0 -448 ) (-5912 200 -448 ) 
4 248 250 (-6024 512 -448 ) (-6024 512 -816 ) (-6024 312 -816 ) (-6024 312 -448 ) 
4 249 259 (-5912 0 -448 ) (-6024 0 -448 ) (-6024 0 -816 ) (-5912 0 -816 ) 
4 249 250 (-6024 200 -816 ) (-6024 0 -816 ) (-6024 0 -448 ) (-6024 200 -448 ) 
4 250 284 (-6144 0 -816 ) (-6144 0 -448 ) (-6144 128 -448 ) (-6144 128 -816 ) 
4 250 280 (-6144 128 -448 ) (-6144 512 -448 ) (-6144 512 -816 ) (-6144 128 -816 ) 
4 250 261 (-6024 0 -448 ) (-6144 0 -448 ) (-6144 0 -816 ) (-6024 0 -816 ) 
6 251 253 (-4928 0 -504 ) (-4096 0 -504 ) (-4096 -321.649719 -504 ) (-4160 -356 -504 ) (-4544 -472 -504 ) (-4928 -510.399994 -504 ) 
4 252 255 (-5120 0 -448 ) (-5120 0 -504 ) (-5120 -512 -504 ) (-5120 -512 -448 ) 
4 252 254 (-5120 0 -504 ) (-4960 0 -504 ) (-4960 -512 -504 ) (-5120 -512 -504 ) 
4 253 254 (-4944 -512 -504 ) (-4944 0 -504 ) (-4944 0 -768 ) (-4944 -512 -768 ) 
4 254 255 (-5120 0 -504 ) (-5120 0 -816 ) (-5120 -512 -816 ) (-5120 -512 -504 ) 
4 255 256 (-5244 0 -816 ) (-5244 -132 -816 ) (-5244 -132 -448 ) (-5244 0 -448 ) 
4 255 257 (-5244 -380 -816 ) (-5244 -512 -816 ) (-5244 -512 -448 ) (-5244 -380 -448 ) 
4 256 258 (-5284 0 -816 ) (-5284 -132 -816 ) (-5284 -132 -448 ) (-5284 0 -448 ) 
4 257 258 (-5284 -380 -816 ) (-5284 -512 -816 ) (-5284 -512 -448 ) (-5284 -380 -448 ) 
4 258 262 (-5873 -512 -816 ) (-5551 -512 -816 ) (-5551 -512 -448 ) (-5873 -512 -448 ) 
4 258 259 (-5912 0 -816 ) (-5912 -200 -816 ) (-5912 -200 -448 ) (-5912 0 -448 ) 
4 258 260 (-5912 -312 -816 ) (-5912 -512 -816 ) (-5912 -512 -448 ) (-5912 -312 -448 ) 
4 259 261 (-6024 0 -816 ) (-6024 -200 -816 ) (-6024 -200 -448 ) (-6024 0 -448 ) 
4 260 261 (-6024 -312 -816 ) (-6024 -512 -816 ) (-6024 -512 -448 ) (-6024 -312 -448 ) 
4 261 290 (-6144 -512 -448 ) (-6144 0 -448 ) (-6144 0 -816 ) (-6144 -512 -816 ) 
4 261 263 (-6144 -512 -816 ) (-6063 -512 -816 ) (-6063 -512 -448 ) (-6144 -512 -448 ) 
11 262 264 (-5808 -544 -602 ) (-5837 -544 -645 ) (-5846 -544 -697 ) (-5846 -544 -816 ) (-5578 -544 -816 ) (-5578 -544 -697 ) (-5587 -544 -644.998779 ) (-5615.998047 -544 -602.001648 ) (-5660 -544 -573 ) (-5712 -544 -563 ) (-5764 -544 -573 ) 
4 263 290 (-6144 -544 -816 ) (-6144 -544 -448 ) (-6144 -512 -448 ) (-6144 -512 -816 ) 
6 263 265 (-6144 -544 -591.454590 ) (-6144 -544 -816 ) (-6090 -544 -816 ) (-6090 -544 -697 ) (-6099 -544 -645 ) (-6128 -544 -602 ) 
11 264 266 (-5578 -1024 -816 ) (-5578 -1024 -697 ) (-5587 -1024 -644.998596 ) (-5615.998047 -1024 -602.001648 ) (-5660 -1024 -573 ) (-5712 -1024 -563 ) (-5764 -1024 -573 ) (-5808 -1024 -602 ) (-5837 -1024 -645 ) (-5846 -1024 -697 ) (-5846 -1024 -816 ) 
4 265 300 (-6144 -1024 -816 ) (-6144 -1024 -591.454529 ) (-6144 -544 -591.454590 ) (-6144 -544 -816 ) 
6 265 267 (-6144 -1024 -591.454590 ) (-6144 -1024 -816 ) (-6090 -1024 -816 ) (-6090 -1024 -697 ) (-6099 -1024 -645 ) (-6128 -1024 -602 ) 
11 266 268 (-5578 -2048 -816 ) (-5578 -2048 -697 ) (-5587 -2048 -644.998474 ) (-5616 -2048 -602 ) (-5660 -2048 -573 ) (-5712 -2048 -563 ) (-5764 -2048 -573 ) (-5808 -2048 -602 ) (-5837 -2048 -645 ) (-5846 -2048 -697 ) (-5846 -2048 -816 ) 
4 267 309 (-6144 -1536 -816 ) (-6144 -1536 -591.454529 ) (-6144 -1024 -591.454590 ) (-6144 -1024 -816 ) 
4 269 274 (-7152 1984 -396 ) (-7152 2048 -396 ) (-7152 2048 -588 ) (-7152 1984 -588 ) 
4 270 273 (-6652 1536 -588 ) (-6652 1536 -548 ) (-6692 1536 -548 ) (-6692 1536 -588 ) 
4 270 271 (-6692 1892 -548 ) (-6692 1892 -588 ) (-6692 1852 -588 ) (-6692 1852 -548 ) 
4 271 274 (-7152 1852 -588 ) (-7152 1852 -548 ) (-7152 1892 -548 ) (-7152 1892 -588 ) 
9 272 276 (-6144 1024 -816 ) (-6144 1024 -591.454529 ) (-6172 1024 -573 ) (-6224 1024 -563 ) (-6276 1024 -573 ) (-6320 1024 -602 ) (-6349.012207 1024 -645.017761 ) (-6358 1024 -696.948486 ) (-6358 1024 -816 ) 
4 273 277 (-6652 1024 -588 ) (-6652 1024 -548 ) (-6692 1024 -548 ) (-6692 1024 -588 ) 
4 274 275 (-7168 2048 -396 ) (-7168 2048 -588 ) (-7168 1760 -588 ) (-7168 1760 -396 ) 
9 276 278 (-6144 544 -816 ) (-6144 544 -591.454529 ) (-6172 544 -573 ) (-6224 544 -563 ) (-6276 544 -573 ) (-6320 544 -602 ) (-6349.012207 544 -645.017761 ) (-6358 544 -696.948486 ) (-6358 544 -816 ) 
4 277 279 (-6652 544 -588 ) (-6652 544 -548 ) (-6692 544 -548 ) (-6692 544 -588 ) 
4 278 280 (-6144 512 -816 ) (-6144 512 -448 ) (-6385 512 -448 ) (-6385 512 -816 ) 
4 279 281 (-6652 512 -588 ) (-6652 512 -548 ) (-6692 512 -548 ) (-6692 512 -588 ) 
4 280 284 (-6652 128 -816 ) (-6144 128 -816 ) (-6144 128 -448 ) (-6652 128 -448 ) 
4 280 281 (-6652 512 -816 ) (-6652 380 -816 ) (-6652 380 -448 ) (-6652 512 -448 ) 
4 280 282 (-6652 132 -816 ) (-6652 128 -816 ) (-6652 128 -448 ) (-6652 132 -448 ) 
4 281 283 (-6692 512 -816 ) (-6692 380 -816 ) (-6692 380 -448 ) (-6692 512 -448 ) 
4 282 284 (-6692 128 -816 ) (-6652 128 -816 ) (-6652 128 -448 ) (-6692 128 -448 ) 
4 282 283 (-6692 132 -816 ) (-6692 128 -816 ) (-6692 128 -448 ) (-6692 132 -448 ) 
4 283 289 (-6992 128 -816 ) (-6976 128 -816 ) (-6976 128 -768 ) (-6992 128 -768 ) 
4 283 284 (-6976 128 -816 ) (-6692 128 -816 ) (-6692 128 -448 ) (-6976 128 -448 ) 
4 284 290 (-6144 0 -816 ) (-6144 0 -448 ) (-6348.799805 0 -448 ) (-6348.799805 0 -816 ) 
4 284 289 (-6976 128 -768 ) (-6976 128 -816 ) (-6927 118 -816 ) (-6927 118 -768 ) 
4 284 286 (-6927 118 -816 ) (-6828.040527 97.804184 -816 ) (-6828.040527 97.804184 -448 ) (-6927 118 -448 ) 
4 284 285 (-6828.040527 97.804184 -816 ) (-6348.799805 0 -816 ) (-6348.799805 0 -448 ) (-6828.040527 97.804184 -448 ) 
4 285 291 (-6385 0 -448 ) (-6848 0 -448 ) (-6848 0 -816 ) (-6385 0 -816 ) 
4 285 290 (-6348.799805 0 -448 ) (-6385 0 -448 ) (-6385 0 -816 ) (-6348.799805 0 -816 ) 
4 285 287 (-6835.874512 59.419334 -816 ) (-6848 0 -816 ) (-6848 0 -448 ) (-6835.874512 59.419334 -448 ) 
4 285 286 (-6828.041016 97.804688 -448 ) (-6828.041016 97.804688 -816 ) (-6835.874512 59.419334 -816 ) (-6835.874512 59.419334 -448 ) 
4 286 289 (-6927.003906 118.001328 -768 ) (-6927.003906 118.001328 -816 ) (-6884.998047 90.997253 -816 ) (-6884.998047 90.997253 -768 ) 
4 286 288 (-6884.998047 90.997253 -816 ) (-6863.788574 77.362610 -816 ) (-6863.788574 77.362610 -448 ) (-6884.998047 90.997253 -448 ) 
4 286 287 (-6863.788574 77.362610 -816 ) (-6835.875000 59.417969 -816 ) (-6835.875000 59.417969 -448 ) (-6863.788574 77.362610 -448 ) 
4 287 289 (-6858 49.001343 -816 ) (-6848 0 -816 ) (-6848 0 -768 ) (-6858 49.001343 -768 ) 
4 287 288 (-6863.789551 77.365219 -448 ) (-6863.789551 77.365211 -816 ) (-6858 49.001343 -816 ) (-6858 49.001347 -448 ) 
4 288 289 (-6884.998535 90.997009 -768 ) (-6884.998535 90.997009 -816 ) (-6858 49 -816 ) (-6858 49 -768 ) 
4 289 295 (-6992 0 -768 ) (-6992 0 -816 ) (-6848 0 -816 ) (-6848 0 -768 ) 
9 290 300 (-6144 -544 -816 ) (-6144 -544 -591.454529 ) (-6172 -544 -573 ) (-6224 -544 -563 ) (-6276 -544 -573 ) (-6320 -544 -602 ) (-6349.012207 -544 -645.017761 ) (-6358 -544 -696.948486 ) (-6358 -544 -816 ) 
4 290 296 (-6385 -512 -448 ) (-6385 -128 -448 ) (-6385 -128 -816 ) (-6385 -512 -816 ) 
4 290 291 (-6385 -128 -448 ) (-6385 0 -448 ) (-6385 0 -816 ) (-6385 -128 -816 ) 
4 291 297 (-6652 -128 -448 ) (-6692 -128 -448 ) (-6692 -128 -816 ) (-6652 -128 -816 ) 
4 291 296 (-6385 -128 -816 ) (-6385 -128 -448 ) (-6652 -128 -448 ) (-6652 -128 -816 ) 
4 291 299 (-6692 -128 -448 ) (-6874.122559 -128 -448 ) (-6874.122559 -128 -816 ) (-6692 -128 -816 ) 
4 291 295 (-6848.001465 0 -816 ) (-6858.002441 -49.004616 -816 ) (-6858.002441 -49.004616 -768 ) (-6848.001465 0 -768 ) 
4 291 293 (-6858.002441 -49.004616 -816 ) (-6869.696777 -106.305435 -816 ) (-6869.696777 -106.305435 -448 ) (-6858.002441 -49.004616 -448 ) 
4 291 292 (-6869.696777 -106.305435 -816 ) (-6874.124023 -128 -816 ) (-6874.124023 -128 -448 ) (-6869.696777 -106.305435 -448 ) 
4 292 299 (-6874.122559 -128 -448 ) (-6976 -128 -448 ) (-6976 -128 -816 ) (-6874.122559 -128 -816 ) 
4 292 295 (-6927 -118 -816 ) (-6976.001465 -128 -816 ) (-6976.001465 -128 -768 ) (-6927 -118 -768 ) 
4 292 294 (-6898.635254 -112.211014 -816 ) (-6927 -118 -816 ) (-6927 -118 -448 ) (-6898.635254 -112.211014 -448 ) 
4 292 293 (-6869.689453 -106.303711 -448 ) (-6869.689453 -106.303711 -816 ) (-6898.635254 -112.211014 -816 ) (-6898.635254 -112.211014 -448 ) 
4 293 295 (-6857.998535 -48.998852 -768 ) (-6857.998535 -48.998852 -816 ) (-6885 -91 -816 ) (-6885 -91 -768 ) 
4 293 294 (-6885 -91 -816 ) (-6898.637695 -112.212914 -816 ) (-6898.637695 -112.212906 -448 ) (-6885 -91 -448 ) 
4 294 295 (-6885 -91 -768 ) (-6885 -91 -816 ) (-6926.998535 -117.998711 -816 ) (-6926.998535 -117.998711 -768 ) 
4 295 299 (-6992 -128 -768 ) (-6992 -128 -816 ) (-6976 -128 -816 ) (-6976 -128 -768 ) 
4 296 297 (-6652 -128 -448 ) (-6652 -128 -816 ) (-6652 -132 -816 ) (-6652 -132 -448 ) 
4 296 298 (-6652 -380 -816 ) (-6652 -512 -816 ) (-6652 -512 -448 ) (-6652 -380 -448 ) 
4 297 299 (-6692 -128 -448 ) (-6692 -128 -816 ) (-6692 -132 -816 ) (-6692 -132 -448 ) 
4 298 299 (-6692 -380 -816 ) (-6692 -512 -816 ) (-6692 -512 -448 ) (-6692 -380 -448 ) 
9 300 309 (-6144 -1024 -816 ) (-6144 -1024 -591.454529 ) (-6172 -1024 -573 ) (-6224 -1024 -563 ) (-6276 -1024 -573 ) (-6320 -1024 -602 ) (-6349.012207 -1024 -645.017761 ) (-6358 -1024 -696.948486 ) (-6358 -1024 -816 ) 
4 301 303 (-9216 0 -1344 ) (-9216 0 -1024 ) (-9216 256 -1024 ) (-9216 256 -1344 ) 
4 301 302 (-8256 0 -1344 ) (-8256 0 -1024 ) (-9216 0 -1024 ) (-9216 0 -1344 ) 
4 302 305 (-9216 -256 -1344 ) (-9216 -256 -1024 ) (-9216 0 -1024 ) (-9216 0 -1344 ) 
4 303 305 (-9216 0 -1344 ) (-9216 0 -1024 ) (-10240 0 -1024 ) (-10240 0 -1344 ) 
4 303 304 (-10240 0 -1344 ) (-10240 0 -1024 ) (-10240 256 -1024 ) (-10240 256 -1344 ) 
4 304 307 (-11264 0 -1344 ) (-11264 0 -1024 ) (-11264 256 -1024 ) (-11264 256 -1344 ) 
4 304 306 (-11264 0 -1024 ) (-11264 0 -1344 ) (-10240 0 -1344 ) (-10240 0 -1024 ) 
4 305 306 (-10240 0 -1024 ) (-10240 0 -1344 ) (-10240 -256 -1344 ) (-10240 -256 -1024 ) 
4 306 308 (-11264 -256 -1344 ) (-11264 -256 -1024 ) (-11264 0 -1024 ) (-11264 0 -1344 ) 
4 307 308 (-11264 0 -1344 ) (-11264 0 -1024 ) (-11536 0 -1024 ) (-11536 0 -1344 ) 
