PRT1
378
806
4 0 4 (-2048 6375.379395 -264 ) (-2048 6455.671387 -264 ) (-2048 6455.671387 -416 ) (-2048 6375.379395 -416 ) 
4 0 2 (-2048 6455.670410 -416 ) (-2048 6455.669922 -264 ) (-2016.361084 6451.768555 -264 ) (-2016.361084 6451.769043 -416 ) 
3 0 1 (-2048 6375.379395 -416 ) (-2048 6455.670410 -416 ) (-2016.361084 6451.769043 -416 ) 
4 1 20 (-2016 6144 -416 ) (-2048 6144 -416 ) (-2048 6144 -608 ) (-2016 6144 -608 ) 
4 1 5 (-2048 6144 -608 ) (-2048 6144 -416 ) (-2048 6455.671387 -416 ) (-2048 6455.671387 -608 ) 
4 1 2 (-2016.360107 6451.770020 -608 ) (-2048 6455.671387 -608 ) (-2048 6455.670410 -416 ) (-2016.360352 6451.769043 -416 ) 
4 2 6 (-2048 6562.203613 -264 ) (-2048 6776.633301 -264 ) (-2048 6776.633301 -608 ) (-2048 6562.203613 -608 ) 
4 2 5 (-2048 6562.203613 -416 ) (-2048 6562.203613 -608 ) (-2048 6455.671387 -608 ) (-2048 6455.671387 -416 ) 
4 2 4 (-2048 6455.671387 -264 ) (-2048 6562.203613 -264 ) (-2048 6562.203613 -416 ) (-2048 6455.671387 -416 ) 
7 3 10 (-2608 6529.613770 -264 ) (-2621.420166 6538.580566 -264 ) (-2664.780273 6603.470703 -264 ) (-2680 6680 -264 ) (-2664.780273 6756.539551 -264 ) (-2621.419434 6821.431152 -264 ) (-2608 6830.397461 -264 ) 
4 3 8 (-2352 6712 -264 ) (-2352 6584 -264 ) (-2608 6584 -264 ) (-2608 6712 -264 ) 
6 3 9 (-2352 6584 -264 ) (-2352 6529.613281 -264 ) (-2360.981445 6523.612305 -264 ) (-2561.934814 6498.834961 -264 ) (-2608 6529.613770 -264 ) (-2608 6584 -264 ) 
7 3 7 (-2556.541748 6864.778809 -264 ) (-2480 6880 -264 ) (-2403.459717 6864.779297 -264 ) (-2352 6830.388672 -264 ) (-2352 6712 -264 ) (-2608 6712 -264 ) (-2608 6830.397461 -264 ) 
7 3 6 (-2352 6830.388672 -264 ) (-2338.580078 6821.419922 -264 ) (-2295.215820 6756.518555 -264 ) (-2280 6680 -264 ) (-2295.220459 6603.469238 -264 ) (-2338.579590 6538.580566 -264 ) (-2352 6529.613281 -264 ) 
5 3 4 (-2360.981445 6523.612305 -264 ) (-2403.459961 6495.229980 -264 ) (-2480 6480 -264 ) (-2556.539307 6495.229980 -264 ) (-2561.934814 6498.834961 -264 ) 
4 4 24 (-2279.377686 6144 -264 ) (-2680.621582 6144 -264 ) (-2680.621582 6144 -416 ) (-2279.377441 6144 -416 ) 
4 4 10 (-2943.639404 6451.768555 -264 ) (-2608 6493.153320 -264 ) (-2608 6493.153320 -416 ) (-2943.639404 6451.768555 -416 ) 
4 4 9 (-2608 6493.153320 -264 ) (-2352 6524.718262 -264 ) (-2352 6524.718262 -416 ) (-2608 6493.153320 -416 ) 
4 4 6 (-2352 6524.718262 -264 ) (-2048 6562.202148 -264 ) (-2048 6562.202148 -416 ) (-2352 6524.718262 -416 ) 
11 4 5 (-2943.640381 6451.771484 -416 ) (-2048 6562.205078 -416 ) (-2048 6375.379395 -416 ) (-2064.311035 6335.998535 -416 ) (-2140.589844 6236.589844 -416 ) (-2240 6160.309570 -416 ) (-2279.377686 6144 -416 ) (-2680.621582 6144 -416 ) (-2720 6160.309570 -416 ) (-2819.410645 6236.590332 -416 ) (-2895.689941 6336 -416 ) 
4 5 25 (-2048 6144 -608 ) (-2048 6144 -416 ) (-2944 6144 -416 ) (-2944 6144 -608 ) 
12 5 11 (-2480 6224 -608 ) (-2571.100586 6235.990234 -608 ) (-2656 6271.160645 -608 ) (-2728.900391 6327.101074 -608 ) (-2784.839355 6400 -608 ) (-2812.960449 6467.882813 -608 ) (-2131.165527 6551.949219 -608 ) (-2139.989746 6484.900879 -608 ) (-2175.161133 6399.997559 -608 ) (-2231.098633 6327.101563 -608 ) (-2304.001709 6271.159180 -608 ) (-2388.896973 6236 -608 ) 
4 5 10 (-2608 6493.153320 -608 ) (-2943.639893 6451.768555 -608 ) (-2943.639893 6451.768555 -416 ) (-2608 6493.153320 -416 ) 
4 5 9 (-2352 6524.718262 -608 ) (-2608 6493.153320 -608 ) (-2608 6493.153320 -416 ) (-2352 6524.718262 -416 ) 
4 5 6 (-2048 6562.202148 -608 ) (-2352 6524.718262 -608 ) (-2352 6524.718262 -416 ) (-2048 6562.202148 -416 ) 
8 6 11 (-2131.165527 6551.949219 -608 ) (-2352 6524.719727 -608 ) (-2352 6900.723633 -608 ) (-2303.998779 6880.838867 -608 ) (-2231.100586 6824.910645 -608 ) (-2175.160156 6752 -608 ) (-2139.989746 6667.108887 -608 ) (-2128 6576 -608 ) 
4 6 8 (-2352 6584 -606 ) (-2352 6584 -264 ) (-2352 6712 -264 ) (-2352 6712 -606 ) 
4 6 9 (-2352 6584 -608 ) (-2352 6524.718750 -608 ) (-2352 6524.718750 -264 ) (-2352 6584 -264 ) 
4 6 7 (-2352 7038.088379 -608 ) (-2352 6712 -608 ) (-2352 6712 -264 ) (-2352 7038.088379 -264 ) 
7 7 11 (-2352 6900.723633 -608 ) (-2352 6712 -608 ) (-2608 6712 -608 ) (-2608 6900.723633 -608 ) (-2571.099609 6916.009766 -608 ) (-2480 6928 -608 ) (-2388.900391 6916.009766 -608 ) 
4 7 10 (-2608 7038.088379 -608 ) (-2608 6712 -608 ) (-2608 6712 -264 ) (-2608 7038.088379 -264 ) 
4 7 8 (-2608 6712 -264 ) (-2608 6712 -606 ) (-2352 6712 -606 ) (-2352 6712 -264 ) 
4 8 10 (-2608 6584 -606 ) (-2608 6584 -264 ) (-2608 6712 -264 ) (-2608 6712 -606 ) 
4 8 9 (-2608 6584 -264 ) (-2608 6584 -606 ) (-2352 6584 -606 ) (-2352 6584 -264 ) 
4 9 11 (-2352 6584 -608 ) (-2352 6524.719727 -608 ) (-2608 6493.154785 -608 ) (-2608 6584 -608 ) 
4 9 10 (-2608 6584 -608 ) (-2608 6493.156250 -608 ) (-2608 6493.156250 -264 ) (-2608 6584 -264 ) 
9 10 11 (-2608 6900.723633 -608 ) (-2608 6493.154785 -608 ) (-2812.960449 6467.882813 -608 ) (-2820.010254 6484.900879 -608 ) (-2832 6576 -608 ) (-2820.010254 6667.108398 -608 ) (-2784.839355 6752.001465 -608 ) (-2728.900635 6824.909180 -608 ) (-2656 6880.839844 -608 ) 
24 11 12 (-2139.989990 6667.110352 -1528 ) (-2128 6576 -1528 ) (-2139.989746 6484.901367 -1528 ) (-2175.160645 6399.998535 -1528 ) (-2231.099609 6327.100586 -1528 ) (-2304.001709 6271.159180 -1528 ) (-2388.896973 6236 -1528 ) (-2480 6224 -1528 ) (-2571.100586 6235.990234 -1528 ) (-2656 6271.160156 -1528 ) (-2728.900146 6327.100098 -1528 ) (-2784.840088 6400 -1528 ) (-2820.010254 6484.900391 -1528 ) (-2832 6576 -1528 ) (-2820.010498 6667.107910 -1528 ) (-2784.839111 6752.001465 -1528 ) (-2728.900635 6824.909180 -1528 ) (-2656 6880.839844 -1528 ) (-2571.100830 6916.009277 -1528 ) (-2480 6928 -1528 ) (-2388.899414 6916.009277 -1528 ) (-2303.998291 6880.838867 -1528 ) (-2231.100098 6824.910645 -1528 ) (-2175.159668 6752 -1528 ) 
4 13 44 (-1328 5120 288 ) (-1328 5120 656 ) (-2048 5120 656 ) (-2048 5120 288 ) 
4 13 36 (-2048 5376 288 ) (-2048 5120 288 ) (-2048 5120 656 ) (-2048 5376 656 ) 
4 13 28 (-2048 5888 288 ) (-2048 5376 288 ) (-2048 5376 656 ) (-2048 5888 656 ) 
4 13 27 (-2048 5968 288 ) (-2048 5888 288 ) (-2048 5888 656 ) (-2048 5968 656 ) 
4 13 23 (-2048 6144 656 ) (-2048 6144 288 ) (-2048 5968 288 ) (-2048 5968 656 ) 
3 13 16 (-1907 5376 288 ) (-1904 5376 288 ) (-1907 5373 288 ) 
4 13 15 (-1904 5376 288 ) (-1328 5376 288 ) (-1328 5312 288 ) (-1904 5312 288 ) 
4 13 18 (-1328 5309 288 ) (-1328 5120 288 ) (-1907 5120 288 ) (-1907 5309 288 ) 
4 13 19 (-2048 5120 288 ) (-2048 5376 288 ) (-1907 5376 288 ) (-1907 5120 288 ) 
4 13 14 (-2048 5888 288 ) (-2048 6144 288 ) (-1328 6144 288 ) (-1328 5888 288 ) 
4 14 27 (-2048 5968 24 ) (-2048 5888 24 ) (-2048 5888 288 ) (-2048 5968 288 ) 
4 14 23 (-2048 6144 288 ) (-2048 6144 24 ) (-2048 5968 24 ) (-2048 5968 288 ) 
4 15 17 (-1904 5312 277 ) (-1904 5376 277 ) (-1328 5376 277 ) (-1328 5312 277 ) 
4 16 19 (-1907 5376 288 ) (-1907 5376 277 ) (-1907 5373 277 ) (-1907 5373 288 ) 
3 16 17 (-1907 5373 277 ) (-1907 5376 277 ) (-1904 5376 277 ) 
4 17 18 (-1907 5309 277 ) (-1907 5309 24 ) (-1328 5309 24 ) (-1328 5309 277 ) 
4 17 19 (-1907 5376 277 ) (-1907 5376 24 ) (-1907 5309 24 ) (-1907 5309 277 ) 
4 18 44 (-1328 5120 24 ) (-1328 5120 288 ) (-1907 5120 288 ) (-1907 5120 24 ) 
4 18 19 (-1907 5309 24 ) (-1907 5120 24 ) (-1907 5120 288 ) (-1907 5309 288 ) 
4 19 44 (-1907 5120 288 ) (-2048 5120 288 ) (-2048 5120 24 ) (-1907 5120 24 ) 
4 19 36 (-2048 5376 24 ) (-2048 5120 24 ) (-2048 5120 288 ) (-2048 5376 288 ) 
4 20 25 (-2048 6144 -416 ) (-2048 6144 -608 ) (-2048 6096 -608 ) (-2048 6096 -416 ) 
4 20 22 (-2016 6096 -416 ) (-2048 6096 -416 ) (-2048 6096 -608 ) (-2016 6096 -608 ) 
4 21 45 (-2016 5120 -287.515106 ) (-2048 5120 -287.515106 ) (-2048 5120 -416 ) (-2016 5120 -416 ) 
3 21 41 (-2048 5120 -416 ) (-2048 5120 -287.515106 ) (-2048 5968 -416 ) 
4 21 22 (-2016 5120 -416 ) (-2048 5120 -416 ) (-2048 5968 -416 ) (-2016 5968 -416 ) 
4 22 52 (-2048 5120 -518 ) (-2048 5120 -549.515198 ) (-2016 5120 -549.515259 ) (-2016 5120 -518 ) 
4 22 49 (-2048 5120 -500 ) (-2048 5120 -518 ) (-2016 5120 -518 ) (-2016 5120 -500 ) 
4 22 45 (-2016 5120 -416 ) (-2048 5120 -416 ) (-2048 5120 -500 ) (-2016 5120 -500 ) 
4 22 42 (-2048 5120 -549.515259 ) (-2048 5120 -544.484863 ) (-2048 5968 -416 ) (-2048 5968 -678 ) 
3 22 41 (-2048 5120 -544.484863 ) (-2048 5120 -416 ) (-2048 5968 -416 ) 
4 22 26 (-2048 6096 -608 ) (-2048 6096 -678 ) (-2048 5968 -678 ) (-2048 5968 -608 ) 
4 22 25 (-2048 5968 -416 ) (-2048 6096 -416 ) (-2048 6096 -608 ) (-2048 5968 -608 ) 
4 23 153 (-3072 6144 160 ) (-3072 6144 24 ) (-3072 5968 24 ) (-3072 5968 160 ) 
4 23 152 (-3072 6144 416 ) (-3072 6144 160 ) (-3072 5968 160 ) (-3072 5968 416 ) 
4 23 150 (-3072 6144 656 ) (-3072 6144 416 ) (-3072 5968 416 ) (-3072 5968 656 ) 
4 23 40 (-3072 5968 160 ) (-3072 5968 24 ) (-2864 5968 24 ) (-2864 5968 160 ) 
4 23 39 (-3072 5968 416 ) (-3072 5968 160 ) (-2864 5968 160 ) (-2864 5968 416 ) 
4 23 37 (-2864 5968 656 ) (-3072 5968 656 ) (-3072 5968 416 ) (-2864 5968 416 ) 
4 23 33 (-2544 5968 656 ) (-2800 5968 656 ) (-2800 5968 24 ) (-2544 5968 24 ) 
4 23 35 (-2800 5968 656 ) (-2864 5968 656 ) (-2864 5968 24 ) (-2800 5968 24 ) 
4 23 31 (-2544 5968 160 ) (-2544 5968 24 ) (-2160 5968 24 ) (-2160 5968 160 ) 
4 23 30 (-2544 5968 288 ) (-2544 5968 160 ) (-2160 5968 160 ) (-2160 5968 288 ) 
4 23 29 (-2160 5968 656 ) (-2544 5968 656 ) (-2544 5968 288 ) (-2160 5968 288 ) 
4 23 27 (-2048 5968 24 ) (-2048 5968 656 ) (-2160 5968 656 ) (-2160 5968 24 ) 
5 24 25 (-2680.622314 6144 -416 ) (-2279.377930 6144 -416 ) (-2355.769775 6112.359863 -416 ) (-2480 6096 -416 ) (-2604.231201 6112.359863 -416 ) 
4 25 43 (-2496 5968 -416 ) (-2944 5968 -416 ) (-2944 5968 -608 ) (-2496 5968 -608 ) 
4 25 42 (-2048 5968 -608 ) (-2048 5968 -416 ) (-2464 5968 -416 ) (-2464 5968 -608 ) 
4 25 26 (-2048 5968 -608 ) (-2944 5968 -608 ) (-2944 6096 -608 ) (-2048 6096 -608 ) 
4 26 43 (-2496 5968 -608 ) (-2944 5968 -608 ) (-2944 5968 -678 ) (-2496 5968 -678 ) 
4 26 42 (-2048 5968 -678 ) (-2048 5968 -608 ) (-2464 5968 -608 ) (-2464 5968 -678 ) 
4 27 31 (-2160 5968 160 ) (-2160 5968 24 ) (-2160 5888 24 ) (-2160 5888 160 ) 
4 27 30 (-2160 5968 288 ) (-2160 5968 160 ) (-2160 5888 160 ) (-2160 5888 288 ) 
4 27 29 (-2160 5968 656 ) (-2160 5968 288 ) (-2160 5888 288 ) (-2160 5888 656 ) 
4 27 28 (-2048 5888 656 ) (-2160 5888 656 ) (-2160 5888 288 ) (-2048 5888 288 ) 
4 28 36 (-2048 5376 288 ) (-2048 5376 656 ) (-2160 5376 656 ) (-2160 5376 288 ) 
4 28 29 (-2160 5376 288 ) (-2160 5376 656 ) (-2160 5888 656 ) (-2160 5888 288 ) 
4 29 36 (-2160 5376 288 ) (-2160 5376 656 ) (-2544 5376 656 ) (-2544 5376 288 ) 
4 29 34 (-2544 5888 288 ) (-2544 5376 288 ) (-2544 5376 656 ) (-2544 5888 656 ) 
4 29 33 (-2544 5968 656 ) (-2544 5968 288 ) (-2544 5888 288 ) (-2544 5888 656 ) 
4 29 30 (-2544 5888 288 ) (-2544 5968 288 ) (-2160 5968 288 ) (-2160 5888 288 ) 
4 30 33 (-2544 5968 288 ) (-2544 5968 160 ) (-2544 5888 160 ) (-2544 5888 288 ) 
4 30 31 (-2544 5888 160 ) (-2544 5968 160 ) (-2160 5968 160 ) (-2160 5888 160 ) 
4 31 33 (-2544 5968 160 ) (-2544 5968 24 ) (-2544 5888 24 ) (-2544 5888 160 ) 
4 32 36 (-2544 5376 24 ) (-2160 5376 24 ) (-2160 5376 160 ) (-2544 5376 160 ) 
4 33 34 (-2800 5888 656 ) (-2800 5888 288 ) (-2544 5888 288 ) (-2544 5888 656 ) 
4 33 35 (-2800 5968 24 ) (-2800 5888 24 ) (-2800 5888 656 ) (-2800 5968 656 ) 
4 34 36 (-2544 5376 288 ) (-2544 5376 656 ) (-2800 5376 656 ) (-2800 5376 288 ) 
4 34 35 (-2800 5376 288 ) (-2800 5376 656 ) (-2800 5888 656 ) (-2800 5888 288 ) 
4 35 40 (-2864 5968 160 ) (-2864 5968 24 ) (-2864 5376 24 ) (-2864 5376 160 ) 
4 35 39 (-2864 5968 416 ) (-2864 5968 160 ) (-2864 5376 160 ) (-2864 5376 416 ) 
4 35 37 (-2864 5968 656 ) (-2864 5968 416 ) (-2864 5376 416 ) (-2864 5376 656 ) 
4 35 36 (-2864 5376 656 ) (-2864 5376 24 ) (-2800 5376 24 ) (-2800 5376 656 ) 
4 36 55 (-2340 5120 656 ) (-2864 5120 656 ) (-2864 5120 24 ) (-2340 5120 24 ) 
4 36 54 (-2048 5120 24 ) (-2048 5120 530 ) (-2340 5120 530 ) (-2340 5120 24 ) 
4 36 53 (-2048 5120 530 ) (-2048 5120 656 ) (-2340 5120 656 ) (-2340 5120 530 ) 
4 36 40 (-2864 5376 24 ) (-2864 5200 24 ) (-2864 5200 160 ) (-2864 5376 160 ) 
4 36 39 (-2864 5200 416 ) (-2864 5376 416 ) (-2864 5376 160 ) (-2864 5200 160 ) 
4 36 38 (-2864 5120 416 ) (-2864 5120 432 ) (-2864 5200 432 ) (-2864 5200 416 ) 
4 36 37 (-2864 5200 656 ) (-2864 5376 656 ) (-2864 5376 416 ) (-2864 5200 416 ) 
4 37 150 (-3072 5200 656 ) (-3072 5968 656 ) (-3072 5968 416 ) (-3072 5200 416 ) 
4 37 39 (-3072 5968 416 ) (-2864 5968 416 ) (-2864 5200 416 ) (-3072 5200 416 ) 
4 37 38 (-3072 5200 416 ) (-2864 5200 416 ) (-2864 5200 432 ) (-3072 5200 432 ) 
4 38 151 (-3072 5120 416 ) (-3072 5120 432 ) (-3072 5200 432 ) (-3072 5200 416 ) 
4 38 56 (-3072 5120 432 ) (-3072 5120 416 ) (-2864 5120 416 ) (-2864 5120 432 ) 
4 39 152 (-3072 5200 416 ) (-3072 5968 416 ) (-3072 5968 160 ) (-3072 5200 160 ) 
4 39 40 (-3072 5200 160 ) (-3072 5968 160 ) (-2864 5968 160 ) (-2864 5200 160 ) 
4 40 153 (-3072 5200 160 ) (-3072 5968 160 ) (-3072 5968 24 ) (-3072 5200 24 ) 
4 41 73 (-2048 5120 -544.484863 ) (-2048 5120 -518 ) (-2464 5120 -518 ) (-2464 5120 -544.484863 ) 
4 41 67 (-2048 5120 -518 ) (-2048 5120 -500 ) (-2464 5120 -500 ) (-2464 5120 -518 ) 
4 41 61 (-2048 5120 -500 ) (-2048 5120 -287.515137 ) (-2464 5120 -287.515137 ) (-2464 5120 -500 ) 
4 41 42 (-2464 5968 -416 ) (-2048 5968 -416 ) (-2048 5120 -544.484070 ) (-2464 5120 -544.484070 ) 
4 42 73 (-2048 5120 -549.515259 ) (-2048 5120 -544.484863 ) (-2464 5120 -544.484863 ) (-2464 5120 -549.515198 ) 
4 43 74 (-2496 5120 -806.484924 ) (-2496 5120 -544.484863 ) (-2944 5120 -544.484863 ) (-2944 5120 -806.484863 ) 
4 44 54 (-2048 5120 530 ) (-2048 5120 24 ) (-2048 4800 24 ) (-2048 4800 530 ) 
4 44 53 (-2048 5120 656 ) (-2048 5120 530 ) (-2048 4800 530 ) (-2048 4800 656 ) 
4 45 61 (-2048 5120 -287.515137 ) (-2048 5120 -500 ) (-2048 4912 -500 ) (-2048 4912 -256 ) 
4 45 49 (-2048 4912 -500 ) (-2048 5120 -500 ) (-2016 5120 -500 ) (-2016 4912 -500 ) 
4 45 46 (-2016 4912 -448 ) (-2016 4912 -256 ) (-2048 4912 -256 ) (-2048 4912 -448 ) 
4 46 62 (-2048 4896 -256 ) (-2048 4912 -256 ) (-2048 4912 -448 ) (-2048 4896 -448 ) 
4 46 47 (-2048 4896 -448 ) (-2016 4896 -448 ) (-2016 4896 -256 ) (-2048 4896 -256 ) 
4 47 63 (-2048 4864 -448 ) (-2048 4864 -256 ) (-2048 4896 -256 ) (-2048 4896 -448 ) 
4 47 48 (-2016 4864 -448 ) (-2016 4864 -256 ) (-2048 4864 -256 ) (-2048 4864 -448 ) 
4 48 64 (-2048 4864 -500 ) (-2048 4241.777344 -500 ) (-2048 4241.777344 -256 ) (-2048 4864 -256 ) 
3 48 51 (-2048 4241.777344 -500 ) (-2048 4400 -500 ) (-2016 4400 -500 ) 
4 48 50 (-2048 4400 -500 ) (-2048 4864 -500 ) (-2016 4864 -500 ) (-2016 4400 -500 ) 
4 49 67 (-2048 5120 -500 ) (-2048 5120 -518 ) (-2048 4912 -518 ) (-2048 4912 -500 ) 
4 49 52 (-2048 4912 -518 ) (-2048 5120 -518 ) (-2016 5120 -518 ) (-2016 4912 -518 ) 
4 50 68 (-2048 4864 -518 ) (-2048 4400 -518 ) (-2048 4400 -500 ) (-2048 4864 -500 ) 
4 50 51 (-2048 4400 -518 ) (-2016 4400 -518 ) (-2016 4400 -500 ) (-2048 4400 -500 ) 
4 51 69 (-2048 4400 -518 ) (-2048 4241.777344 -518 ) (-2048 4241.777344 -500 ) (-2048 4400 -500 ) 
3 52 73 (-2048 5120 -518 ) (-2048 5120 -549.515198 ) (-2048 4912 -518 ) 
4 53 97 (-2048 4096 530 ) (-2048 4096 544 ) (-2340 4096 544 ) (-2340 4096 530 ) 
4 53 95 (-2048 4096 544 ) (-2048 4096 656 ) (-2340 4096 656 ) (-2340 4096 544 ) 
4 53 55 (-2340 4096 530 ) (-2340 4096 656 ) (-2340 5120 656 ) (-2340 5120 530 ) 
4 53 54 (-2340 4800 530 ) (-2340 5120 530 ) (-2048 5120 530 ) (-2048 4800 530 ) 
4 54 55 (-2340 5120 24 ) (-2340 4800 24 ) (-2340 4800 530 ) (-2340 5120 530 ) 
4 55 105 (-2864 4096 32 ) (-2864 4096 24 ) (-2340 4096 24 ) (-2340 4096 32 ) 
4 55 103 (-2864 4096 72 ) (-2864 4096 32 ) (-2340 4096 32 ) (-2340 4096 72 ) 
4 55 101 (-2864 4096 416 ) (-2864 4096 72 ) (-2340 4096 72 ) (-2340 4096 416 ) 
4 55 98 (-2864 4096 544 ) (-2864 4096 416 ) (-2340 4096 416 ) (-2340 4096 544 ) 
4 55 95 (-2864 4096 656 ) (-2864 4096 544 ) (-2340 4096 544 ) (-2340 4096 656 ) 
4 55 59 (-2864 4416 24 ) (-2864 4096 24 ) (-2864 4096 160 ) (-2864 4416 160 ) 
4 55 58 (-2864 4416 160 ) (-2864 4096 160 ) (-2864 4096 416 ) (-2864 4416 416 ) 
4 55 57 (-2864 4672 416 ) (-2864 4096 416 ) (-2864 4096 656 ) (-2864 4672 656 ) 
4 55 56 (-2864 5120 432 ) (-2864 5120 416 ) (-2864 4672 416 ) (-2864 4672 432 ) 
4 56 156 (-3072 5120 432 ) (-3072 5120 416 ) (-3072 4672 416 ) (-3072 4672 432 ) 
4 56 57 (-3072 4672 416 ) (-2864 4672 416 ) (-2864 4672 432 ) (-3072 4672 432 ) 
4 57 157 (-3072 4096 416 ) (-3072 4096 1888 ) (-3072 4672 1888 ) (-3072 4672 416 ) 
4 57 98 (-3072 4096 544 ) (-3072 4096 416 ) (-2864 4096 416 ) (-2864 4096 544 ) 
4 57 96 (-3072 4096 1888 ) (-3072 4096 544 ) (-2864 4096 544 ) (-2864 4096 1888 ) 
4 57 58 (-3072 4096 416 ) (-3072 4416 416 ) (-2864 4416 416 ) (-2864 4096 416 ) 
4 58 158 (-3072 4096 160 ) (-3072 4096 416 ) (-3072 4416 416 ) (-3072 4416 160 ) 
4 58 101 (-3072 4096 416 ) (-3072 4096 160 ) (-2864 4096 160 ) (-2864 4096 416 ) 
4 58 59 (-2864 4416 160 ) (-2864 4096 160 ) (-2896 4096 160 ) (-2896 4416 160 ) 
4 58 60 (-2896 4096 160 ) (-3072 4096 160 ) (-3072 4416 160 ) (-2896 4416 160 ) 
4 59 105 (-2896 4096 24 ) (-2864 4096 24 ) (-2864 4096 32 ) (-2896 4096 32 ) 
4 59 103 (-2864 4096 32 ) (-2864 4096 72 ) (-2896 4096 72 ) (-2896 4096 32 ) 
4 59 101 (-2864 4096 72 ) (-2864 4096 160 ) (-2896 4096 160 ) (-2896 4096 72 ) 
4 59 60 (-2896 4416 24 ) (-2896 4096 24 ) (-2896 4096 160 ) (-2896 4416 160 ) 
4 60 159 (-3072 4096 24 ) (-3072 4096 160 ) (-3072 4736 160 ) (-3072 4736 24 ) 
4 60 111 (-3072 4096 32 ) (-3072 4096 24 ) (-3036 4096 24 ) (-3036 4096 32 ) 
4 60 108 (-3072 4096 72 ) (-3072 4096 32 ) (-3036 4096 32 ) (-3036 4096 72 ) 
4 60 105 (-3036 4096 24 ) (-2896 4096 24 ) (-2896 4096 32 ) (-3036 4096 32 ) 
4 60 103 (-2896 4096 32 ) (-2896 4096 72 ) (-3036 4096 72 ) (-3036 4096 32 ) 
4 60 101 (-3072 4096 160 ) (-3072 4096 72 ) (-2896 4096 72 ) (-2896 4096 160 ) 
4 61 67 (-2464 5120 -500 ) (-2048 5120 -500 ) (-2048 4912 -500 ) (-2464 4912 -500 ) 
4 61 62 (-2048 4912 -448 ) (-2048 4912 -256 ) (-2464 4912 -256 ) (-2464 4912 -448 ) 
4 62 63 (-2464 4896 -256 ) (-2464 4896 -448 ) (-2048 4896 -448 ) (-2048 4896 -256 ) 
4 63 64 (-2464 4864 -256 ) (-2464 4864 -448 ) (-2048 4864 -448 ) (-2048 4864 -256 ) 
4 64 115 (-2136 4096 -256 ) (-2464 4096 -256 ) (-2464 4096 -500 ) (-2136 4096 -500 ) 
6 64 69 (-2136 4096 -500 ) (-2464 4096 -500 ) (-2464 4400 -500 ) (-2048 4400 -500 ) (-2048 4241.777832 -500 ) (-2052 4222 -500 ) 
4 64 68 (-2464 4400 -500 ) (-2464 4864 -500 ) (-2048 4864 -500 ) (-2048 4400 -500 ) 
4 64 65 (-2464 4384 -256 ) (-2464 4400 -256 ) (-2464 4400 -500 ) (-2464 4384 -500 ) 
4 64 66 (-2464 4096 -256 ) (-2464 4384 -256 ) (-2464 4384 -500 ) (-2464 4096 -500 ) 
3 65 70 (-2464 4400 -500 ) (-2464 4384 -500 ) (-2480 4384 -500 ) 
4 65 66 (-2480 4384 -500 ) (-2464 4384 -500 ) (-2464 4384 -256 ) (-2480 4384 -256 ) 
4 66 165 (-3072 4096 -500 ) (-3072 4096 -256 ) (-3072 4384 -256 ) (-3072 4384 -500 ) 
4 66 115 (-2464 4096 -256 ) (-3072 4096 -256 ) (-3072 4096 -500 ) (-2464 4096 -500 ) 
4 66 79 (-2944 4096 -500 ) (-3072 4096 -500 ) (-3072 4384 -500 ) (-2944 4384 -500 ) 
4 66 72 (-2480 4096 -500 ) (-2944 4096 -500 ) (-2944 4384 -500 ) (-2480 4384 -500 ) 
4 66 71 (-2464 4096 -500 ) (-2480 4096 -500 ) (-2480 4384 -500 ) (-2464 4384 -500 ) 
4 67 73 (-2464 4912 -518 ) (-2464 5120 -518 ) (-2048 5120 -518 ) (-2048 4912 -518 ) 
4 68 69 (-2464 4400 -500 ) (-2464 4400 -518 ) (-2048 4400 -518 ) (-2048 4400 -500 ) 
4 69 117 (-2136 4096 -500 ) (-2464 4096 -500 ) (-2464 4096 -518 ) (-2136 4096 -518 ) 
4 69 71 (-2464 4384 -518 ) (-2464 4096 -518 ) (-2464 4096 -500 ) (-2464 4384 -500 ) 
4 69 70 (-2464 4400 -518 ) (-2464 4384 -518 ) (-2464 4384 -500 ) (-2464 4400 -500 ) 
4 70 71 (-2480 4384 -518 ) (-2464 4384 -518 ) (-2464 4384 -500 ) (-2480 4384 -500 ) 
4 71 117 (-2464 4096 -500 ) (-2480 4096 -500 ) (-2480 4096 -518 ) (-2464 4096 -518 ) 
4 71 72 (-2480 4384 -500 ) (-2480 4384 -518 ) (-2480 4096 -518 ) (-2480 4096 -500 ) 
4 72 118 (-2480 4096 -500 ) (-2944 4096 -500 ) (-2944 4096 -518 ) (-2480 4096 -518 ) 
4 72 79 (-2944 4096 -518 ) (-2944 4096 -500 ) (-2944 4384 -500 ) (-2944 4384 -518 ) 
4 74 88 (-2496 4912 -820 ) (-2944 4912 -820 ) (-2944 5030.800293 -820 ) (-2496 5030.800293 -820 ) 
4 74 75 (-2944 4912 -576 ) (-2944 4912 -768 ) (-2496 4912 -768 ) (-2496 4912 -576 ) 
4 75 76 (-2496 4864 -768 ) (-2496 4864 -576 ) (-2944 4864 -576 ) (-2944 4864 -768 ) 
4 76 89 (-2496 4600 -820 ) (-2944 4600 -820 ) (-2944 4864 -820 ) (-2496 4864 -820 ) 
8 76 80 (-2944 4752 -820 ) (-2944 4600 -820 ) (-2944 4600 -653 ) (-2944 4624 -648 ) (-2944 4672 -658 ) (-2944 4714 -684 ) (-2944 4740 -726 ) (-2944 4752 -774 ) 
4 76 78 (-2944 4600 -576 ) (-2944 4600 -820 ) (-2496 4600 -820 ) (-2496 4600 -576 ) 
8 77 121 (-2496 4096 -624 ) (-2496 4096 -820 ) (-2256 4096 -820 ) (-2256 4096 -750 ) (-2268 4096 -702 ) (-2294 4096 -660 ) (-2336 4096 -634 ) (-2384 4096 -624 ) 
4 77 90 (-2256 4096 -820 ) (-2496 4096 -820 ) (-2496 4600 -820 ) (-2256 4600 -820 ) 
4 77 78 (-2496 4600 -624 ) (-2496 4600 -820 ) (-2496 4096 -820 ) (-2496 4096 -624 ) 
4 78 130 (-2944 4096 -768 ) (-2944 4096 -820 ) (-2896 4096 -820 ) (-2896 4096 -768 ) 
4 78 126 (-2944 4096 -624 ) (-2944 4096 -768 ) (-2896 4096 -768 ) (-2896 4096 -624 ) 
4 78 124 (-2896 4096 -576 ) (-2944 4096 -576 ) (-2944 4096 -624 ) (-2896 4096 -624 ) 
4 78 122 (-2496 4096 -576 ) (-2896 4096 -576 ) (-2896 4096 -820 ) (-2496 4096 -820 ) 
4 78 90 (-2496 4096 -820 ) (-2944 4096 -820 ) (-2944 4600 -820 ) (-2496 4600 -820 ) 
4 78 83 (-2944 4096 -768 ) (-2944 4096 -624 ) (-2944 4420 -624 ) (-2944 4420 -768 ) 
7 78 80 (-2944 4600 -820 ) (-2944 4496 -820 ) (-2944 4496 -774 ) (-2944 4508 -726 ) (-2944 4534 -684 ) (-2944 4576 -658 ) (-2944 4600 -653 ) 
4 79 182 (-3072 4096 -518 ) (-3072 4096 -500 ) (-3072 4384 -500 ) (-3072 4384 -518 ) 
4 79 118 (-2944 4096 -500 ) (-3072 4096 -500 ) (-3072 4096 -518 ) (-2944 4096 -518 ) 
4 80 91 (-2945 4752 -820 ) (-2944 4752 -820 ) (-2944 4496 -820 ) (-2945 4496 -820 ) 
11 80 81 (-2945 4496 -820 ) (-2945 4496 -773.996094 ) (-2945 4507.998535 -726.001587 ) (-2945 4534 -684 ) (-2945 4576 -658 ) (-2945 4624 -648 ) (-2945 4671.992676 -657.998474 ) (-2945 4713.996094 -684 ) (-2945 4739.991699 -725.987000 ) (-2945 4752 -774.020203 ) (-2945 4752 -820 ) 
4 81 92 (-3008 4752 -820 ) (-2945 4752 -820 ) (-2945 4496 -820 ) (-3008 4496 -820 ) 
11 81 82 (-3008 4496 -820 ) (-3008 4496 -773.996094 ) (-3008 4507.998535 -726.001587 ) (-3008 4534 -684 ) (-3008 4576 -658 ) (-3008 4624 -648 ) (-3008 4671.992676 -657.998474 ) (-3008 4713.996094 -684 ) (-3008 4739.991699 -725.987000 ) (-3008 4752 -774.020203 ) (-3008 4752 -820 ) 
6 82 181 (-3072 4529.959473 -820 ) (-3072 4496 -820 ) (-3072 4496 -774 ) (-3072 4508 -726 ) (-3072 4534 -684 ) (-3072 4569.444824 -662.058105 ) 
6 82 180 (-3072 4752 -774 ) (-3072 4752 -820 ) (-3072 4718.040039 -820 ) (-3072 4678.554199 -662.057312 ) (-3072 4714 -684 ) (-3072 4740 -726 ) 
6 82 179 (-3072 4562.376953 -820 ) (-3072 4529.959473 -820 ) (-3072 4569.444824 -662.058105 ) (-3072 4576 -658 ) (-3072 4624 -648 ) (-3072 4663.729492 -656.276917 ) 
6 82 178 (-3072 4608.048828 -820 ) (-3072 4562.376953 -820 ) (-3072 4663.729492 -656.276917 ) (-3072 4672 -658 ) (-3072 4678.554199 -662.057312 ) (-3072 4703.298828 -761.035522 ) 
4 82 177 (-3072 4671.229980 -820 ) (-3072 4608.048828 -820 ) (-3072 4703.298828 -761.035522 ) (-3072 4715.722656 -810.730652 ) 
3 82 176 (-3072 4718.040039 -820 ) (-3072 4671.229980 -820 ) (-3072 4715.722656 -810.730652 ) 
4 82 93 (-3072 4496 -820 ) (-3072 4752 -820 ) (-3008 4752 -820 ) (-3008 4496 -820 ) 
4 83 126 (-3002 4096 -768 ) (-2944 4096 -768 ) (-2944 4096 -624 ) (-3002 4096 -624 ) 
4 83 84 (-3002 4320 -768 ) (-3002 4262 -768 ) (-3002 4262 -654 ) (-3002 4320 -654 ) 
4 85 189 (-3072 4096 -624 ) (-3072 4096 -576 ) (-3072 4124 -576 ) (-3072 4124 -624 ) 
4 85 125 (-3072 4096 -576 ) (-3072 4096 -624 ) (-3053.333252 4096 -624 ) (-3053.333252 4096 -576 ) 
3 85 86 (-3072 4096 -624 ) (-3072 4124 -624 ) (-3053.333252 4096 -624 ) 
4 86 189 (-3072 4096 -768 ) (-3072 4096 -624 ) (-3072 4124 -624 ) (-3072 4124 -768 ) 
4 86 127 (-3072 4096 -624 ) (-3072 4096 -768 ) (-3053.333252 4096 -768 ) (-3053.333252 4096 -624 ) 
3 86 87 (-3072 4096 -768 ) (-3072 4124 -768 ) (-3053.333252 4096 -768 ) 
4 87 189 (-3072 4096 -820 ) (-3072 4096 -768 ) (-3072 4124 -768 ) (-3072 4124 -820 ) 
4 87 131 (-3072 4096 -768 ) (-3072 4096 -820 ) (-3053.333252 4096 -820 ) (-3053.333252 4096 -768 ) 
3 87 94 (-3053.333252 4096 -820 ) (-3072 4096 -820 ) (-3072 4124 -820 ) 
4 89 91 (-2944 4752 -838 ) (-2944 4600 -838 ) (-2944 4600 -820 ) (-2944 4752 -820 ) 
4 89 90 (-2944 4600 -820 ) (-2944 4600 -838 ) (-2496 4600 -838 ) (-2496 4600 -820 ) 
4 90 134 (-2256 4096 -820 ) (-2944 4096 -820 ) (-2944 4096 -838 ) (-2256 4096 -838 ) 
4 90 91 (-2944 4600 -838 ) (-2944 4496 -838 ) (-2944 4496 -820 ) (-2944 4600 -820 ) 
4 91 92 (-2945 4752 -820 ) (-2945 4752 -838 ) (-2945 4496 -838 ) (-2945 4496 -820 ) 
4 92 93 (-3008 4752 -820 ) (-3008 4752 -838 ) (-3008 4496 -838 ) (-3008 4496 -820 ) 
4 93 190 (-3072 4496 -820 ) (-3072 4752 -820 ) (-3072 4752 -838 ) (-3072 4496 -838 ) 
4 94 191 (-3072 4096 -838 ) (-3072 4096 -820 ) (-3072 4124 -820 ) (-3072 4124 -838 ) 
4 94 136 (-3053.333252 4096 -820 ) (-3072 4096 -820 ) (-3072 4096 -838 ) (-3053.333252 4096 -838 ) 
4 95 141 (-2288 3072 656 ) (-2864 3072 656 ) (-2864 3072 544 ) (-2288 3072 544 ) 
4 95 139 (-2048 3072 544 ) (-2048 3072 656 ) (-2288 3072 656 ) (-2288 3072 544 ) 
4 95 99 (-2048 3072 544 ) (-2864 3072 544 ) (-2864 3904 544 ) (-2048 3904 544 ) 
4 95 97 (-2340 4096 544 ) (-2048 4096 544 ) (-2048 3904 544 ) (-2340 3904 544 ) 
4 95 98 (-2864 3904 544 ) (-2864 4096 544 ) (-2340 4096 544 ) (-2340 3904 544 ) 
4 95 96 (-2864 4096 544 ) (-2864 3552 544 ) (-2864 3552 656 ) (-2864 4096 656 ) 
4 96 223 (-3072 3552 1888 ) (-3072 3904 1888 ) (-3072 3904 544 ) (-3072 3552 544 ) 
4 96 218 (-3072 3904 1888 ) (-3072 3936 1888 ) (-3072 3936 544 ) (-3072 3904 544 ) 
4 96 210 (-3072 3936 1888 ) (-3072 4096 1888 ) (-3072 4096 544 ) (-3072 3936 544 ) 
4 96 98 (-3072 3904 544 ) (-3072 4096 544 ) (-2864 4096 544 ) (-2864 3904 544 ) 
4 97 99 (-2048 3904 530 ) (-2048 3904 544 ) (-2340 3904 544 ) (-2340 3904 530 ) 
4 97 98 (-2340 3904 530 ) (-2340 3904 544 ) (-2340 4096 544 ) (-2340 4096 530 ) 
4 98 218 (-3072 3904 544 ) (-3072 3936 544 ) (-3072 3936 416 ) (-3072 3904 416 ) 
4 98 210 (-3072 3936 544 ) (-3072 4096 544 ) (-3072 4096 416 ) (-3072 3936 416 ) 
4 98 101 (-3072 3904 416 ) (-3072 4096 416 ) (-2340 4096 416 ) (-2340 3904 416 ) 
4 98 99 (-2864 3904 416 ) (-2340 3904 416 ) (-2340 3904 544 ) (-2864 3904 544 ) 
4 99 141 (-2288 3072 544 ) (-2864 3072 544 ) (-2864 3072 416 ) (-2288 3072 416 ) 
4 99 139 (-2048 3072 416 ) (-2048 3072 544 ) (-2288 3072 544 ) (-2288 3072 416 ) 
4 99 113 (-2340 3756 416 ) (-2340 3072 416 ) (-2864 3072 416 ) (-2864 3756 416 ) 
4 99 102 (-2864 3904 416 ) (-2340 3904 416 ) (-2340 3756 416 ) (-2864 3756 416 ) 
4 99 100 (-2340 3904 416 ) (-2288 3904 416 ) (-2288 3072 416 ) (-2340 3072 416 ) 
4 100 141 (-2288 3072 416 ) (-2340 3072 416 ) (-2340 3072 24 ) (-2288 3072 24 ) 
4 100 113 (-2340 3756 24 ) (-2340 3072 24 ) (-2340 3072 416 ) (-2340 3756 416 ) 
4 100 107 (-2340 3796 24 ) (-2340 3756 24 ) (-2340 3756 72 ) (-2340 3796 72 ) 
4 100 106 (-2340 3904 24 ) (-2340 3796 24 ) (-2340 3796 32 ) (-2340 3904 32 ) 
4 100 104 (-2340 3796 32 ) (-2340 3796 72 ) (-2340 3904 72 ) (-2340 3904 32 ) 
4 100 102 (-2340 3756 72 ) (-2340 3756 416 ) (-2340 3904 416 ) (-2340 3904 72 ) 
4 101 218 (-3072 3904 416 ) (-3072 3936 416 ) (-3072 3936 72 ) (-3072 3904 72 ) 
4 101 210 (-3072 3936 416 ) (-3072 4096 416 ) (-3072 4096 72 ) (-3072 3936 72 ) 
4 101 108 (-3072 3904 72 ) (-3072 4096 72 ) (-3036 4096 72 ) (-3036 3904 72 ) 
4 101 103 (-3036 4096 72 ) (-2340 4096 72 ) (-2340 3904 72 ) (-3036 3904 72 ) 
4 101 102 (-2864 3904 72 ) (-2340 3904 72 ) (-2340 3904 416 ) (-2864 3904 416 ) 
4 102 113 (-2340 3756 72 ) (-2340 3756 416 ) (-2864 3756 416 ) (-2864 3756 72 ) 
4 102 107 (-2340 3756 72 ) (-2864 3756 72 ) (-2864 3796 72 ) (-2340 3796 72 ) 
4 102 104 (-2864 3796 72 ) (-2864 3904 72 ) (-2340 3904 72 ) (-2340 3796 72 ) 
4 103 108 (-3036 3904 72 ) (-3036 4096 72 ) (-3036 4096 32 ) (-3036 3904 32 ) 
4 103 105 (-3036 3904 32 ) (-3036 4096 32 ) (-2340 4096 32 ) (-2340 3904 32 ) 
4 103 104 (-2864 3904 32 ) (-2340 3904 32 ) (-2340 3904 72 ) (-2864 3904 72 ) 
4 104 107 (-2864 3796 32 ) (-2340 3796 32 ) (-2340 3796 72 ) (-2864 3796 72 ) 
4 104 106 (-2340 3796 32 ) (-2864 3796 32 ) (-2864 3904 32 ) (-2340 3904 32 ) 
4 105 111 (-3036 4096 24 ) (-3036 3904 24 ) (-3036 3904 32 ) (-3036 4096 32 ) 
4 105 106 (-2340 3904 24 ) (-2340 3904 32 ) (-2864 3904 32 ) (-2864 3904 24 ) 
4 106 107 (-2864 3796 24 ) (-2340 3796 24 ) (-2340 3796 32 ) (-2864 3796 32 ) 
4 107 113 (-2864 3756 24 ) (-2340 3756 24 ) (-2340 3756 72 ) (-2864 3756 72 ) 
4 108 218 (-3072 3936 32 ) (-3072 3904 32 ) (-3072 3904 72 ) (-3072 3936 72 ) 
4 108 210 (-3072 4096 72 ) (-3072 4096 32 ) (-3072 3936 32 ) (-3072 3936 72 ) 
4 108 111 (-3036 4096 32 ) (-3036 3904 32 ) (-3072 3904 32 ) (-3072 4096 32 ) 
4 108 110 (-3072 3904 32 ) (-3036 3904 32 ) (-3036 3904 64 ) (-3072 3904 64 ) 
4 108 109 (-3036 3904 64 ) (-3036 3904 72 ) (-3072 3904 72 ) (-3072 3904 64 ) 
4 109 226 (-3072 3756 64 ) (-3072 3756 72 ) (-3072 3796 72 ) (-3072 3796 64 ) 
4 109 224 (-3072 3796 72 ) (-3072 3904 72 ) (-3072 3904 64 ) (-3072 3796 64 ) 
4 109 110 (-3072 3904 64 ) (-3036 3904 64 ) (-3036 3756 64 ) (-3072 3756 64 ) 
4 110 227 (-3072 3796 32 ) (-3072 3756 32 ) (-3072 3756 64 ) (-3072 3796 64 ) 
4 110 225 (-3072 3904 32 ) (-3072 3796 32 ) (-3072 3796 64 ) (-3072 3904 64 ) 
4 110 112 (-3036 3796 32 ) (-3036 3756 32 ) (-3072 3756 32 ) (-3072 3796 32 ) 
4 111 218 (-3072 3936 24 ) (-3072 3904 24 ) (-3072 3904 32 ) (-3072 3936 32 ) 
4 111 210 (-3072 4096 32 ) (-3072 4096 24 ) (-3072 3936 24 ) (-3072 3936 32 ) 
4 112 227 (-3072 3796 24 ) (-3072 3756 24 ) (-3072 3756 32 ) (-3072 3796 32 ) 
4 112 114 (-3072 3756 24 ) (-3072 3796 24 ) (-3036 3796 24 ) (-3036 3756 24 ) 
4 113 141 (-2340 3072 416 ) (-2864 3072 416 ) (-2864 3072 24 ) (-2340 3072 24 ) 
4 114 227 (-3072 3756 24 ) (-3072 3796 24 ) (-3072 3796 -26 ) (-3072 3756 -26 ) 
4 115 211 (-3072 3936 -256 ) (-3072 4096 -256 ) (-3072 4096 -500 ) (-3072 3936 -500 ) 
4 115 118 (-3072 3936 -500 ) (-3072 4096 -500 ) (-2480 4096 -500 ) (-2480 3936 -500 ) 
5 115 117 (-2480 4096 -500 ) (-2136 4096 -500 ) (-2152 4072 -500 ) (-2302 3972 -500 ) (-2480 3936 -500 ) 
4 116 231 (-3072 3072 -500 ) (-3072 3072 -448 ) (-3072 3228 -448 ) (-3072 3228 -500 ) 
4 116 148 (-2896 3072 -448 ) (-3072 3072 -448 ) (-3072 3072 -500 ) (-2896 3072 -500 ) 
4 116 119 (-3072 3072 -500 ) (-3072 3228 -500 ) (-2896 3228 -500 ) (-2896 3072 -500 ) 
4 117 118 (-2480 4096 -518 ) (-2480 3936 -518 ) (-2480 3936 -500 ) (-2480 4096 -500 ) 
4 118 232 (-3072 3936 -500 ) (-3072 4096 -500 ) (-3072 4096 -518 ) (-3072 3936 -518 ) 
4 119 240 (-3072 3072 -518 ) (-3072 3072 -500 ) (-3072 3228 -500 ) (-3072 3228 -518 ) 
4 119 148 (-2896 3072 -500 ) (-3072 3072 -500 ) (-3072 3072 -518 ) (-2896 3072 -518 ) 
4 119 120 (-3072 3072 -518 ) (-3072 3228 -518 ) (-2896 3228 -518 ) (-2896 3072 -518 ) 
4 120 240 (-3072 3072 -576 ) (-3072 3072 -518 ) (-3072 3228 -518 ) (-3072 3228 -576 ) 
4 120 148 (-2896 3072 -518 ) (-3072 3072 -518 ) (-3072 3072 -576 ) (-2896 3072 -576 ) 
4 120 133 (-2896 3072 -576 ) (-3072 3072 -576 ) (-3072 3228 -576 ) (-2896 3228 -576 ) 
4 121 134 (-2496 4096 -820 ) (-2256 4096 -820 ) (-2256 3880 -820 ) (-2496 3880 -820 ) 
4 121 122 (-2496 4096 -820 ) (-2496 3880 -820 ) (-2496 3880 -624 ) (-2496 4096 -624 ) 
4 122 134 (-2896 3880 -820 ) (-2896 4096 -820 ) (-2496 4096 -820 ) (-2496 3880 -820 ) 
4 122 130 (-2896 4096 -820 ) (-2896 3880 -820 ) (-2896 3880 -768 ) (-2896 4096 -768 ) 
4 122 128 (-2896 3880 -768 ) (-2896 3880 -576 ) (-2896 4060 -576 ) (-2896 4060 -768 ) 
4 122 126 (-2896 4096 -624 ) (-2896 4096 -768 ) (-2896 4060 -768 ) (-2896 4060 -624 ) 
4 122 124 (-2896 4060 -576 ) (-2896 4096 -576 ) (-2896 4096 -624 ) (-2896 4060 -624 ) 
4 122 123 (-2896 3880 -576 ) (-2896 3880 -820 ) (-2496 3880 -820 ) (-2496 3880 -576 ) 
6 123 137 (-2896 3404.943359 -820 ) (-2896 3856 -820 ) (-2496 3856 -820 ) (-2532 3678 -820 ) (-2632.001221 3528 -820 ) (-2782 3428 -820 ) 
4 123 135 (-2896 3856 -820 ) (-2896 3880 -820 ) (-2496 3880 -820 ) (-2496 3856 -820 ) 
4 123 132 (-2896 3856 -820 ) (-2896 3404.943604 -820 ) (-2896 3404.943359 -576 ) (-2896 3856 -576 ) 
4 123 130 (-2896 3880 -820 ) (-2896 3856 -820 ) (-2896 3856 -768 ) (-2896 3880 -768 ) 
4 123 128 (-2896 3856 -768 ) (-2896 3856 -576 ) (-2896 3880 -576 ) (-2896 3880 -768 ) 
4 124 128 (-2896 4060 -624 ) (-2896 4060 -576 ) (-2944 4060 -576 ) (-2944 4060 -624 ) 
4 124 126 (-2896 4060 -624 ) (-2944 4060 -624 ) (-2944 4096 -624 ) (-2896 4096 -624 ) 
4 125 241 (-3072 4060 -576 ) (-3072 4096 -576 ) (-3072 4096 -624 ) (-3072 4060 -624 ) 
4 125 129 (-3029.333252 4060 -576 ) (-3072 4060 -576 ) (-3072 4060 -624 ) (-3029.333252 4060 -624 ) 
4 125 127 (-3029.333252 4060 -624 ) (-3072 4060 -624 ) (-3072 4096 -624 ) (-3053.333252 4096 -624 ) 
4 126 130 (-2944 4096 -768 ) (-2896 4096 -768 ) (-2896 4060 -768 ) (-2944 4060 -768 ) 
4 126 128 (-2944 4060 -768 ) (-2896 4060 -768 ) (-2896 4060 -624 ) (-2944 4060 -624 ) 
4 127 241 (-3072 4096 -624 ) (-3072 4096 -768 ) (-3072 4060 -768 ) (-3072 4060 -624 ) 
4 127 131 (-3072 4060 -768 ) (-3072 4096 -768 ) (-3053.333252 4096 -768 ) (-3029.333008 4060 -768 ) 
4 127 129 (-3072 4060 -768 ) (-3029.333008 4060 -768 ) (-3029.333008 4060 -624 ) (-3072 4060 -624 ) 
4 128 132 (-2896 3856 -768 ) (-2896 3856 -576 ) (-2944 3856 -576 ) (-2944 3856 -768 ) 
4 128 130 (-2896 3856 -768 ) (-2944 3856 -768 ) (-2944 4060 -768 ) (-2896 4060 -768 ) 
4 129 241 (-3072 3856 -576 ) (-3072 4060 -576 ) (-3072 4060 -768 ) (-3072 3856 -768 ) 
4 129 132 (-2976 3856 -576 ) (-3072 3856 -576 ) (-3072 3856 -768 ) (-2976 3856 -768 ) 
5 129 131 (-2976 3856 -768 ) (-3072 3856 -768 ) (-3072 4060 -768 ) (-3029.333252 4060 -768 ) (-3012 4034 -768 ) 
4 130 135 (-2896 3880 -820 ) (-2896 3856 -820 ) (-2944 3856 -820 ) (-2944 3880 -820 ) 
4 130 134 (-2944 4096 -820 ) (-2896 4096 -820 ) (-2896 3880 -820 ) (-2944 3880 -820 ) 
4 130 132 (-2944 3856 -820 ) (-2896 3856 -820 ) (-2896 3856 -768 ) (-2944 3856 -768 ) 
4 131 241 (-3072 4096 -768 ) (-3072 4096 -820 ) (-3072 3856 -820 ) (-3072 3856 -768 ) 
5 131 136 (-3072 3856 -820 ) (-3072 4096 -820 ) (-3053.333252 4096 -820 ) (-3012 4034 -820 ) (-2976 3856 -820 ) 
4 131 132 (-3072 3856 -820 ) (-2976 3856 -820 ) (-2976 3856 -768 ) (-3072 3856 -768 ) 
4 132 242 (-3072 3414.651611 -576 ) (-3072 3856 -576 ) (-3072 3856 -820 ) (-3072 3414.651611 -820 ) 
5 132 137 (-3072 3414.651611 -820 ) (-3072 3856 -820 ) (-2896 3856 -820 ) (-2896 3404.943359 -820 ) (-2960 3392 -820 ) 
4 133 245 (-3072 3072 -768 ) (-3072 3072 -576 ) (-3072 3228 -576 ) (-3072 3228 -768 ) 
4 133 148 (-2896 3072 -576 ) (-3072 3072 -576 ) (-3072 3072 -768 ) (-2896 3072 -768 ) 
4 134 135 (-2944 3880 -820 ) (-2944 3880 -838 ) (-2496 3880 -838 ) (-2496 3880 -820 ) 
4 135 137 (-2944 3856 -838 ) (-2496 3856 -838 ) (-2496 3856 -820 ) (-2944 3856 -820 ) 
4 136 246 (-3072 3856 -820 ) (-3072 4096 -820 ) (-3072 4096 -838 ) (-3072 3856 -838 ) 
4 136 137 (-3072 3856 -838 ) (-2976 3856 -838 ) (-2976 3856 -820 ) (-3072 3856 -820 ) 
4 137 247 (-3072 3414.651611 -820 ) (-3072 3856 -820 ) (-3072 3856 -838 ) (-3072 3414.651611 -838 ) 
4 138 140 (-2048 3008 24 ) (-2048 2496 24 ) (-2048 2496 656 ) (-2048 3008 656 ) 
4 139 141 (-2288 3072 656 ) (-2288 3072 416 ) (-2288 3008 416 ) (-2288 3008 656 ) 
4 139 140 (-2288 3008 656 ) (-2288 3008 416 ) (-2048 3008 416 ) (-2048 3008 656 ) 
4 140 141 (-2288 3008 24 ) (-2288 2496 24 ) (-2288 2496 656 ) (-2288 3008 656 ) 
4 142 250 (-3072 2924 24 ) (-3072 2868 24 ) (-3072 2868 100 ) (-3072 2924 100 ) 
4 142 145 (-3072 2868 24 ) (-3072 2924 24 ) (-3028 2924 24 ) (-3028 2868 24 ) 
4 143 146 (-3028 2868 -280 ) (-2864 2868 -280 ) (-2864 2868 -31.833313 ) (-3028 2868 -31.833307 ) 
7 143 144 (-3028 3024 -280 ) (-3028 2924 -280 ) (-3028 2924 -31.833334 ) (-3028 2944 -36 ) (-3028 2986 -62 ) (-3028 3012 -104 ) (-3028 3024 -152 ) 
5 143 145 (-3028 2924 -280 ) (-3028 2868 -280 ) (-3028 2868 -31.833313 ) (-3028 2896 -26 ) (-3028 2924 -31.833334 ) 
7 144 249 (-3072 3024 -152 ) (-3072 3024 -280 ) (-3072 2924 -280 ) (-3072 2924 -31.833145 ) (-3072 2944 -36 ) (-3072 2986 -62 ) (-3072 3012 -104 ) 
4 144 145 (-3072 2924 -280 ) (-3028 2924 -280 ) (-3028 2924 -31.833145 ) (-3072 2924 -31.833149 ) 
4 145 250 (-3072 2868 24 ) (-3072 2924 24 ) (-3072 2924 -280 ) (-3072 2868 -280 ) 
4 145 147 (-3072 2868 -280 ) (-3028 2868 -280 ) (-3028 2868 -31.833038 ) (-3072 2868 -31.833050 ) 
7 146 147 (-3028 2868 -31.833279 ) (-3028 2868 -280 ) (-3028 2768 -280 ) (-3028 2768 -152 ) (-3028 2780 -104 ) (-3028 2806 -62 ) (-3028 2848 -36 ) 
4 147 254 (-3072 2868 -208 ) (-3072 2868 -280 ) (-3072 2768 -280 ) (-3072 2768 -208 ) 
7 147 252 (-3072 2868 -31.833050 ) (-3072 2868 -208 ) (-3072 2768 -208 ) (-3072 2768 -152 ) (-3072 2780 -104 ) (-3072 2806 -62 ) (-3072 2848 -36 ) 
4 148 259 (-3072 2870 -448 ) (-3072 3072 -448 ) (-3072 3072 -768 ) (-3072 2870 -768 ) 
4 149 288 (-2896 2048 -768 ) (-2896 2048 -448 ) (-3072 2048 -448 ) (-3072 2048 -768 ) 
4 149 263 (-3072 2048 -768 ) (-3072 2048 -448 ) (-3072 2852 -448 ) (-3072 2852 -768 ) 
4 150 155 (-3632 5200 656 ) (-3632 5840 656 ) (-3632 5840 416 ) (-3632 5200 416 ) 
4 150 154 (-3632 5840 656 ) (-3632 6144 656 ) (-3632 6144 464 ) (-3632 5840 464 ) 
4 150 152 (-3632 5200 416 ) (-3632 6144 416 ) (-3072 6144 416 ) (-3072 5200 416 ) 
4 150 151 (-3632 5200 416 ) (-3072 5200 416 ) (-3072 5200 432 ) (-3632 5200 432 ) 
4 151 156 (-3072 5120 416 ) (-3072 5120 432 ) (-3632 5120 432 ) (-3632 5120 416 ) 
4 151 155 (-3632 5120 416 ) (-3632 5120 432 ) (-3632 5200 432 ) (-3632 5200 416 ) 
4 152 155 (-3632 5200 416 ) (-3632 5840 416 ) (-3632 5840 160 ) (-3632 5200 160 ) 
4 152 153 (-3632 5200 160 ) (-3632 6144 160 ) (-3072 6144 160 ) (-3072 5200 160 ) 
4 153 155 (-3632 5840 24 ) (-3632 5200 24 ) (-3632 5200 160 ) (-3632 5840 160 ) 
4 154 192 (-4096 6144 656 ) (-4096 6144 464 ) (-4096 5840 464 ) (-4096 5840 656 ) 
4 154 155 (-4096 5840 656 ) (-4096 5840 464 ) (-3632 5840 464 ) (-3632 5840 656 ) 
4 155 196 (-4096 5840 24 ) (-4096 5120 24 ) (-4096 5120 544 ) (-4096 5840 544 ) 
4 155 194 (-4096 5120 544 ) (-4096 5120 656 ) (-4096 5840 656 ) (-4096 5840 544 ) 
4 155 161 (-4096 5120 656 ) (-4096 5120 24 ) (-3632 5120 24 ) (-3632 5120 656 ) 
4 156 161 (-3632 5120 432 ) (-3632 5120 416 ) (-3632 4672 416 ) (-3632 4672 432 ) 
4 156 157 (-3632 4672 432 ) (-3632 4672 416 ) (-3072 4672 416 ) (-3072 4672 432 ) 
4 157 210 (-3072 4096 416 ) (-3072 4096 1888 ) (-3632 4096 1888 ) (-3632 4096 416 ) 
4 157 162 (-3632 4672 416 ) (-3632 4096 416 ) (-3632 4096 1888 ) (-3632 4672 1888 ) 
4 157 158 (-3632 4096 416 ) (-3632 4416 416 ) (-3072 4416 416 ) (-3072 4096 416 ) 
4 158 210 (-3072 4096 160 ) (-3072 4096 416 ) (-3632 4096 416 ) (-3632 4096 160 ) 
4 158 162 (-3632 4416 160 ) (-3632 4096 160 ) (-3632 4096 416 ) (-3632 4416 416 ) 
4 158 160 (-3600 4096 160 ) (-3632 4096 160 ) (-3632 4416 160 ) (-3600 4416 160 ) 
4 158 159 (-3072 4096 160 ) (-3600 4096 160 ) (-3600 4416 160 ) (-3072 4416 160 ) 
4 159 210 (-3072 4096 24 ) (-3072 4096 160 ) (-3600 4096 160 ) (-3600 4096 24 ) 
4 159 163 (-3288 4120 24 ) (-3288 4200 24 ) (-3208 4200 24 ) (-3208 4120 24 ) 
4 159 160 (-3600 4416 24 ) (-3600 4096 24 ) (-3600 4096 160 ) (-3600 4416 160 ) 
4 160 210 (-3600 4096 160 ) (-3632 4096 160 ) (-3632 4096 24 ) (-3600 4096 24 ) 
4 160 162 (-3632 4416 24 ) (-3632 4096 24 ) (-3632 4096 160 ) (-3632 4416 160 ) 
4 161 201 (-4096 5120 544 ) (-4096 5120 24 ) (-4096 4672 24 ) (-4096 4672 544 ) 
4 161 199 (-4096 5120 656 ) (-4096 5120 544 ) (-4096 4672 544 ) (-4096 4672 656 ) 
4 161 162 (-4096 4672 24 ) (-3632 4672 24 ) (-3632 4672 656 ) (-4096 4672 656 ) 
4 162 210 (-4096 4096 1888 ) (-4096 4096 24 ) (-3632 4096 24 ) (-3632 4096 1888 ) 
4 162 201 (-4096 4096 24 ) (-4096 4096 544 ) (-4096 4672 544 ) (-4096 4672 24 ) 
4 162 200 (-4096 4096 544 ) (-4096 4096 1888 ) (-4096 4672 1888 ) (-4096 4672 544 ) 
4 163 164 (-3208 4120 -240 ) (-3288 4120 -240 ) (-3288 4200 -240 ) (-3208 4200 -240 ) 
4 164 167 (-3288 4120 -256 ) (-3288 4200 -256 ) (-3208 4200 -256 ) (-3208 4120 -256 ) 
4 165 211 (-3072 4096 -500 ) (-3072 4096 -256 ) (-3128 4096 -256 ) (-3128 4096 -500 ) 
4 165 182 (-3072 4384 -500 ) (-3072 4096 -500 ) (-3128 4096 -500 ) (-3128 4384 -500 ) 
4 165 167 (-3128 4384 -500 ) (-3128 4096 -500 ) (-3128 4096 -256 ) (-3128 4384 -256 ) 
4 166 167 (-3128 4384 -448 ) (-3128 4384 -256 ) (-3496 4384 -256 ) (-3496 4384 -448 ) 
4 167 213 (-3288 4096 -256 ) (-3496 4096 -256 ) (-3496 4096 -500 ) (-3288 4096 -500 ) 
4 167 212 (-3208 4096 -256 ) (-3288 4096 -256 ) (-3288 4096 -500 ) (-3208 4096 -500 ) 
4 167 211 (-3128 4096 -256 ) (-3208 4096 -256 ) (-3208 4096 -500 ) (-3128 4096 -500 ) 
4 167 183 (-3128 4384 -500 ) (-3128 4096 -500 ) (-3496 4096 -500 ) (-3496 4384 -500 ) 
9 167 169 (-3496 4288 -500 ) (-3496 4096 -500 ) (-3496 4096 -283.904602 ) (-3496 4112 -274 ) (-3496 4160.002930 -264 ) (-3496 4207.997070 -273.998169 ) (-3496 4250 -300 ) (-3496 4276 -342 ) (-3496 4288 -390 ) 
11 168 202 (-4096 4752 -498.337433 ) (-4096 4752 -500 ) (-4096 4496 -500 ) (-4096 4496 -498.335419 ) (-4096 4508 -450.337677 ) (-4096 4534 -408.335480 ) (-4096 4576 -382.336548 ) (-4096 4624 -372.336456 ) (-4096 4672 -382.336578 ) (-4096 4714 -408.336212 ) (-4096 4740 -450.336212 ) 
8 168 174 (-4096 4600.095215 -500 ) (-4096 4752 -500 ) (-4092.278809 4752 -500 ) (-3984.840332 4740 -500 ) (-3890.834961 4714 -500 ) (-3832.641602 4672 -500 ) (-3810.259033 4624 -500 ) (-3821.405762 4600.095215 -500 ) 
7 168 173 (-4096 4496 -500 ) (-4096 4600.095215 -500 ) (-3821.405762 4600.095215 -500 ) (-3832.641846 4576 -500 ) (-3890.832764 4534 -500 ) (-3984.845459 4508 -500 ) (-4092.274414 4496 -500 ) 
4 169 214 (-3504 4096 -500 ) (-3496 4096 -500 ) (-3496 4096 -283.904724 ) (-3504 4096 -283.904724 ) 
4 169 184 (-3496 4288 -500 ) (-3496 4096 -500 ) (-3504 4096 -500 ) (-3504 4288 -500 ) 
9 169 170 (-3504 4096 -283.907318 ) (-3504 4112.011719 -273.995117 ) (-3504 4159.996094 -263.998047 ) (-3504 4207.997070 -273.998291 ) (-3504 4250 -300 ) (-3504 4276 -342 ) (-3504 4288 -390 ) (-3504 4288 -500 ) (-3504 4096 -500 ) 
4 170 215 (-3568 4096 -500 ) (-3504 4096 -500 ) (-3504 4096 -283.904724 ) (-3568 4096 -283.904724 ) 
4 170 185 (-3504 4096 -500 ) (-3568 4096 -500 ) (-3568 4288 -500 ) (-3504 4288 -500 ) 
9 170 171 (-3568 4096 -283.907318 ) (-3568 4112.011719 -273.995117 ) (-3568 4159.996094 -263.998047 ) (-3568 4207.997070 -273.998291 ) (-3568 4250 -300 ) (-3568 4276 -342 ) (-3568 4288 -390 ) (-3568 4288 -500 ) (-3568 4096 -500 ) 
4 171 216 (-4032 4096 -500 ) (-3568 4096 -500 ) (-3568 4096 -283.904724 ) (-4032 4096 -283.904724 ) 
4 171 187 (-3568 4096 -500 ) (-4032 4096 -500 ) (-4032 4288 -500 ) (-3568 4288 -500 ) 
9 171 172 (-4032 4288 -500 ) (-4032 4096 -500 ) (-4032 4096 -283.904724 ) (-4032 4112 -274 ) (-4032 4160.002930 -264 ) (-4032 4207.996582 -273.998199 ) (-4032 4250 -300 ) (-4032 4276 -341.998993 ) (-4032 4288 -390 ) 
4 172 217 (-4096 4096 -178 ) (-4096 4096 -500 ) (-4032 4096 -500 ) (-4032 4096 -178 ) 
4 172 203 (-4096 4096 -500 ) (-4096 4096 -178 ) (-4096 4275.269043 -178 ) (-4096 4275.269043 -500 ) 
4 172 188 (-4096 4096 -500 ) (-4096 4275.269043 -500 ) (-4032 4288 -500 ) (-4032 4096 -500 ) 
4 173 208 (-4096 4611.238281 -518 ) (-4096 4638.684570 -562.336426 ) (-4096 4496 -562.336426 ) (-4096 4496 -518 ) 
4 173 205 (-4096 4496 -500 ) (-4096 4600.095215 -500 ) (-4096 4611.238281 -518 ) (-4096 4496 -518 ) 
10 173 190 (-3519.287842 4752 -820 ) (-3376.043213 4752 -820 ) (-3200.008301 4732.337891 -820 ) (-3116.406006 4672 -820 ) (-3094.023682 4624 -820 ) (-3116.406006 4576 -820 ) (-3174.599121 4534 -820 ) (-3268.608887 4508 -820 ) (-3376.038818 4496 -820 ) (-3519.287842 4496 -820 ) 
4 173 181 (-3478.994141 4496 -774 ) (-3376.035156 4496 -820 ) (-3268.611084 4508 -820 ) (-3478.998291 4508 -726.003174 ) 
5 173 180 (-3376.046875 4752 -820 ) (-3479.005127 4752 -774 ) (-3479.001465 4740 -725.998779 ) (-3438.107178 4732.337402 -713.621826 ) (-3200.007568 4732.337402 -820 ) 
4 173 179 (-3479.005859 4507.998047 -726.002319 ) (-3268.617188 4507.998047 -820 ) (-3174.597656 4534.001953 -820 ) (-3479.005371 4534.001465 -683.996582 ) 
4 173 178 (-3478.995361 4533.996094 -684.002563 ) (-3174.601563 4533.996094 -820 ) (-3116.407471 4575.996582 -820 ) (-3478.996826 4575.996094 -658.002319 ) 
4 173 177 (-3478.996582 4576.001465 -658 ) (-3116.402344 4576.001465 -820 ) (-3094.022705 4623.998047 -820 ) (-3478.997803 4623.997559 -648 ) 
5 173 176 (-3200.011719 4732.337891 -820 ) (-3438.108887 4732.337891 -713.622742 ) (-3479.002686 4714 -684 ) (-3479 4671.998047 -658 ) (-3116.404785 4671.997559 -820 ) 
4 173 175 (-3116.410156 4672 -820 ) (-3479.004150 4672 -658 ) (-3479.003662 4623.995605 -648 ) (-3094.023438 4623.995605 -820 ) 
9 173 174 (-3821.404541 4600.093262 -500 ) (-3723.828125 4623.998047 -538.615234 ) (-3572.656250 4672 -616.156250 ) (-3478.994873 4714 -684.002441 ) (-3478.995117 4740 -726.002258 ) (-3543.043213 4752 -745.386902 ) (-3686.289551 4752 -745.386841 ) (-4096 4638.682129 -562.335815 ) (-4096 4600.093262 -500 ) 
4 174 208 (-4096 4752 -518 ) (-4096 4752 -562.336426 ) (-4096 4638.684570 -562.336426 ) (-4096 4611.238281 -518 ) 
4 174 205 (-4096 4600.095215 -500 ) (-4096 4752 -500 ) (-4096 4752 -518 ) (-4096 4611.238281 -518 ) 
3 175 190 (-3116.406006 4672 -820 ) (-3082.912842 4647.827148 -820 ) (-3094.023682 4624 -820 ) 
4 175 177 (-3479 4623.997559 -648 ) (-3094.022705 4623.998047 -820 ) (-3082.911865 4647.826660 -820 ) (-3456.778076 4647.826660 -652.963867 ) 
4 175 176 (-3456.779785 4647.826660 -652.963867 ) (-3082.914063 4647.826660 -820 ) (-3116.404785 4671.997559 -820 ) (-3479 4671.998047 -658 ) 
4 176 190 (-3200.008301 4732.337891 -820 ) (-3072 4718.040039 -820 ) (-3072 4671.229980 -820 ) (-3082.912842 4647.827148 -820 ) 
5 176 180 (-3349.425781 4715.722168 -686.782532 ) (-3072 4715.722168 -810.731079 ) (-3072 4718.039551 -820 ) (-3200.007568 4732.337402 -820 ) (-3438.107178 4732.337402 -713.621826 ) 
7 176 177 (-3072 4715.722168 -810.731079 ) (-3349.426514 4715.722168 -686.782349 ) (-3356.457520 4714 -684 ) (-3434.234863 4672 -658 ) (-3456.777832 4647.826660 -652.963867 ) (-3082.911865 4647.826660 -820 ) (-3072 4671.229004 -820 ) 
3 177 190 (-3072 4671.229980 -820 ) (-3072 4608.048828 -820 ) (-3116.406006 4576 -820 ) 
5 177 180 (-3259.251465 4703.298828 -677.375366 ) (-3072 4703.298828 -761.035767 ) (-3072 4715.722168 -810.731079 ) (-3349.425781 4715.722656 -686.782532 ) (-3340.231934 4714 -684 ) 
7 177 178 (-3072 4703.297852 -761.035400 ) (-3259.251953 4703.297852 -677.374878 ) (-3345.982422 4672 -658 ) (-3434.871826 4624 -648 ) (-3479 4575.996094 -658 ) (-3116.407471 4575.996582 -820 ) (-3072 4608.046387 -820 ) 
3 178 190 (-3072 4608.048828 -820 ) (-3072 4562.376953 -820 ) (-3174.599121 4534 -820 ) 
3 178 180 (-3072 4678.554199 -662.057190 ) (-3072 4703.298828 -761.035767 ) (-3259.251465 4703.298828 -677.375366 ) 
6 178 179 (-3174.597656 4534.001953 -820 ) (-3072 4562.377930 -820 ) (-3072 4663.729980 -656.277039 ) (-3234.174316 4624 -648 ) (-3385.342041 4576 -658 ) (-3479 4534.001465 -683.998901 ) 
3 179 190 (-3072 4562.376953 -820 ) (-3072 4529.959473 -820 ) (-3268.608887 4508 -820 ) 
5 179 181 (-3268.611084 4508 -820 ) (-3072 4529.959473 -820 ) (-3072 4569.445313 -662.057800 ) (-3340.227051 4534 -684 ) (-3479.001953 4508 -726.001526 ) 
3 180 190 (-3376.043213 4752 -820 ) (-3072 4752 -820 ) (-3072 4718.040039 -820 ) 
3 181 190 (-3072 4529.959473 -820 ) (-3072 4496 -820 ) (-3376.038818 4496 -820 ) 
4 182 232 (-3072 4096 -518 ) (-3072 4096 -500 ) (-3128 4096 -500 ) (-3128 4096 -518 ) 
4 182 183 (-3128 4384 -518 ) (-3128 4096 -518 ) (-3128 4096 -500 ) (-3128 4384 -500 ) 
4 183 232 (-3128 4096 -500 ) (-3496 4096 -500 ) (-3496 4096 -518 ) (-3128 4096 -518 ) 
4 183 184 (-3496 4288 -518 ) (-3496 4096 -518 ) (-3496 4096 -500 ) (-3496 4288 -500 ) 
4 184 233 (-3496 4096 -500 ) (-3504 4096 -500 ) (-3504 4096 -518 ) (-3496 4096 -518 ) 
4 184 186 (-3504 4288 -510 ) (-3504 4288 -518 ) (-3504 4096 -518 ) (-3504 4096 -510 ) 
4 184 185 (-3504 4288 -500 ) (-3504 4288 -510 ) (-3504 4096 -510 ) (-3504 4096 -500 ) 
4 185 234 (-3504 4096 -500 ) (-3568 4096 -500 ) (-3568 4096 -510 ) (-3504 4096 -510 ) 
4 185 187 (-3568 4288 -500 ) (-3568 4288 -510 ) (-3568 4096 -510 ) (-3568 4096 -500 ) 
4 185 186 (-3568 4096 -510 ) (-3568 4288 -510 ) (-3504 4288 -510 ) (-3504 4096 -510 ) 
4 186 235 (-3568 4096 -510 ) (-3568 4096 -518 ) (-3504 4096 -518 ) (-3504 4096 -510 ) 
4 186 187 (-3568 4288 -510 ) (-3568 4288 -518 ) (-3568 4096 -518 ) (-3568 4096 -510 ) 
4 187 236 (-3568 4096 -500 ) (-4032 4096 -500 ) (-4032 4096 -518 ) (-3568 4096 -518 ) 
4 187 188 (-4032 4287.998047 -500 ) (-4032 4287.998047 -518 ) (-4032 4096 -518 ) (-4032 4096 -500 ) 
4 188 237 (-4032 4096 -500 ) (-4096 4096 -500 ) (-4096 4096 -518 ) (-4032 4096 -518 ) 
4 188 206 (-4096 4096 -518 ) (-4096 4096 -500 ) (-4096 4275.269043 -500 ) (-4096 4275.269043 -518 ) 
4 189 241 (-3072 4096 -820 ) (-3072 4096 -576 ) (-3826.666992 4096 -576 ) (-3826.666992 4096 -820 ) 
8 189 191 (-3072 4096 -820 ) (-3826.666992 4096 -820 ) (-3768 4184 -820 ) (-3618.001221 4284 -820 ) (-3440 4320 -820 ) (-3262 4284 -820 ) (-3112 4184 -820 ) (-3072 4124 -820 ) 
4 191 246 (-3072 4096 -838 ) (-3072 4096 -820 ) (-3826.666992 4096 -820 ) (-3826.666992 4096 -838 ) 
4 192 197 (-5120 5840 544 ) (-5120 5840 464 ) (-4144 5840 464 ) (-4144 5840 544 ) 
4 192 196 (-4144 5840 464 ) (-4096 5840 464 ) (-4096 5840 544 ) (-4144 5840 544 ) 
4 192 195 (-5120 5840 656 ) (-5120 5840 544 ) (-4144 5840 544 ) (-4144 5840 656 ) 
4 192 194 (-4144 5840 544 ) (-4096 5840 544 ) (-4096 5840 656 ) (-4144 5840 656 ) 
4 192 193 (-4528 5840 464 ) (-5120 5840 464 ) (-5120 6144 464 ) (-4528 6144 464 ) 
4 193 197 (-5120 5840 464 ) (-5120 5840 24 ) (-4528 5840 24 ) (-4528 5840 464 ) 
4 194 199 (-4096 5120 544 ) (-4096 5120 656 ) (-4144 5120 656 ) (-4144 5120 544 ) 
4 194 196 (-4096 5120 544 ) (-4144 5120 544 ) (-4144 5840 544 ) (-4096 5840 544 ) 
4 194 195 (-4144 5840 544 ) (-4144 5312 544 ) (-4144 5312 656 ) (-4144 5840 656 ) 
4 195 197 (-5120 5312 544 ) (-5120 5840 544 ) (-4144 5840 544 ) (-4144 5312 544 ) 
4 196 201 (-4096 5120 24 ) (-4096 5120 544 ) (-4144 5120 544 ) (-4144 5120 24 ) 
4 196 197 (-4144 5312 544 ) (-4144 5840 544 ) (-4144 5840 24 ) (-4144 5312 24 ) 
11 198 209 (-5578 5120 -816 ) (-5578 5120 -697 ) (-5587 5120 -644.998596 ) (-5615.998535 5120 -602.001282 ) (-5660 5120 -573 ) (-5712 5120 -563 ) (-5764 5120 -573 ) (-5808 5120 -602 ) (-5837 5120 -645 ) (-5846 5120 -697 ) (-5846 5120 -816 ) 
4 199 201 (-4144 5120 544 ) (-4096 5120 544 ) (-4096 4672 544 ) (-4144 4672 544 ) 
4 199 200 (-4144 4672 544 ) (-4096 4672 544 ) (-4096 4672 656 ) (-4144 4672 656 ) 
4 200 264 (-4096 4096 544 ) (-4096 4096 1888 ) (-5120 4096 1888 ) (-5120 4096 544 ) 
4 200 201 (-4096 4096 544 ) (-4144 4096 544 ) (-4144 4672 544 ) (-4096 4672 544 ) 
4 201 265 (-4096 4096 24 ) (-4096 4096 544 ) (-4144 4096 544 ) (-4144 4096 24 ) 
4 202 205 (-4096 4752 -500 ) (-4096 4496 -500 ) (-4235.523438 4496 -500 ) (-4235.523438 4752 -500 ) 
4 203 268 (-4096 4096 -500 ) (-4096 4096 -178 ) (-4146.918457 4096 -178 ) (-4146.918457 4096 -500 ) 
4 203 267 (-4146.918457 4096 -178 ) (-4240 4096 -178 ) (-4240 4096 -500 ) (-4146.918457 4096 -500 ) 
4 203 206 (-4096 4275.269043 -500 ) (-4096 4096 -500 ) (-4240 4096 -500 ) (-4240 4246.624023 -500 ) 
4 203 204 (-4240 4246.624023 -500 ) (-4240 4096 -500 ) (-4240 4096 -178 ) (-4240 4246.624023 -178 ) 
4 204 267 (-4240 4096 -178 ) (-4390.174805 4096 -178 ) (-4390.174805 4096 -500 ) (-4240 4096 -500 ) 
4 204 266 (-4390.174805 4096 -178 ) (-4598.859375 4096 -178 ) (-4598.859375 4096 -500 ) (-4390.174805 4096 -500 ) 
4 204 207 (-4240 4246.624023 -500 ) (-4240 4096 -500 ) (-4598.859375 4096 -500 ) (-4430 4208.829590 -500 ) 
4 205 208 (-4195.234863 4752 -518 ) (-4096 4752 -518 ) (-4096 4496 -518 ) (-4195.234863 4496 -518 ) 
4 206 270 (-4096 4096 -518 ) (-4096 4096 -500 ) (-4146.918457 4096 -500 ) (-4146.918457 4096 -518 ) 
4 206 269 (-4146.918457 4096 -500 ) (-4240 4096 -500 ) (-4240 4096 -518 ) (-4146.918457 4096 -518 ) 
4 206 207 (-4240 4246.624023 -518 ) (-4240 4096 -518 ) (-4240 4096 -500 ) (-4240 4246.624023 -500 ) 
4 207 269 (-4240 4096 -500 ) (-4598.859375 4096 -500 ) (-4598.859375 4096 -518 ) (-4240 4096 -518 ) 
11 209 272 (-5578 4096 -816 ) (-5578 4096 -697 ) (-5587 4096 -644.998474 ) (-5616 4096 -602 ) (-5660 4096 -573 ) (-5712 4096 -563 ) (-5764 4096 -573 ) (-5808 4096 -602 ) (-5837 4096 -645 ) (-5846 4096 -697 ) (-5846 4096 -816 ) 
4 210 265 (-4096 4096 544 ) (-4096 4096 24 ) (-4096 3936 24 ) (-4096 3936 544 ) 
4 210 264 (-4096 4096 1888 ) (-4096 4096 544 ) (-4096 3936 544 ) (-4096 3936 1888 ) 
4 210 218 (-3072 3936 24 ) (-3072 3936 1888 ) (-4096 3936 1888 ) (-4096 3936 24 ) 
4 211 232 (-3208 4096 -500 ) (-3072 4096 -500 ) (-3072 3936 -500 ) (-3208 3936 -500 ) 
4 211 212 (-3208 4096 -500 ) (-3208 3936 -500 ) (-3208 3936 -256 ) (-3208 4096 -256 ) 
4 212 232 (-3288 4096 -500 ) (-3208 4096 -500 ) (-3208 3936 -500 ) (-3288 3936 -500 ) 
4 212 213 (-3288 4096 -500 ) (-3288 3936 -500 ) (-3288 3936 -256 ) (-3288 4096 -256 ) 
4 213 232 (-3496 4096 -500 ) (-3288 4096 -500 ) (-3288 3936 -500 ) (-3496 3936 -500 ) 
4 213 221 (-3384 3936 -416 ) (-3384 3936 -448 ) (-3344 3936 -448 ) (-3344 3936 -416 ) 
4 213 219 (-3344 3936 -408 ) (-3384 3936 -408 ) (-3384 3936 -416 ) (-3344 3936 -416 ) 
6 213 214 (-3496 4096 -500 ) (-3496 4032 -500 ) (-3496 4032 -390 ) (-3496 4044 -342 ) (-3496 4070 -300 ) (-3496 4096 -283.904633 ) 
4 214 233 (-3504 4096 -500 ) (-3496 4096 -500 ) (-3496 4032 -500 ) (-3504 4032 -500 ) 
6 214 215 (-3504 4096 -500 ) (-3504 4032 -500 ) (-3504 4032 -390 ) (-3504 4044 -342 ) (-3504 4070 -300 ) (-3504 4096 -283.904755 ) 
4 215 234 (-3568 4096 -500 ) (-3504 4096 -500 ) (-3504 4032 -500 ) (-3568 4032 -500 ) 
6 215 216 (-3568 4096 -500 ) (-3568 4032 -500 ) (-3568 4032 -390 ) (-3568 4044 -342 ) (-3568 4070 -300 ) (-3568 4096 -283.904755 ) 
4 216 236 (-4032 4096 -500 ) (-3568 4096 -500 ) (-3568 4032 -500 ) (-4032 4032 -500 ) 
6 216 217 (-4032 4096 -500 ) (-4032 4032 -500 ) (-4032 4032 -390 ) (-4032 4044 -342 ) (-4032 4070 -300 ) (-4032 4096 -283.904724 ) 
4 217 268 (-4096 4096 -178 ) (-4096 4096 -500 ) (-4096 4019.269287 -500 ) (-4096 4019.269287 -178 ) 
3 217 238 (-4096 4019.269287 -500 ) (-4096 4032 -500 ) (-4032 4032 -500 ) 
4 217 237 (-4096 4032 -500 ) (-4096 4096 -500 ) (-4032 4096 -500 ) (-4032 4032 -500 ) 
4 218 265 (-4096 3904 24 ) (-4096 3904 544 ) (-4096 3936 544 ) (-4096 3936 24 ) 
4 218 264 (-4096 3904 544 ) (-4096 3904 1888 ) (-4096 3936 1888 ) (-4096 3936 544 ) 
4 218 225 (-3076 3904 32 ) (-3072 3904 32 ) (-3072 3904 64 ) (-3076 3904 64 ) 
4 218 224 (-3072 3904 64 ) (-3072 3904 72 ) (-3076 3904 72 ) (-3076 3904 64 ) 
4 218 223 (-4096 3904 1888 ) (-4096 3904 544 ) (-3072 3904 544 ) (-3072 3904 1888 ) 
4 219 221 (-3384 3920 -416 ) (-3384 3936 -416 ) (-3344 3936 -416 ) (-3344 3920 -416 ) 
4 219 220 (-3384 3920 -408 ) (-3384 3920 -416 ) (-3344 3920 -416 ) (-3344 3920 -408 ) 
4 220 228 (-3344 3904 -416 ) (-3344 3904 -408 ) (-3384 3904 -408 ) (-3384 3904 -416 ) 
4 220 222 (-3384 3904 -416 ) (-3384 3920 -416 ) (-3344 3920 -416 ) (-3344 3904 -416 ) 
4 221 222 (-3344 3920 -448 ) (-3344 3920 -416 ) (-3384 3920 -416 ) (-3384 3920 -448 ) 
4 222 229 (-3384 3904 -448 ) (-3344 3904 -448 ) (-3344 3904 -416 ) (-3384 3904 -416 ) 
4 223 264 (-4096 3552 1888 ) (-4096 3904 1888 ) (-4096 3904 544 ) (-4096 3552 544 ) 
4 224 226 (-3072 3796 64 ) (-3072 3796 72 ) (-3076 3796 72 ) (-3076 3796 64 ) 
4 224 225 (-3072 3796 64 ) (-3076 3796 64 ) (-3076 3904 64 ) (-3072 3904 64 ) 
4 225 227 (-3072 3796 32 ) (-3072 3796 64 ) (-3076 3796 64 ) (-3076 3796 32 ) 
4 226 227 (-3072 3756 64 ) (-3076 3756 64 ) (-3076 3796 64 ) (-3072 3796 64 ) 
4 228 229 (-3384 3856 -416 ) (-3384 3904 -416 ) (-3344 3904 -416 ) (-3344 3856 -416 ) 
4 228 230 (-3344 3816 -416 ) (-3384 3816 -416 ) (-3384 3856 -416 ) (-3344 3856 -416 ) 
4 229 230 (-3344 3856 -448 ) (-3344 3856 -416 ) (-3384 3856 -416 ) (-3384 3856 -448 ) 
4 230 239 (-3344 3856 -500 ) (-3344 3816 -500 ) (-3384 3816 -500 ) (-3384 3856 -500 ) 
4 231 260 (-3237 3072 -448 ) (-3255 3072 -448 ) (-3255 3072 -500 ) (-3237 3072 -500 ) 
4 231 259 (-3072 3072 -500 ) (-3072 3072 -448 ) (-3237 3072 -448 ) (-3237 3072 -500 ) 
4 231 261 (-3255 3072 -448 ) (-3920 3072 -448 ) (-3920 3072 -500 ) (-3255 3072 -500 ) 
4 231 240 (-3072 3072 -500 ) (-3920 3072 -500 ) (-3920 3228 -500 ) (-3072 3228 -500 ) 
4 232 233 (-3496 4096 -518 ) (-3496 4032 -518 ) (-3496 4032 -500 ) (-3496 4096 -500 ) 
4 233 235 (-3504 4096 -518 ) (-3504 4032 -518 ) (-3504 4032 -510 ) (-3504 4096 -510 ) 
4 233 234 (-3504 4032 -510 ) (-3504 4032 -500 ) (-3504 4096 -500 ) (-3504 4096 -510 ) 
4 234 236 (-3568 4032 -510 ) (-3568 4032 -500 ) (-3568 4096 -500 ) (-3568 4096 -510 ) 
4 234 235 (-3568 4032 -510 ) (-3568 4096 -510 ) (-3504 4096 -510 ) (-3504 4032 -510 ) 
4 235 236 (-3568 4096 -518 ) (-3568 4032 -518 ) (-3568 4032 -510 ) (-3568 4096 -510 ) 
4 236 237 (-4032 4096 -518 ) (-4032 4032 -518 ) (-4032 4032 -500 ) (-4032 4096 -500 ) 
4 237 270 (-4096 4096 -500 ) (-4096 4096 -518 ) (-4096 4032 -518 ) (-4096 4032 -500 ) 
4 237 238 (-4096 4032 -518 ) (-4032 4032 -518 ) (-4032 4032 -500 ) (-4096 4032 -500 ) 
4 238 270 (-4096 4032 -518 ) (-4096 4019.269531 -518 ) (-4096 4019.269531 -500 ) (-4096 4032 -500 ) 
4 239 242 (-3384 3856 -576 ) (-3344 3856 -576 ) (-3344 3816 -576 ) (-3384 3816 -576 ) 
4 240 260 (-3237 3072 -500 ) (-3255 3072 -500 ) (-3255 3072 -576 ) (-3237 3072 -576 ) 
4 240 259 (-3072 3072 -576 ) (-3072 3072 -500 ) (-3237 3072 -500 ) (-3237 3072 -576 ) 
4 240 261 (-3255 3072 -500 ) (-3920 3072 -500 ) (-3920 3072 -576 ) (-3255 3072 -576 ) 
4 240 245 (-3072 3228 -576 ) (-3072 3072 -576 ) (-3920 3072 -576 ) (-3920 3228 -576 ) 
5 241 246 (-3826.666504 4096 -820 ) (-3072 4096 -820 ) (-3072 3856 -820 ) (-3904 3856 -820 ) (-3868 4034 -820 ) 
4 241 242 (-3424 3856 -820 ) (-3072 3856 -820 ) (-3072 3856 -576 ) (-3424 3856 -576 ) 
4 241 243 (-3904 3856 -820 ) (-3456 3856 -820 ) (-3456 3856 -576 ) (-3904 3856 -576 ) 
6 242 247 (-3424 3856 -820 ) (-3072 3856 -820 ) (-3072 3414.651611 -820 ) (-3138 3428 -820 ) (-3288 3528 -820 ) (-3388 3678 -820 ) 
4 243 248 (-3904 3856 -820 ) (-3456 3856 -820 ) (-3456 3252 -820 ) (-3904 3252 -820 ) 
4 243 244 (-3733 3252 -654 ) (-3733 3252 -768 ) (-3627 3252 -768 ) (-3627 3252 -654 ) 
4 244 245 (-3733 3228 -654 ) (-3733 3228 -768 ) (-3627 3228 -768 ) (-3627 3228 -654 ) 
4 245 260 (-3237 3072 -576 ) (-3255 3072 -576 ) (-3255 3072 -768 ) (-3237 3072 -768 ) 
4 245 259 (-3072 3072 -768 ) (-3072 3072 -576 ) (-3237 3072 -576 ) (-3237 3072 -768 ) 
4 245 261 (-3255 3072 -576 ) (-3920 3072 -576 ) (-3920 3072 -768 ) (-3255 3072 -768 ) 
4 246 248 (-3904 3856 -838 ) (-3456 3856 -838 ) (-3456 3856 -820 ) (-3904 3856 -820 ) 
4 246 247 (-3424 3856 -838 ) (-3072 3856 -838 ) (-3072 3856 -820 ) (-3424 3856 -820 ) 
7 249 251 (-3084 3024 -152 ) (-3084 3024 -280 ) (-3084 2924 -280 ) (-3084 2924 -31.833145 ) (-3084 2944 -36 ) (-3084 2986 -62 ) (-3084 3012 -104 ) 
4 249 250 (-3084 2924 -31.833168 ) (-3084 2924 -280 ) (-3072 2924 -280 ) (-3072 2924 -31.833145 ) 
4 250 254 (-3084 2868 -280 ) (-3072 2868 -280 ) (-3072 2868 -208 ) (-3084 2868 -208 ) 
4 250 252 (-3072 2868 -208 ) (-3072 2868 -31.833038 ) (-3084 2868 -31.833054 ) (-3084 2868 -208 ) 
5 250 251 (-3084 2924 -280 ) (-3084 2868 -280 ) (-3084 2868 -31.833328 ) (-3084 2896 -26 ) (-3084 2924 -31.833321 ) 
8 251 273 (-4096 3024 -280 ) (-4096 2868 -280 ) (-4096 2868 -31.833328 ) (-4096 2896 -26 ) (-4096 2944 -36 ) (-4096 2986 -62 ) (-4096 3012 -104 ) (-4096 3024 -152 ) 
4 251 254 (-4096 2868 -280 ) (-3084 2868 -280 ) (-3084 2868 -208 ) (-4096 2868 -208 ) 
4 251 253 (-3084 2868 -208 ) (-3084 2868 -31.833328 ) (-4096 2868 -31.833321 ) (-4096 2868 -208 ) 
4 252 254 (-3084 2768 -208 ) (-3084 2868 -208 ) (-3072 2868 -208 ) (-3072 2768 -208 ) 
7 252 253 (-3084 2868 -208 ) (-3084 2768 -208 ) (-3084 2768 -152 ) (-3084 2780 -104 ) (-3084 2806 -62 ) (-3084 2848 -36 ) (-3084 2868 -31.833080 ) 
7 253 273 (-4096 2868 -31.833305 ) (-4096 2868 -208 ) (-4096 2768 -208 ) (-4096 2768 -152 ) (-4096 2780 -104 ) (-4096 2806 -62 ) (-4096 2848 -36 ) 
4 253 254 (-4096 2768 -208 ) (-4096 2868 -208 ) (-3084 2868 -208 ) (-3084 2768 -208 ) 
4 254 273 (-4096 2868 -208 ) (-4096 2868 -280 ) (-4096 2768 -280 ) (-4096 2768 -208 ) 
4 254 256 (-3428 2768 -216 ) (-3428 2768 -248 ) (-3388 2768 -248 ) (-3388 2768 -216 ) 
4 254 255 (-3388 2768 -208 ) (-3428 2768 -208 ) (-3428 2768 -216 ) (-3388 2768 -216 ) 
4 255 256 (-3428 2172 -216 ) (-3428 2768 -216 ) (-3388 2768 -216 ) (-3388 2172 -216 ) 
4 256 257 (-3388 2172 -248 ) (-3428 2172 -248 ) (-3428 2212 -248 ) (-3388 2212 -248 ) 
4 257 258 (-3388 2172 -280 ) (-3428 2172 -280 ) (-3428 2212 -280 ) (-3388 2212 -280 ) 
4 258 263 (-3428 2172 -448 ) (-3428 2212 -448 ) (-3388 2212 -448 ) (-3388 2172 -448 ) 
4 259 260 (-3237 3072 -768 ) (-3237 2899 -768 ) (-3237 2899 -448 ) (-3237 3072 -448 ) 
4 260 261 (-3255 3072 -768 ) (-3255 2899 -768 ) (-3255 2899 -448 ) (-3255 3072 -448 ) 
4 261 262 (-3545 2870 -768 ) (-3255 2870 -768 ) (-3255 2870 -448 ) (-3545 2870 -448 ) 
4 262 263 (-3545 2852 -768 ) (-3255 2852 -768 ) (-3255 2852 -448 ) (-3545 2852 -448 ) 
4 263 291 (-3072 2048 -768 ) (-3072 2048 -448 ) (-3920 2048 -448 ) (-3920 2048 -768 ) 
4 264 265 (-4144 4096 544 ) (-4096 4096 544 ) (-4096 3904 544 ) (-4144 3904 544 ) 
3 266 271 (-4586.369629 3802.370361 -500 ) (-4756.318848 3548.021240 -500 ) (-4886.397949 3601.899658 -500 ) 
6 266 269 (-4992.841309 3645.988525 -500 ) (-4767.396973 3983.385010 -500 ) (-4598.858887 4096 -500 ) (-4390.174316 4096 -500 ) (-4586.369629 3802.370361 -500 ) (-4886.397949 3601.899658 -500 ) 
4 266 267 (-4586.371582 3802.369141 -500 ) (-4390.175781 4096 -500 ) (-4390.175781 4096 -178 ) (-4586.371582 3802.369141 -178 ) 
3 267 269 (-4390.174316 4096 -500 ) (-4146.918457 4096 -500 ) (-4586.369629 3802.370361 -500 ) 
4 267 268 (-4332.024414 3972.319336 -500 ) (-4146.921387 4096 -500 ) (-4146.920410 4096 -178 ) (-4332.022949 3972.319824 -178 ) 
4 268 270 (-4146.918457 4096 -500 ) (-4096 4096 -500 ) (-4096 4019.269287 -500 ) (-4332.019531 3972.320313 -500 ) 
4 269 271 (-4886.398926 3601.900391 -518 ) (-4586.367676 3802.373535 -518 ) (-4586.369141 3802.371094 -500 ) (-4886.397461 3601.899902 -500 ) 
4 269 270 (-4332.023438 3972.319580 -518 ) (-4146.920898 4096 -518 ) (-4146.919922 4096 -500 ) (-4332.020996 3972.320068 -500 ) 
11 272 275 (-5578 3072 -816 ) (-5578 3072 -697 ) (-5587 3072 -644.998474 ) (-5616 3072 -602 ) (-5660 3072 -573 ) (-5712 3072 -563 ) (-5764 3072 -573 ) (-5808 3072 -602 ) (-5837 3072 -645 ) (-5846 3072 -697 ) (-5846 3072 -816 ) 
11 273 276 (-5120 2768 -280 ) (-5120 2768 -278.285187 ) (-5120 2780 -230.286438 ) (-5120 2806 -188.285980 ) (-5120 2848 -162.285614 ) (-5120 2896 -152.285675 ) (-5120 2944 -162.285782 ) (-5120 2986 -188.284866 ) (-5120 3012 -230.287262 ) (-5120 3024 -278.285217 ) (-5120 3024 -280 ) 
4 273 274 (-4392 2768 -280 ) (-5120 2768 -280 ) (-5120 3024 -280 ) (-4392 3024 -280 ) 
4 274 276 (-5120 2768 -406.285767 ) (-5120 2768 -280 ) (-5120 3024 -280 ) (-5120 3024 -406.285706 ) 
11 275 299 (-5578 2048 -816 ) (-5578 2048 -697 ) (-5587 2048 -644.998657 ) (-5615.998535 2048 -602.001221 ) (-5660 2048 -573 ) (-5712 2048 -563 ) (-5764 2048 -573 ) (-5808 2048 -602 ) (-5837 2048 -645 ) (-5846 2048 -697 ) (-5846 2048 -816 ) 
11 276 277 (-6144 3024 -455.917786 ) (-6144 3024 -583.918457 ) (-6144 2768 -583.918518 ) (-6144 2768 -455.917969 ) (-6144 2780 -407.918579 ) (-6144 2806 -365.918518 ) (-6144 2848 -339.918396 ) (-6144 2896 -329.918427 ) (-6144 2944 -339.918579 ) (-6144 2986 -365.917969 ) (-6144 3012 -407.919617 ) 
11 277 283 (-6352 2768 -620 ) (-6352 2768 -492 ) (-6352 2780 -444 ) (-6352 2806 -402 ) (-6352 2848 -376 ) (-6352 2896 -366 ) (-6352 2944 -376 ) (-6352 2986 -402 ) (-6352 3012 -444.001160 ) (-6352 3024 -492 ) (-6352 3024 -620 ) 
4 278 342 (-6819.269043 2048 27 ) (-6875.435547 2048 27 ) (-6875.435547 2048 -280 ) (-6819.269043 2048 -280 ) 
4 278 280 (-6795.459473 2167.693848 -280 ) (-6875.437012 2048 -280 ) (-6875.437988 2048 27 ) (-6795.458984 2167.695068 27 ) 
4 279 281 (-6535.691895 2427.458496 -280 ) (-6635.099609 2407.684082 -280 ) (-6635.100098 2407.684082 27 ) (-6535.691406 2427.458740 27 ) 
4 279 280 (-6635.100586 2407.685547 27 ) (-6635.100586 2407.685547 -280 ) (-6691.413574 2323.407715 -280 ) (-6691.414063 2323.407227 27 ) 
4 280 342 (-6875.435547 2048 27 ) (-7168 2048 27 ) (-7168 2048 -280 ) (-6875.435547 2048 -280 ) 
4 280 286 (-7168 2048 -280 ) (-7168 2048 27 ) (-7168 2301.679443 27 ) (-7168 2301.679199 -280 ) 
3 280 284 (-7076.319824 2284.019775 -280 ) (-7068.885254 2321.395508 -280 ) (-7048.658203 2325.419189 -280 ) 
4 280 282 (-7123.269043 2048 -280 ) (-7168 2048 -280 ) (-7168 2301.679443 -280 ) (-7068.885254 2321.395508 -280 ) 
4 280 281 (-6635.099609 2407.684082 -280 ) (-7168 2301.678467 -280 ) (-7168 2301.678223 27 ) (-6635.100098 2407.684082 27 ) 
4 281 286 (-7168 2301.679443 27 ) (-7168 2598.747314 27 ) (-7168 2598.747314 -280 ) (-7168 2301.679199 -280 ) 
3 281 285 (-6906.370605 2538.369873 -280 ) (-6814.396973 2676.020020 -280 ) (-6652.020508 2708.320068 -280 ) 
4 281 284 (-7048.658203 2325.419189 -280 ) (-7068.885254 2321.395508 -280 ) (-7005.921387 2637.921875 -280 ) (-6814.396973 2676.020020 -280 ) 
5 281 283 (-6352 3024 -280 ) (-6352 2768 -280 ) (-7005.921387 2637.921875 -280 ) (-6974.743164 2794.659180 -280 ) (-6750 2944.830566 -280 ) 
5 281 282 (-7068.885254 2321.395508 -280 ) (-7168 2301.679443 -280 ) (-7168 2598.747314 -280 ) (-7087.390625 2719.389648 -280 ) (-6974.743164 2794.659180 -280 ) 
4 282 343 (-7123.269043 2048 -280 ) (-7168 2048 -280 ) (-7168 2048 -620 ) (-7123.269043 2048 -620 ) 
4 282 286 (-7168 2048 -620 ) (-7168 2048 -280 ) (-7168 2598.747314 -280 ) (-7168 2598.747314 -620 ) 
4 282 284 (-7076.319336 2284.021484 -620 ) (-7005.921387 2637.921875 -620 ) (-7005.921387 2637.922119 -280 ) (-7076.319336 2284.021240 -280 ) 
4 282 283 (-7005.921387 2637.921875 -620 ) (-6974.743164 2794.658203 -620 ) (-6974.743164 2794.658203 -280 ) (-7005.921387 2637.922119 -280 ) 
4 283 285 (-6814.395508 2676.021240 -620 ) (-6652.018066 2708.321289 -620 ) (-6652.018066 2708.321289 -280 ) (-6814.395508 2676.021240 -280 ) 
4 283 284 (-7005.921875 2637.922852 -280 ) (-7005.921875 2637.922852 -620 ) (-6814.395508 2676.021240 -620 ) (-6814.395508 2676.021240 -280 ) 
4 284 285 (-6906.366699 2538.372314 -620 ) (-6814.393555 2676.021484 -620 ) (-6814.393555 2676.021484 -280 ) (-6906.366699 2538.372314 -280 ) 
4 286 351 (-7168 2048 -620 ) (-7168 2048 27 ) (-7379.268555 2048 27 ) (-7379.268555 2048 -620 ) 
4 287 289 (-2896 1884 -768 ) (-2896 1652 -768 ) (-2896 1652 -602 ) (-2896 1884 -602 ) 
4 288 291 (-3072 2048 -448 ) (-3072 2048 -768 ) (-3072 2025 -768 ) (-3072 2025 -448 ) 
4 289 293 (-3072 2001 -768 ) (-3072 1024 -768 ) (-3072 1024 -448 ) (-3072 2001 -448 ) 
4 289 290 (-2969.833496 1024 -448 ) (-3072 1024 -448 ) (-3072 1024 -768 ) (-2969.833496 1024 -768 ) 
4 290 302 (-3072 714.737122 -448 ) (-3072 1024 -448 ) (-3072 1024 -768 ) (-3072 714.737122 -768 ) 
4 291 292 (-3399 2025 -608 ) (-3667 2025 -608 ) (-3667 2025 -768 ) (-3399 2025 -768 ) 
4 292 293 (-3399 2001 -608 ) (-3667 2001 -608 ) (-3667 2001 -768 ) (-3399 2001 -768 ) 
4 293 302 (-3072 1024 -768 ) (-3072 1024 -448 ) (-3920 1024 -448 ) (-3920 1024 -768 ) 
4 293 296 (-3920 1536 -768 ) (-3920 1402.183838 -768 ) (-3920 1402.183838 -448 ) (-3920 1536 -448 ) 
4 293 297 (-3920 1402.183838 -768 ) (-3920 1024 -768 ) (-3920 1024 -448 ) (-3920 1402.183838 -448 ) 
4 293 294 (-3920 1884 -768 ) (-3920 1652 -768 ) (-3920 1652 -602 ) (-3920 1884 -602 ) 
4 295 298 (-4032 1080.340820 -768 ) (-4032 1031.426025 -768 ) (-4032 1031.426147 -448 ) (-4032 1080.340576 -448 ) 
4 295 297 (-4032 1031.428223 -448 ) (-4032 1031.428223 -768 ) (-3997.985840 1144.026611 -768 ) (-3997.985840 1144.026611 -448 ) 
4 296 297 (-3940.003174 1335.968994 -768 ) (-3920 1402.185913 -768 ) (-3920 1402.185913 -448 ) (-3940.003174 1335.968994 -448 ) 
4 297 302 (-3920 1024 -448 ) (-4032 1024 -448 ) (-4032 1024 -768 ) (-3920 1024 -768 ) 
4 297 298 (-4032 1031.426025 -768 ) (-4032 1024 -768 ) (-4032 1024 -448 ) (-4032 1031.426147 -448 ) 
4 298 302 (-4032 1024 -448 ) (-4062.090820 1024 -448 ) (-4062.090820 1024 -768 ) (-4032 1024 -768 ) 
11 299 314 (-5578 1024 -816 ) (-5578 1024 -697 ) (-5587 1024 -644.998474 ) (-5616 1024 -602 ) (-5660 1024 -573 ) (-5712 1024 -563 ) (-5764 1024 -573 ) (-5808 1024 -602 ) (-5837 1024 -645 ) (-5846 1024 -697 ) (-5846 1024 -816 ) 
4 300 344 (-6144 1024 -816 ) (-6144 1024 -591.454224 ) (-6144 1536 -591.454102 ) (-6144 1536 -816 ) 
6 300 315 (-6144 1024 -591.454102 ) (-6144 1024 -816 ) (-6090 1024 -816 ) (-6090 1024 -697 ) (-6099 1024 -645 ) (-6128 1024 -602 ) 
4 301 309 (-4096 963.125122 -768 ) (-4096 960.510559 -768 ) (-4096 960.510559 -448 ) (-4096 963.125122 -448 ) 
4 301 302 (-4096 960.507751 -768 ) (-4091.995605 968.005432 -768 ) (-4091.992676 968.009033 -448 ) (-4096 960.505981 -448 ) 
4 302 310 (-4096 512 -768 ) (-4096 0 -768 ) (-4096 0 -448 ) (-4096 512 -448 ) 
4 302 309 (-4096 960.510559 -768 ) (-4096 512 -768 ) (-4096 512 -448 ) (-4096 960.510559 -448 ) 
4 302 303 (-3603.401367 0 -448 ) (-4096 0 -448 ) (-4096 0 -768 ) (-3603.401367 0 -768 ) 
4 303 325 (-4096 -321.649719 -448 ) (-4096 0 -448 ) (-4096 0 -768 ) (-4096 -321.649719 -768 ) 
4 304 307 (-4744 532 -768 ) (-4641.382324 542.261597 -768 ) (-4641.382324 542.261597 -448 ) (-4744 532 -448 ) 
4 304 306 (-4641.375000 542.262695 -448 ) (-4641.375000 542.262695 -768 ) (-4551.987305 590.003723 -768 ) (-4551.987305 590.003723 -448 ) 
4 305 306 (-4376.010254 683.991638 -768 ) (-4285.265137 732.457947 -768 ) (-4285.265137 732.457947 -448 ) (-4376.010254 683.991638 -448 ) 
4 305 309 (-4285.262695 732.461975 -768 ) (-4220.001953 811.998657 -768 ) (-4220 812 -448 ) (-4285.261719 732.462341 -448 ) 
4 306 307 (-4641.382324 542.261597 -768 ) (-4423.441406 564.055664 -768 ) (-4423.441406 564.055664 -448 ) (-4641.382324 542.261597 -448 ) 
4 306 309 (-4423.441895 564.055725 -768 ) (-4285.262695 732.461975 -768 ) (-4285.261719 732.462341 -448 ) (-4423.441895 564.055786 -448 ) 
4 307 310 (-4920 512 -768 ) (-4466.154297 512 -768 ) (-4466.154297 512 -448 ) (-4920 512 -448 ) 
4 307 309 (-4466.154297 512 -448 ) (-4466.154297 512 -768 ) (-4423.441895 564.055725 -768 ) (-4423.441895 564.055786 -448 ) 
4 307 308 (-4920 514.398499 -448 ) (-4920 514.398499 -768 ) (-4920 512 -768 ) (-4920 512 -448 ) 
4 308 311 (-4944 512 -768 ) (-4920 512 -768 ) (-4920 512 -448 ) (-4944 512 -448 ) 
4 309 310 (-4466.154297 512 -768 ) (-4096 512 -768 ) (-4096 512 -448 ) (-4466.154297 512 -448 ) 
4 310 325 (-4096 0 -768 ) (-4096 0 -448 ) (-4920 0 -448 ) (-4920 0 -768 ) 
4 310 311 (-4920 512 -448 ) (-4920 512 -768 ) (-4920 0 -768 ) (-4920 0 -448 ) 
4 311 326 (-4920 0 -448 ) (-4944 0 -448 ) (-4944 0 -768 ) (-4920 0 -768 ) 
4 311 312 (-4944 512 -448 ) (-4944 512 -768 ) (-4944 0 -768 ) (-4944 0 -448 ) 
4 312 327 (-4944 0 -448 ) (-5120 0 -448 ) (-5120 0 -768 ) (-4944 0 -768 ) 
4 312 318 (-5120 512 -768 ) (-5120 0 -768 ) (-5120 0 -448 ) (-5120 512 -448 ) 
4 312 313 (-5120 0 -768 ) (-5120 512 -768 ) (-4944 512 -768 ) (-4944 0 -768 ) 
4 313 327 (-4944 0 -816 ) (-4944 0 -768 ) (-5120 0 -768 ) (-5120 0 -816 ) 
4 313 318 (-5120 512 -816 ) (-5120 0 -816 ) (-5120 0 -768 ) (-5120 512 -768 ) 
11 314 316 (-5578 544 -816 ) (-5578 544 -697 ) (-5587 544 -644.998901 ) (-5615.998535 544 -602.001099 ) (-5660 544 -573 ) (-5712 544 -563 ) (-5764 544 -573 ) (-5808 544 -602 ) (-5837 544 -645 ) (-5846 544 -697 ) (-5846 544 -816 ) 
4 315 353 (-6144 544 -816 ) (-6144 544 -591.454224 ) (-6144 1024 -591.454102 ) (-6144 1024 -816 ) 
6 315 317 (-6144 544 -591.454102 ) (-6144 544 -816 ) (-6090 544 -816 ) (-6090 544 -697 ) (-6099 544 -645 ) (-6128 544 -602 ) 
4 316 321 (-5873 512 -816 ) (-5551 512 -816 ) (-5551 512 -448 ) (-5873 512 -448 ) 
4 317 356 (-6144 512 -448 ) (-6144 544 -448 ) (-6144 544 -816 ) (-6144 512 -816 ) 
4 317 324 (-6144 512 -816 ) (-6063 512 -816 ) (-6063 512 -448 ) (-6144 512 -448 ) 
4 318 328 (-5120 0 -816 ) (-5120 0 -448 ) (-5244 0 -448 ) (-5244 0 -816 ) 
4 318 319 (-5244 512 -448 ) (-5244 512 -816 ) (-5244 380 -816 ) (-5244 380 -448 ) 
4 318 320 (-5244 132 -816 ) (-5244 0 -816 ) (-5244 0 -448 ) (-5244 132 -448 ) 
4 319 321 (-5284 512 -448 ) (-5284 512 -816 ) (-5284 380 -816 ) (-5284 380 -448 ) 
4 320 329 (-5244 0 -448 ) (-5284 0 -448 ) (-5284 0 -816 ) (-5244 0 -816 ) 
4 320 321 (-5284 132 -816 ) (-5284 0 -816 ) (-5284 0 -448 ) (-5284 132 -448 ) 
4 321 331 (-5284 0 -448 ) (-5912 0 -448 ) (-5912 0 -816 ) (-5284 0 -816 ) 
4 321 322 (-5912 512 -448 ) (-5912 512 -816 ) (-5912 312 -816 ) (-5912 312 -448 ) 
4 321 323 (-5912 200 -816 ) (-5912 0 -816 ) (-5912 0 -448 ) (-5912 200 -448 ) 
4 322 324 (-6024 512 -448 ) (-6024 512 -816 ) (-6024 312 -816 ) (-6024 312 -448 ) 
4 323 332 (-5912 0 -448 ) (-6024 0 -448 ) (-6024 0 -816 ) (-5912 0 -816 ) 
4 323 324 (-6024 200 -816 ) (-6024 0 -816 ) (-6024 0 -448 ) (-6024 200 -448 ) 
4 324 359 (-6144 0 -816 ) (-6144 0 -448 ) (-6144 512 -448 ) (-6144 512 -816 ) 
4 324 334 (-6024 0 -448 ) (-6144 0 -448 ) (-6144 0 -816 ) (-6024 0 -816 ) 
4 325 326 (-4920 0 -768 ) (-4920 -509.602783 -768 ) (-4920 -509.602783 -448 ) (-4920 0 -448 ) 
4 326 327 (-4944 -512 -448 ) (-4944 0 -448 ) (-4944 0 -768 ) (-4944 -512 -768 ) 
4 327 328 (-5120 0 -448 ) (-5120 0 -816 ) (-5120 -512 -816 ) (-5120 -512 -448 ) 
4 328 329 (-5244 0 -816 ) (-5244 -132 -816 ) (-5244 -132 -448 ) (-5244 0 -448 ) 
4 328 330 (-5244 -380 -816 ) (-5244 -512 -816 ) (-5244 -512 -448 ) (-5244 -380 -448 ) 
4 329 331 (-5284 0 -816 ) (-5284 -132 -816 ) (-5284 -132 -448 ) (-5284 0 -448 ) 
4 330 331 (-5284 -380 -816 ) (-5284 -512 -816 ) (-5284 -512 -448 ) (-5284 -380 -448 ) 
4 331 335 (-5873 -512 -816 ) (-5551 -512 -816 ) (-5551 -512 -448 ) (-5873 -512 -448 ) 
4 331 332 (-5912 0 -816 ) (-5912 -200 -816 ) (-5912 -200 -448 ) (-5912 0 -448 ) 
4 331 333 (-5912 -312 -816 ) (-5912 -512 -816 ) (-5912 -512 -448 ) (-5912 -312 -448 ) 
4 332 334 (-6024 0 -816 ) (-6024 -200 -816 ) (-6024 -200 -448 ) (-6024 0 -448 ) 
4 333 334 (-6024 -312 -816 ) (-6024 -512 -816 ) (-6024 -512 -448 ) (-6024 -312 -448 ) 
4 334 363 (-6144 -512 -448 ) (-6144 0 -448 ) (-6144 0 -816 ) (-6144 -512 -816 ) 
4 334 336 (-6144 -512 -816 ) (-6063 -512 -816 ) (-6063 -512 -448 ) (-6144 -512 -448 ) 
11 335 337 (-5808 -544 -602 ) (-5837 -544 -645 ) (-5846 -544 -697 ) (-5846 -544 -816 ) (-5578 -544 -816 ) (-5578 -544 -697 ) (-5587 -544 -645 ) (-5615.998535 -544 -602 ) (-5660 -544 -573 ) (-5712 -544 -563 ) (-5764 -544 -573 ) 
4 336 367 (-6144 -544 -816 ) (-6144 -544 -448 ) (-6144 -512 -448 ) (-6144 -512 -816 ) 
6 336 338 (-6144 -544 -591.454224 ) (-6144 -544 -816 ) (-6090 -544 -816 ) (-6090 -544 -697 ) (-6099 -544 -645 ) (-6128 -544 -602 ) 
11 337 339 (-5578 -1024 -816 ) (-5578 -1024 -697 ) (-5587 -1024 -644.998901 ) (-5615.998535 -1024 -602.001099 ) (-5660 -1024 -573 ) (-5712 -1024 -563 ) (-5764 -1024 -573 ) (-5808 -1024 -602 ) (-5837 -1024 -645 ) (-5846 -1024 -697 ) (-5846 -1024 -816 ) 
4 338 368 (-6144 -1024 -816 ) (-6144 -1024 -591.454224 ) (-6144 -544 -591.454102 ) (-6144 -544 -816 ) 
6 338 340 (-6144 -1024 -591.454102 ) (-6144 -1024 -816 ) (-6090 -1024 -816 ) (-6090 -1024 -697 ) (-6099 -1024 -645 ) (-6128 -1024 -602 ) 
11 339 341 (-5578 -2048 -816 ) (-5578 -2048 -697 ) (-5587 -2048 -644.998474 ) (-5616 -2048 -602 ) (-5660 -2048 -573 ) (-5712 -2048 -563 ) (-5764 -2048 -573 ) (-5808 -2048 -602 ) (-5837 -2048 -645 ) (-5846 -2048 -697 ) (-5846 -2048 -816 ) 
4 340 377 (-6144 -1536 -816 ) (-6144 -1536 -591.454224 ) (-6144 -1024 -591.454102 ) (-6144 -1024 -816 ) 
4 342 351 (-7168 2048 27 ) (-7168 2048 -280 ) (-7168 1984 -280 ) (-7168 1984 27 ) 
4 342 343 (-7136 1984 -280 ) (-7168 1984 -280 ) (-7168 2048 -280 ) (-7123.269043 2048 -280 ) 
4 343 351 (-7168 2048 -280 ) (-7168 2048 -620 ) (-7168 1984 -620 ) (-7168 1984 -280 ) 
5 343 350 (-7168 1984 -411.692474 ) (-7168 1984 -620 ) (-7136 1984 -620 ) (-7136 1984 -492.002869 ) (-7148 1984 -443.998840 ) 
9 344 353 (-6144 1024 -816 ) (-6144 1024 -591.454224 ) (-6172 1024 -573 ) (-6224 1024 -563 ) (-6276 1024 -573 ) (-6320 1024 -602 ) (-6349.011719 1024 -645.016907 ) (-6358 1024 -696.948486 ) (-6358 1024 -816 ) 
4 345 348 (-6652 1572 -556 ) (-6652 1572 -548 ) (-6692 1572 -548 ) (-6692 1572 -556 ) 
3 345 347 (-6652 1572 -556 ) (-6692 1572 -556 ) (-6652 1612 -556 ) 
4 345 346 (-6652.003906 1612 -556 ) (-6692.003906 1572 -556 ) (-6692.003906 1572 -548 ) (-6652.003906 1612 -548 ) 
4 346 350 (-7136 1572 -556 ) (-7136 1572 -548 ) (-7136 1612 -548 ) (-7136 1612 -556 ) 
4 346 347 (-6692 1572 -556 ) (-7136 1572 -556 ) (-7136 1612 -556 ) (-6652 1612 -556 ) 
4 347 350 (-7136 1572 -588 ) (-7136 1572 -556 ) (-7136 1612 -556 ) (-7136 1612 -588 ) 
4 347 349 (-6652 1572 -588 ) (-6652 1572 -556 ) (-6692 1572 -556 ) (-6692 1572 -588 ) 
4 348 354 (-6652 1024 -556 ) (-6652 1024 -548 ) (-6692 1024 -548 ) (-6692 1024 -556 ) 
4 348 349 (-6692 1024 -556 ) (-6692 1572 -556 ) (-6652 1572 -556 ) (-6652 1024 -556 ) 
4 349 355 (-6652 1024 -588 ) (-6652 1024 -556 ) (-6692 1024 -556 ) (-6692 1024 -588 ) 
4 350 352 (-7168 1220 -620 ) (-7168 1220 -411.692627 ) (-7168 1984 -411.692627 ) (-7168 1984 -620 ) 
10 351 352 (-7168 1984 -620 ) (-7168 1984 -411.692688 ) (-7174 1984 -402 ) (-7216 1984 -376 ) (-7264 1984 -366 ) (-7311.984863 1984 -375.996887 ) (-7354.006348 1984 -402.010101 ) (-7380 1984 -443.998413 ) (-7392 1984 -492.002747 ) (-7392 1984 -620 ) 
9 353 356 (-6144 544 -816 ) (-6144 544 -591.454224 ) (-6172 544 -573 ) (-6224 544 -563 ) (-6276 544 -573 ) (-6320 544 -602 ) (-6349.012207 544 -645.017761 ) (-6358 544 -696.948486 ) (-6358 544 -816 ) 
4 354 357 (-6652 544 -556 ) (-6652 544 -548 ) (-6692 544 -548 ) (-6692 544 -556 ) 
4 354 355 (-6692 544 -556 ) (-6692 1024 -556 ) (-6652 1024 -556 ) (-6652 544 -556 ) 
4 355 358 (-6652 544 -588 ) (-6652 544 -556 ) (-6692 544 -556 ) (-6692 544 -588 ) 
4 356 359 (-6144 512 -816 ) (-6144 512 -448 ) (-6385 512 -448 ) (-6385 512 -816 ) 
4 357 360 (-6652 512 -556 ) (-6652 512 -548 ) (-6692 512 -548 ) (-6692 512 -556 ) 
4 357 358 (-6692 512 -556 ) (-6692 544 -556 ) (-6652 544 -556 ) (-6652 512 -556 ) 
4 358 360 (-6652 512 -588 ) (-6652 512 -556 ) (-6692 512 -556 ) (-6692 512 -588 ) 
4 359 363 (-6144 0 -816 ) (-6144 0 -448 ) (-6652 0 -448 ) (-6652 0 -816 ) 
4 359 360 (-6652 512 -816 ) (-6652 380 -816 ) (-6652 380 -448 ) (-6652 512 -448 ) 
4 359 361 (-6652 132 -816 ) (-6652 0 -816 ) (-6652 0 -448 ) (-6652 132 -448 ) 
4 360 362 (-6692 512 -816 ) (-6692 380 -816 ) (-6692 380 -448 ) (-6692 512 -448 ) 
4 361 364 (-6652 0 -448 ) (-6692 0 -448 ) (-6692 0 -816 ) (-6652 0 -816 ) 
4 361 362 (-6692 132 -816 ) (-6692 0 -816 ) (-6692 0 -448 ) (-6692 132 -448 ) 
4 362 366 (-6692 0 -448 ) (-6992 0 -448 ) (-6992 0 -816 ) (-6692 0 -816 ) 
4 363 367 (-6385 -512 -816 ) (-6144 -512 -816 ) (-6144 -512 -448 ) (-6385 -512 -448 ) 
4 363 364 (-6652 0 -816 ) (-6652 -132 -816 ) (-6652 -132 -448 ) (-6652 0 -448 ) 
4 363 365 (-6652 -380 -816 ) (-6652 -512 -816 ) (-6652 -512 -448 ) (-6652 -380 -448 ) 
4 364 366 (-6692 0 -816 ) (-6692 -132 -816 ) (-6692 -132 -448 ) (-6692 0 -448 ) 
4 365 366 (-6692 -380 -816 ) (-6692 -512 -816 ) (-6692 -512 -448 ) (-6692 -380 -448 ) 
9 367 368 (-6144 -544 -816 ) (-6144 -544 -591.454224 ) (-6172 -544 -573 ) (-6224 -544 -563 ) (-6276 -544 -573 ) (-6320 -544 -602 ) (-6349.012207 -544 -645.017822 ) (-6358 -544 -696.948486 ) (-6358 -544 -816 ) 
9 368 377 (-6144 -1024 -816 ) (-6144 -1024 -591.454224 ) (-6172 -1024 -573 ) (-6224 -1024 -563 ) (-6276 -1024 -573 ) (-6320 -1024 -602 ) (-6349.012207 -1024 -645.017761 ) (-6358 -1024 -696.948486 ) (-6358 -1024 -816 ) 
4 369 371 (-9216 0 -1344 ) (-9216 0 -1024 ) (-9216 256 -1024 ) (-9216 256 -1344 ) 
4 369 370 (-8256 0 -1344 ) (-8256 0 -1024 ) (-9216 0 -1024 ) (-9216 0 -1344 ) 
4 370 373 (-9216 -256 -1344 ) (-9216 -256 -1024 ) (-9216 0 -1024 ) (-9216 0 -1344 ) 
4 371 373 (-9216 0 -1344 ) (-9216 0 -1024 ) (-10240 0 -1024 ) (-10240 0 -1344 ) 
4 371 372 (-10240 0 -1344 ) (-10240 0 -1024 ) (-10240 256 -1024 ) (-10240 256 -1344 ) 
4 372 375 (-11264 0 -1344 ) (-11264 0 -1024 ) (-11264 256 -1024 ) (-11264 256 -1344 ) 
4 372 374 (-11264 0 -1024 ) (-11264 0 -1344 ) (-10240 0 -1344 ) (-10240 0 -1024 ) 
4 373 374 (-10240 0 -1024 ) (-10240 0 -1344 ) (-10240 -256 -1344 ) (-10240 -256 -1024 ) 
4 374 376 (-11264 -256 -1344 ) (-11264 -256 -1024 ) (-11264 0 -1024 ) (-11264 0 -1344 ) 
4 375 376 (-11264 0 -1344 ) (-11264 0 -1024 ) (-11536 0 -1024 ) (-11536 0 -1344 ) 
