


materialPath: C:\Program Files (x86)\Steam\steamapps\common\Source SDK Base 2013 Multiplayer\hl2\materials
Loading C:\Program Files (x86)\Steam\steamapps\common\GarrysMod\garrysmod\addons\fatkid_underground06\maps\fatkid_underground06backup8.vmf
Map revision 2344
ConVarRef mat_reduceparticles doesn't point to an existing ConVar
Could not locate 'GameData' key in c:\program files (x86)\steam\steamapps\common\source sdk base 2013 multiplayer\hl2\gameinfo.txt
fixing up env_cubemap materials on brush sides...
0...1...2...3...4...5...6...7...8.


materialPath: C:\Program Files (x86)\Steam\steamapps\common\Source SDK Base 2013 Multiplayer\hl2\materials
Loading C:\Program Files (x86)\Steam\steamapps\common\GarrysMod\garrysmod\addons\fatkid_underground06\maps\fatkid_underground06backup8.vmf
Map revision 2348
ConVarRef mat_reduceparticles doesn't point to an existing ConVar
Could not locate 'GameData' key in c:\program files (x86)\steam\steamapps\common\source sdk base 2013 multiplayer\hl2\gameinfo.txt
fixing up env_cubemap materials on brush sides...
0...1...2...3...4...5...6...7...8...9...100...1...2...3...4...5...6...7...8...9...10Processing areas...done (0)
Building Faces...done (0)
Chop Details...done (1)
Find Visible Detail Sides...
Merged 2890 detail faces...done (1)
Merging details...done (0)
FixTjuncs...
PruneNodes...
WriteBSP...
done (1)
writing C:\Program Files (x86)\Steam\steamapps\common\GarrysMod\garrysmod\addons\fatkid_underground06\maps\fatkid_underground06backup8.prt...Building visibility clusters...
done (0)
Finding displacement neighbors...
Finding lightmap sample positions...
Displacement Alpha : 0...1...2...3...4...5...6...7...8...9...10
Building Physics collision data...
done (1) (1642701 bytes)
Placing detail props : 0...1...2...3...4...5...6...7...8...9...10
Compacting texture/material tables...
Reduced 10483 texinfos to 6789
Reduced 602 texdatas to 511 (30166 bytes to 26620)
Writing C:\Program Files (x86)\Steam\steamapps\common\GarrysMod\garrysmod\addons\fatkid_underground06\maps\fatkid_underground06backup8.bsp
Wrote ZIP buffer, estimated size 4444727, actual size 4386089
6 seconds elapsed



8 threads
reading c:\program files (x86)\steam\steamapps\common\garrysmod\garrysmod\addons\fatkid_underground06\maps\fatkid_underground06backup8.bsp
reading c:\program files (x86)\steam\steamapps\common\garrysmod\garrysmod\addons\fatkid_underground06\maps\fatkid_underground06backup8.prt
 791 portalclusters
1669 numportals
0...1...2...3...4...5...6...7...8...9...100...1...2...3...4...5...6...7...8...9...10Optimized: 249 visible clusters (0.00%)
Total clusters visible: 54823
Average clusters visible: 69
Building PAS...
Average clusters audible: 153
visdatasize:67070  compressed from 164528
writing c:\program files (x86)\steam\steamapps\common\garrysmod\garrysmod\addons\fatkid_underground06\maps\fatkid_underground06backup8.bsp
0 seconds elapsed



[Reading texlights from 'lights.rad']
[2 texlights parsed from 'lights.rad']

Loading c:\program files (x86)\steam\steamapps\common\garrysmod\garrysmod\addons\fatkid_underground06\maps\fatkid_underground06backup8.bsp
14563 faces
3 degenerate faces
1665926 square feet [239893440.00 square inches]
7 Displacements
23532 Square Feet [3388741.00 Square Inches]
14560 patches before subdivision
zero area child patch
zero area child patch
zero area child patch
zero area child patch
197396 patches after subdivision
light has _fifty_percent_distance of 128.000000 but _zero_percent_distance of 0.000000
light has _fifty_percent_distance of 128.000000 but _zero_percent_distance of 0.000000
light has _fifty_percent_distance of 128.000000 but _zero_percent_distance of 0.000000
light has _fifty_percent_distance of 128.000000 but _zero_percent_distance of 0.000000
light has _fifty_percent_distance of 128.000000 but _zero_percent_distance of 0.000000
light has _fifty_percent_distance of 128.000000 but _zero_percent_distance of 0.000000
light has _fifty_percent_distance of 128.000000 but _zero_percent_distance of 0.000000
623 direct lights
0...1...2...3...4...5...6...7...8...9...100...1...2...3...4...5...6...7...8...9...10transfers 24326034, max 868
transfer lists: 185.6 megs
0...1...2...3...4...5...6...7...8...9...10	Bounce #1 added RGB(329648, 269716, 201775)
0...1...2...3...4...5...6...7...8...9...10	Bounce #2 added RGB(71905, 56542, 39656)
0...1...2...3...4...5...6...7...8...9...10	Bounce #3 added RGB(18898, 14543, 10121)
0...1...2...3...4...5...6...7...8...9...10	Bounce #4 added RGB(6044, 4588, 3122)
0...1...2...3...4...5...6...7...8...9...10	Bounce #5 added RGB(2116, 1592, 1063)
0...1...2...3...4...5...6...7...8...9...10	Bounce #6 added RGB(818, 602, 381)
0...1...2...3...4...5...6...7...8...9...10	Bounce #7 added RGB(328, 236, 141)
0...1...2...3...4...5...6...7...8...9...10	Bounce #8 added RGB(137, 95, 53)
0...1...2...3...4...5...6...7...8...9...10	Bounce #9 added RGB(58, 39, 20)
0...1...2...3...4...5...6...7...8...9...10	Bounce #10 added RGB(25, 16, 8)
0...1...2...3...4...5...6...7...8...9...10	Bounce #11 added RGB(11, 7, 3)
0...1...2...3...4...5...6...7...8...9...10	Bounce #12 added RGB(5, 3, 1)
0...1...2...3...4...5...6...7...8...9...10	Bounce #13 added RGB(2, 1, 0)
0...1...2...3...4...5...6...7...8...9...10	Bounce #14 added RGB(1, 0, 0)
Build Patch/Sample Hash Table(s).....Done<0.0376 sec>
0...1...2...3...4...5...6...7...8...9...10FinalLightFace Done
0 of 0 (0% of) surface lights went in leaf ambient cubes.
0...1...2...3...4...5...6...7...8...9...10Writing leaf ambient...done
Computing static prop lighting : 00...1...2...3...4...5...6...7...8...9...10
Ready to Finish

Object names       Objects/Maxobjs  Memory / Maxmem  Fullness 
------------       ---------------  ---------------  -------- 
models                  84/4096         4032/196608   ( 2.1%) 
brushes               4540/32768       54480/393216   (13.9%) 
brushsides           44299/65536      354392/524288   (67.6%) 
planes               35010/65536      700200/1310720  (53.4%) 
vertexes             26183/65536      314196/786432   (40.0%) 
nodes                 4211/65536      134752/2097152  ( 6.4%) 
texinfos              6789/12288      488808/884736   (55.2%) 
texdata                511/2048        16352/65536    (25.0%) 
dispinfos                7/0            1232/0        ( 0.0%) 
disp_verts             287/0            5740/0        ( 0.0%) 
disp_tris              416/0             832/0        ( 0.0%) 
disp_lmsamples       13680/0           13680/0        ( 0.0%) 
faces                14563/65536      815528/3670016  (22.2%) 
hdr faces            14563/65536      815528/3670016  (22.2%) 
origfaces            10397/65536      582232/3670016  (15.9%) 
leaves                4296/65536      137472/2097152  ( 6.6%) 
leaffaces            18339/65536       36678/131072   (28.0%) 
leafbrushes          11539/65536       23078/131072   (17.6%) 
areas                   11/1024           88/8192     ( 1.1%) 
surfedges           113383/512000     453532/2048000  (22.1%) 
edges                71794/256000     287176/1024000  (28.0%) 
LDR worldlights          0/16384           0/1441792  ( 0.0%) 
HDR worldlights        623/16384       54824/1441792  ( 3.8%) 
leafwaterdata            3/32768          36/393216   ( 0.0%) 
waterstrips           1727/131072      17270/1310720  ( 1.3%) 
waterverts               0/131072          0/1572864  ( 0.0%) 
waterindices         33195/131072      66390/262144   (25.3%) 
cubemapsamples          48/1024          768/16384    ( 4.7%) 
overlays                54/1024        19008/360448   ( 5.3%) 
LDR lightdata         [variable]           0/0        ( 0.0%) 
HDR lightdata         [variable]     8489456/0        ( 0.0%) 
visdata               [variable]       67070/16777216 ( 0.4%) 
entdata               [variable]      644570/393216   (163.9%) VERY FULL!
LDR ambient table     4296/65536       17184/262144   ( 6.6%) 
HDR ambient table     4296/65536       17184/262144   ( 6.6%) 
LDR leaf ambient      4296/65536      120288/1835008  ( 6.6%) 
HDR leaf ambient      9599/65536      268772/1835008  (14.6%) 
occluders                0/0               0/0        ( 0.0%) 
occluder polygons        0/0               0/0        ( 0.0%) 
occluder vert ind        0/0               0/0        ( 0.0%) 
detail props          [variable]           1/12       ( 8.3%) 
static props          [variable]           1/75554    ( 0.0%) 
pakfile               [variable]     7680071/0        ( 0.0%) 
physics               [variable]     1642701/4194304  (39.2%) 
physics terrain       [variable]        1619/1048576  ( 0.2%) 

Level flags = 2

Total triangle count: 42580
Writing c:\program files (x86)\steam\steamapps\common\garrysmod\garrysmod\addons\fatkid_underground06\maps\fatkid_underground06backup8.bsp
56 seconds elapsed



materialPath: C:\Program Files (x86)\Steam\steamapps\common\Source SDK Base 2013 Multiplayer\hl2\materials
Loading C:\Program Files (x86)\Steam\steamapps\common\GarrysMod\garrysmod\addons\fatkid_underground06\maps\fatkid_underground06backup8.vmf
Map revision 2353
ConVarRef mat_reduceparticles doesn't point to an existing ConVar
Could not locate 'GameData' key in c:\program files (x86)\steam\steamapps\common\source sdk base 2013 multiplayer\hl2\gameinfo.txt
fixing up env_cubemap materials on brush sides...
0...1...2...3...4...5...6...7...8...9...10**** leaked ****
Entity trigger_teleport (-6976.00 1092.00 -398.00) leaked!
--- MAP LEAKED ---



8 threads
reading c:\program files (x86)\steam\steamapps\common\garrysmod\garrysmod\addons\fatkid_underground06\maps\fatkid_underground06backup8.bsp
reading c:\program files (x86)\steam\steamapps\common\garrysmod\garrysmod\addons\fatkid_underground06\maps\fatkid_underground06backup8.prt
LoadPortals: couldn't read c:\program files (x86)\steam\steamapps\common\garrysmod\garrysmod\addons\fatkid_underground06\maps\fatkid_underground06backup8.prt



materialPath: C:\Program Files (x86)\Steam\steamapps\common\Source SDK Base 2013 Multiplayer\hl2\materials
Loading C:\Program Files (x86)\Steam\steamapps\common\GarrysMod\garrysmod\addons\fatkid_underground06\maps\fatkid_underground06backup8.vmf
Map revision 2354
ConVarRef mat_reduceparticles doesn't point to an existing ConVar
Could not locate 'GameData' key in c:\program files (x86)\steam\steamapps\common\source sdk base 2013 multiplayer\hl2\gameinfo.txt
fixing up env_cubemap materials on brush sides...
0...1...2...3...4...5...6...7...8...9...100...1...2...3...4...5...6...7...8...9...10Processing areas...done (0)
Building Faces...done (0)
Chop Details...done (1)
Find Visible Detail Sides...
Merged 2908 detail faces...done (1)
Merging details...done (0)
FixTjuncs...
PruneNodes...
WriteBSP...
done (1)
writing C:\Program Files (x86)\Steam\steamapps\common\GarrysMod\garrysmod\addons\fatkid_underground06\maps\fatkid_underground06backup8.prt...Building visibility clusters...
done (0)
Finding displacement neighbors...
Finding lightmap sample positions...
Displacement Alpha : 0...1...2...3...4...5...6...7...8...9...10
Building Physics collision data...
done (1) (1647576 bytes)
Placing detail props : 0...1...2...3...4...5...6...7...8...9...10
Compacting texture/material tables...
Reduced 10552 texinfos to 6810
Reduced 601 texdatas to 515 (30157 bytes to 26913)
Writing C:\Program Files (x86)\Steam\steamapps\common\GarrysMod\garrysmod\addons\fatkid_underground06\maps\fatkid_underground06backup8.bsp
Wrote ZIP buffer, estimated size 5053663, actual size 4993283
6 seconds elapsed



8 threads
reading c:\program files (x86)\steam\steamapps\common\garrysmod\garrysmod\addons\fatkid_underground06\maps\fatkid_underground06backup8.bsp
reading c:\program files (x86)\steam\steamapps\common\garrysmod\garrysmod\addons\fatkid_underground06\maps\fatkid_underground06backup8.prt
 796 portalclusters
1675 numportals
0...1...2...3...4...5...6...7...8...9...100...1...2...3...4...5...6...7...8...9...10Optimized: 257 visible clusters (0.00%)
Total clusters visible: 54899
Average clusters visible: 68
Building PAS...
Average clusters audible: 153
visdatasize:67981  compressed from 165568
writing c:\program files (x86)\steam\steamapps\common\garrysmod\garrysmod\addons\fatkid_underground06\maps\fatkid_underground06backup8.bsp
0 seconds elapsed



[Reading texlights from 'lights.rad']
[2 texlights parsed from 'lights.rad']

Loading c:\program files (x86)\steam\steamapps\common\garrysmod\garrysmod\addons\fatkid_underground06\maps\fatkid_underground06backup8.bsp
14618 faces
3 degenerate faces
1673621 square feet [241001536.00 square inches]
7 Displacements
23529 Square Feet [3388269.50 Square Inches]
14615 patches before subdivision
zero area child patch
197757 patches after subdivision
light has _fifty_percent_distance of 128.000000 but _zero_percent_distance of 0.000000
light has _fifty_percent_distance of 128.000000 but _zero_percent_distance of 0.000000
light has _fifty_percent_distance of 128.000000 but _zero_percent_distance of 0.000000
light has _fifty_percent_distance of 128.000000 but _zero_percent_distance of 0.000000
light has _fifty_percent_distance of 128.000000 but _zero_percent_distance of 0.000000
light has _fifty_percent_distance of 128.000000 but _zero_percent_distance of 0.000000
light has _fifty_percent_distance of 128.000000 but _zero_percent_distance of 0.000000
636 direct lights
0...1...2...3...4...5...6...7...8...9...100...1...2...3...4...5...6...7...8...9...10transfers 24343405, max 872
transfer lists: 185.7 megs
0...1...2...3...4...5...6...7...8...9...10	Bounce #1 added RGB(330549, 270075, 202113)
0...1...2...3...4...5...6...7...8...9...10	Bounce #2 added RGB(72193, 56742, 39817)
0...1...2...3...4...5...6...7...8...9...10	Bounce #3 added RGB(18998, 14625, 10183)
0...1...2...3...4...5...6...7...8...9...10	Bounce #4 added RGB(6089, 4626, 3148)
0...1...2...3...4...5...6...7...8...9...10	Bounce #5 added RGB(2136, 1608, 1074)
0...1...2...3...4...5...6...7...8...9...10	Bounce #6 added RGB(828, 610, 385)
0...1...2...3...4...5...6...7...8...9...10	Bounce #7 added RGB(332, 239, 142)
0...1...2...3...4...5...6...7...8...9...10	Bounce #8 added RGB(139, 97, 53)
0...1...2...3...4...5...6...7...8...9...10	Bounce #9 added RGB(59, 40, 20)
0...1...2...3...4...5...6...7...8...9...10	Bounce #10 added RGB(26, 16, 8)
0...1...2...3...4...5...6...7...8...9...10	Bounce #11 added RGB(11, 7, 3)
0...1...2...3...4...5...6...7...8...9...10	Bounce #12 added RGB(5, 3, 1)
0...1...2...3...4...5...6...7...8...9...10	Bounce #13 added RGB(2, 1, 0)
0...1...2...3...4...5...6...7...8...9...10	Bounce #14 added RGB(1, 1, 0)
Build Patch/Sample Hash Table(s).....Done<0.0429 sec>
0...1...2...3...4...5...6...7...8...9...10FinalLightFace Done
0 of 0 (0% of) surface lights went in leaf ambient cubes.
0...1...2...3...4...5...6...7...8...9...10Writing leaf ambient...done
Computing static prop lighting : 00...1...2...3...4...5...6...7...8...9...10
Ready to Finish

Object names       Objects/Maxobjs  Memory / Maxmem  Fullness 
------------       ---------------  ---------------  -------- 
models                  86/4096         4128/196608   ( 2.1%) 
brushes               4549/32768       54588/393216   (13.9%) 
brushsides           44380/65536      355040/524288   (67.7%) 
planes               35076/65536      701520/1310720  (53.5%) 
vertexes             26295/65536      315540/786432   (40.1%) 
nodes                 4289/65536      137248/2097152  ( 6.5%) 
texinfos              6810/12288      490320/884736   (55.4%) 
texdata                515/2048        16480/65536    (25.1%) 
dispinfos                7/0            1232/0        ( 0.0%) 
disp_verts             287/0            5740/0        ( 0.0%) 
disp_tris              416/0             832/0        ( 0.0%) 
disp_lmsamples       13680/0           13680/0        ( 0.0%) 
faces                14618/65536      818608/3670016  (22.3%) 
hdr faces            14618/65536      818608/3670016  (22.3%) 
origfaces            10415/65536      583240/3670016  (15.9%) 
leaves                4376/65536      140032/2097152  ( 6.7%) 
leaffaces            18419/65536       36838/131072   (28.1%) 
leafbrushes          11757/65536       23514/131072   (17.9%) 
areas                   11/1024           88/8192     ( 1.1%) 
surfedges           113705/512000     454820/2048000  (22.2%) 
edges                72051/256000     288204/1024000  (28.1%) 
LDR worldlights          0/16384           0/1441792  ( 0.0%) 
HDR worldlights        636/16384       55968/1441792  ( 3.9%) 
leafwaterdata            3/32768          36/393216   ( 0.0%) 
waterstrips           1698/131072      16980/1310720  ( 1.3%) 
waterverts               0/131072          0/1572864  ( 0.0%) 
waterindices         32718/131072      65436/262144   (25.0%) 
cubemapsamples          55/1024          880/16384    ( 5.4%) 
overlays                54/1024        19008/360448   ( 5.3%) 
LDR lightdata         [variable]           0/0        ( 0.0%) 
HDR lightdata         [variable]     8539816/0        ( 0.0%) 
visdata               [variable]       67981/16777216 ( 0.4%) 
entdata               [variable]      652993/393216   (166.1%) VERY FULL!
LDR ambient table     4376/65536       17504/262144   ( 6.7%) 
HDR ambient table     4376/65536       17504/262144   ( 6.7%) 
LDR leaf ambient      4376/65536      122528/1835008  ( 6.7%) 
HDR leaf ambient      9711/65536      271908/1835008  (14.8%) 
occluders                0/0               0/0        ( 0.0%) 
occluder polygons        0/0               0/0        ( 0.0%) 
occluder vert ind        0/0               0/0        ( 0.0%) 
detail props          [variable]           1/12       ( 8.3%) 
static props          [variable]           1/77700    ( 0.0%) 
pakfile               [variable]     8392779/0        ( 0.0%) 
physics               [variable]     1647576/4194304  (39.3%) 
physics terrain       [variable]        1619/1048576  ( 0.2%) 

Level flags = 2

Total triangle count: 42715
Writing c:\program files (x86)\steam\steamapps\common\garrysmod\garrysmod\addons\fatkid_underground06\maps\fatkid_underground06backup8.bsp
53 seconds elapsed



materialPath: C:\Program Files (x86)\Steam\steamapps\common\Source SDK Base 2013 Multiplayer\hl2\materials
Loading C:\Program Files (x86)\Steam\steamapps\common\GarrysMod\garrysmod\addons\fatkid_underground06\maps\fatkid_underground06backup8.vmf
Map revision 2357
ConVarRef mat_reduceparticles doesn't point to an existing ConVar
Could not locate 'GameData' key in c:\program files (x86)\steam\steamapps\common\source sdk base 2013 multiplayer\hl2\gameinfo.txt
fixing up env_cubemap materials on brush sides...
0...1...2...3...4...5...6...7...8...9...100...1...2...3...4...5...6...7...8...9...10Processing areas...done (0)
Building Faces...done (0)
Chop Details...done (1)
Find Visible Detail Sides...
Merged 2986 detail faces...done (1)
Merging details...done (0)
FixTjuncs...
PruneNodes...
WriteBSP...
done (1)
writing C:\Program Files (x86)\Steam\steamapps\common\GarrysMod\garrysmod\addons\fatkid_underground06\maps\fatkid_underground06backup8.prt...Building visibility clusters...
done (0)
Finding displacement neighbors...
Finding lightmap sample positions...
Displacement Alpha : 0...1...2...3...4...5...6...7...8...9...10
Building Physics collision data...
done (1) (1656968 bytes)
Placing detail props : 0...1...2...3...4...5...6...7...8...9...10
Compacting texture/material tables...
Reduced 10633 texinfos to 6855
Reduced 602 texdatas to 516 (30195 bytes to 26947)
Writing C:\Program Files (x86)\Steam\steamapps\common\GarrysMod\garrysmod\addons\fatkid_underground06\maps\fatkid_underground06backup8.bsp
Wrote ZIP buffer, estimated size 5053687, actual size 4993307
6 seconds elapsed



8 threads
reading c:\program files (x86)\steam\steamapps\common\garrysmod\garrysmod\addons\fatkid_underground06\maps\fatkid_underground06backup8.bsp
reading c:\program files (x86)\steam\steamapps\common\garrysmod\garrysmod\addons\fatkid_underground06\maps\fatkid_underground06backup8.prt
 790 portalclusters
1662 numportals
0...1...2...3...4...5...6...7...8...9...100...1...2...3...4...5...6...7...8...9...10Optimized: 249 visible clusters (0.00%)
Total clusters visible: 53549
Average clusters visible: 67
Building PAS...
Average clusters audible: 150
visdatasize:66256  compressed from 164320
writing c:\program files (x86)\steam\steamapps\common\garrysmod\garrysmod\addons\fatkid_underground06\maps\fatkid_underground06backup8.bsp
0 seconds elapsed



[Reading texlights from 'lights.rad']
[2 texlights parsed from 'lights.rad']

Loading c:\program files (x86)\steam\steamapps\common\garrysmod\garrysmod\addons\fatkid_underground06\maps\fatkid_underground06backup8.bsp



materialPath: C:\Program Files (x86)\Steam\steamapps\common\Source SDK Base 2013 Multiplayer\hl2\materials
Loading C:\Program Files (x86)\Steam\steamapps\common\GarrysMod\garrysmod\addons\fatkid_underground06\maps\fatkid_underground06backup8.vmf
Map revision 2359
ConVarRef mat_reduceparticles doesn't point to an existing ConVar
Could not locate 'GameData' key in c:\program files (x86)\steam\steamapps\common\source sdk base 2013 multiplayer\hl2\gameinfo.txt
fixing up env_cubemap materials on brush sides...
env_cubemap pointing at deleted brushside near (-3952, 2896, -213)
0...1...2...3...4...5...6...7...8...9...100...1...2...3...4...5...6...7...8...9...10Processing areas...done (0)
Building Faces...done (0)
Chop Details...done (1)
Find Visible Detail Sides...
Merged 3038 detail faces...done (1)
Merging details...done (1)
FixTjuncs...
PruneNodes...
WriteBSP...
done (0)
writing C:\Program Files (x86)\Steam\steamapps\common\GarrysMod\garrysmod\addons\fatkid_underground06\maps\fatkid_underground06backup8.prt...Building visibility clusters...
done (0)
Finding displacement neighbors...
Finding lightmap sample positions...
Displacement Alpha : 0...1...2...3...4...5...6...7...8...9...10
Building Physics collision data...
done (1) (1666480 bytes)
Placing detail props : 0...1...2...3...4...5...6...7...8...9...10
Compacting texture/material tables...
Reduced 10699 texinfos to 6891
Reduced 603 texdatas to 518 (29866 bytes to 26686)
Writing C:\Program Files (x86)\Steam\steamapps\common\GarrysMod\garrysmod\addons\fatkid_underground06\maps\fatkid_underground06backup8.bsp
Wrote ZIP buffer, estimated size 4962464, actual size 4903424
6 seconds elapsed



8 threads
reading c:\program files (x86)\steam\steamapps\common\garrysmod\garrysmod\addons\fatkid_underground06\maps\fatkid_underground06backup8.bsp
reading c:\program files (x86)\steam\steamapps\common\garrysmod\garrysmod\addons\fatkid_underground06\maps\fatkid_underground06backup8.prt
 796 portalclusters
1673 numportals
0...1...2...3...4...5...6...7...8...9...100...1...2...3...4...5...6...7...8...9...10Optimized: 248 visible clusters (0.00%)
Total clusters visible: 53720
Average clusters visible: 67
Building PAS...
Average clusters audible: 150
visdatasize:67585  compressed from 165568
writing c:\program files (x86)\steam\steamapps\common\garrysmod\garrysmod\addons\fatkid_underground06\maps\fatkid_underground06backup8.bsp
0 seconds elapsed



[Reading texlights from 'lights.rad']
[2 texlights parsed from 'lights.rad']

Loading c:\program files (x86)\steam\steamapps\common\garrysmod\garrysmod\addons\fatkid_underground06\maps\fatkid_underground06backup8.bsp
14786 faces
3 degenerate faces
1673974 square feet [241052320.00 square inches]
7 Displacements
23529 Square Feet [3388269.50 Square Inches]
14783 patches before subdivision
zero area child patch
198385 patches after subdivision
light has _fifty_percent_distance of 128.000000 but _zero_percent_distance of 0.000000
light has _fifty_percent_distance of 128.000000 but _zero_percent_distance of 0.000000
light has _fifty_percent_distance of 128.000000 but _zero_percent_distance of 0.000000
light has _fifty_percent_distance of 128.000000 but _zero_percent_distance of 0.000000
light has _fifty_percent_distance of 128.000000 but _zero_percent_distance of 0.000000
light has _fifty_percent_distance of 128.000000 but _zero_percent_distance of 0.000000
light has _fifty_percent_distance of 128.000000 but _zero_percent_distance of 0.000000
627 direct lights
0...1...2...3...4...5...6...7...8...9...100...1...2...3...4...5...6...7...8...9...10transfers 24568506, max 877
transfer lists: 187.4 megs
0...1...2...3...4...5...6...7...8...9...10	Bounce #1 added RGB(336369, 274307, 204353)
0...1...2...3...4...5...6...7...8...9...10	Bounce #2 added RGB(73848, 57916, 40447)
0...1...2...3...4...5...6...7...8...9...10	Bounce #3 added RGB(19283, 14806, 10268)
0...1...2...3...4...5...6...7...8...9...10	Bounce #4 added RGB(6165, 4674, 3170)
0...1...2...3...4...5...6...7...8...9...10	Bounce #5 added RGB(2152, 1618, 1078)
0...1...2...3...4...5...6...7...8...9...10	Bounce #6 added RGB(832, 612, 386)
0...1...2...3...4...5...6...7...8...9...10	Bounce #7 added RGB(334, 240, 143)
0...1...2...3...4...5...6...7...8...9...10	Bounce #8 added RGB(140, 97, 53)
0...1...2...3...4...5...6...7...8...9...10	Bounce #9 added RGB(59, 40, 20)
0...1...2...3...4...5...6...7...8...9...10	Bounce #10 added RGB(26, 16, 8)
0...1...2...3...4...5...6...7...8...9...10	Bounce #11 added RGB(11, 7, 3)
0...1...2...3...4...5...6...7...8...9...10	Bounce #12 added RGB(5, 3, 1)
0...1...2...3...4...5...6...7...8...9...10	Bounce #13 added RGB(2, 1, 0)
0...1...2...3...4...5...6...7...8...9...10	Bounce #14 added RGB(1, 1, 0)
Build Patch/Sample Hash Table(s).....Done<0.0359 sec>
0...1...2...3...4...5...6...7...8...9...10FinalLightFace Done
0 of 0 (0% of) surface lights went in leaf ambient cubes.
0...1...2...3...4...5...6...7...8...9...10Writing leaf ambient...done
Computing static prop lighting : 00...1...2...3...4...5...6...7...8...9...10
Ready to Finish

Object names       Objects/Maxobjs  Memory / Maxmem  Fullness 
------------       ---------------  ---------------  -------- 
models                  86/4096         4128/196608   ( 2.1%) 
brushes               4601/32768       55212/393216   (14.0%) 
brushsides           44983/65536      359864/524288   (68.6%) 
planes               35682/65536      713640/1310720  (54.4%) 
vertexes             26628/65536      319536/786432   (40.6%) 
nodes                 4329/65536      138528/2097152  ( 6.6%) 
texinfos              6891/12288      496152/884736   (56.1%) 
texdata                518/2048        16576/65536    (25.3%) 
dispinfos                7/0            1232/0        ( 0.0%) 
disp_verts             287/0            5740/0        ( 0.0%) 
disp_tris              416/0             832/0        ( 0.0%) 
disp_lmsamples       13680/0           13680/0        ( 0.0%) 
faces                14786/65536      828016/3670016  (22.6%) 
hdr faces            14786/65536      828016/3670016  (22.6%) 
origfaces            10539/65536      590184/3670016  (16.1%) 
leaves                4416/65536      141312/2097152  ( 6.7%) 
leaffaces            18667/65536       37334/131072   (28.5%) 
leafbrushes          11884/65536       23768/131072   (18.1%) 
areas                   11/1024           88/8192     ( 1.1%) 
surfedges           115000/512000     460000/2048000  (22.5%) 
edges                72829/256000     291316/1024000  (28.4%) 
LDR worldlights          0/16384           0/1441792  ( 0.0%) 
HDR worldlights        627/16384       55176/1441792  ( 3.8%) 
leafwaterdata            3/32768          36/393216   ( 0.0%) 
waterstrips           1712/131072      17120/1310720  ( 1.3%) 
waterverts               0/131072          0/1572864  ( 0.0%) 
waterindices         32928/131072      65856/262144   (25.1%) 
cubemapsamples          54/1024          864/16384    ( 5.3%) 
overlays                62/1024        21824/360448   ( 6.1%) 
LDR lightdata         [variable]           0/0        ( 0.0%) 
HDR lightdata         [variable]     8572888/0        ( 0.0%) 
visdata               [variable]       67585/16777216 ( 0.4%) 
entdata               [variable]      655252/393216   (166.6%) VERY FULL!
LDR ambient table     4416/65536       17664/262144   ( 6.7%) 
HDR ambient table     4416/65536       17664/262144   ( 6.7%) 
LDR leaf ambient      4416/65536      123648/1835008  ( 6.7%) 
HDR leaf ambient      9741/65536      272748/1835008  (14.9%) 
occluders                0/0               0/0        ( 0.0%) 
occluder polygons        0/0               0/0        ( 0.0%) 
occluder vert ind        0/0               0/0        ( 0.0%) 
detail props          [variable]           1/12       ( 8.3%) 
static props          [variable]           1/77912    ( 0.0%) 
pakfile               [variable]     8337536/0        ( 0.0%) 
physics               [variable]     1666480/4194304  (39.7%) 
physics terrain       [variable]        1619/1048576  ( 0.2%) 

Level flags = 2

Total triangle count: 43176
Writing c:\program files (x86)\steam\steamapps\common\garrysmod\garrysmod\addons\fatkid_underground06\maps\fatkid_underground06backup8.bsp
53 seconds elapsed
